# JRE version: Java(TM) SE Runtime Environment (8.0_66-b17) (build 1.8.0_66-b17)
# Java VM: Java HotSpot(TM) 64-Bit Server VM (25.66-b17 mixed mode linux-amd64 compressed oops)
Heap:
 PSYoungGen      total 376832K, used 58973K [0x00000000d5580000, 0x0000000100000000, 0x0000000100000000)
  eden space 232960K, 0% used [0x00000000d5580000,0x00000000d5580000,0x00000000e3900000)
  from space 143872K, 40% used [0x00000000f7380000,0x00000000fad177e8,0x0000000100000000)
  to   space 232960K, 0% used [0x00000000e3900000,0x00000000e3900000,0x00000000f1c80000)
 ParOldGen       total 712704K, used 712338K [0x0000000080000000, 0x00000000ab800000, 0x00000000d5580000)
  object space 712704K, 99% used [0x0000000080000000,0x00000000ab7a4ba8,0x00000000ab800000)
 Metaspace       used 6591K, capacity 7352K, committed 7552K, reserved 1056768K
  class space    used 615K, capacity 624K, committed 640K, reserved 1048576K
GC Heap History (10 events):
Event: 23,289 GC heap after
Heap after GC invocations=19 (full 4):
 PSYoungGen      total 552448K, used 61310K [0x00000000d5580000, 0x0000000100000000, 0x0000000100000000)
  eden space 406016K, 0% used [0x00000000d5580000,0x00000000d5580000,0x00000000ee200000)
  from space 146432K, 41% used [0x00000000ee200000,0x00000000f1ddf868,0x00000000f7100000)
  to   space 139776K, 0% used [0x00000000f7780000,0x00000000f7780000,0x0000000100000000)
 ParOldGen       total 495104K, used 464361K [0x0000000080000000, 0x000000009e380000, 0x00000000d5580000)
  object space 495104K, 93% used [0x0000000080000000,0x000000009c57a490,0x000000009e380000)
 Metaspace       used 6461K, capacity 7282K, committed 7552K, reserved 1056768K
  class space    used 606K, capacity 618K, committed 640K, reserved 1048576K
}
Event: 23,289 GC heap before
{Heap before GC invocations=20 (full 5):
 PSYoungGen      total 552448K, used 61310K [0x00000000d5580000, 0x0000000100000000, 0x0000000100000000)
  eden space 406016K, 0% used [0x00000000d5580000,0x00000000d5580000,0x00000000ee200000)
  from space 146432K, 41% used [0x00000000ee200000,0x00000000f1ddf868,0x00000000f7100000)
  to   space 139776K, 0% used [0x00000000f7780000,0x00000000f7780000,0x0000000100000000)
 ParOldGen       total 495104K, used 464361K [0x0000000080000000, 0x000000009e380000, 0x00000000d5580000)
  object space 495104K, 93% used [0x0000000080000000,0x000000009c57a490,0x000000009e380000)
 Metaspace       used 6461K, capacity 7282K, committed 7552K, reserved 1056768K
  class space    used 606K, capacity 618K, committed 640K, reserved 1048576K
Event: 27,365 GC heap after
Heap after GC invocations=20 (full 5):
 PSYoungGen      total 552448K, used 25246K [0x00000000d5580000, 0x0000000100000000, 0x0000000100000000)
  eden space 406016K, 0% used [0x00000000d5580000,0x00000000d5580000,0x00000000ee200000)
  from space 146432K, 17% used [0x00000000ee200000,0x00000000efaa7ba8,0x00000000f7100000)
  to   space 139776K, 0% used [0x00000000f7780000,0x00000000f7780000,0x0000000100000000)
 ParOldGen       total 712704K, used 495081K [0x0000000080000000, 0x00000000ab800000, 0x00000000d5580000)
  object space 712704K, 69% used [0x0000000080000000,0x000000009e37a628,0x00000000ab800000)
 Metaspace       used 6461K, capacity 7282K, committed 7552K, reserved 1056768K
  class space    used 606K, capacity 618K, committed 640K, reserved 1048576K
}
Event: 28,611 GC heap before
{Heap before GC invocations=21 (full 5):
 PSYoungGen      total 552448K, used 431262K [0x00000000d5580000, 0x0000000100000000, 0x0000000100000000)
  eden space 406016K, 100% used [0x00000000d5580000,0x00000000ee200000,0x00000000ee200000)
  from space 146432K, 17% used [0x00000000ee200000,0x00000000efaa7ba8,0x00000000f7100000)
  to   space 139776K, 0% used [0x00000000f7780000,0x00000000f7780000,0x0000000100000000)
 ParOldGen       total 712704K, used 495081K [0x0000000080000000, 0x00000000ab800000, 0x00000000d5580000)
  object space 712704K, 69% used [0x0000000080000000,0x000000009e37a628,0x00000000ab800000)
 Metaspace       used 6465K, capacity 7282K, committed 7552K, reserved 1056768K
  class space    used 606K, capacity 618K, committed 640K, reserved 1048576K
Event: 28,876 GC heap after
Heap after GC invocations=21 (full 5):
 PSYoungGen      total 550912K, used 89601K [0x00000000d5580000, 0x0000000100000000, 0x0000000100000000)
  eden space 411136K, 0% used [0x00000000d5580000,0x00000000d5580000,0x00000000ee700000)
  from space 139776K, 64% used [0x00000000f7780000,0x00000000fcf00560,0x0000000100000000)
  to   space 143872K, 0% used [0x00000000ee700000,0x00000000ee700000,0x00000000f7380000)
 ParOldGen       total 712704K, used 495081K [0x0000000080000000, 0x00000000ab800000, 0x00000000d5580000)
  object space 712704K, 69% used [0x0000000080000000,0x000000009e37a628,0x00000000ab800000)
 Metaspace       used 6465K, capacity 7282K, committed 7552K, reserved 1056768K
  class space    used 606K, capacity 618K, committed 640K, reserved 1048576K
}
Event: 30,358 GC heap before
{Heap before GC invocations=22 (full 5):
 PSYoungGen      total 550912K, used 500737K [0x00000000d5580000, 0x0000000100000000, 0x0000000100000000)
  eden space 411136K, 100% used [0x00000000d5580000,0x00000000ee700000,0x00000000ee700000)
  from space 139776K, 64% used [0x00000000f7780000,0x00000000fcf00560,0x0000000100000000)
  to   space 143872K, 0% used [0x00000000ee700000,0x00000000ee700000,0x00000000f7380000)
 ParOldGen       total 712704K, used 495081K [0x0000000080000000, 0x00000000ab800000, 0x00000000d5580000)
  object space 712704K, 69% used [0x0000000080000000,0x000000009e37a628,0x00000000ab800000)
 Metaspace       used 6496K, capacity 7286K, committed 7552K, reserved 1056768K
  class space    used 610K, capacity 622K, committed 640K, reserved 1048576K
Event: 30,583 GC heap after
Heap after GC invocations=22 (full 5):
 PSYoungGen      total 555008K, used 143854K [0x00000000d5580000, 0x0000000100000000, 0x0000000100000000)
  eden space 411136K, 0% used [0x00000000d5580000,0x00000000d5580000,0x00000000ee700000)
  from space 143872K, 99% used [0x00000000ee700000,0x00000000f737ba48,0x00000000f7380000)
  to   space 143872K, 0% used [0x00000000f7380000,0x00000000f7380000,0x0000000100000000)
 ParOldGen       total 712704K, used 503059K [0x0000000080000000, 0x00000000ab800000, 0x00000000d5580000)
  object space 712704K, 70% used [0x0000000080000000,0x000000009eb44eb0,0x00000000ab800000)
 Metaspace       used 6496K, capacity 7286K, committed 7552K, reserved 1056768K
  class space    used 610K, capacity 622K, committed 640K, reserved 1048576K
}
Event: 32,144 GC heap before
{Heap before GC invocations=23 (full 5):
 PSYoungGen      total 555008K, used 554990K [0x00000000d5580000, 0x0000000100000000, 0x0000000100000000)
  eden space 411136K, 100% used [0x00000000d5580000,0x00000000ee700000,0x00000000ee700000)
  from space 143872K, 99% used [0x00000000ee700000,0x00000000f737ba48,0x00000000f7380000)
  to   space 143872K, 0% used [0x00000000f7380000,0x00000000f7380000,0x0000000100000000)
 ParOldGen       total 712704K, used 503059K [0x0000000080000000, 0x00000000ab800000, 0x00000000d5580000)
  object space 712704K, 70% used [0x0000000080000000,0x000000009eb44eb0,0x00000000ab800000)
 Metaspace       used 6591K, capacity 7352K, committed 7552K, reserved 1056768K
  class space    used 615K, capacity 624K, committed 640K, reserved 1048576K
Event: 32,508 GC heap after
Heap after GC invocations=23 (full 5):
 PSYoungGen      total 376832K, used 143841K [0x00000000d5580000, 0x0000000100000000, 0x0000000100000000)
  eden space 232960K, 0% used [0x00000000d5580000,0x00000000d5580000,0x00000000e3900000)
  from space 143872K, 99% used [0x00000000f7380000,0x00000000ffff8668,0x0000000100000000)
  to   space 232960K, 0% used [0x00000000e3900000,0x00000000e3900000,0x00000000f1c80000)
 ParOldGen       total 712704K, used 645572K [0x0000000080000000, 0x00000000ab800000, 0x00000000d5580000)
  object space 712704K, 90% used [0x0000000080000000,0x00000000a7671318,0x00000000ab800000)
 Metaspace       used 6591K, capacity 7352K, committed 7552K, reserved 1056768K
  class space    used 615K, capacity 624K, committed 640K, reserved 1048576K
}
Event: 32,512 GC heap before
{Heap before GC invocations=24 (full 6):
 PSYoungGen      total 376832K, used 143841K [0x00000000d5580000, 0x0000000100000000, 0x0000000100000000)
  eden space 232960K, 0% used [0x00000000d5580000,0x00000000d5580000,0x00000000e3900000)
  from space 143872K, 99% used [0x00000000f7380000,0x00000000ffff8668,0x0000000100000000)
  to   space 232960K, 0% used [0x00000000e3900000,0x00000000e3900000,0x00000000f1c80000)
 ParOldGen       total 712704K, used 645572K [0x0000000080000000, 0x00000000ab800000, 0x00000000d5580000)
  object space 712704K, 90% used [0x0000000080000000,0x00000000a7671318,0x00000000ab800000)
 Metaspace       used 6591K, capacity 7352K, committed 7552K, reserved 1056768K
  class space    used 615K, capacity 624K, committed 640K, reserved 1048576K

