# JRE version: Java(TM) SE Runtime Environment (8.0_66-b17) (build 1.8.0_66-b17)
# Java VM: Java HotSpot(TM) 64-Bit Server VM (25.66-b17 mixed mode linux-amd64 compressed oops)
Heap:
 PSYoungGen      total 488448K, used 64842K [0x00000000d5580000, 0x0000000100000000, 0x0000000100000000)
  eden space 370176K, 0% used [0x00000000d5580000,0x00000000d5580000,0x00000000ebf00000)
  from space 118272K, 54% used [0x00000000f8c80000,0x00000000fcbd29a8,0x0000000100000000)
  to   space 164352K, 0% used [0x00000000ebf00000,0x00000000ebf00000,0x00000000f5f80000)
 ParOldGen       total 365568K, used 365427K [0x0000000080000000, 0x0000000096500000, 0x00000000d5580000)
  object space 365568K, 99% used [0x0000000080000000,0x00000000964dce98,0x0000000096500000)
 Metaspace       used 6603K, capacity 7320K, committed 7680K, reserved 1056768K
  class space    used 616K, capacity 656K, committed 768K, reserved 1048576K
GC Heap History (10 events):
Event: 9,376 GC heap after
Heap after GC invocations=13 (full 2):
 PSYoungGen      total 528384K, used 71036K [0x00000000d5580000, 0x0000000100000000, 0x0000000100000000)
  eden space 434176K, 0% used [0x00000000d5580000,0x00000000d5580000,0x00000000efd80000)
  from space 94208K, 75% used [0x00000000efd80000,0x00000000f42df078,0x00000000f5980000)
  to   space 102400K, 0% used [0x00000000f9c00000,0x00000000f9c00000,0x0000000100000000)
 ParOldGen       total 218624K, used 211848K [0x0000000080000000, 0x000000008d580000, 0x00000000d5580000)
  object space 218624K, 96% used [0x0000000080000000,0x000000008cee23f0,0x000000008d580000)
 Metaspace       used 6579K, capacity 7320K, committed 7680K, reserved 1056768K
  class space    used 616K, capacity 656K, committed 768K, reserved 1048576K
}
Event: 9,376 GC heap before
{Heap before GC invocations=14 (full 3):
 PSYoungGen      total 528384K, used 71036K [0x00000000d5580000, 0x0000000100000000, 0x0000000100000000)
  eden space 434176K, 0% used [0x00000000d5580000,0x00000000d5580000,0x00000000efd80000)
  from space 94208K, 75% used [0x00000000efd80000,0x00000000f42df078,0x00000000f5980000)
  to   space 102400K, 0% used [0x00000000f9c00000,0x00000000f9c00000,0x0000000100000000)
 ParOldGen       total 218624K, used 211848K [0x0000000080000000, 0x000000008d580000, 0x00000000d5580000)
  object space 218624K, 96% used [0x0000000080000000,0x000000008cee23f0,0x000000008d580000)
 Metaspace       used 6579K, capacity 7320K, committed 7680K, reserved 1056768K
  class space    used 616K, capacity 656K, committed 768K, reserved 1048576K
Event: 10,712 GC heap after
Heap after GC invocations=14 (full 3):
 PSYoungGen      total 528384K, used 28857K [0x00000000d5580000, 0x0000000100000000, 0x0000000100000000)
  eden space 434176K, 0% used [0x00000000d5580000,0x00000000d5580000,0x00000000efd80000)
  from space 94208K, 30% used [0x00000000efd80000,0x00000000f19ae4c8,0x00000000f5980000)
  to   space 102400K, 0% used [0x00000000f9c00000,0x00000000f9c00000,0x0000000100000000)
 ParOldGen       total 365568K, used 218550K [0x0000000080000000, 0x0000000096500000, 0x00000000d5580000)
  object space 365568K, 59% used [0x0000000080000000,0x000000008d56dba0,0x0000000096500000)
 Metaspace       used 6579K, capacity 7320K, committed 7680K, reserved 1056768K
  class space    used 616K, capacity 656K, committed 768K, reserved 1048576K
}
Event: 12,537 GC heap before
{Heap before GC invocations=15 (full 3):
 PSYoungGen      total 528384K, used 463033K [0x00000000d5580000, 0x0000000100000000, 0x0000000100000000)
  eden space 434176K, 100% used [0x00000000d5580000,0x00000000efd80000,0x00000000efd80000)
  from space 94208K, 30% used [0x00000000efd80000,0x00000000f19ae4c8,0x00000000f5980000)
  to   space 102400K, 0% used [0x00000000f9c00000,0x00000000f9c00000,0x0000000100000000)
 ParOldGen       total 365568K, used 218550K [0x0000000080000000, 0x0000000096500000, 0x00000000d5580000)
  object space 365568K, 59% used [0x0000000080000000,0x000000008d56dba0,0x0000000096500000)
 Metaspace       used 6585K, capacity 7320K, committed 7680K, reserved 1056768K
  class space    used 616K, capacity 656K, committed 768K, reserved 1048576K
Event: 12,793 GC heap after
Heap after GC invocations=15 (full 3):
 PSYoungGen      total 564736K, used 97295K [0x00000000d5580000, 0x0000000100000000, 0x0000000100000000)
  eden space 462336K, 0% used [0x00000000d5580000,0x00000000d5580000,0x00000000f1900000)
  from space 102400K, 95% used [0x00000000f9c00000,0x00000000ffb03e40,0x0000000100000000)
  to   space 118272K, 0% used [0x00000000f1900000,0x00000000f1900000,0x00000000f8c80000)
 ParOldGen       total 365568K, used 218550K [0x0000000080000000, 0x0000000096500000, 0x00000000d5580000)
  object space 365568K, 59% used [0x0000000080000000,0x000000008d56dba0,0x0000000096500000)
 Metaspace       used 6585K, capacity 7320K, committed 7680K, reserved 1056768K
  class space    used 616K, capacity 656K, committed 768K, reserved 1048576K
}
Event: 14,488 GC heap before
{Heap before GC invocations=16 (full 3):
 PSYoungGen      total 564736K, used 559631K [0x00000000d5580000, 0x0000000100000000, 0x0000000100000000)
  eden space 462336K, 100% used [0x00000000d5580000,0x00000000f1900000,0x00000000f1900000)
  from space 102400K, 95% used [0x00000000f9c00000,0x00000000ffb03e40,0x0000000100000000)
  to   space 118272K, 0% used [0x00000000f1900000,0x00000000f1900000,0x00000000f8c80000)
 ParOldGen       total 365568K, used 218550K [0x0000000080000000, 0x0000000096500000, 0x00000000d5580000)
  object space 365568K, 59% used [0x0000000080000000,0x000000008d56dba0,0x0000000096500000)
 Metaspace       used 6599K, capacity 7320K, committed 7680K, reserved 1056768K
  class space    used 616K, capacity 656K, committed 768K, reserved 1048576K
Event: 14,759 GC heap after
Heap after GC invocations=16 (full 3):
 PSYoungGen      total 580608K, used 118262K [0x00000000d5580000, 0x0000000100000000, 0x0000000100000000)
  eden space 462336K, 0% used [0x00000000d5580000,0x00000000d5580000,0x00000000f1900000)
  from space 118272K, 99% used [0x00000000f1900000,0x00000000f8c7d998,0x00000000f8c80000)
  to   space 118272K, 0% used [0x00000000f8c80000,0x00000000f8c80000,0x0000000100000000)
 ParOldGen       total 365568K, used 250865K [0x0000000080000000, 0x0000000096500000, 0x00000000d5580000)
  object space 365568K, 68% used [0x0000000080000000,0x000000008f4fc4d0,0x0000000096500000)
 Metaspace       used 6599K, capacity 7320K, committed 7680K, reserved 1056768K
  class space    used 616K, capacity 656K, committed 768K, reserved 1048576K
}
Event: 16,201 GC heap before
{Heap before GC invocations=17 (full 3):
 PSYoungGen      total 580608K, used 580598K [0x00000000d5580000, 0x0000000100000000, 0x0000000100000000)
  eden space 462336K, 100% used [0x00000000d5580000,0x00000000f1900000,0x00000000f1900000)
  from space 118272K, 99% used [0x00000000f1900000,0x00000000f8c7d998,0x00000000f8c80000)
  to   space 118272K, 0% used [0x00000000f8c80000,0x00000000f8c80000,0x0000000100000000)
 ParOldGen       total 365568K, used 250865K [0x0000000080000000, 0x0000000096500000, 0x00000000d5580000)
  object space 365568K, 68% used [0x0000000080000000,0x000000008f4fc4d0,0x0000000096500000)
 Metaspace       used 6603K, capacity 7320K, committed 7680K, reserved 1056768K
  class space    used 616K, capacity 656K, committed 768K, reserved 1048576K
Event: 16,485 GC heap after
Heap after GC invocations=17 (full 3):
 PSYoungGen      total 488448K, used 114925K [0x00000000d5580000, 0x0000000100000000, 0x0000000100000000)
  eden space 370176K, 0% used [0x00000000d5580000,0x00000000d5580000,0x00000000ebf00000)
  from space 118272K, 97% used [0x00000000f8c80000,0x00000000ffcbb788,0x0000000100000000)
  to   space 164352K, 0% used [0x00000000ebf00000,0x00000000ebf00000,0x00000000f5f80000)
 ParOldGen       total 365568K, used 324292K [0x0000000080000000, 0x0000000096500000, 0x00000000d5580000)
  object space 365568K, 88% used [0x0000000080000000,0x0000000093cb1048,0x0000000096500000)
 Metaspace       used 6603K, capacity 7320K, committed 7680K, reserved 1056768K
  class space    used 616K, capacity 656K, committed 768K, reserved 1048576K
}
Event: 16,485 GC heap before
{Heap before GC invocations=18 (full 4):
 PSYoungGen      total 488448K, used 114925K [0x00000000d5580000, 0x0000000100000000, 0x0000000100000000)
  eden space 370176K, 0% used [0x00000000d5580000,0x00000000d5580000,0x00000000ebf00000)
  from space 118272K, 97% used [0x00000000f8c80000,0x00000000ffcbb788,0x0000000100000000)
  to   space 164352K, 0% used [0x00000000ebf00000,0x00000000ebf00000,0x00000000f5f80000)
 ParOldGen       total 365568K, used 324292K [0x0000000080000000, 0x0000000096500000, 0x00000000d5580000)
  object space 365568K, 88% used [0x0000000080000000,0x0000000093cb1048,0x0000000096500000)
 Metaspace       used 6603K, capacity 7320K, committed 7680K, reserved 1056768K
  class space    used 616K, capacity 656K, committed 768K, reserved 1048576K

