# JRE version: Java(TM) SE Runtime Environment (8.0_66-b17) (build 1.8.0_66-b17)
# Java VM: Java HotSpot(TM) 64-Bit Server VM (25.66-b17 mixed mode linux-amd64 compressed oops)
Heap:
 PSYoungGen      total 465920K, used 24351K [0x00000000d5580000, 0x0000000100000000, 0x0000000100000000)
  eden space 232960K, 0% used [0x00000000d5580000,0x00000000d5580000,0x00000000e3900000)
  from space 232960K, 10% used [0x00000000e3900000,0x00000000e50c7d40,0x00000000f1c80000)
  to   space 232960K, 0% used [0x00000000f1c80000,0x00000000f1c80000,0x0000000100000000)
 ParOldGen       total 840192K, used 839705K [0x0000000080000000, 0x00000000b3480000, 0x00000000d5580000)
  object space 840192K, 99% used [0x0000000080000000,0x00000000b3406638,0x00000000b3480000)
 Metaspace       used 6633K, capacity 7384K, committed 7680K, reserved 1056768K
  class space    used 618K, capacity 656K, committed 768K, reserved 1048576K
GC Heap History (10 events):
Event: 33,840 GC heap after
Heap after GC invocations=31 (full 6):
 PSYoungGen      total 460800K, used 113419K [0x00000000d5580000, 0x00000000ff100000, 0x0000000100000000)
  eden space 246272K, 0% used [0x00000000d5580000,0x00000000d5580000,0x00000000e4600000)
  from space 214528K, 52% used [0x00000000e4600000,0x00000000eb4c2f10,0x00000000f1780000)
  to   space 213504K, 0% used [0x00000000f2080000,0x00000000f2080000,0x00000000ff100000)
 ParOldGen       total 840192K, used 623088K [0x0000000080000000, 0x00000000b3480000, 0x00000000d5580000)
  object space 840192K, 74% used [0x0000000080000000,0x00000000a607c3a0,0x00000000b3480000)
 Metaspace       used 6512K, capacity 7284K, committed 7552K, reserved 1056768K
  class space    used 611K, capacity 620K, committed 640K, reserved 1048576K
}
Event: 35,313 GC heap before
{Heap before GC invocations=32 (full 6):
 PSYoungGen      total 460800K, used 359691K [0x00000000d5580000, 0x00000000ff100000, 0x0000000100000000)
  eden space 246272K, 100% used [0x00000000d5580000,0x00000000e4600000,0x00000000e4600000)
  from space 214528K, 52% used [0x00000000e4600000,0x00000000eb4c2f10,0x00000000f1780000)
  to   space 213504K, 0% used [0x00000000f2080000,0x00000000f2080000,0x00000000ff100000)
 ParOldGen       total 840192K, used 623088K [0x0000000080000000, 0x00000000b3480000, 0x00000000d5580000)
  object space 840192K, 74% used [0x0000000080000000,0x00000000a607c3a0,0x00000000b3480000)
 Metaspace       used 6602K, capacity 7384K, committed 7680K, reserved 1056768K
  class space    used 616K, capacity 656K, committed 768K, reserved 1048576K
Event: 35,613 GC heap after
Heap after GC invocations=32 (full 6):
 PSYoungGen      total 456192K, used 154017K [0x00000000d5580000, 0x0000000100000000, 0x0000000100000000)
  eden space 242688K, 0% used [0x00000000d5580000,0x00000000d5580000,0x00000000e4280000)
  from space 213504K, 72% used [0x00000000f2080000,0x00000000fb6e87f8,0x00000000ff100000)
  to   space 227328K, 0% used [0x00000000e4280000,0x00000000e4280000,0x00000000f2080000)
 ParOldGen       total 840192K, used 623088K [0x0000000080000000, 0x00000000b3480000, 0x00000000d5580000)
  object space 840192K, 74% used [0x0000000080000000,0x00000000a607c3a0,0x00000000b3480000)
 Metaspace       used 6602K, capacity 7384K, committed 7680K, reserved 1056768K
  class space    used 616K, capacity 656K, committed 768K, reserved 1048576K
}
Event: 36,661 GC heap before
{Heap before GC invocations=33 (full 6):
 PSYoungGen      total 456192K, used 396705K [0x00000000d5580000, 0x0000000100000000, 0x0000000100000000)
  eden space 242688K, 100% used [0x00000000d5580000,0x00000000e4280000,0x00000000e4280000)
  from space 213504K, 72% used [0x00000000f2080000,0x00000000fb6e87f8,0x00000000ff100000)
  to   space 227328K, 0% used [0x00000000e4280000,0x00000000e4280000,0x00000000f2080000)
 ParOldGen       total 840192K, used 623088K [0x0000000080000000, 0x00000000b3480000, 0x00000000d5580000)
  object space 840192K, 74% used [0x0000000080000000,0x00000000a607c3a0,0x00000000b3480000)
 Metaspace       used 6632K, capacity 7384K, committed 7680K, reserved 1056768K
  class space    used 618K, capacity 656K, committed 768K, reserved 1048576K
Event: 36,975 GC heap after
Heap after GC invocations=33 (full 6):
 PSYoungGen      total 434688K, used 191580K [0x00000000d5580000, 0x0000000100000000, 0x0000000100000000)
  eden space 242688K, 0% used [0x00000000d5580000,0x00000000d5580000,0x00000000e4280000)
  from space 192000K, 99% used [0x00000000e4280000,0x00000000efd972b8,0x00000000efe00000)
  to   space 232960K, 0% used [0x00000000f1c80000,0x00000000f1c80000,0x0000000100000000)
 ParOldGen       total 840192K, used 623096K [0x0000000080000000, 0x00000000b3480000, 0x00000000d5580000)
  object space 840192K, 74% used [0x0000000080000000,0x00000000a607e3a0,0x00000000b3480000)
 Metaspace       used 6632K, capacity 7384K, committed 7680K, reserved 1056768K
  class space    used 618K, capacity 656K, committed 768K, reserved 1048576K
}
Event: 37,703 GC heap before
{Heap before GC invocations=34 (full 6):
 PSYoungGen      total 434688K, used 434268K [0x00000000d5580000, 0x0000000100000000, 0x0000000100000000)
  eden space 242688K, 100% used [0x00000000d5580000,0x00000000e4280000,0x00000000e4280000)
  from space 192000K, 99% used [0x00000000e4280000,0x00000000efd972b8,0x00000000efe00000)
  to   space 232960K, 0% used [0x00000000f1c80000,0x00000000f1c80000,0x0000000100000000)
 ParOldGen       total 840192K, used 623096K [0x0000000080000000, 0x00000000b3480000, 0x00000000d5580000)
  object space 840192K, 74% used [0x0000000080000000,0x00000000a607e3a0,0x00000000b3480000)
 Metaspace       used 6633K, capacity 7384K, committed 7680K, reserved 1056768K
  class space    used 618K, capacity 656K, committed 768K, reserved 1048576K
Event: 38,005 GC heap after
Heap after GC invocations=34 (full 6):
 PSYoungGen      total 465920K, used 154773K [0x00000000d5580000, 0x0000000100000000, 0x0000000100000000)
  eden space 232960K, 0% used [0x00000000d5580000,0x00000000d5580000,0x00000000e3900000)
  from space 232960K, 66% used [0x00000000f1c80000,0x00000000fb3a5600,0x0000000100000000)
  to   space 232960K, 0% used [0x00000000e3900000,0x00000000e3900000,0x00000000f1c80000)
 ParOldGen       total 840192K, used 692577K [0x0000000080000000, 0x00000000b3480000, 0x00000000d5580000)
  object space 840192K, 82% used [0x0000000080000000,0x00000000aa4584e0,0x00000000b3480000)
 Metaspace       used 6633K, capacity 7384K, committed 7680K, reserved 1056768K
  class space    used 618K, capacity 656K, committed 768K, reserved 1048576K
}
Event: 38,745 GC heap before
{Heap before GC invocations=35 (full 6):
 PSYoungGen      total 465920K, used 387733K [0x00000000d5580000, 0x0000000100000000, 0x0000000100000000)
  eden space 232960K, 100% used [0x00000000d5580000,0x00000000e3900000,0x00000000e3900000)
  from space 232960K, 66% used [0x00000000f1c80000,0x00000000fb3a5600,0x0000000100000000)
  to   space 232960K, 0% used [0x00000000e3900000,0x00000000e3900000,0x00000000f1c80000)
 ParOldGen       total 840192K, used 692577K [0x0000000080000000, 0x00000000b3480000, 0x00000000d5580000)
  object space 840192K, 82% used [0x0000000080000000,0x00000000aa4584e0,0x00000000b3480000)
 Metaspace       used 6633K, capacity 7384K, committed 7680K, reserved 1056768K
  class space    used 618K, capacity 656K, committed 768K, reserved 1048576K
Event: 40,309 GC heap after
Heap after GC invocations=35 (full 6):
 PSYoungGen      total 465920K, used 107005K [0x00000000d5580000, 0x0000000100000000, 0x0000000100000000)
  eden space 232960K, 0% used [0x00000000d5580000,0x00000000d5580000,0x00000000e3900000)
  from space 232960K, 45% used [0x00000000e3900000,0x00000000ea17f520,0x00000000f1c80000)
  to   space 232960K, 0% used [0x00000000f1c80000,0x00000000f1c80000,0x0000000100000000)
 ParOldGen       total 840192K, used 774138K [0x0000000080000000, 0x00000000b3480000, 0x00000000d5580000)
  object space 840192K, 92% used [0x0000000080000000,0x00000000af3feb60,0x00000000b3480000)
 Metaspace       used 6633K, capacity 7384K, committed 7680K, reserved 1056768K
  class space    used 618K, capacity 656K, committed 768K, reserved 1048576K
}
Event: 42,158 GC heap before
{Heap before GC invocations=36 (full 7):
 PSYoungGen      total 465920K, used 107005K [0x00000000d5580000, 0x0000000100000000, 0x0000000100000000)
  eden space 232960K, 0% used [0x00000000d5580000,0x00000000d5580000,0x00000000e3900000)
  from space 232960K, 45% used [0x00000000e3900000,0x00000000ea17f520,0x00000000f1c80000)
  to   space 232960K, 0% used [0x00000000f1c80000,0x00000000f1c80000,0x0000000100000000)
 ParOldGen       total 840192K, used 774138K [0x0000000080000000, 0x00000000b3480000, 0x00000000d5580000)
  object space 840192K, 92% used [0x0000000080000000,0x00000000af3feb60,0x00000000b3480000)
 Metaspace       used 6633K, capacity 7384K, committed 7680K, reserved 1056768K
  class space    used 618K, capacity 656K, committed 768K, reserved 1048576K

