# JRE version: Java(TM) SE Runtime Environment (8.0_66-b17) (build 1.8.0_66-b17)
# Java VM: Java HotSpot(TM) 64-Bit Server VM (25.66-b17 mixed mode linux-amd64 compressed oops)
Heap:
 PSYoungGen      total 465920K, used 0K [0x00000000d5580000, 0x0000000100000000, 0x0000000100000000)
  eden space 232960K, 0% used [0x00000000d5580000,0x00000000d5580000,0x00000000e3900000)
  from space 232960K, 0% used [0x00000000e3900000,0x00000000e3900000,0x00000000f1c80000)
  to   space 232960K, 0% used [0x00000000f1c80000,0x00000000f1c80000,0x0000000100000000)
 ParOldGen       total 837120K, used 786522K [0x0000000080000000, 0x00000000b3180000, 0x00000000d5580000)
  object space 837120K, 93% used [0x0000000080000000,0x00000000b0016840,0x00000000b3180000)
 Metaspace       used 6713K, capacity 7384K, committed 7680K, reserved 1056768K
  class space    used 622K, capacity 656K, committed 768K, reserved 1048576K
GC Heap History (10 events):
Event: 44,338 GC heap after
Heap after GC invocations=24 (full 5):
 PSYoungGen      total 465920K, used 85675K [0x00000000d5580000, 0x0000000100000000, 0x0000000100000000)
  eden space 232960K, 0% used [0x00000000d5580000,0x00000000d5580000,0x00000000e3900000)
  from space 232960K, 36% used [0x00000000e3900000,0x00000000e8caad28,0x00000000f1c80000)
  to   space 232960K, 0% used [0x00000000f1c80000,0x00000000f1c80000,0x0000000100000000)
 ParOldGen       total 837120K, used 580843K [0x0000000080000000, 0x00000000b3180000, 0x00000000d5580000)
  object space 837120K, 69% used [0x0000000080000000,0x00000000a373ade0,0x00000000b3180000)
 Metaspace       used 6599K, capacity 7320K, committed 7680K, reserved 1056768K
  class space    used 617K, capacity 656K, committed 768K, reserved 1048576K
}
Event: 45,254 GC heap before
{Heap before GC invocations=25 (full 5):
 PSYoungGen      total 465920K, used 318635K [0x00000000d5580000, 0x0000000100000000, 0x0000000100000000)
  eden space 232960K, 100% used [0x00000000d5580000,0x00000000e3900000,0x00000000e3900000)
  from space 232960K, 36% used [0x00000000e3900000,0x00000000e8caad28,0x00000000f1c80000)
  to   space 232960K, 0% used [0x00000000f1c80000,0x00000000f1c80000,0x0000000100000000)
 ParOldGen       total 837120K, used 580843K [0x0000000080000000, 0x00000000b3180000, 0x00000000d5580000)
  object space 837120K, 69% used [0x0000000080000000,0x00000000a373ade0,0x00000000b3180000)
 Metaspace       used 6704K, capacity 7384K, committed 7680K, reserved 1056768K
  class space    used 622K, capacity 656K, committed 768K, reserved 1048576K
Event: 45,647 GC heap after
Heap after GC invocations=25 (full 5):
 PSYoungGen      total 465920K, used 70391K [0x00000000d5580000, 0x0000000100000000, 0x0000000100000000)
  eden space 232960K, 0% used [0x00000000d5580000,0x00000000d5580000,0x00000000e3900000)
  from space 232960K, 30% used [0x00000000f1c80000,0x00000000f613dd08,0x0000000100000000)
  to   space 232960K, 0% used [0x00000000e3900000,0x00000000e3900000,0x00000000f1c80000)
 ParOldGen       total 837120K, used 630336K [0x0000000080000000, 0x00000000b3180000, 0x00000000d5580000)
  object space 837120K, 75% used [0x0000000080000000,0x00000000a67902c0,0x00000000b3180000)
 Metaspace       used 6704K, capacity 7384K, committed 7680K, reserved 1056768K
  class space    used 622K, capacity 656K, committed 768K, reserved 1048576K
}
Event: 46,397 GC heap before
{Heap before GC invocations=26 (full 5):
 PSYoungGen      total 465920K, used 303351K [0x00000000d5580000, 0x0000000100000000, 0x0000000100000000)
  eden space 232960K, 100% used [0x00000000d5580000,0x00000000e3900000,0x00000000e3900000)
  from space 232960K, 30% used [0x00000000f1c80000,0x00000000f613dd08,0x0000000100000000)
  to   space 232960K, 0% used [0x00000000e3900000,0x00000000e3900000,0x00000000f1c80000)
 ParOldGen       total 837120K, used 630336K [0x0000000080000000, 0x00000000b3180000, 0x00000000d5580000)
  object space 837120K, 75% used [0x0000000080000000,0x00000000a67902c0,0x00000000b3180000)
 Metaspace       used 6707K, capacity 7384K, committed 7680K, reserved 1056768K
  class space    used 622K, capacity 656K, committed 768K, reserved 1048576K
Event: 46,584 GC heap after
Heap after GC invocations=26 (full 5):
 PSYoungGen      total 465920K, used 33948K [0x00000000d5580000, 0x0000000100000000, 0x0000000100000000)
  eden space 232960K, 0% used [0x00000000d5580000,0x00000000d5580000,0x00000000e3900000)
  from space 232960K, 14% used [0x00000000e3900000,0x00000000e5a27070,0x00000000f1c80000)
  to   space 232960K, 0% used [0x00000000f1c80000,0x00000000f1c80000,0x0000000100000000)
 ParOldGen       total 837120K, used 697266K [0x0000000080000000, 0x00000000b3180000, 0x00000000d5580000)
  object space 837120K, 83% used [0x0000000080000000,0x00000000aa8eca30,0x00000000b3180000)
 Metaspace       used 6707K, capacity 7384K, committed 7680K, reserved 1056768K
  class space    used 622K, capacity 656K, committed 768K, reserved 1048576K
}
Event: 47,380 GC heap before
{Heap before GC invocations=27 (full 5):
 PSYoungGen      total 465920K, used 266908K [0x00000000d5580000, 0x0000000100000000, 0x0000000100000000)
  eden space 232960K, 100% used [0x00000000d5580000,0x00000000e3900000,0x00000000e3900000)
  from space 232960K, 14% used [0x00000000e3900000,0x00000000e5a27070,0x00000000f1c80000)
  to   space 232960K, 0% used [0x00000000f1c80000,0x00000000f1c80000,0x0000000100000000)
 ParOldGen       total 837120K, used 697266K [0x0000000080000000, 0x00000000b3180000, 0x00000000d5580000)
  object space 837120K, 83% used [0x0000000080000000,0x00000000aa8eca30,0x00000000b3180000)
 Metaspace       used 6709K, capacity 7384K, committed 7680K, reserved 1056768K
  class space    used 622K, capacity 656K, committed 768K, reserved 1048576K
Event: 47,537 GC heap after
Heap after GC invocations=27 (full 5):
 PSYoungGen      total 465920K, used 34648K [0x00000000d5580000, 0x0000000100000000, 0x0000000100000000)
  eden space 232960K, 0% used [0x00000000d5580000,0x00000000d5580000,0x00000000e3900000)
  from space 232960K, 14% used [0x00000000f1c80000,0x00000000f3e56270,0x0000000100000000)
  to   space 232960K, 0% used [0x00000000e3900000,0x00000000e3900000,0x00000000f1c80000)
 ParOldGen       total 837120K, used 729887K [0x0000000080000000, 0x00000000b3180000, 0x00000000d5580000)
  object space 837120K, 87% used [0x0000000080000000,0x00000000ac8c7f08,0x00000000b3180000)
 Metaspace       used 6709K, capacity 7384K, committed 7680K, reserved 1056768K
  class space    used 622K, capacity 656K, committed 768K, reserved 1048576K
}
Event: 48,225 GC heap before
{Heap before GC invocations=28 (full 5):
 PSYoungGen      total 465920K, used 267608K [0x00000000d5580000, 0x0000000100000000, 0x0000000100000000)
  eden space 232960K, 100% used [0x00000000d5580000,0x00000000e3900000,0x00000000e3900000)
  from space 232960K, 14% used [0x00000000f1c80000,0x00000000f3e56270,0x0000000100000000)
  to   space 232960K, 0% used [0x00000000e3900000,0x00000000e3900000,0x00000000f1c80000)
 ParOldGen       total 837120K, used 729887K [0x0000000080000000, 0x00000000b3180000, 0x00000000d5580000)
  object space 837120K, 87% used [0x0000000080000000,0x00000000ac8c7f08,0x00000000b3180000)
 Metaspace       used 6713K, capacity 7384K, committed 7680K, reserved 1056768K
  class space    used 622K, capacity 656K, committed 768K, reserved 1048576K
Event: 48,345 GC heap after
Heap after GC invocations=28 (full 5):
 PSYoungGen      total 465920K, used 38046K [0x00000000d5580000, 0x0000000100000000, 0x0000000100000000)
  eden space 232960K, 0% used [0x00000000d5580000,0x00000000d5580000,0x00000000e3900000)
  from space 232960K, 16% used [0x00000000e3900000,0x00000000e5e27ba0,0x00000000f1c80000)
  to   space 232960K, 0% used [0x00000000f1c80000,0x00000000f1c80000,0x0000000100000000)
 ParOldGen       total 837120K, used 763064K [0x0000000080000000, 0x00000000b3180000, 0x00000000d5580000)
  object space 837120K, 91% used [0x0000000080000000,0x00000000ae92e088,0x00000000b3180000)
 Metaspace       used 6713K, capacity 7384K, committed 7680K, reserved 1056768K
  class space    used 622K, capacity 656K, committed 768K, reserved 1048576K
}
Event: 48,345 GC heap before
{Heap before GC invocations=29 (full 6):
 PSYoungGen      total 465920K, used 38046K [0x00000000d5580000, 0x0000000100000000, 0x0000000100000000)
  eden space 232960K, 0% used [0x00000000d5580000,0x00000000d5580000,0x00000000e3900000)
  from space 232960K, 16% used [0x00000000e3900000,0x00000000e5e27ba0,0x00000000f1c80000)
  to   space 232960K, 0% used [0x00000000f1c80000,0x00000000f1c80000,0x0000000100000000)
 ParOldGen       total 837120K, used 763064K [0x0000000080000000, 0x00000000b3180000, 0x00000000d5580000)
  object space 837120K, 91% used [0x0000000080000000,0x00000000ae92e088,0x00000000b3180000)
 Metaspace       used 6713K, capacity 7384K, committed 7680K, reserved 1056768K
  class space    used 622K, capacity 656K, committed 768K, reserved 1048576K

