# JRE version: Java(TM) SE Runtime Environment (8.0_66-b17) (build 1.8.0_66-b17)
# Java VM: Java HotSpot(TM) 64-Bit Server VM (25.66-b17 mixed mode linux-amd64 compressed oops)
Heap:
 PSYoungGen      total 462848K, used 0K [0x00000000d5580000, 0x00000000ffd00000, 0x0000000100000000)
  eden space 232960K, 0% used [0x00000000d5580000,0x00000000d5580000,0x00000000e3900000)
  from space 229888K, 0% used [0x00000000f1c80000,0x00000000f1c80000,0x00000000ffd00000)
  to   space 231424K, 0% used [0x00000000e3900000,0x00000000e3900000,0x00000000f1b00000)
 ParOldGen       total 836096K, used 752088K [0x0000000080000000, 0x00000000b3080000, 0x00000000d5580000)
  object space 836096K, 89% used [0x0000000080000000,0x00000000ade76230,0x00000000b3080000)
 Metaspace       used 6710K, capacity 7384K, committed 7680K, reserved 1056768K
  class space    used 622K, capacity 656K, committed 768K, reserved 1048576K
GC Heap History (10 events):
Event: 26,597 GC heap after
Heap after GC invocations=23 (full 4):
 PSYoungGen      total 465920K, used 128715K [0x00000000d5580000, 0x0000000100000000, 0x0000000100000000)
  eden space 232960K, 0% used [0x00000000d5580000,0x00000000d5580000,0x00000000e3900000)
  from space 232960K, 55% used [0x00000000e3900000,0x00000000eb6b2c88,0x00000000f1c80000)
  to   space 232960K, 0% used [0x00000000f1c80000,0x00000000f1c80000,0x0000000100000000)
 ParOldGen       total 570880K, used 545725K [0x0000000080000000, 0x00000000a2d80000, 0x00000000d5580000)
  object space 570880K, 95% used [0x0000000080000000,0x00000000a14ef688,0x00000000a2d80000)
 Metaspace       used 6598K, capacity 7320K, committed 7680K, reserved 1056768K
  class space    used 616K, capacity 656K, committed 768K, reserved 1048576K
}
Event: 26,597 GC heap before
{Heap before GC invocations=24 (full 5):
 PSYoungGen      total 465920K, used 128715K [0x00000000d5580000, 0x0000000100000000, 0x0000000100000000)
  eden space 232960K, 0% used [0x00000000d5580000,0x00000000d5580000,0x00000000e3900000)
  from space 232960K, 55% used [0x00000000e3900000,0x00000000eb6b2c88,0x00000000f1c80000)
  to   space 232960K, 0% used [0x00000000f1c80000,0x00000000f1c80000,0x0000000100000000)
 ParOldGen       total 570880K, used 545725K [0x0000000080000000, 0x00000000a2d80000, 0x00000000d5580000)
  object space 570880K, 95% used [0x0000000080000000,0x00000000a14ef688,0x00000000a2d80000)
 Metaspace       used 6598K, capacity 7320K, committed 7680K, reserved 1056768K
  class space    used 616K, capacity 656K, committed 768K, reserved 1048576K
Event: 30,662 GC heap after
Heap after GC invocations=24 (full 5):
 PSYoungGen      total 465920K, used 98487K [0x00000000d5580000, 0x0000000100000000, 0x0000000100000000)
  eden space 232960K, 0% used [0x00000000d5580000,0x00000000d5580000,0x00000000e3900000)
  from space 232960K, 42% used [0x00000000e3900000,0x00000000e992dd00,0x00000000f1c80000)
  to   space 232960K, 0% used [0x00000000f1c80000,0x00000000f1c80000,0x0000000100000000)
 ParOldGen       total 836096K, used 570424K [0x0000000080000000, 0x00000000b3080000, 0x00000000d5580000)
  object space 836096K, 68% used [0x0000000080000000,0x00000000a2d0e210,0x00000000b3080000)
 Metaspace       used 6598K, capacity 7320K, committed 7680K, reserved 1056768K
  class space    used 616K, capacity 656K, committed 768K, reserved 1048576K
}
Event: 31,489 GC heap before
{Heap before GC invocations=25 (full 5):
 PSYoungGen      total 465920K, used 331447K [0x00000000d5580000, 0x0000000100000000, 0x0000000100000000)
  eden space 232960K, 100% used [0x00000000d5580000,0x00000000e3900000,0x00000000e3900000)
  from space 232960K, 42% used [0x00000000e3900000,0x00000000e992dd00,0x00000000f1c80000)
  to   space 232960K, 0% used [0x00000000f1c80000,0x00000000f1c80000,0x0000000100000000)
 ParOldGen       total 836096K, used 570424K [0x0000000080000000, 0x00000000b3080000, 0x00000000d5580000)
  object space 836096K, 68% used [0x0000000080000000,0x00000000a2d0e210,0x00000000b3080000)
 Metaspace       used 6598K, capacity 7320K, committed 7680K, reserved 1056768K
  class space    used 616K, capacity 656K, committed 768K, reserved 1048576K
Event: 31,956 GC heap after
Heap after GC invocations=25 (full 5):
 PSYoungGen      total 465920K, used 64461K [0x00000000d5580000, 0x0000000100000000, 0x0000000100000000)
  eden space 232960K, 0% used [0x00000000d5580000,0x00000000d5580000,0x00000000e3900000)
  from space 232960K, 27% used [0x00000000f1c80000,0x00000000f5b735b8,0x0000000100000000)
  to   space 232960K, 0% used [0x00000000e3900000,0x00000000e3900000,0x00000000f1c80000)
 ParOldGen       total 836096K, used 634410K [0x0000000080000000, 0x00000000b3080000, 0x00000000d5580000)
  object space 836096K, 75% used [0x0000000080000000,0x00000000a6b8a820,0x00000000b3080000)
 Metaspace       used 6598K, capacity 7320K, committed 7680K, reserved 1056768K
  class space    used 616K, capacity 656K, committed 768K, reserved 1048576K
}
Event: 32,768 GC heap before
{Heap before GC invocations=26 (full 5):
 PSYoungGen      total 465920K, used 297421K [0x00000000d5580000, 0x0000000100000000, 0x0000000100000000)
  eden space 232960K, 100% used [0x00000000d5580000,0x00000000e3900000,0x00000000e3900000)
  from space 232960K, 27% used [0x00000000f1c80000,0x00000000f5b735b8,0x0000000100000000)
  to   space 232960K, 0% used [0x00000000e3900000,0x00000000e3900000,0x00000000f1c80000)
 ParOldGen       total 836096K, used 634410K [0x0000000080000000, 0x00000000b3080000, 0x00000000d5580000)
  object space 836096K, 75% used [0x0000000080000000,0x00000000a6b8a820,0x00000000b3080000)
 Metaspace       used 6601K, capacity 7320K, committed 7680K, reserved 1056768K
  class space    used 616K, capacity 656K, committed 768K, reserved 1048576K
Event: 32,984 GC heap after
Heap after GC invocations=26 (full 5):
 PSYoungGen      total 465920K, used 36390K [0x00000000d5580000, 0x0000000100000000, 0x0000000100000000)
  eden space 232960K, 0% used [0x00000000d5580000,0x00000000d5580000,0x00000000e3900000)
  from space 232960K, 15% used [0x00000000e3900000,0x00000000e5c89848,0x00000000f1c80000)
  to   space 232960K, 0% used [0x00000000f1c80000,0x00000000f1c80000,0x0000000100000000)
 ParOldGen       total 836096K, used 698268K [0x0000000080000000, 0x00000000b3080000, 0x00000000d5580000)
  object space 836096K, 83% used [0x0000000080000000,0x00000000aa9e73e8,0x00000000b3080000)
 Metaspace       used 6601K, capacity 7320K, committed 7680K, reserved 1056768K
  class space    used 616K, capacity 656K, committed 768K, reserved 1048576K
}
Event: 33,858 GC heap before
{Heap before GC invocations=27 (full 5):
 PSYoungGen      total 465920K, used 269350K [0x00000000d5580000, 0x0000000100000000, 0x0000000100000000)
  eden space 232960K, 100% used [0x00000000d5580000,0x00000000e3900000,0x00000000e3900000)
  from space 232960K, 15% used [0x00000000e3900000,0x00000000e5c89848,0x00000000f1c80000)
  to   space 232960K, 0% used [0x00000000f1c80000,0x00000000f1c80000,0x0000000100000000)
 ParOldGen       total 836096K, used 698268K [0x0000000080000000, 0x00000000b3080000, 0x00000000d5580000)
  object space 836096K, 83% used [0x0000000080000000,0x00000000aa9e73e8,0x00000000b3080000)
 Metaspace       used 6710K, capacity 7384K, committed 7680K, reserved 1056768K
  class space    used 622K, capacity 656K, committed 768K, reserved 1048576K
Event: 34,006 GC heap after
Heap after GC invocations=27 (full 5):
 PSYoungGen      total 462848K, used 35717K [0x00000000d5580000, 0x00000000ffd00000, 0x0000000100000000)
  eden space 232960K, 0% used [0x00000000d5580000,0x00000000d5580000,0x00000000e3900000)
  from space 229888K, 15% used [0x00000000f1c80000,0x00000000f3f617f8,0x00000000ffd00000)
  to   space 231424K, 0% used [0x00000000e3900000,0x00000000e3900000,0x00000000f1b00000)
 ParOldGen       total 836096K, used 732959K [0x0000000080000000, 0x00000000b3080000, 0x00000000d5580000)
  object space 836096K, 87% used [0x0000000080000000,0x00000000acbc7d90,0x00000000b3080000)
 Metaspace       used 6710K, capacity 7384K, committed 7680K, reserved 1056768K
  class space    used 622K, capacity 656K, committed 768K, reserved 1048576K
}
Event: 34,007 GC heap before
{Heap before GC invocations=28 (full 6):
 PSYoungGen      total 462848K, used 35717K [0x00000000d5580000, 0x00000000ffd00000, 0x0000000100000000)
  eden space 232960K, 0% used [0x00000000d5580000,0x00000000d5580000,0x00000000e3900000)
  from space 229888K, 15% used [0x00000000f1c80000,0x00000000f3f617f8,0x00000000ffd00000)
  to   space 231424K, 0% used [0x00000000e3900000,0x00000000e3900000,0x00000000f1b00000)
 ParOldGen       total 836096K, used 732959K [0x0000000080000000, 0x00000000b3080000, 0x00000000d5580000)
  object space 836096K, 87% used [0x0000000080000000,0x00000000acbc7d90,0x00000000b3080000)
 Metaspace       used 6710K, capacity 7384K, committed 7680K, reserved 1056768K
  class space    used 622K, capacity 656K, committed 768K, reserved 1048576K

