# JRE version: Java(TM) SE Runtime Environment (8.0_66-b17) (build 1.8.0_66-b17)
# Java VM: Java HotSpot(TM) 64-Bit Server VM (25.66-b17 mixed mode linux-amd64 compressed oops)
Heap:
 PSYoungGen      total 347648K, used 0K [0x00000000d5580000, 0x00000000ff800000, 0x0000000100000000)
  eden space 232960K, 0% used [0x00000000d5580000,0x00000000d5580000,0x00000000e3900000)
  from space 114688K, 0% used [0x00000000e3900000,0x00000000e3900000,0x00000000ea900000)
  to   space 228864K, 0% used [0x00000000f1880000,0x00000000f1880000,0x00000000ff800000)
 ParOldGen       total 843264K, used 841503K [0x0000000080000000, 0x00000000b3780000, 0x00000000d5580000)
  object space 843264K, 99% used [0x0000000080000000,0x00000000b35c7cd8,0x00000000b3780000)
 Metaspace       used 6933K, capacity 7608K, committed 7936K, reserved 1056768K
  class space    used 636K, capacity 688K, committed 768K, reserved 1048576K
GC Heap History (10 events):
Event: 29,060 GC heap after
Heap after GC invocations=26 (full 5):
 PSYoungGen      total 337920K, used 104685K [0x00000000d5580000, 0x00000000fee80000, 0x0000000100000000)
  eden space 232960K, 0% used [0x00000000d5580000,0x00000000d5580000,0x00000000e3900000)
  from space 104960K, 99% used [0x00000000e3900000,0x00000000e9f3b738,0x00000000e9f80000)
  to   space 221696K, 0% used [0x00000000f1600000,0x00000000f1600000,0x00000000fee80000)
 ParOldGen       total 843264K, used 637733K [0x0000000080000000, 0x00000000b3780000, 0x00000000d5580000)
  object space 843264K, 75% used [0x0000000080000000,0x00000000a6ec9478,0x00000000b3780000)
 Metaspace       used 6696K, capacity 7384K, committed 7680K, reserved 1056768K
  class space    used 623K, capacity 656K, committed 768K, reserved 1048576K
}
Event: 29,682 GC heap before
{Heap before GC invocations=27 (full 5):
 PSYoungGen      total 337920K, used 337645K [0x00000000d5580000, 0x00000000fee80000, 0x0000000100000000)
  eden space 232960K, 100% used [0x00000000d5580000,0x00000000e3900000,0x00000000e3900000)
  from space 104960K, 99% used [0x00000000e3900000,0x00000000e9f3b738,0x00000000e9f80000)
  to   space 221696K, 0% used [0x00000000f1600000,0x00000000f1600000,0x00000000fee80000)
 ParOldGen       total 843264K, used 637733K [0x0000000080000000, 0x00000000b3780000, 0x00000000d5580000)
  object space 843264K, 75% used [0x0000000080000000,0x00000000a6ec9478,0x00000000b3780000)
 Metaspace       used 6698K, capacity 7384K, committed 7680K, reserved 1056768K
  class space    used 623K, capacity 656K, committed 768K, reserved 1048576K
Event: 29,833 GC heap after
Heap after GC invocations=27 (full 5):
 PSYoungGen      total 455680K, used 137289K [0x00000000d5580000, 0x0000000100000000, 0x0000000100000000)
  eden space 233984K, 0% used [0x00000000d5580000,0x00000000d5580000,0x00000000e3a00000)
  from space 221696K, 61% used [0x00000000f1600000,0x00000000f9c12788,0x00000000fee80000)
  to   space 225280K, 0% used [0x00000000e3a00000,0x00000000e3a00000,0x00000000f1600000)
 ParOldGen       total 843264K, used 637733K [0x0000000080000000, 0x00000000b3780000, 0x00000000d5580000)
  object space 843264K, 75% used [0x0000000080000000,0x00000000a6ec9478,0x00000000b3780000)
 Metaspace       used 6698K, capacity 7384K, committed 7680K, reserved 1056768K
  class space    used 623K, capacity 656K, committed 768K, reserved 1048576K
}
Event: 30,430 GC heap before
{Heap before GC invocations=28 (full 5):
 PSYoungGen      total 455680K, used 371273K [0x00000000d5580000, 0x0000000100000000, 0x0000000100000000)
  eden space 233984K, 100% used [0x00000000d5580000,0x00000000e3a00000,0x00000000e3a00000)
  from space 221696K, 61% used [0x00000000f1600000,0x00000000f9c12788,0x00000000fee80000)
  to   space 225280K, 0% used [0x00000000e3a00000,0x00000000e3a00000,0x00000000f1600000)
 ParOldGen       total 843264K, used 637733K [0x0000000080000000, 0x00000000b3780000, 0x00000000d5580000)
  object space 843264K, 75% used [0x0000000080000000,0x00000000a6ec9478,0x00000000b3780000)
 Metaspace       used 6702K, capacity 7384K, committed 7680K, reserved 1056768K
  class space    used 623K, capacity 656K, committed 768K, reserved 1048576K
Event: 30,622 GC heap after
Heap after GC invocations=28 (full 5):
 PSYoungGen      total 459264K, used 171259K [0x00000000d5580000, 0x0000000100000000, 0x0000000100000000)
  eden space 233984K, 0% used [0x00000000d5580000,0x00000000d5580000,0x00000000e3a00000)
  from space 225280K, 76% used [0x00000000e3a00000,0x00000000ee13ee98,0x00000000f1600000)
  to   space 232960K, 0% used [0x00000000f1c80000,0x00000000f1c80000,0x0000000100000000)
 ParOldGen       total 843264K, used 637741K [0x0000000080000000, 0x00000000b3780000, 0x00000000d5580000)
  object space 843264K, 75% used [0x0000000080000000,0x00000000a6ecb478,0x00000000b3780000)
 Metaspace       used 6702K, capacity 7384K, committed 7680K, reserved 1056768K
  class space    used 623K, capacity 656K, committed 768K, reserved 1048576K
}
Event: 31,319 GC heap before
{Heap before GC invocations=29 (full 5):
 PSYoungGen      total 459264K, used 405243K [0x00000000d5580000, 0x0000000100000000, 0x0000000100000000)
  eden space 233984K, 100% used [0x00000000d5580000,0x00000000e3a00000,0x00000000e3a00000)
  from space 225280K, 76% used [0x00000000e3a00000,0x00000000ee13ee98,0x00000000f1600000)
  to   space 232960K, 0% used [0x00000000f1c80000,0x00000000f1c80000,0x0000000100000000)
 ParOldGen       total 843264K, used 637741K [0x0000000080000000, 0x00000000b3780000, 0x00000000d5580000)
  object space 843264K, 75% used [0x0000000080000000,0x00000000a6ecb478,0x00000000b3780000)
 Metaspace       used 6735K, capacity 7384K, committed 7680K, reserved 1056768K
  class space    used 625K, capacity 656K, committed 768K, reserved 1048576K
Event: 31,583 GC heap after
Heap after GC invocations=29 (full 5):
 PSYoungGen      total 465920K, used 144542K [0x00000000d5580000, 0x0000000100000000, 0x0000000100000000)
  eden space 232960K, 0% used [0x00000000d5580000,0x00000000d5580000,0x00000000e3900000)
  from space 232960K, 62% used [0x00000000f1c80000,0x00000000fa9a7a50,0x0000000100000000)
  to   space 232960K, 0% used [0x00000000e3900000,0x00000000e3900000,0x00000000f1c80000)
 ParOldGen       total 843264K, used 703825K [0x0000000080000000, 0x00000000b3780000, 0x00000000d5580000)
  object space 843264K, 83% used [0x0000000080000000,0x00000000aaf547a0,0x00000000b3780000)
 Metaspace       used 6735K, capacity 7384K, committed 7680K, reserved 1056768K
  class space    used 625K, capacity 656K, committed 768K, reserved 1048576K
}
Event: 32,346 GC heap before
{Heap before GC invocations=30 (full 5):
 PSYoungGen      total 465920K, used 377502K [0x00000000d5580000, 0x0000000100000000, 0x0000000100000000)
  eden space 232960K, 100% used [0x00000000d5580000,0x00000000e3900000,0x00000000e3900000)
  from space 232960K, 62% used [0x00000000f1c80000,0x00000000fa9a7a50,0x0000000100000000)
  to   space 232960K, 0% used [0x00000000e3900000,0x00000000e3900000,0x00000000f1c80000)
 ParOldGen       total 843264K, used 703825K [0x0000000080000000, 0x00000000b3780000, 0x00000000d5580000)
  object space 843264K, 83% used [0x0000000080000000,0x00000000aaf547a0,0x00000000b3780000)
 Metaspace       used 6933K, capacity 7608K, committed 7936K, reserved 1056768K
  class space    used 636K, capacity 688K, committed 768K, reserved 1048576K
Event: 32,661 GC heap after
Heap after GC invocations=30 (full 5):
 PSYoungGen      total 347648K, used 114309K [0x00000000d5580000, 0x00000000ff800000, 0x0000000100000000)
  eden space 232960K, 0% used [0x00000000d5580000,0x00000000d5580000,0x00000000e3900000)
  from space 114688K, 99% used [0x00000000e3900000,0x00000000ea8a16d8,0x00000000ea900000)
  to   space 228864K, 0% used [0x00000000f1880000,0x00000000f1880000,0x00000000ff800000)
 ParOldGen       total 843264K, used 774042K [0x0000000080000000, 0x00000000b3780000, 0x00000000d5580000)
  object space 843264K, 91% used [0x0000000080000000,0x00000000af3e6a58,0x00000000b3780000)
 Metaspace       used 6933K, capacity 7608K, committed 7936K, reserved 1056768K
  class space    used 636K, capacity 688K, committed 768K, reserved 1048576K
}
Event: 32,661 GC heap before
{Heap before GC invocations=31 (full 6):
 PSYoungGen      total 347648K, used 114309K [0x00000000d5580000, 0x00000000ff800000, 0x0000000100000000)
  eden space 232960K, 0% used [0x00000000d5580000,0x00000000d5580000,0x00000000e3900000)
  from space 114688K, 99% used [0x00000000e3900000,0x00000000ea8a16d8,0x00000000ea900000)
  to   space 228864K, 0% used [0x00000000f1880000,0x00000000f1880000,0x00000000ff800000)
 ParOldGen       total 843264K, used 774042K [0x0000000080000000, 0x00000000b3780000, 0x00000000d5580000)
  object space 843264K, 91% used [0x0000000080000000,0x00000000af3e6a58,0x00000000b3780000)
 Metaspace       used 6933K, capacity 7608K, committed 7936K, reserved 1056768K
  class space    used 636K, capacity 688K, committed 768K, reserved 1048576K

