# JRE version: Java(TM) SE Runtime Environment (8.0_66-b17) (build 1.8.0_66-b17)
# Java VM: Java HotSpot(TM) 64-Bit Server VM (25.66-b17 mixed mode linux-amd64 compressed oops)
Heap:
 PSYoungGen      total 558080K, used 30191K [0x00000000d5580000, 0x0000000100000000, 0x0000000100000000)
  eden space 417280K, 0% used [0x00000000d5580000,0x00000000d5580000,0x00000000eed00000)
  from space 140800K, 21% used [0x00000000eed00000,0x00000000f0a7bda0,0x00000000f7680000)
  to   space 137728K, 0% used [0x00000000f7980000,0x00000000f7980000,0x0000000100000000)
 ParOldGen       total 332288K, used 332144K [0x0000000080000000, 0x0000000094480000, 0x00000000d5580000)
  object space 332288K, 99% used [0x0000000080000000,0x000000009445c258,0x0000000094480000)
 Metaspace       used 6588K, capacity 7320K, committed 7680K, reserved 1056768K
  class space    used 614K, capacity 656K, committed 768K, reserved 1048576K
GC Heap History (10 events):
Event: 18,235 GC heap after
Heap after GC invocations=12 (full 2):
 PSYoungGen      total 502784K, used 59037K [0x00000000d5580000, 0x00000000fa500000, 0x0000000100000000)
  eden space 443392K, 0% used [0x00000000d5580000,0x00000000d5580000,0x00000000f0680000)
  from space 59392K, 99% used [0x00000000f6b00000,0x00000000fa4a75c8,0x00000000fa500000)
  to   space 78848K, 0% used [0x00000000f0b00000,0x00000000f0b00000,0x00000000f5800000)
 ParOldGen       total 207360K, used 125018K [0x0000000080000000, 0x000000008ca80000, 0x00000000d5580000)
  object space 207360K, 60% used [0x0000000080000000,0x0000000087a16b08,0x000000008ca80000)
 Metaspace       used 6557K, capacity 7320K, committed 7680K, reserved 1056768K
  class space    used 614K, capacity 656K, committed 768K, reserved 1048576K
}
Event: 21,386 GC heap before
{Heap before GC invocations=13 (full 2):
 PSYoungGen      total 502784K, used 502429K [0x00000000d5580000, 0x00000000fa500000, 0x0000000100000000)
  eden space 443392K, 100% used [0x00000000d5580000,0x00000000f0680000,0x00000000f0680000)
  from space 59392K, 99% used [0x00000000f6b00000,0x00000000fa4a75c8,0x00000000fa500000)
  to   space 78848K, 0% used [0x00000000f0b00000,0x00000000f0b00000,0x00000000f5800000)
 ParOldGen       total 207360K, used 125018K [0x0000000080000000, 0x000000008ca80000, 0x00000000d5580000)
  object space 207360K, 60% used [0x0000000080000000,0x0000000087a16b08,0x000000008ca80000)
 Metaspace       used 6564K, capacity 7320K, committed 7680K, reserved 1056768K
  class space    used 614K, capacity 656K, committed 768K, reserved 1048576K
Event: 21,738 GC heap after
Heap after GC invocations=13 (full 2):
 PSYoungGen      total 526848K, used 78821K [0x00000000d5580000, 0x0000000100000000, 0x0000000100000000)
  eden space 448000K, 0% used [0x00000000d5580000,0x00000000d5580000,0x00000000f0b00000)
  from space 78848K, 99% used [0x00000000f0b00000,0x00000000f57f97d8,0x00000000f5800000)
  to   space 108544K, 0% used [0x00000000f9600000,0x00000000f9600000,0x0000000100000000)
 ParOldGen       total 207360K, used 167482K [0x0000000080000000, 0x000000008ca80000, 0x00000000d5580000)
  object space 207360K, 80% used [0x0000000080000000,0x000000008a38eab8,0x000000008ca80000)
 Metaspace       used 6564K, capacity 7320K, committed 7680K, reserved 1056768K
  class space    used 614K, capacity 656K, committed 768K, reserved 1048576K
}
Event: 24,502 GC heap before
{Heap before GC invocations=14 (full 2):
 PSYoungGen      total 526848K, used 526821K [0x00000000d5580000, 0x0000000100000000, 0x0000000100000000)
  eden space 448000K, 100% used [0x00000000d5580000,0x00000000f0b00000,0x00000000f0b00000)
  from space 78848K, 99% used [0x00000000f0b00000,0x00000000f57f97d8,0x00000000f5800000)
  to   space 108544K, 0% used [0x00000000f9600000,0x00000000f9600000,0x0000000100000000)
 ParOldGen       total 207360K, used 167482K [0x0000000080000000, 0x000000008ca80000, 0x00000000d5580000)
  object space 207360K, 80% used [0x0000000080000000,0x000000008a38eab8,0x000000008ca80000)
 Metaspace       used 6579K, capacity 7320K, committed 7680K, reserved 1056768K
  class space    used 614K, capacity 656K, committed 768K, reserved 1048576K
Event: 24,918 GC heap after
Heap after GC invocations=14 (full 2):
 PSYoungGen      total 525824K, used 108541K [0x00000000d5580000, 0x0000000100000000, 0x0000000100000000)
  eden space 417280K, 0% used [0x00000000d5580000,0x00000000d5580000,0x00000000eed00000)
  from space 108544K, 99% used [0x00000000f9600000,0x00000000fffff648,0x0000000100000000)
  to   space 140800K, 0% used [0x00000000eed00000,0x00000000eed00000,0x00000000f7680000)
 ParOldGen       total 207360K, used 202781K [0x0000000080000000, 0x000000008ca80000, 0x00000000d5580000)
  object space 207360K, 97% used [0x0000000080000000,0x000000008c607660,0x000000008ca80000)
 Metaspace       used 6579K, capacity 7320K, committed 7680K, reserved 1056768K
  class space    used 614K, capacity 656K, committed 768K, reserved 1048576K
}
Event: 24,918 GC heap before
{Heap before GC invocations=15 (full 3):
 PSYoungGen      total 525824K, used 108541K [0x00000000d5580000, 0x0000000100000000, 0x0000000100000000)
  eden space 417280K, 0% used [0x00000000d5580000,0x00000000d5580000,0x00000000eed00000)
  from space 108544K, 99% used [0x00000000f9600000,0x00000000fffff648,0x0000000100000000)
  to   space 140800K, 0% used [0x00000000eed00000,0x00000000eed00000,0x00000000f7680000)
 ParOldGen       total 207360K, used 202781K [0x0000000080000000, 0x000000008ca80000, 0x00000000d5580000)
  object space 207360K, 97% used [0x0000000080000000,0x000000008c607660,0x000000008ca80000)
 Metaspace       used 6579K, capacity 7320K, committed 7680K, reserved 1056768K
  class space    used 614K, capacity 656K, committed 768K, reserved 1048576K
Event: 27,328 GC heap after
Heap after GC invocations=15 (full 3):
 PSYoungGen      total 525824K, used 94306K [0x00000000d5580000, 0x0000000100000000, 0x0000000100000000)
  eden space 417280K, 0% used [0x00000000d5580000,0x00000000d5580000,0x00000000eed00000)
  from space 108544K, 86% used [0x00000000f9600000,0x00000000ff2188f8,0x0000000100000000)
  to   space 140800K, 0% used [0x00000000eed00000,0x00000000eed00000,0x00000000f7680000)
 ParOldGen       total 332288K, used 207189K [0x0000000080000000, 0x0000000094480000, 0x00000000d5580000)
  object space 332288K, 62% used [0x0000000080000000,0x000000008ca55400,0x0000000094480000)
 Metaspace       used 6579K, capacity 7320K, committed 7680K, reserved 1056768K
  class space    used 614K, capacity 656K, committed 768K, reserved 1048576K
}
Event: 30,042 GC heap before
{Heap before GC invocations=16 (full 3):
 PSYoungGen      total 525824K, used 511586K [0x00000000d5580000, 0x0000000100000000, 0x0000000100000000)
  eden space 417280K, 100% used [0x00000000d5580000,0x00000000eed00000,0x00000000eed00000)
  from space 108544K, 86% used [0x00000000f9600000,0x00000000ff2188f8,0x0000000100000000)
  to   space 140800K, 0% used [0x00000000eed00000,0x00000000eed00000,0x00000000f7680000)
 ParOldGen       total 332288K, used 207189K [0x0000000080000000, 0x0000000094480000, 0x00000000d5580000)
  object space 332288K, 62% used [0x0000000080000000,0x000000008ca55400,0x0000000094480000)
 Metaspace       used 6588K, capacity 7320K, committed 7680K, reserved 1056768K
  class space    used 614K, capacity 656K, committed 768K, reserved 1048576K
Event: 30,590 GC heap after
Heap after GC invocations=16 (full 3):
 PSYoungGen      total 558080K, used 64748K [0x00000000d5580000, 0x0000000100000000, 0x0000000100000000)
  eden space 417280K, 0% used [0x00000000d5580000,0x00000000d5580000,0x00000000eed00000)
  from space 140800K, 45% used [0x00000000eed00000,0x00000000f2c3b3d8,0x00000000f7680000)
  to   space 137728K, 0% used [0x00000000f7980000,0x00000000f7980000,0x0000000100000000)
 ParOldGen       total 332288K, used 302313K [0x0000000080000000, 0x0000000094480000, 0x00000000d5580000)
  object space 332288K, 90% used [0x0000000080000000,0x000000009273a7f8,0x0000000094480000)
 Metaspace       used 6588K, capacity 7320K, committed 7680K, reserved 1056768K
  class space    used 614K, capacity 656K, committed 768K, reserved 1048576K
}
Event: 30,592 GC heap before
{Heap before GC invocations=17 (full 4):
 PSYoungGen      total 558080K, used 64748K [0x00000000d5580000, 0x0000000100000000, 0x0000000100000000)
  eden space 417280K, 0% used [0x00000000d5580000,0x00000000d5580000,0x00000000eed00000)
  from space 140800K, 45% used [0x00000000eed00000,0x00000000f2c3b3d8,0x00000000f7680000)
  to   space 137728K, 0% used [0x00000000f7980000,0x00000000f7980000,0x0000000100000000)
 ParOldGen       total 332288K, used 302313K [0x0000000080000000, 0x0000000094480000, 0x00000000d5580000)
  object space 332288K, 90% used [0x0000000080000000,0x000000009273a7f8,0x0000000094480000)
 Metaspace       used 6588K, capacity 7320K, committed 7680K, reserved 1056768K
  class space    used 614K, capacity 656K, committed 768K, reserved 1048576K

