# JRE version: Java(TM) SE Runtime Environment (8.0_66-b17) (build 1.8.0_66-b17)
# Java VM: Java HotSpot(TM) 64-Bit Server VM (25.66-b17 mixed mode linux-amd64 compressed oops)
Heap:
 PSYoungGen      total 465920K, used 101534K [0x00000000d5580000, 0x0000000100000000, 0x0000000100000000)
  eden space 232960K, 0% used [0x00000000d5580000,0x00000000d5580000,0x00000000e3900000)
  from space 232960K, 43% used [0x00000000e3900000,0x00000000e9c27918,0x00000000f1c80000)
  to   space 232960K, 0% used [0x00000000f1c80000,0x00000000f1c80000,0x0000000100000000)
 ParOldGen       total 561152K, used 560772K [0x0000000080000000, 0x00000000a2400000, 0x00000000d5580000)
  object space 561152K, 99% used [0x0000000080000000,0x00000000a23a1130,0x00000000a2400000)
 Metaspace       used 6594K, capacity 7320K, committed 7680K, reserved 1056768K
  class space    used 617K, capacity 656K, committed 768K, reserved 1048576K
GC Heap History (10 events):
Event: 19,934 GC heap after
Heap after GC invocations=19 (full 4):
 PSYoungGen      total 492544K, used 121278K [0x00000000d5580000, 0x0000000100000000, 0x0000000100000000)
  eden space 371200K, 0% used [0x00000000d5580000,0x00000000d5580000,0x00000000ec000000)
  from space 121344K, 99% used [0x00000000ec000000,0x00000000f366f928,0x00000000f3680000)
  to   space 176128K, 0% used [0x00000000f5400000,0x00000000f5400000,0x0000000100000000)
 ParOldGen       total 561152K, used 361206K [0x0000000080000000, 0x00000000a2400000, 0x00000000d5580000)
  object space 561152K, 64% used [0x0000000080000000,0x00000000960bdbe0,0x00000000a2400000)
 Metaspace       used 6591K, capacity 7320K, committed 7680K, reserved 1056768K
  class space    used 617K, capacity 656K, committed 768K, reserved 1048576K
}
Event: 21,166 GC heap before
{Heap before GC invocations=20 (full 4):
 PSYoungGen      total 492544K, used 492478K [0x00000000d5580000, 0x0000000100000000, 0x0000000100000000)
  eden space 371200K, 100% used [0x00000000d5580000,0x00000000ec000000,0x00000000ec000000)
  from space 121344K, 99% used [0x00000000ec000000,0x00000000f366f928,0x00000000f3680000)
  to   space 176128K, 0% used [0x00000000f5400000,0x00000000f5400000,0x0000000100000000)
 ParOldGen       total 561152K, used 361206K [0x0000000080000000, 0x00000000a2400000, 0x00000000d5580000)
  object space 561152K, 64% used [0x0000000080000000,0x00000000960bdbe0,0x00000000a2400000)
 Metaspace       used 6593K, capacity 7320K, committed 7680K, reserved 1056768K
  class space    used 617K, capacity 656K, committed 768K, reserved 1048576K
Event: 21,359 GC heap after
Heap after GC invocations=20 (full 4):
 PSYoungGen      total 462336K, used 176104K [0x00000000d5580000, 0x0000000100000000, 0x0000000100000000)
  eden space 286208K, 0% used [0x00000000d5580000,0x00000000d5580000,0x00000000e6d00000)
  from space 176128K, 99% used [0x00000000f5400000,0x00000000ffffa2c0,0x0000000100000000)
  to   space 206336K, 0% used [0x00000000e6d00000,0x00000000e6d00000,0x00000000f3680000)
 ParOldGen       total 561152K, used 362433K [0x0000000080000000, 0x00000000a2400000, 0x00000000d5580000)
  object space 561152K, 64% used [0x0000000080000000,0x00000000961f0508,0x00000000a2400000)
 Metaspace       used 6593K, capacity 7320K, committed 7680K, reserved 1056768K
  class space    used 617K, capacity 656K, committed 768K, reserved 1048576K
}
Event: 22,364 GC heap before
{Heap before GC invocations=21 (full 4):
 PSYoungGen      total 462336K, used 462312K [0x00000000d5580000, 0x0000000100000000, 0x0000000100000000)
  eden space 286208K, 100% used [0x00000000d5580000,0x00000000e6d00000,0x00000000e6d00000)
  from space 176128K, 99% used [0x00000000f5400000,0x00000000ffffa2c0,0x0000000100000000)
  to   space 206336K, 0% used [0x00000000e6d00000,0x00000000e6d00000,0x00000000f3680000)
 ParOldGen       total 561152K, used 362433K [0x0000000080000000, 0x00000000a2400000, 0x00000000d5580000)
  object space 561152K, 64% used [0x0000000080000000,0x00000000961f0508,0x00000000a2400000)
 Metaspace       used 6593K, capacity 7320K, committed 7680K, reserved 1056768K
  class space    used 617K, capacity 656K, committed 768K, reserved 1048576K
Event: 22,658 GC heap after
Heap after GC invocations=21 (full 4):
 PSYoungGen      total 446464K, used 160219K [0x00000000d5580000, 0x0000000100000000, 0x0000000100000000)
  eden space 286208K, 0% used [0x00000000d5580000,0x00000000d5580000,0x00000000e6d00000)
  from space 160256K, 99% used [0x00000000e6d00000,0x00000000f0976d08,0x00000000f0980000)
  to   space 224768K, 0% used [0x00000000f2480000,0x00000000f2480000,0x0000000100000000)
 ParOldGen       total 561152K, used 425551K [0x0000000080000000, 0x00000000a2400000, 0x00000000d5580000)
  object space 561152K, 75% used [0x0000000080000000,0x0000000099f93ea8,0x00000000a2400000)
 Metaspace       used 6593K, capacity 7320K, committed 7680K, reserved 1056768K
  class space    used 617K, capacity 656K, committed 768K, reserved 1048576K
}
Event: 24,272 GC heap before
{Heap before GC invocations=22 (full 4):
 PSYoungGen      total 446464K, used 446427K [0x00000000d5580000, 0x0000000100000000, 0x0000000100000000)
  eden space 286208K, 100% used [0x00000000d5580000,0x00000000e6d00000,0x00000000e6d00000)
  from space 160256K, 99% used [0x00000000e6d00000,0x00000000f0976d08,0x00000000f0980000)
  to   space 224768K, 0% used [0x00000000f2480000,0x00000000f2480000,0x0000000100000000)
 ParOldGen       total 561152K, used 425551K [0x0000000080000000, 0x00000000a2400000, 0x00000000d5580000)
  object space 561152K, 75% used [0x0000000080000000,0x0000000099f93ea8,0x00000000a2400000)
 Metaspace       used 6594K, capacity 7320K, committed 7680K, reserved 1056768K
  class space    used 617K, capacity 656K, committed 768K, reserved 1048576K
Event: 24,642 GC heap after
Heap after GC invocations=22 (full 4):
 PSYoungGen      total 457728K, used 205701K [0x00000000d5580000, 0x0000000100000000, 0x0000000100000000)
  eden space 232960K, 0% used [0x00000000d5580000,0x00000000d5580000,0x00000000e3900000)
  from space 224768K, 91% used [0x00000000f2480000,0x00000000fed61428,0x0000000100000000)
  to   space 232960K, 0% used [0x00000000e3900000,0x00000000e3900000,0x00000000f1c80000)
 ParOldGen       total 561152K, used 425551K [0x0000000080000000, 0x00000000a2400000, 0x00000000d5580000)
  object space 561152K, 75% used [0x0000000080000000,0x0000000099f93ea8,0x00000000a2400000)
 Metaspace       used 6594K, capacity 7320K, committed 7680K, reserved 1056768K
  class space    used 617K, capacity 656K, committed 768K, reserved 1048576K
}
Event: 25,815 GC heap before
{Heap before GC invocations=23 (full 4):
 PSYoungGen      total 457728K, used 438661K [0x00000000d5580000, 0x0000000100000000, 0x0000000100000000)
  eden space 232960K, 100% used [0x00000000d5580000,0x00000000e3900000,0x00000000e3900000)
  from space 224768K, 91% used [0x00000000f2480000,0x00000000fed61428,0x0000000100000000)
  to   space 232960K, 0% used [0x00000000e3900000,0x00000000e3900000,0x00000000f1c80000)
 ParOldGen       total 561152K, used 425551K [0x0000000080000000, 0x00000000a2400000, 0x00000000d5580000)
  object space 561152K, 75% used [0x0000000080000000,0x0000000099f93ea8,0x00000000a2400000)
 Metaspace       used 6594K, capacity 7320K, committed 7680K, reserved 1056768K
  class space    used 617K, capacity 656K, committed 768K, reserved 1048576K
Event: 26,313 GC heap after
Heap after GC invocations=23 (full 4):
 PSYoungGen      total 465920K, used 128174K [0x00000000d5580000, 0x0000000100000000, 0x0000000100000000)
  eden space 232960K, 0% used [0x00000000d5580000,0x00000000d5580000,0x00000000e3900000)
  from space 232960K, 55% used [0x00000000e3900000,0x00000000eb62b838,0x00000000f1c80000)
  to   space 232960K, 0% used [0x00000000f1c80000,0x00000000f1c80000,0x0000000100000000)
 ParOldGen       total 561152K, used 538432K [0x0000000080000000, 0x00000000a2400000, 0x00000000d5580000)
  object space 561152K, 95% used [0x0000000080000000,0x00000000a0dd0310,0x00000000a2400000)
 Metaspace       used 6594K, capacity 7320K, committed 7680K, reserved 1056768K
  class space    used 617K, capacity 656K, committed 768K, reserved 1048576K
}
Event: 26,313 GC heap before
{Heap before GC invocations=24 (full 5):
 PSYoungGen      total 465920K, used 128174K [0x00000000d5580000, 0x0000000100000000, 0x0000000100000000)
  eden space 232960K, 0% used [0x00000000d5580000,0x00000000d5580000,0x00000000e3900000)
  from space 232960K, 55% used [0x00000000e3900000,0x00000000eb62b838,0x00000000f1c80000)
  to   space 232960K, 0% used [0x00000000f1c80000,0x00000000f1c80000,0x0000000100000000)
 ParOldGen       total 561152K, used 538432K [0x0000000080000000, 0x00000000a2400000, 0x00000000d5580000)
  object space 561152K, 95% used [0x0000000080000000,0x00000000a0dd0310,0x00000000a2400000)
 Metaspace       used 6594K, capacity 7320K, committed 7680K, reserved 1056768K
  class space    used 617K, capacity 656K, committed 768K, reserved 1048576K

