# JRE version: Java(TM) SE Runtime Environment (8.0_66-b17) (build 1.8.0_66-b17)
# Java VM: Java HotSpot(TM) 64-Bit Server VM (25.66-b17 mixed mode linux-amd64 compressed oops)
Heap:
 PSYoungGen      total 213504K, used 24546K [0x00000000d5580000, 0x00000000e4180000, 0x0000000100000000)
  eden space 188928K, 0% used [0x00000000d5580000,0x00000000d5580000,0x00000000e0e00000)
  from space 24576K, 99% used [0x00000000e0e00000,0x00000000e25f8a30,0x00000000e2600000)
  to   space 20992K, 0% used [0x00000000e2600000,0x00000000e2600000,0x00000000e3a80000)
 ParOldGen       total 62976K, used 56178K [0x0000000080000000, 0x0000000083d80000, 0x00000000d5580000)
  object space 62976K, 89% used [0x0000000080000000,0x00000000836dc820,0x0000000083d80000)
 Metaspace       used 6445K, capacity 7256K, committed 7424K, reserved 1056768K
  class space    used 612K, capacity 656K, committed 768K, reserved 1048576K
GC Heap History (10 events):
Event: 5,596 GC heap after
Heap after GC invocations=2 (full 0):
 PSYoungGen      total 51712K, used 3562K [0x00000000d5580000, 0x00000000d8b80000, 0x0000000100000000)
  eden space 48128K, 0% used [0x00000000d5580000,0x00000000d5580000,0x00000000d8480000)
  from space 3584K, 99% used [0x00000000d8800000,0x00000000d8b7aaa8,0x00000000d8b80000)
  to   space 3584K, 0% used [0x00000000d8480000,0x00000000d8480000,0x00000000d8800000)
 ParOldGen       total 62976K, used 2235K [0x0000000080000000, 0x0000000083d80000, 0x00000000d5580000)
  object space 62976K, 3% used [0x0000000080000000,0x000000008022ecc8,0x0000000083d80000)
 Metaspace       used 5816K, capacity 6832K, committed 7040K, reserved 1056768K
  class space    used 591K, capacity 616K, committed 640K, reserved 1048576K
}
Event: 7,447 GC heap before
{Heap before GC invocations=3 (full 0):
 PSYoungGen      total 51712K, used 51690K [0x00000000d5580000, 0x00000000d8b80000, 0x0000000100000000)
  eden space 48128K, 100% used [0x00000000d5580000,0x00000000d8480000,0x00000000d8480000)
  from space 3584K, 99% used [0x00000000d8800000,0x00000000d8b7aaa8,0x00000000d8b80000)
  to   space 3584K, 0% used [0x00000000d8480000,0x00000000d8480000,0x00000000d8800000)
 ParOldGen       total 62976K, used 2235K [0x0000000080000000, 0x0000000083d80000, 0x00000000d5580000)
  object space 62976K, 3% used [0x0000000080000000,0x000000008022ecc8,0x0000000083d80000)
 Metaspace       used 5923K, capacity 6896K, committed 7040K, reserved 1056768K
  class space    used 592K, capacity 616K, committed 640K, reserved 1048576K
Event: 7,637 GC heap after
Heap after GC invocations=3 (full 0):
 PSYoungGen      total 51712K, used 3563K [0x00000000d5580000, 0x00000000dba80000, 0x0000000100000000)
  eden space 48128K, 0% used [0x00000000d5580000,0x00000000d5580000,0x00000000d8480000)
  from space 3584K, 99% used [0x00000000d8480000,0x00000000d87facc0,0x00000000d8800000)
  to   space 3584K, 0% used [0x00000000db700000,0x00000000db700000,0x00000000dba80000)
 ParOldGen       total 62976K, used 10277K [0x0000000080000000, 0x0000000083d80000, 0x00000000d5580000)
  object space 62976K, 16% used [0x0000000080000000,0x0000000080a09558,0x0000000083d80000)
 Metaspace       used 5923K, capacity 6896K, committed 7040K, reserved 1056768K
  class space    used 592K, capacity 616K, committed 640K, reserved 1048576K
}
Event: 8,958 GC heap before
{Heap before GC invocations=4 (full 0):
 PSYoungGen      total 51712K, used 51691K [0x00000000d5580000, 0x00000000dba80000, 0x0000000100000000)
  eden space 48128K, 100% used [0x00000000d5580000,0x00000000d8480000,0x00000000d8480000)
  from space 3584K, 99% used [0x00000000d8480000,0x00000000d87facc0,0x00000000d8800000)
  to   space 3584K, 0% used [0x00000000db700000,0x00000000db700000,0x00000000dba80000)
 ParOldGen       total 62976K, used 10277K [0x0000000080000000, 0x0000000083d80000, 0x00000000d5580000)
  object space 62976K, 16% used [0x0000000080000000,0x0000000080a09558,0x0000000083d80000)
 Metaspace       used 6031K, capacity 7000K, committed 7168K, reserved 1056768K
  class space    used 612K, capacity 656K, committed 768K, reserved 1048576K
Event: 9,132 GC heap after
Heap after GC invocations=4 (full 0):
 PSYoungGen      total 99840K, used 3559K [0x00000000d5580000, 0x00000000dba80000, 0x0000000100000000)
  eden space 96256K, 0% used [0x00000000d5580000,0x00000000d5580000,0x00000000db380000)
  from space 3584K, 99% used [0x00000000db700000,0x00000000dba79df8,0x00000000dba80000)
  to   space 3584K, 0% used [0x00000000db380000,0x00000000db380000,0x00000000db700000)
 ParOldGen       total 62976K, used 17740K [0x0000000080000000, 0x0000000083d80000, 0x00000000d5580000)
  object space 62976K, 28% used [0x0000000080000000,0x0000000081153058,0x0000000083d80000)
 Metaspace       used 6031K, capacity 7000K, committed 7168K, reserved 1056768K
  class space    used 612K, capacity 656K, committed 768K, reserved 1048576K
}
Event: 11,498 GC heap before
{Heap before GC invocations=5 (full 0):
 PSYoungGen      total 99840K, used 99815K [0x00000000d5580000, 0x00000000dba80000, 0x0000000100000000)
  eden space 96256K, 100% used [0x00000000d5580000,0x00000000db380000,0x00000000db380000)
  from space 3584K, 99% used [0x00000000db700000,0x00000000dba79df8,0x00000000dba80000)
  to   space 3584K, 0% used [0x00000000db380000,0x00000000db380000,0x00000000db700000)
 ParOldGen       total 62976K, used 17740K [0x0000000080000000, 0x0000000083d80000, 0x00000000d5580000)
  object space 62976K, 28% used [0x0000000080000000,0x0000000081153058,0x0000000083d80000)
 Metaspace       used 6177K, capacity 7128K, committed 7424K, reserved 1056768K
  class space    used 612K, capacity 656K, committed 768K, reserved 1048576K
Event: 11,976 GC heap after
Heap after GC invocations=5 (full 0):
 PSYoungGen      total 99840K, used 3559K [0x00000000d5580000, 0x00000000e3a80000, 0x0000000100000000)
  eden space 96256K, 0% used [0x00000000d5580000,0x00000000d5580000,0x00000000db380000)
  from space 3584K, 99% used [0x00000000db380000,0x00000000db6f9e10,0x00000000db700000)
  to   space 20992K, 0% used [0x00000000e2600000,0x00000000e2600000,0x00000000e3a80000)
 ParOldGen       total 62976K, used 31993K [0x0000000080000000, 0x0000000083d80000, 0x00000000d5580000)
  object space 62976K, 50% used [0x0000000080000000,0x0000000081f3e720,0x0000000083d80000)
 Metaspace       used 6177K, capacity 7128K, committed 7424K, reserved 1056768K
  class space    used 612K, capacity 656K, committed 768K, reserved 1048576K
}
Event: 14,042 GC heap before
{Heap before GC invocations=6 (full 0):
 PSYoungGen      total 99840K, used 99815K [0x00000000d5580000, 0x00000000e3a80000, 0x0000000100000000)
  eden space 96256K, 100% used [0x00000000d5580000,0x00000000db380000,0x00000000db380000)
  from space 3584K, 99% used [0x00000000db380000,0x00000000db6f9e10,0x00000000db700000)
  to   space 20992K, 0% used [0x00000000e2600000,0x00000000e2600000,0x00000000e3a80000)
 ParOldGen       total 62976K, used 31993K [0x0000000080000000, 0x0000000083d80000, 0x00000000d5580000)
  object space 62976K, 50% used [0x0000000080000000,0x0000000081f3e720,0x0000000083d80000)
 Metaspace       used 6282K, capacity 7192K, committed 7424K, reserved 1056768K
  class space    used 612K, capacity 656K, committed 768K, reserved 1048576K
Event: 14,286 GC heap after
Heap after GC invocations=6 (full 0):
 PSYoungGen      total 209920K, used 19454K [0x00000000d5580000, 0x00000000e4180000, 0x0000000100000000)
  eden space 188928K, 0% used [0x00000000d5580000,0x00000000d5580000,0x00000000e0e00000)
  from space 20992K, 92% used [0x00000000e2600000,0x00000000e38ffb58,0x00000000e3a80000)
  to   space 24576K, 0% used [0x00000000e0e00000,0x00000000e0e00000,0x00000000e2600000)
 ParOldGen       total 62976K, used 31993K [0x0000000080000000, 0x0000000083d80000, 0x00000000d5580000)
  object space 62976K, 50% used [0x0000000080000000,0x0000000081f3e720,0x0000000083d80000)
 Metaspace       used 6282K, capacity 7192K, committed 7424K, reserved 1056768K
  class space    used 612K, capacity 656K, committed 768K, reserved 1048576K
}
Event: 17,990 GC heap before
{Heap before GC invocations=7 (full 0):
 PSYoungGen      total 209920K, used 208382K [0x00000000d5580000, 0x00000000e4180000, 0x0000000100000000)
  eden space 188928K, 100% used [0x00000000d5580000,0x00000000e0e00000,0x00000000e0e00000)
  from space 20992K, 92% used [0x00000000e2600000,0x00000000e38ffb58,0x00000000e3a80000)
  to   space 24576K, 0% used [0x00000000e0e00000,0x00000000e0e00000,0x00000000e2600000)
 ParOldGen       total 62976K, used 31993K [0x0000000080000000, 0x0000000083d80000, 0x00000000d5580000)
  object space 62976K, 50% used [0x0000000080000000,0x0000000081f3e720,0x0000000083d80000)
 Metaspace       used 6445K, capacity 7256K, committed 7424K, reserved 1056768K
  class space    used 612K, capacity 656K, committed 768K, reserved 1048576K

