# JRE version: Java(TM) SE Runtime Environment (8.0_60-b27) (build 1.8.0_60-b27)
# Java VM: Java HotSpot(TM) 64-Bit Server VM (25.60-b23 mixed mode linux-amd64 compressed oops)
Heap:
 PSYoungGen      total 232960K, used 58625K [0x00000000eab00000, 0x0000000100000000, 0x0000000100000000)
  eden space 116736K, 0% used [0x00000000eab00000,0x00000000eab00000,0x00000000f1d00000)
  from space 116224K, 50% used [0x00000000f8e80000,0x00000000fc7c0538,0x0000000100000000)
  to   space 116224K, 0% used [0x00000000f1d00000,0x00000000f1d00000,0x00000000f8e80000)
 ParOldGen       total 499712K, used 499286K [0x00000000c0000000, 0x00000000de800000, 0x00000000eab00000)
  object space 499712K, 99% used [0x00000000c0000000,0x00000000de795a78,0x00000000de800000)
 Metaspace       used 6434K, capacity 7282K, committed 7552K, reserved 1056768K
  class space    used 606K, capacity 618K, committed 640K, reserved 1048576K
GC Heap History (10 events):
Event: 23,105 GC heap after
Heap after GC invocations=30 (full 4):
 PSYoungGen      total 222720K, used 36280K [0x00000000eab00000, 0x00000000ff600000, 0x0000000100000000)
  eden space 116736K, 0% used [0x00000000eab00000,0x00000000eab00000,0x00000000f1d00000)
  from space 105984K, 34% used [0x00000000f8e80000,0x00000000fb1ee200,0x00000000ff600000)
  to   space 111104K, 0% used [0x00000000f1d00000,0x00000000f1d00000,0x00000000f8980000)
 ParOldGen       total 499712K, used 447026K [0x00000000c0000000, 0x00000000de800000, 0x00000000eab00000)
  object space 499712K, 89% used [0x00000000c0000000,0x00000000db48c990,0x00000000de800000)
 Metaspace       used 6434K, capacity 7282K, committed 7552K, reserved 1056768K
  class space    used 606K, capacity 618K, committed 640K, reserved 1048576K
}
Event: 23,488 GC heap before
{Heap before GC invocations=31 (full 4):
 PSYoungGen      total 222720K, used 153016K [0x00000000eab00000, 0x00000000ff600000, 0x0000000100000000)
  eden space 116736K, 100% used [0x00000000eab00000,0x00000000f1d00000,0x00000000f1d00000)
  from space 105984K, 34% used [0x00000000f8e80000,0x00000000fb1ee200,0x00000000ff600000)
  to   space 111104K, 0% used [0x00000000f1d00000,0x00000000f1d00000,0x00000000f8980000)
 ParOldGen       total 499712K, used 447026K [0x00000000c0000000, 0x00000000de800000, 0x00000000eab00000)
  object space 499712K, 89% used [0x00000000c0000000,0x00000000db48c990,0x00000000de800000)
 Metaspace       used 6434K, capacity 7282K, committed 7552K, reserved 1056768K
  class space    used 606K, capacity 618K, committed 640K, reserved 1048576K
Event: 23,569 GC heap after
Heap after GC invocations=31 (full 4):
 PSYoungGen      total 227840K, used 54826K [0x00000000eab00000, 0x00000000ffe00000, 0x0000000100000000)
  eden space 116736K, 0% used [0x00000000eab00000,0x00000000eab00000,0x00000000f1d00000)
  from space 111104K, 49% used [0x00000000f1d00000,0x00000000f528a960,0x00000000f8980000)
  to   space 108032K, 0% used [0x00000000f9480000,0x00000000f9480000,0x00000000ffe00000)
 ParOldGen       total 499712K, used 447026K [0x00000000c0000000, 0x00000000de800000, 0x00000000eab00000)
  object space 499712K, 89% used [0x00000000c0000000,0x00000000db48c990,0x00000000de800000)
 Metaspace       used 6434K, capacity 7282K, committed 7552K, reserved 1056768K
  class space    used 606K, capacity 618K, committed 640K, reserved 1048576K
}
Event: 23,956 GC heap before
{Heap before GC invocations=32 (full 4):
 PSYoungGen      total 227840K, used 171562K [0x00000000eab00000, 0x00000000ffe00000, 0x0000000100000000)
  eden space 116736K, 100% used [0x00000000eab00000,0x00000000f1d00000,0x00000000f1d00000)
  from space 111104K, 49% used [0x00000000f1d00000,0x00000000f528a960,0x00000000f8980000)
  to   space 108032K, 0% used [0x00000000f9480000,0x00000000f9480000,0x00000000ffe00000)
 ParOldGen       total 499712K, used 447026K [0x00000000c0000000, 0x00000000de800000, 0x00000000eab00000)
  object space 499712K, 89% used [0x00000000c0000000,0x00000000db48c990,0x00000000de800000)
 Metaspace       used 6434K, capacity 7282K, committed 7552K, reserved 1056768K
  class space    used 606K, capacity 618K, committed 640K, reserved 1048576K
Event: 24,044 GC heap after
Heap after GC invocations=32 (full 4):
 PSYoungGen      total 232960K, used 72856K [0x00000000eab00000, 0x0000000100000000, 0x0000000100000000)
  eden space 124928K, 0% used [0x00000000eab00000,0x00000000eab00000,0x00000000f2500000)
  from space 108032K, 67% used [0x00000000f9480000,0x00000000fdba63c8,0x00000000ffe00000)
  to   space 112128K, 0% used [0x00000000f2500000,0x00000000f2500000,0x00000000f9280000)
 ParOldGen       total 499712K, used 447026K [0x00000000c0000000, 0x00000000de800000, 0x00000000eab00000)
  object space 499712K, 89% used [0x00000000c0000000,0x00000000db48c990,0x00000000de800000)
 Metaspace       used 6434K, capacity 7282K, committed 7552K, reserved 1056768K
  class space    used 606K, capacity 618K, committed 640K, reserved 1048576K
}
Event: 24,456 GC heap before
{Heap before GC invocations=33 (full 4):
 PSYoungGen      total 232960K, used 197784K [0x00000000eab00000, 0x0000000100000000, 0x0000000100000000)
  eden space 124928K, 100% used [0x00000000eab00000,0x00000000f2500000,0x00000000f2500000)
  from space 108032K, 67% used [0x00000000f9480000,0x00000000fdba63c8,0x00000000ffe00000)
  to   space 112128K, 0% used [0x00000000f2500000,0x00000000f2500000,0x00000000f9280000)
 ParOldGen       total 499712K, used 447026K [0x00000000c0000000, 0x00000000de800000, 0x00000000eab00000)
  object space 499712K, 89% used [0x00000000c0000000,0x00000000db48c990,0x00000000de800000)
 Metaspace       used 6434K, capacity 7282K, committed 7552K, reserved 1056768K
  class space    used 606K, capacity 618K, committed 640K, reserved 1048576K
Event: 24,566 GC heap after
Heap after GC invocations=33 (full 4):
 PSYoungGen      total 217088K, used 92125K [0x00000000eab00000, 0x0000000100000000, 0x0000000100000000)
  eden space 124928K, 0% used [0x00000000eab00000,0x00000000eab00000,0x00000000f2500000)
  from space 92160K, 99% used [0x00000000f2500000,0x00000000f7ef7790,0x00000000f7f00000)
  to   space 116224K, 0% used [0x00000000f8e80000,0x00000000f8e80000,0x0000000100000000)
 ParOldGen       total 499712K, used 447026K [0x00000000c0000000, 0x00000000de800000, 0x00000000eab00000)
  object space 499712K, 89% used [0x00000000c0000000,0x00000000db48c990,0x00000000de800000)
 Metaspace       used 6434K, capacity 7282K, committed 7552K, reserved 1056768K
  class space    used 606K, capacity 618K, committed 640K, reserved 1048576K
}
Event: 24,972 GC heap before
{Heap before GC invocations=34 (full 4):
 PSYoungGen      total 217088K, used 217053K [0x00000000eab00000, 0x0000000100000000, 0x0000000100000000)
  eden space 124928K, 100% used [0x00000000eab00000,0x00000000f2500000,0x00000000f2500000)
  from space 92160K, 99% used [0x00000000f2500000,0x00000000f7ef7790,0x00000000f7f00000)
  to   space 116224K, 0% used [0x00000000f8e80000,0x00000000f8e80000,0x0000000100000000)
 ParOldGen       total 499712K, used 447026K [0x00000000c0000000, 0x00000000de800000, 0x00000000eab00000)
  object space 499712K, 89% used [0x00000000c0000000,0x00000000db48c990,0x00000000de800000)
 Metaspace       used 6434K, capacity 7282K, committed 7552K, reserved 1056768K
  class space    used 606K, capacity 618K, committed 640K, reserved 1048576K
Event: 25,113 GC heap after
Heap after GC invocations=34 (full 4):
 PSYoungGen      total 232960K, used 77833K [0x00000000eab00000, 0x0000000100000000, 0x0000000100000000)
  eden space 116736K, 0% used [0x00000000eab00000,0x00000000eab00000,0x00000000f1d00000)
  from space 116224K, 66% used [0x00000000f8e80000,0x00000000fda82450,0x0000000100000000)
  to   space 116224K, 0% used [0x00000000f1d00000,0x00000000f1d00000,0x00000000f8e80000)
 ParOldGen       total 499712K, used 482418K [0x00000000c0000000, 0x00000000de800000, 0x00000000eab00000)
  object space 499712K, 96% used [0x00000000c0000000,0x00000000dd71c990,0x00000000de800000)
 Metaspace       used 6434K, capacity 7282K, committed 7552K, reserved 1056768K
  class space    used 606K, capacity 618K, committed 640K, reserved 1048576K
}
Event: 25,113 GC heap before
{Heap before GC invocations=35 (full 5):
 PSYoungGen      total 232960K, used 77833K [0x00000000eab00000, 0x0000000100000000, 0x0000000100000000)
  eden space 116736K, 0% used [0x00000000eab00000,0x00000000eab00000,0x00000000f1d00000)
  from space 116224K, 66% used [0x00000000f8e80000,0x00000000fda82450,0x0000000100000000)
  to   space 116224K, 0% used [0x00000000f1d00000,0x00000000f1d00000,0x00000000f8e80000)
 ParOldGen       total 499712K, used 482418K [0x00000000c0000000, 0x00000000de800000, 0x00000000eab00000)
  object space 499712K, 96% used [0x00000000c0000000,0x00000000dd71c990,0x00000000de800000)
 Metaspace       used 6434K, capacity 7282K, committed 7552K, reserved 1056768K
  class space    used 606K, capacity 618K, committed 640K, reserved 1048576K

