# JRE version: Java(TM) SE Runtime Environment (8.0_66-b17) (build 1.8.0_66-b17)
# Java VM: Java HotSpot(TM) 64-Bit Server VM (25.66-b17 mixed mode linux-amd64 compressed oops)
Heap:
 PSYoungGen      total 465920K, used 115211K [0x00000000d5580000, 0x0000000100000000, 0x0000000100000000)
  eden space 232960K, 0% used [0x00000000d5580000,0x00000000d5580000,0x00000000e3900000)
  from space 232960K, 49% used [0x00000000e3900000,0x00000000ea982ea0,0x00000000f1c80000)
  to   space 232960K, 0% used [0x00000000f1c80000,0x00000000f1c80000,0x0000000100000000)
 ParOldGen       total 781824K, used 781647K [0x0000000080000000, 0x00000000afb80000, 0x00000000d5580000)
  object space 781824K, 99% used [0x0000000080000000,0x00000000afb53d18,0x00000000afb80000)
 Metaspace       used 6742K, capacity 7544K, committed 7680K, reserved 1056768K
  class space    used 627K, capacity 688K, committed 768K, reserved 1048576K
GC Heap History (10 events):
Event: 34,169 GC heap after
Heap after GC invocations=30 (full 5):
 PSYoungGen      total 461824K, used 120892K [0x00000000d5580000, 0x00000000ff980000, 0x0000000100000000)
  eden space 247296K, 0% used [0x00000000d5580000,0x00000000d5580000,0x00000000e4700000)
  from space 214528K, 56% used [0x00000000e4700000,0x00000000ebd0f058,0x00000000f1880000)
  to   space 214528K, 0% used [0x00000000f2800000,0x00000000f2800000,0x00000000ff980000)
 ParOldGen       total 781824K, used 673865K [0x0000000080000000, 0x00000000afb80000, 0x00000000d5580000)
  object space 781824K, 86% used [0x0000000080000000,0x00000000a9212598,0x00000000afb80000)
 Metaspace       used 6458K, capacity 7282K, committed 7552K, reserved 1056768K
  class space    used 608K, capacity 618K, committed 640K, reserved 1048576K
}
Event: 35,010 GC heap before
{Heap before GC invocations=31 (full 5):
 PSYoungGen      total 461824K, used 368188K [0x00000000d5580000, 0x00000000ff980000, 0x0000000100000000)
  eden space 247296K, 100% used [0x00000000d5580000,0x00000000e4700000,0x00000000e4700000)
  from space 214528K, 56% used [0x00000000e4700000,0x00000000ebd0f058,0x00000000f1880000)
  to   space 214528K, 0% used [0x00000000f2800000,0x00000000f2800000,0x00000000ff980000)
 ParOldGen       total 781824K, used 673865K [0x0000000080000000, 0x00000000afb80000, 0x00000000d5580000)
  object space 781824K, 86% used [0x0000000080000000,0x00000000a9212598,0x00000000afb80000)
 Metaspace       used 6576K, capacity 7352K, committed 7552K, reserved 1056768K
  class space    used 616K, capacity 624K, committed 640K, reserved 1048576K
Event: 35,252 GC heap after
Heap after GC invocations=31 (full 5):
 PSYoungGen      total 476672K, used 125673K [0x00000000d5580000, 0x0000000100000000, 0x0000000100000000)
  eden space 262144K, 0% used [0x00000000d5580000,0x00000000d5580000,0x00000000e5580000)
  from space 214528K, 58% used [0x00000000f2800000,0x00000000fa2ba610,0x00000000ff980000)
  to   space 215552K, 0% used [0x00000000e5580000,0x00000000e5580000,0x00000000f2800000)
 ParOldGen       total 781824K, used 673865K [0x0000000080000000, 0x00000000afb80000, 0x00000000d5580000)
  object space 781824K, 86% used [0x0000000080000000,0x00000000a9212598,0x00000000afb80000)
 Metaspace       used 6576K, capacity 7352K, committed 7552K, reserved 1056768K
  class space    used 616K, capacity 624K, committed 640K, reserved 1048576K
}
Event: 36,050 GC heap before
{Heap before GC invocations=32 (full 5):
 PSYoungGen      total 476672K, used 387817K [0x00000000d5580000, 0x0000000100000000, 0x0000000100000000)
  eden space 262144K, 100% used [0x00000000d5580000,0x00000000e5580000,0x00000000e5580000)
  from space 214528K, 58% used [0x00000000f2800000,0x00000000fa2ba610,0x00000000ff980000)
  to   space 215552K, 0% used [0x00000000e5580000,0x00000000e5580000,0x00000000f2800000)
 ParOldGen       total 781824K, used 673865K [0x0000000080000000, 0x00000000afb80000, 0x00000000d5580000)
  object space 781824K, 86% used [0x0000000080000000,0x00000000a9212598,0x00000000afb80000)
 Metaspace       used 6577K, capacity 7352K, committed 7552K, reserved 1056768K
  class space    used 616K, capacity 624K, committed 640K, reserved 1048576K
Event: 36,313 GC heap after
Heap after GC invocations=32 (full 5):
 PSYoungGen      total 426496K, used 163950K [0x00000000d5580000, 0x0000000100000000, 0x0000000100000000)
  eden space 262144K, 0% used [0x00000000d5580000,0x00000000d5580000,0x00000000e5580000)
  from space 164352K, 99% used [0x00000000e5580000,0x00000000ef59bbe8,0x00000000ef600000)
  to   space 229376K, 0% used [0x00000000f2000000,0x00000000f2000000,0x0000000100000000)
 ParOldGen       total 781824K, used 673865K [0x0000000080000000, 0x00000000afb80000, 0x00000000d5580000)
  object space 781824K, 86% used [0x0000000080000000,0x00000000a9212598,0x00000000afb80000)
 Metaspace       used 6577K, capacity 7352K, committed 7552K, reserved 1056768K
  class space    used 616K, capacity 624K, committed 640K, reserved 1048576K
}
Event: 37,041 GC heap before
{Heap before GC invocations=33 (full 5):
 PSYoungGen      total 426496K, used 426094K [0x00000000d5580000, 0x0000000100000000, 0x0000000100000000)
  eden space 262144K, 100% used [0x00000000d5580000,0x00000000e5580000,0x00000000e5580000)
  from space 164352K, 99% used [0x00000000e5580000,0x00000000ef59bbe8,0x00000000ef600000)
  to   space 229376K, 0% used [0x00000000f2000000,0x00000000f2000000,0x0000000100000000)
 ParOldGen       total 781824K, used 673865K [0x0000000080000000, 0x00000000afb80000, 0x00000000d5580000)
  object space 781824K, 86% used [0x0000000080000000,0x00000000a9212598,0x00000000afb80000)
 Metaspace       used 6578K, capacity 7352K, committed 7552K, reserved 1056768K
  class space    used 616K, capacity 624K, committed 640K, reserved 1048576K
Event: 37,293 GC heap after
Heap after GC invocations=33 (full 5):
 PSYoungGen      total 462336K, used 202792K [0x00000000d5580000, 0x0000000100000000, 0x0000000100000000)
  eden space 232960K, 0% used [0x00000000d5580000,0x00000000d5580000,0x00000000e3900000)
  from space 229376K, 88% used [0x00000000f2000000,0x00000000fe60a1a0,0x0000000100000000)
  to   space 232960K, 0% used [0x00000000e3900000,0x00000000e3900000,0x00000000f1c80000)
 ParOldGen       total 781824K, used 673865K [0x0000000080000000, 0x00000000afb80000, 0x00000000d5580000)
  object space 781824K, 86% used [0x0000000080000000,0x00000000a9212598,0x00000000afb80000)
 Metaspace       used 6578K, capacity 7352K, committed 7552K, reserved 1056768K
  class space    used 616K, capacity 624K, committed 640K, reserved 1048576K
}
Event: 38,173 GC heap before
{Heap before GC invocations=34 (full 5):
 PSYoungGen      total 462336K, used 435752K [0x00000000d5580000, 0x0000000100000000, 0x0000000100000000)
  eden space 232960K, 100% used [0x00000000d5580000,0x00000000e3900000,0x00000000e3900000)
  from space 229376K, 88% used [0x00000000f2000000,0x00000000fe60a1a0,0x0000000100000000)
  to   space 232960K, 0% used [0x00000000e3900000,0x00000000e3900000,0x00000000f1c80000)
 ParOldGen       total 781824K, used 673865K [0x0000000080000000, 0x00000000afb80000, 0x00000000d5580000)
  object space 781824K, 86% used [0x0000000080000000,0x00000000a9212598,0x00000000afb80000)
 Metaspace       used 6742K, capacity 7544K, committed 7680K, reserved 1056768K
  class space    used 627K, capacity 688K, committed 768K, reserved 1048576K
Event: 38,526 GC heap after
Heap after GC invocations=34 (full 5):
 PSYoungGen      total 465920K, used 211522K [0x00000000d5580000, 0x0000000100000000, 0x0000000100000000)
  eden space 232960K, 0% used [0x00000000d5580000,0x00000000d5580000,0x00000000e3900000)
  from space 232960K, 90% used [0x00000000e3900000,0x00000000f0790bf8,0x00000000f1c80000)
  to   space 232960K, 0% used [0x00000000f1c80000,0x00000000f1c80000,0x0000000100000000)
 ParOldGen       total 781824K, used 708032K [0x0000000080000000, 0x00000000afb80000, 0x00000000d5580000)
  object space 781824K, 90% used [0x0000000080000000,0x00000000ab3703b0,0x00000000afb80000)
 Metaspace       used 6742K, capacity 7544K, committed 7680K, reserved 1056768K
  class space    used 627K, capacity 688K, committed 768K, reserved 1048576K
}
Event: 38,526 GC heap before
{Heap before GC invocations=35 (full 6):
 PSYoungGen      total 465920K, used 211522K [0x00000000d5580000, 0x0000000100000000, 0x0000000100000000)
  eden space 232960K, 0% used [0x00000000d5580000,0x00000000d5580000,0x00000000e3900000)
  from space 232960K, 90% used [0x00000000e3900000,0x00000000f0790bf8,0x00000000f1c80000)
  to   space 232960K, 0% used [0x00000000f1c80000,0x00000000f1c80000,0x0000000100000000)
 ParOldGen       total 781824K, used 708032K [0x0000000080000000, 0x00000000afb80000, 0x00000000d5580000)
  object space 781824K, 90% used [0x0000000080000000,0x00000000ab3703b0,0x00000000afb80000)
 Metaspace       used 6742K, capacity 7544K, committed 7680K, reserved 1056768K
  class space    used 627K, capacity 688K, committed 768K, reserved 1048576K

