# JRE version: Java(TM) SE Runtime Environment (8.0_66-b17) (build 1.8.0_66-b17)
# Java VM: Java HotSpot(TM) 64-Bit Server VM (25.66-b17 mixed mode linux-amd64 compressed oops)
Heap:
 PSYoungGen      total 539648K, used 109240K [0x00000000d5580000, 0x0000000100000000, 0x0000000100000000)
  eden space 380416K, 0% used [0x00000000d5580000,0x00000000d5580000,0x00000000ec900000)
  from space 159232K, 68% used [0x00000000ec900000,0x00000000f33ae020,0x00000000f6480000)
  to   space 159232K, 0% used [0x00000000f6480000,0x00000000f6480000,0x0000000100000000)
 ParOldGen       total 352768K, used 352427K [0x0000000080000000, 0x0000000095880000, 0x00000000d5580000)
  object space 352768K, 99% used [0x0000000080000000,0x000000009582af40,0x0000000095880000)
 Metaspace       used 6462K, capacity 7282K, committed 7552K, reserved 1056768K
  class space    used 606K, capacity 618K, committed 640K, reserved 1048576K
GC Heap History (10 events):
Event: 10,598 GC heap after
Heap after GC invocations=14 (full 2):
 PSYoungGen      total 524288K, used 74032K [0x00000000d5580000, 0x00000000fd580000, 0x0000000100000000)
  eden space 417280K, 0% used [0x00000000d5580000,0x00000000d5580000,0x00000000eed00000)
  from space 107008K, 69% used [0x00000000f5b80000,0x00000000fa3cc048,0x00000000fc400000)
  to   space 113152K, 0% used [0x00000000eed00000,0x00000000eed00000,0x00000000f5b80000)
 ParOldGen       total 221184K, used 221128K [0x0000000080000000, 0x000000008d800000, 0x00000000d5580000)
  object space 221184K, 99% used [0x0000000080000000,0x000000008d7f2290,0x000000008d800000)
 Metaspace       used 6440K, capacity 7282K, committed 7552K, reserved 1056768K
  class space    used 605K, capacity 618K, committed 640K, reserved 1048576K
}
Event: 10,598 GC heap before
{Heap before GC invocations=15 (full 3):
 PSYoungGen      total 524288K, used 74032K [0x00000000d5580000, 0x00000000fd580000, 0x0000000100000000)
  eden space 417280K, 0% used [0x00000000d5580000,0x00000000d5580000,0x00000000eed00000)
  from space 107008K, 69% used [0x00000000f5b80000,0x00000000fa3cc048,0x00000000fc400000)
  to   space 113152K, 0% used [0x00000000eed00000,0x00000000eed00000,0x00000000f5b80000)
 ParOldGen       total 221184K, used 221128K [0x0000000080000000, 0x000000008d800000, 0x00000000d5580000)
  object space 221184K, 99% used [0x0000000080000000,0x000000008d7f2290,0x000000008d800000)
 Metaspace       used 6440K, capacity 7282K, committed 7552K, reserved 1056768K
  class space    used 605K, capacity 618K, committed 640K, reserved 1048576K
Event: 12,495 GC heap after
Heap after GC invocations=15 (full 3):
 PSYoungGen      total 524288K, used 67976K [0x00000000d5580000, 0x00000000fd580000, 0x0000000100000000)
  eden space 417280K, 0% used [0x00000000d5580000,0x00000000d5580000,0x00000000eed00000)
  from space 107008K, 63% used [0x00000000f5b80000,0x00000000f9de22c8,0x00000000fc400000)
  to   space 113152K, 0% used [0x00000000eed00000,0x00000000eed00000,0x00000000f5b80000)
 ParOldGen       total 352768K, used 221079K [0x0000000080000000, 0x0000000095880000, 0x00000000d5580000)
  object space 352768K, 62% used [0x0000000080000000,0x000000008d7e5f70,0x0000000095880000)
 Metaspace       used 6440K, capacity 7282K, committed 7552K, reserved 1056768K
  class space    used 605K, capacity 618K, committed 640K, reserved 1048576K
}
Event: 14,095 GC heap before
{Heap before GC invocations=16 (full 3):
 PSYoungGen      total 524288K, used 485256K [0x00000000d5580000, 0x00000000fd580000, 0x0000000100000000)
  eden space 417280K, 100% used [0x00000000d5580000,0x00000000eed00000,0x00000000eed00000)
  from space 107008K, 63% used [0x00000000f5b80000,0x00000000f9de22c8,0x00000000fc400000)
  to   space 113152K, 0% used [0x00000000eed00000,0x00000000eed00000,0x00000000f5b80000)
 ParOldGen       total 352768K, used 221079K [0x0000000080000000, 0x0000000095880000, 0x00000000d5580000)
  object space 352768K, 62% used [0x0000000080000000,0x000000008d7e5f70,0x0000000095880000)
 Metaspace       used 6449K, capacity 7282K, committed 7552K, reserved 1056768K
  class space    used 606K, capacity 618K, committed 640K, reserved 1048576K
Event: 14,412 GC heap after
Heap after GC invocations=16 (full 3):
 PSYoungGen      total 530432K, used 113142K [0x00000000d5580000, 0x0000000100000000, 0x0000000100000000)
  eden space 417280K, 0% used [0x00000000d5580000,0x00000000d5580000,0x00000000eed00000)
  from space 113152K, 99% used [0x00000000eed00000,0x00000000f5b7d990,0x00000000f5b80000)
  to   space 139776K, 0% used [0x00000000f7780000,0x00000000f7780000,0x0000000100000000)
 ParOldGen       total 352768K, used 243218K [0x0000000080000000, 0x0000000095880000, 0x00000000d5580000)
  object space 352768K, 68% used [0x0000000080000000,0x000000008ed848f8,0x0000000095880000)
 Metaspace       used 6449K, capacity 7282K, committed 7552K, reserved 1056768K
  class space    used 606K, capacity 618K, committed 640K, reserved 1048576K
}
Event: 15,828 GC heap before
{Heap before GC invocations=17 (full 3):
 PSYoungGen      total 530432K, used 530422K [0x00000000d5580000, 0x0000000100000000, 0x0000000100000000)
  eden space 417280K, 100% used [0x00000000d5580000,0x00000000eed00000,0x00000000eed00000)
  from space 113152K, 99% used [0x00000000eed00000,0x00000000f5b7d990,0x00000000f5b80000)
  to   space 139776K, 0% used [0x00000000f7780000,0x00000000f7780000,0x0000000100000000)
 ParOldGen       total 352768K, used 243218K [0x0000000080000000, 0x0000000095880000, 0x00000000d5580000)
  object space 352768K, 68% used [0x0000000080000000,0x000000008ed848f8,0x0000000095880000)
 Metaspace       used 6459K, capacity 7282K, committed 7552K, reserved 1056768K
  class space    used 606K, capacity 618K, committed 640K, reserved 1048576K
Event: 16,275 GC heap after
Heap after GC invocations=17 (full 3):
 PSYoungGen      total 520192K, used 128748K [0x00000000d5580000, 0x0000000100000000, 0x0000000100000000)
  eden space 380416K, 0% used [0x00000000d5580000,0x00000000d5580000,0x00000000ec900000)
  from space 139776K, 92% used [0x00000000f7780000,0x00000000ff53b0a8,0x0000000100000000)
  to   space 159232K, 0% used [0x00000000ec900000,0x00000000ec900000,0x00000000f6480000)
 ParOldGen       total 352768K, used 292856K [0x0000000080000000, 0x0000000095880000, 0x00000000d5580000)
  object space 352768K, 83% used [0x0000000080000000,0x0000000091dfe188,0x0000000095880000)
 Metaspace       used 6459K, capacity 7282K, committed 7552K, reserved 1056768K
  class space    used 606K, capacity 618K, committed 640K, reserved 1048576K
}
Event: 17,603 GC heap before
{Heap before GC invocations=18 (full 3):
 PSYoungGen      total 520192K, used 509164K [0x00000000d5580000, 0x0000000100000000, 0x0000000100000000)
  eden space 380416K, 100% used [0x00000000d5580000,0x00000000ec900000,0x00000000ec900000)
  from space 139776K, 92% used [0x00000000f7780000,0x00000000ff53b0a8,0x0000000100000000)
  to   space 159232K, 0% used [0x00000000ec900000,0x00000000ec900000,0x00000000f6480000)
 ParOldGen       total 352768K, used 292856K [0x0000000080000000, 0x0000000095880000, 0x00000000d5580000)
  object space 352768K, 83% used [0x0000000080000000,0x0000000091dfe188,0x0000000095880000)
 Metaspace       used 6462K, capacity 7282K, committed 7552K, reserved 1056768K
  class space    used 606K, capacity 618K, committed 640K, reserved 1048576K
Event: 17,911 GC heap after
Heap after GC invocations=18 (full 3):
 PSYoungGen      total 539648K, used 159207K [0x00000000d5580000, 0x0000000100000000, 0x0000000100000000)
  eden space 380416K, 0% used [0x00000000d5580000,0x00000000d5580000,0x00000000ec900000)
  from space 159232K, 99% used [0x00000000ec900000,0x00000000f6479d48,0x00000000f6480000)
  to   space 159232K, 0% used [0x00000000f6480000,0x00000000f6480000,0x0000000100000000)
 ParOldGen       total 352768K, used 311727K [0x0000000080000000, 0x0000000095880000, 0x00000000d5580000)
  object space 352768K, 88% used [0x0000000080000000,0x000000009306bcb8,0x0000000095880000)
 Metaspace       used 6462K, capacity 7282K, committed 7552K, reserved 1056768K
  class space    used 606K, capacity 618K, committed 640K, reserved 1048576K
}
Event: 17,913 GC heap before
{Heap before GC invocations=19 (full 4):
 PSYoungGen      total 539648K, used 159207K [0x00000000d5580000, 0x0000000100000000, 0x0000000100000000)
  eden space 380416K, 0% used [0x00000000d5580000,0x00000000d5580000,0x00000000ec900000)
  from space 159232K, 99% used [0x00000000ec900000,0x00000000f6479d48,0x00000000f6480000)
  to   space 159232K, 0% used [0x00000000f6480000,0x00000000f6480000,0x0000000100000000)
 ParOldGen       total 352768K, used 311727K [0x0000000080000000, 0x0000000095880000, 0x00000000d5580000)
  object space 352768K, 88% used [0x0000000080000000,0x000000009306bcb8,0x0000000095880000)
 Metaspace       used 6462K, capacity 7282K, committed 7552K, reserved 1056768K
  class space    used 606K, capacity 618K, committed 640K, reserved 1048576K

