# JRE version: Java(TM) SE Runtime Environment (8.0_66-b17) (build 1.8.0_66-b17)
# Java VM: Java HotSpot(TM) 64-Bit Server VM (25.66-b17 mixed mode linux-amd64 compressed oops)
Heap:
 PSYoungGen      total 465920K, used 40606K [0x00000000d5580000, 0x0000000100000000, 0x0000000100000000)
  eden space 232960K, 0% used [0x00000000d5580000,0x00000000d5580000,0x00000000e3900000)
  from space 232960K, 17% used [0x00000000e3900000,0x00000000e60a7828,0x00000000f1c80000)
  to   space 232960K, 0% used [0x00000000f1c80000,0x00000000f1c80000,0x0000000100000000)
 ParOldGen       total 740352K, used 739987K [0x0000000080000000, 0x00000000ad300000, 0x00000000d5580000)
  object space 740352K, 99% used [0x0000000080000000,0x00000000ad2a4e88,0x00000000ad300000)
 Metaspace       used 6731K, capacity 7384K, committed 7680K, reserved 1056768K
  class space    used 622K, capacity 656K, committed 768K, reserved 1048576K
GC Heap History (10 events):
Event: 23,425 GC heap after
Heap after GC invocations=23 (full 5):
 PSYoungGen      total 467968K, used 133425K [0x00000000d5580000, 0x0000000100000000, 0x0000000100000000)
  eden space 334336K, 0% used [0x00000000d5580000,0x00000000d5580000,0x00000000e9c00000)
  from space 133632K, 99% used [0x00000000e9c00000,0x00000000f1e4c688,0x00000000f1e80000)
  to   space 195072K, 0% used [0x00000000f4180000,0x00000000f4180000,0x0000000100000000)
 ParOldGen       total 740352K, used 505703K [0x0000000080000000, 0x00000000ad300000, 0x00000000d5580000)
  object space 740352K, 68% used [0x0000000080000000,0x000000009edd9fa8,0x00000000ad300000)
 Metaspace       used 6601K, capacity 7320K, committed 7680K, reserved 1056768K
  class space    used 616K, capacity 656K, committed 768K, reserved 1048576K
}
Event: 24,214 GC heap before
{Heap before GC invocations=24 (full 5):
 PSYoungGen      total 467968K, used 467761K [0x00000000d5580000, 0x0000000100000000, 0x0000000100000000)
  eden space 334336K, 100% used [0x00000000d5580000,0x00000000e9c00000,0x00000000e9c00000)
  from space 133632K, 99% used [0x00000000e9c00000,0x00000000f1e4c688,0x00000000f1e80000)
  to   space 195072K, 0% used [0x00000000f4180000,0x00000000f4180000,0x0000000100000000)
 ParOldGen       total 740352K, used 505703K [0x0000000080000000, 0x00000000ad300000, 0x00000000d5580000)
  object space 740352K, 68% used [0x0000000080000000,0x000000009edd9fa8,0x00000000ad300000)
 Metaspace       used 6658K, capacity 7384K, committed 7680K, reserved 1056768K
  class space    used 620K, capacity 656K, committed 768K, reserved 1048576K
Event: 24,477 GC heap after
Heap after GC invocations=24 (full 5):
 PSYoungGen      total 444416K, used 186524K [0x00000000d5580000, 0x0000000100000000, 0x0000000100000000)
  eden space 249344K, 0% used [0x00000000d5580000,0x00000000d5580000,0x00000000e4900000)
  from space 195072K, 95% used [0x00000000f4180000,0x00000000ff7a7018,0x0000000100000000)
  to   space 224768K, 0% used [0x00000000e4900000,0x00000000e4900000,0x00000000f2480000)
 ParOldGen       total 740352K, used 505711K [0x0000000080000000, 0x00000000ad300000, 0x00000000d5580000)
  object space 740352K, 68% used [0x0000000080000000,0x000000009eddbfa8,0x00000000ad300000)
 Metaspace       used 6658K, capacity 7384K, committed 7680K, reserved 1056768K
  class space    used 620K, capacity 656K, committed 768K, reserved 1048576K
}
Event: 25,103 GC heap before
{Heap before GC invocations=25 (full 5):
 PSYoungGen      total 444416K, used 435868K [0x00000000d5580000, 0x0000000100000000, 0x0000000100000000)
  eden space 249344K, 100% used [0x00000000d5580000,0x00000000e4900000,0x00000000e4900000)
  from space 195072K, 95% used [0x00000000f4180000,0x00000000ff7a7018,0x0000000100000000)
  to   space 224768K, 0% used [0x00000000e4900000,0x00000000e4900000,0x00000000f2480000)
 ParOldGen       total 740352K, used 505711K [0x0000000080000000, 0x00000000ad300000, 0x00000000d5580000)
  object space 740352K, 68% used [0x0000000080000000,0x000000009eddbfa8,0x00000000ad300000)
 Metaspace       used 6708K, capacity 7384K, committed 7680K, reserved 1056768K
  class space    used 622K, capacity 656K, committed 768K, reserved 1048576K
Event: 25,338 GC heap after
Heap after GC invocations=25 (full 5):
 PSYoungGen      total 464384K, used 215034K [0x00000000d5580000, 0x0000000100000000, 0x0000000100000000)
  eden space 249344K, 0% used [0x00000000d5580000,0x00000000d5580000,0x00000000e4900000)
  from space 215040K, 99% used [0x00000000e4900000,0x00000000f1afebe8,0x00000000f1b00000)
  to   space 232960K, 0% used [0x00000000f1c80000,0x00000000f1c80000,0x0000000100000000)
 ParOldGen       total 740352K, used 505711K [0x0000000080000000, 0x00000000ad300000, 0x00000000d5580000)
  object space 740352K, 68% used [0x0000000080000000,0x000000009eddbfa8,0x00000000ad300000)
 Metaspace       used 6708K, capacity 7384K, committed 7680K, reserved 1056768K
  class space    used 622K, capacity 656K, committed 768K, reserved 1048576K
}
Event: 26,105 GC heap before
{Heap before GC invocations=26 (full 5):
 PSYoungGen      total 464384K, used 464378K [0x00000000d5580000, 0x0000000100000000, 0x0000000100000000)
  eden space 249344K, 100% used [0x00000000d5580000,0x00000000e4900000,0x00000000e4900000)
  from space 215040K, 99% used [0x00000000e4900000,0x00000000f1afebe8,0x00000000f1b00000)
  to   space 232960K, 0% used [0x00000000f1c80000,0x00000000f1c80000,0x0000000100000000)
 ParOldGen       total 740352K, used 505711K [0x0000000080000000, 0x00000000ad300000, 0x00000000d5580000)
  object space 740352K, 68% used [0x0000000080000000,0x000000009eddbfa8,0x00000000ad300000)
 Metaspace       used 6712K, capacity 7384K, committed 7680K, reserved 1056768K
  class space    used 622K, capacity 656K, committed 768K, reserved 1048576K
Event: 26,458 GC heap after
Heap after GC invocations=26 (full 5):
 PSYoungGen      total 465920K, used 176129K [0x00000000d5580000, 0x0000000100000000, 0x0000000100000000)
  eden space 232960K, 0% used [0x00000000d5580000,0x00000000d5580000,0x00000000e3900000)
  from space 232960K, 75% used [0x00000000f1c80000,0x00000000fc880490,0x0000000100000000)
  to   space 232960K, 0% used [0x00000000e3900000,0x00000000e3900000,0x00000000f1c80000)
 ParOldGen       total 740352K, used 581541K [0x0000000080000000, 0x00000000ad300000, 0x00000000d5580000)
  object space 740352K, 78% used [0x0000000080000000,0x00000000a37e9740,0x00000000ad300000)
 Metaspace       used 6712K, capacity 7384K, committed 7680K, reserved 1056768K
  class space    used 622K, capacity 656K, committed 768K, reserved 1048576K
}
Event: 27,050 GC heap before
{Heap before GC invocations=27 (full 5):
 PSYoungGen      total 465920K, used 409089K [0x00000000d5580000, 0x0000000100000000, 0x0000000100000000)
  eden space 232960K, 100% used [0x00000000d5580000,0x00000000e3900000,0x00000000e3900000)
  from space 232960K, 75% used [0x00000000f1c80000,0x00000000fc880490,0x0000000100000000)
  to   space 232960K, 0% used [0x00000000e3900000,0x00000000e3900000,0x00000000f1c80000)
 ParOldGen       total 740352K, used 581541K [0x0000000080000000, 0x00000000ad300000, 0x00000000d5580000)
  object space 740352K, 78% used [0x0000000080000000,0x00000000a37e9740,0x00000000ad300000)
 Metaspace       used 6731K, capacity 7384K, committed 7680K, reserved 1056768K
  class space    used 622K, capacity 656K, committed 768K, reserved 1048576K
Event: 27,377 GC heap after
Heap after GC invocations=27 (full 5):
 PSYoungGen      total 465920K, used 110665K [0x00000000d5580000, 0x0000000100000000, 0x0000000100000000)
  eden space 232960K, 0% used [0x00000000d5580000,0x00000000d5580000,0x00000000e3900000)
  from space 232960K, 47% used [0x00000000e3900000,0x00000000ea512790,0x00000000f1c80000)
  to   space 232960K, 0% used [0x00000000f1c80000,0x00000000f1c80000,0x0000000100000000)
 ParOldGen       total 740352K, used 684764K [0x0000000080000000, 0x00000000ad300000, 0x00000000d5580000)
  object space 740352K, 92% used [0x0000000080000000,0x00000000a9cb7118,0x00000000ad300000)
 Metaspace       used 6731K, capacity 7384K, committed 7680K, reserved 1056768K
  class space    used 622K, capacity 656K, committed 768K, reserved 1048576K
}
Event: 27,377 GC heap before
{Heap before GC invocations=28 (full 6):
 PSYoungGen      total 465920K, used 110665K [0x00000000d5580000, 0x0000000100000000, 0x0000000100000000)
  eden space 232960K, 0% used [0x00000000d5580000,0x00000000d5580000,0x00000000e3900000)
  from space 232960K, 47% used [0x00000000e3900000,0x00000000ea512790,0x00000000f1c80000)
  to   space 232960K, 0% used [0x00000000f1c80000,0x00000000f1c80000,0x0000000100000000)
 ParOldGen       total 740352K, used 684764K [0x0000000080000000, 0x00000000ad300000, 0x00000000d5580000)
  object space 740352K, 92% used [0x0000000080000000,0x00000000a9cb7118,0x00000000ad300000)
 Metaspace       used 6731K, capacity 7384K, committed 7680K, reserved 1056768K
  class space    used 622K, capacity 656K, committed 768K, reserved 1048576K

