# JRE version: Java(TM) SE Runtime Environment (8.0_60-b27) (build 1.8.0_60-b27)
# Java VM: Java HotSpot(TM) 64-Bit Server VM (25.60-b23 mixed mode linux-amd64 compressed oops)
Heap:
 PSYoungGen      total 231936K, used 0K [0x00000000eab00000, 0x00000000fff00000, 0x0000000100000000)
  eden space 116736K, 0% used [0x00000000eab00000,0x00000000eab00000,0x00000000f1d00000)
  from space 115200K, 0% used [0x00000000f8e80000,0x00000000f8e80000,0x00000000fff00000)
  to   space 115712K, 0% used [0x00000000f1d00000,0x00000000f1d00000,0x00000000f8e00000)
 ParOldGen       total 512512K, used 483674K [0x00000000c0000000, 0x00000000df480000, 0x00000000eab00000)
  object space 512512K, 94% used [0x00000000c0000000,0x00000000dd856878,0x00000000df480000)
 Metaspace       used 6444K, capacity 7282K, committed 7552K, reserved 1056768K
  class space    used 606K, capacity 618K, committed 640K, reserved 1048576K
GC Heap History (10 events):
Event: 19,027 GC heap after
Heap after GC invocations=24 (full 4):
 PSYoungGen      total 232960K, used 31187K [0x00000000eab00000, 0x0000000100000000, 0x0000000100000000)
  eden space 116736K, 0% used [0x00000000eab00000,0x00000000eab00000,0x00000000f1d00000)
  from space 116224K, 26% used [0x00000000f8e80000,0x00000000facf4d10,0x0000000100000000)
  to   space 116224K, 0% used [0x00000000f1d00000,0x00000000f1d00000,0x00000000f8e80000)
 ParOldGen       total 512512K, used 377799K [0x00000000c0000000, 0x00000000df480000, 0x00000000eab00000)
  object space 512512K, 73% used [0x00000000c0000000,0x00000000d70f1e00,0x00000000df480000)
 Metaspace       used 6443K, capacity 7282K, committed 7552K, reserved 1056768K
  class space    used 606K, capacity 618K, committed 640K, reserved 1048576K
}
Event: 19,683 GC heap before
{Heap before GC invocations=25 (full 4):
 PSYoungGen      total 232960K, used 147923K [0x00000000eab00000, 0x0000000100000000, 0x0000000100000000)
  eden space 116736K, 100% used [0x00000000eab00000,0x00000000f1d00000,0x00000000f1d00000)
  from space 116224K, 26% used [0x00000000f8e80000,0x00000000facf4d10,0x0000000100000000)
  to   space 116224K, 0% used [0x00000000f1d00000,0x00000000f1d00000,0x00000000f8e80000)
 ParOldGen       total 512512K, used 377799K [0x00000000c0000000, 0x00000000df480000, 0x00000000eab00000)
  object space 512512K, 73% used [0x00000000c0000000,0x00000000d70f1e00,0x00000000df480000)
 Metaspace       used 6444K, capacity 7282K, committed 7552K, reserved 1056768K
  class space    used 606K, capacity 618K, committed 640K, reserved 1048576K
Event: 19,893 GC heap after
Heap after GC invocations=25 (full 4):
 PSYoungGen      total 232960K, used 19392K [0x00000000eab00000, 0x0000000100000000, 0x0000000100000000)
  eden space 116736K, 0% used [0x00000000eab00000,0x00000000eab00000,0x00000000f1d00000)
  from space 116224K, 16% used [0x00000000f1d00000,0x00000000f2ff0000,0x00000000f8e80000)
  to   space 116224K, 0% used [0x00000000f8e80000,0x00000000f8e80000,0x0000000100000000)
 ParOldGen       total 512512K, used 408262K [0x00000000c0000000, 0x00000000df480000, 0x00000000eab00000)
  object space 512512K, 79% used [0x00000000c0000000,0x00000000d8eb1b48,0x00000000df480000)
 Metaspace       used 6444K, capacity 7282K, committed 7552K, reserved 1056768K
  class space    used 606K, capacity 618K, committed 640K, reserved 1048576K
}
Event: 20,498 GC heap before
{Heap before GC invocations=26 (full 4):
 PSYoungGen      total 232960K, used 136128K [0x00000000eab00000, 0x0000000100000000, 0x0000000100000000)
  eden space 116736K, 100% used [0x00000000eab00000,0x00000000f1d00000,0x00000000f1d00000)
  from space 116224K, 16% used [0x00000000f1d00000,0x00000000f2ff0000,0x00000000f8e80000)
  to   space 116224K, 0% used [0x00000000f8e80000,0x00000000f8e80000,0x0000000100000000)
 ParOldGen       total 512512K, used 408262K [0x00000000c0000000, 0x00000000df480000, 0x00000000eab00000)
  object space 512512K, 79% used [0x00000000c0000000,0x00000000d8eb1b48,0x00000000df480000)
 Metaspace       used 6444K, capacity 7282K, committed 7552K, reserved 1056768K
  class space    used 606K, capacity 618K, committed 640K, reserved 1048576K
Event: 20,632 GC heap after
Heap after GC invocations=26 (full 4):
 PSYoungGen      total 232960K, used 20088K [0x00000000eab00000, 0x0000000100000000, 0x0000000100000000)
  eden space 116736K, 0% used [0x00000000eab00000,0x00000000eab00000,0x00000000f1d00000)
  from space 116224K, 17% used [0x00000000f8e80000,0x00000000fa21e1a8,0x0000000100000000)
  to   space 116224K, 0% used [0x00000000f1d00000,0x00000000f1d00000,0x00000000f8e80000)
 ParOldGen       total 512512K, used 426776K [0x00000000c0000000, 0x00000000df480000, 0x00000000eab00000)
  object space 512512K, 83% used [0x00000000c0000000,0x00000000da0c62c8,0x00000000df480000)
 Metaspace       used 6444K, capacity 7282K, committed 7552K, reserved 1056768K
  class space    used 606K, capacity 618K, committed 640K, reserved 1048576K
}
Event: 21,334 GC heap before
{Heap before GC invocations=27 (full 4):
 PSYoungGen      total 232960K, used 136824K [0x00000000eab00000, 0x0000000100000000, 0x0000000100000000)
  eden space 116736K, 100% used [0x00000000eab00000,0x00000000f1d00000,0x00000000f1d00000)
  from space 116224K, 17% used [0x00000000f8e80000,0x00000000fa21e1a8,0x0000000100000000)
  to   space 116224K, 0% used [0x00000000f1d00000,0x00000000f1d00000,0x00000000f8e80000)
 ParOldGen       total 512512K, used 426776K [0x00000000c0000000, 0x00000000df480000, 0x00000000eab00000)
  object space 512512K, 83% used [0x00000000c0000000,0x00000000da0c62c8,0x00000000df480000)
 Metaspace       used 6444K, capacity 7282K, committed 7552K, reserved 1056768K
  class space    used 606K, capacity 618K, committed 640K, reserved 1048576K
Event: 21,506 GC heap after
Heap after GC invocations=27 (full 4):
 PSYoungGen      total 232960K, used 20450K [0x00000000eab00000, 0x0000000100000000, 0x0000000100000000)
  eden space 116736K, 0% used [0x00000000eab00000,0x00000000eab00000,0x00000000f1d00000)
  from space 116224K, 17% used [0x00000000f1d00000,0x00000000f30f8a30,0x00000000f8e80000)
  to   space 116224K, 0% used [0x00000000f8e80000,0x00000000f8e80000,0x0000000100000000)
 ParOldGen       total 512512K, used 445750K [0x00000000c0000000, 0x00000000df480000, 0x00000000eab00000)
  object space 512512K, 86% used [0x00000000c0000000,0x00000000db34da50,0x00000000df480000)
 Metaspace       used 6444K, capacity 7282K, committed 7552K, reserved 1056768K
  class space    used 606K, capacity 618K, committed 640K, reserved 1048576K
}
Event: 22,202 GC heap before
{Heap before GC invocations=28 (full 4):
 PSYoungGen      total 232960K, used 137186K [0x00000000eab00000, 0x0000000100000000, 0x0000000100000000)
  eden space 116736K, 100% used [0x00000000eab00000,0x00000000f1d00000,0x00000000f1d00000)
  from space 116224K, 17% used [0x00000000f1d00000,0x00000000f30f8a30,0x00000000f8e80000)
  to   space 116224K, 0% used [0x00000000f8e80000,0x00000000f8e80000,0x0000000100000000)
 ParOldGen       total 512512K, used 445750K [0x00000000c0000000, 0x00000000df480000, 0x00000000eab00000)
  object space 512512K, 86% used [0x00000000c0000000,0x00000000db34da50,0x00000000df480000)
 Metaspace       used 6444K, capacity 7282K, committed 7552K, reserved 1056768K
  class space    used 606K, capacity 618K, committed 640K, reserved 1048576K
Event: 22,409 GC heap after
Heap after GC invocations=28 (full 4):
 PSYoungGen      total 231936K, used 20086K [0x00000000eab00000, 0x00000000fff00000, 0x0000000100000000)
  eden space 116736K, 0% used [0x00000000eab00000,0x00000000eab00000,0x00000000f1d00000)
  from space 115200K, 17% used [0x00000000f8e80000,0x00000000fa21d868,0x00000000fff00000)
  to   space 115712K, 0% used [0x00000000f1d00000,0x00000000f1d00000,0x00000000f8e00000)
 ParOldGen       total 512512K, used 465170K [0x00000000c0000000, 0x00000000df480000, 0x00000000eab00000)
  object space 512512K, 90% used [0x00000000c0000000,0x00000000dc644938,0x00000000df480000)
 Metaspace       used 6444K, capacity 7282K, committed 7552K, reserved 1056768K
  class space    used 606K, capacity 618K, committed 640K, reserved 1048576K
}
Event: 22,423 GC heap before
{Heap before GC invocations=29 (full 5):
 PSYoungGen      total 231936K, used 20086K [0x00000000eab00000, 0x00000000fff00000, 0x0000000100000000)
  eden space 116736K, 0% used [0x00000000eab00000,0x00000000eab00000,0x00000000f1d00000)
  from space 115200K, 17% used [0x00000000f8e80000,0x00000000fa21d868,0x00000000fff00000)
  to   space 115712K, 0% used [0x00000000f1d00000,0x00000000f1d00000,0x00000000f8e00000)
 ParOldGen       total 512512K, used 465170K [0x00000000c0000000, 0x00000000df480000, 0x00000000eab00000)
  object space 512512K, 90% used [0x00000000c0000000,0x00000000dc644938,0x00000000df480000)
 Metaspace       used 6444K, capacity 7282K, committed 7552K, reserved 1056768K
  class space    used 606K, capacity 618K, committed 640K, reserved 1048576K

