# JRE version: Java(TM) SE Runtime Environment (8.0_66-b17) (build 1.8.0_66-b17)
# Java VM: Java HotSpot(TM) 64-Bit Server VM (25.66-b17 mixed mode linux-amd64 compressed oops)
Heap:
 PSYoungGen      total 465920K, used 0K [0x00000000d5580000, 0x0000000100000000, 0x0000000100000000)
  eden space 232960K, 0% used [0x00000000d5580000,0x00000000d5580000,0x00000000e3900000)
  from space 232960K, 0% used [0x00000000e3900000,0x00000000e3900000,0x00000000f1c80000)
  to   space 232960K, 0% used [0x00000000f1c80000,0x00000000f1c80000,0x0000000100000000)
 ParOldGen       total 964096K, used 955033K [0x0000000080000000, 0x00000000bad80000, 0x00000000d5580000)
  object space 964096K, 99% used [0x0000000080000000,0x00000000ba4a6508,0x00000000bad80000)
 Metaspace       used 6859K, capacity 7544K, committed 7680K, reserved 1056768K
  class space    used 633K, capacity 688K, committed 768K, reserved 1048576K
GC Heap History (10 events):
Event: 59,294 GC heap after
Heap after GC invocations=33 (full 6):
 PSYoungGen      total 309248K, used 76271K [0x00000000d5580000, 0x00000000fe480000, 0x0000000100000000)
  eden space 232960K, 0% used [0x00000000d5580000,0x00000000d5580000,0x00000000e3900000)
  from space 76288K, 99% used [0x00000000e3900000,0x00000000e837bde8,0x00000000e8380000)
  to   space 216576K, 0% used [0x00000000f1100000,0x00000000f1100000,0x00000000fe480000)
 ParOldGen       total 964096K, used 800643K [0x0000000080000000, 0x00000000bad80000, 0x00000000d5580000)
  object space 964096K, 83% used [0x0000000080000000,0x00000000b0de0e78,0x00000000bad80000)
 Metaspace       used 6695K, capacity 7384K, committed 7680K, reserved 1056768K
  class space    used 622K, capacity 656K, committed 768K, reserved 1048576K
}
Event: 60,106 GC heap before
{Heap before GC invocations=34 (full 6):
 PSYoungGen      total 309248K, used 309231K [0x00000000d5580000, 0x00000000fe480000, 0x0000000100000000)
  eden space 232960K, 100% used [0x00000000d5580000,0x00000000e3900000,0x00000000e3900000)
  from space 76288K, 99% used [0x00000000e3900000,0x00000000e837bde8,0x00000000e8380000)
  to   space 216576K, 0% used [0x00000000f1100000,0x00000000f1100000,0x00000000fe480000)
 ParOldGen       total 964096K, used 800643K [0x0000000080000000, 0x00000000bad80000, 0x00000000d5580000)
  object space 964096K, 83% used [0x0000000080000000,0x00000000b0de0e78,0x00000000bad80000)
 Metaspace       used 6695K, capacity 7384K, committed 7680K, reserved 1056768K
  class space    used 622K, capacity 656K, committed 768K, reserved 1048576K
Event: 60,382 GC heap after
Heap after GC invocations=34 (full 6):
 PSYoungGen      total 455168K, used 112420K [0x00000000d5580000, 0x00000000ffb00000, 0x0000000100000000)
  eden space 238592K, 0% used [0x00000000d5580000,0x00000000d5580000,0x00000000e3e80000)
  from space 216576K, 51% used [0x00000000f1100000,0x00000000f7ec91c0,0x00000000fe480000)
  to   space 215552K, 0% used [0x00000000e3e80000,0x00000000e3e80000,0x00000000f1100000)
 ParOldGen       total 964096K, used 800643K [0x0000000080000000, 0x00000000bad80000, 0x00000000d5580000)
  object space 964096K, 83% used [0x0000000080000000,0x00000000b0de0e78,0x00000000bad80000)
 Metaspace       used 6695K, capacity 7384K, committed 7680K, reserved 1056768K
  class space    used 622K, capacity 656K, committed 768K, reserved 1048576K
}
Event: 61,349 GC heap before
{Heap before GC invocations=35 (full 6):
 PSYoungGen      total 455168K, used 351012K [0x00000000d5580000, 0x00000000ffb00000, 0x0000000100000000)
  eden space 238592K, 100% used [0x00000000d5580000,0x00000000e3e80000,0x00000000e3e80000)
  from space 216576K, 51% used [0x00000000f1100000,0x00000000f7ec91c0,0x00000000fe480000)
  to   space 215552K, 0% used [0x00000000e3e80000,0x00000000e3e80000,0x00000000f1100000)
 ParOldGen       total 964096K, used 800643K [0x0000000080000000, 0x00000000bad80000, 0x00000000d5580000)
  object space 964096K, 83% used [0x0000000080000000,0x00000000b0de0e78,0x00000000bad80000)
 Metaspace       used 6701K, capacity 7384K, committed 7680K, reserved 1056768K
  class space    used 622K, capacity 656K, committed 768K, reserved 1048576K
Event: 61,655 GC heap after
Heap after GC invocations=35 (full 6):
 PSYoungGen      total 454144K, used 145238K [0x00000000d5580000, 0x0000000100000000, 0x0000000100000000)
  eden space 238592K, 0% used [0x00000000d5580000,0x00000000d5580000,0x00000000e3e80000)
  from space 215552K, 67% used [0x00000000e3e80000,0x00000000ecc55988,0x00000000f1100000)
  to   space 225792K, 0% used [0x00000000f2380000,0x00000000f2380000,0x0000000100000000)
 ParOldGen       total 964096K, used 800643K [0x0000000080000000, 0x00000000bad80000, 0x00000000d5580000)
  object space 964096K, 83% used [0x0000000080000000,0x00000000b0de0e78,0x00000000bad80000)
 Metaspace       used 6701K, capacity 7384K, committed 7680K, reserved 1056768K
  class space    used 622K, capacity 656K, committed 768K, reserved 1048576K
}
Event: 62,609 GC heap before
{Heap before GC invocations=36 (full 6):
 PSYoungGen      total 454144K, used 383830K [0x00000000d5580000, 0x0000000100000000, 0x0000000100000000)
  eden space 238592K, 100% used [0x00000000d5580000,0x00000000e3e80000,0x00000000e3e80000)
  from space 215552K, 67% used [0x00000000e3e80000,0x00000000ecc55988,0x00000000f1100000)
  to   space 225792K, 0% used [0x00000000f2380000,0x00000000f2380000,0x0000000100000000)
 ParOldGen       total 964096K, used 800643K [0x0000000080000000, 0x00000000bad80000, 0x00000000d5580000)
  object space 964096K, 83% used [0x0000000080000000,0x00000000b0de0e78,0x00000000bad80000)
 Metaspace       used 6717K, capacity 7384K, committed 7680K, reserved 1056768K
  class space    used 623K, capacity 656K, committed 768K, reserved 1048576K
Event: 62,973 GC heap after
Heap after GC invocations=36 (full 6):
 PSYoungGen      total 458752K, used 176057K [0x00000000d5580000, 0x0000000100000000, 0x0000000100000000)
  eden space 232960K, 0% used [0x00000000d5580000,0x00000000d5580000,0x00000000e3900000)
  from space 225792K, 77% used [0x00000000f2380000,0x00000000fcf6e700,0x0000000100000000)
  to   space 232960K, 0% used [0x00000000e3900000,0x00000000e3900000,0x00000000f1c80000)
 ParOldGen       total 964096K, used 800643K [0x0000000080000000, 0x00000000bad80000, 0x00000000d5580000)
  object space 964096K, 83% used [0x0000000080000000,0x00000000b0de0e78,0x00000000bad80000)
 Metaspace       used 6717K, capacity 7384K, committed 7680K, reserved 1056768K
  class space    used 623K, capacity 656K, committed 768K, reserved 1048576K
}
Event: 63,960 GC heap before
{Heap before GC invocations=37 (full 6):
 PSYoungGen      total 458752K, used 409017K [0x00000000d5580000, 0x0000000100000000, 0x0000000100000000)
  eden space 232960K, 100% used [0x00000000d5580000,0x00000000e3900000,0x00000000e3900000)
  from space 225792K, 77% used [0x00000000f2380000,0x00000000fcf6e700,0x0000000100000000)
  to   space 232960K, 0% used [0x00000000e3900000,0x00000000e3900000,0x00000000f1c80000)
 ParOldGen       total 964096K, used 800643K [0x0000000080000000, 0x00000000bad80000, 0x00000000d5580000)
  object space 964096K, 83% used [0x0000000080000000,0x00000000b0de0e78,0x00000000bad80000)
 Metaspace       used 6859K, capacity 7544K, committed 7680K, reserved 1056768K
  class space    used 633K, capacity 688K, committed 768K, reserved 1048576K
Event: 64,413 GC heap after
Heap after GC invocations=37 (full 6):
 PSYoungGen      total 465920K, used 139429K [0x00000000d5580000, 0x0000000100000000, 0x0000000100000000)
  eden space 232960K, 0% used [0x00000000d5580000,0x00000000d5580000,0x00000000e3900000)
  from space 232960K, 59% used [0x00000000e3900000,0x00000000ec129440,0x00000000f1c80000)
  to   space 232960K, 0% used [0x00000000f1c80000,0x00000000f1c80000,0x0000000100000000)
 ParOldGen       total 964096K, used 875891K [0x0000000080000000, 0x00000000bad80000, 0x00000000d5580000)
  object space 964096K, 90% used [0x0000000080000000,0x00000000b575ce48,0x00000000bad80000)
 Metaspace       used 6859K, capacity 7544K, committed 7680K, reserved 1056768K
  class space    used 633K, capacity 688K, committed 768K, reserved 1048576K
}
Event: 64,414 GC heap before
{Heap before GC invocations=38 (full 7):
 PSYoungGen      total 465920K, used 139429K [0x00000000d5580000, 0x0000000100000000, 0x0000000100000000)
  eden space 232960K, 0% used [0x00000000d5580000,0x00000000d5580000,0x00000000e3900000)
  from space 232960K, 59% used [0x00000000e3900000,0x00000000ec129440,0x00000000f1c80000)
  to   space 232960K, 0% used [0x00000000f1c80000,0x00000000f1c80000,0x0000000100000000)
 ParOldGen       total 964096K, used 875891K [0x0000000080000000, 0x00000000bad80000, 0x00000000d5580000)
  object space 964096K, 90% used [0x0000000080000000,0x00000000b575ce48,0x00000000bad80000)
 Metaspace       used 6859K, capacity 7544K, committed 7680K, reserved 1056768K
  class space    used 633K, capacity 688K, committed 768K, reserved 1048576K

