# JRE version: Java(TM) SE Runtime Environment (8.0_66-b17) (build 1.8.0_66-b17)
# Java VM: Java HotSpot(TM) 64-Bit Server VM (25.66-b17 mixed mode linux-amd64 compressed oops)
Heap:
 PSYoungGen      total 465920K, used 76403K [0x00000000d5580000, 0x0000000100000000, 0x0000000100000000)
  eden space 232960K, 0% used [0x00000000d5580000,0x00000000d5580000,0x00000000e3900000)
  from space 232960K, 32% used [0x00000000e3900000,0x00000000e839ce60,0x00000000f1c80000)
  to   space 232960K, 0% used [0x00000000f1c80000,0x00000000f1c80000,0x0000000100000000)
 ParOldGen       total 588800K, used 588303K [0x0000000080000000, 0x00000000a3f00000, 0x00000000d5580000)
  object space 588800K, 99% used [0x0000000080000000,0x00000000a3e83cb0,0x00000000a3f00000)
 Metaspace       used 6609K, capacity 7320K, committed 7680K, reserved 1056768K
  class space    used 616K, capacity 656K, committed 768K, reserved 1048576K
GC Heap History (10 events):
Event: 25,668 GC heap after
Heap after GC invocations=19 (full 4):
 PSYoungGen      total 462848K, used 95262K [0x00000000d5580000, 0x0000000100000000, 0x0000000100000000)
  eden space 367104K, 0% used [0x00000000d5580000,0x00000000d5580000,0x00000000ebc00000)
  from space 95744K, 99% used [0x00000000ebc00000,0x00000000f1907998,0x00000000f1980000)
  to   space 168448K, 0% used [0x00000000f5b80000,0x00000000f5b80000,0x0000000100000000)
 ParOldGen       total 588800K, used 377853K [0x0000000080000000, 0x00000000a3f00000, 0x00000000d5580000)
  object space 588800K, 64% used [0x0000000080000000,0x00000000970ff7a0,0x00000000a3f00000)
 Metaspace       used 6606K, capacity 7320K, committed 7680K, reserved 1056768K
  class space    used 616K, capacity 656K, committed 768K, reserved 1048576K
}
Event: 27,505 GC heap before
{Heap before GC invocations=20 (full 4):
 PSYoungGen      total 462848K, used 462366K [0x00000000d5580000, 0x0000000100000000, 0x0000000100000000)
  eden space 367104K, 100% used [0x00000000d5580000,0x00000000ebc00000,0x00000000ebc00000)
  from space 95744K, 99% used [0x00000000ebc00000,0x00000000f1907998,0x00000000f1980000)
  to   space 168448K, 0% used [0x00000000f5b80000,0x00000000f5b80000,0x0000000100000000)
 ParOldGen       total 588800K, used 377853K [0x0000000080000000, 0x00000000a3f00000, 0x00000000d5580000)
  object space 588800K, 64% used [0x0000000080000000,0x00000000970ff7a0,0x00000000a3f00000)
 Metaspace       used 6608K, capacity 7320K, committed 7680K, reserved 1056768K
  class space    used 616K, capacity 656K, committed 768K, reserved 1048576K
Event: 27,732 GC heap after
Heap after GC invocations=20 (full 4):
 PSYoungGen      total 487424K, used 150201K [0x00000000d5580000, 0x0000000100000000, 0x0000000100000000)
  eden space 318976K, 0% used [0x00000000d5580000,0x00000000d5580000,0x00000000e8d00000)
  from space 168448K, 89% used [0x00000000f5b80000,0x00000000fee2e7d8,0x0000000100000000)
  to   space 189952K, 0% used [0x00000000e8d00000,0x00000000e8d00000,0x00000000f4680000)
 ParOldGen       total 588800K, used 377853K [0x0000000080000000, 0x00000000a3f00000, 0x00000000d5580000)
  object space 588800K, 64% used [0x0000000080000000,0x00000000970ff7a0,0x00000000a3f00000)
 Metaspace       used 6608K, capacity 7320K, committed 7680K, reserved 1056768K
  class space    used 616K, capacity 656K, committed 768K, reserved 1048576K
}
Event: 29,397 GC heap before
{Heap before GC invocations=21 (full 4):
 PSYoungGen      total 487424K, used 469177K [0x00000000d5580000, 0x0000000100000000, 0x0000000100000000)
  eden space 318976K, 100% used [0x00000000d5580000,0x00000000e8d00000,0x00000000e8d00000)
  from space 168448K, 89% used [0x00000000f5b80000,0x00000000fee2e7d8,0x0000000100000000)
  to   space 189952K, 0% used [0x00000000e8d00000,0x00000000e8d00000,0x00000000f4680000)
 ParOldGen       total 588800K, used 377853K [0x0000000080000000, 0x00000000a3f00000, 0x00000000d5580000)
  object space 588800K, 64% used [0x0000000080000000,0x00000000970ff7a0,0x00000000a3f00000)
 Metaspace       used 6608K, capacity 7320K, committed 7680K, reserved 1056768K
  class space    used 616K, capacity 656K, committed 768K, reserved 1048576K
Event: 29,853 GC heap after
Heap after GC invocations=21 (full 4):
 PSYoungGen      total 508928K, used 189935K [0x00000000d5580000, 0x0000000100000000, 0x0000000100000000)
  eden space 318976K, 0% used [0x00000000d5580000,0x00000000d5580000,0x00000000e8d00000)
  from space 189952K, 99% used [0x00000000e8d00000,0x00000000f467bf90,0x00000000f4680000)
  to   space 189952K, 0% used [0x00000000f4680000,0x00000000f4680000,0x0000000100000000)
 ParOldGen       total 588800K, used 388723K [0x0000000080000000, 0x00000000a3f00000, 0x00000000d5580000)
  object space 588800K, 66% used [0x0000000080000000,0x0000000097b9cd00,0x00000000a3f00000)
 Metaspace       used 6608K, capacity 7320K, committed 7680K, reserved 1056768K
  class space    used 616K, capacity 656K, committed 768K, reserved 1048576K
}
Event: 31,880 GC heap before
{Heap before GC invocations=22 (full 4):
 PSYoungGen      total 508928K, used 508911K [0x00000000d5580000, 0x0000000100000000, 0x0000000100000000)
  eden space 318976K, 100% used [0x00000000d5580000,0x00000000e8d00000,0x00000000e8d00000)
  from space 189952K, 99% used [0x00000000e8d00000,0x00000000f467bf90,0x00000000f4680000)
  to   space 189952K, 0% used [0x00000000f4680000,0x00000000f4680000,0x0000000100000000)
 ParOldGen       total 588800K, used 388723K [0x0000000080000000, 0x00000000a3f00000, 0x00000000d5580000)
  object space 588800K, 66% used [0x0000000080000000,0x0000000097b9cd00,0x00000000a3f00000)
 Metaspace       used 6609K, capacity 7320K, committed 7680K, reserved 1056768K
  class space    used 616K, capacity 656K, committed 768K, reserved 1048576K
Event: 32,391 GC heap after
Heap after GC invocations=22 (full 4):
 PSYoungGen      total 422912K, used 189931K [0x00000000d5580000, 0x0000000100000000, 0x0000000100000000)
  eden space 232960K, 0% used [0x00000000d5580000,0x00000000d5580000,0x00000000e3900000)
  from space 189952K, 99% used [0x00000000f4680000,0x00000000ffffaff8,0x0000000100000000)
  to   space 232960K, 0% used [0x00000000e3900000,0x00000000e3900000,0x00000000f1c80000)
 ParOldGen       total 588800K, used 441197K [0x0000000080000000, 0x00000000a3f00000, 0x00000000d5580000)
  object space 588800K, 74% used [0x0000000080000000,0x000000009aedb468,0x00000000a3f00000)
 Metaspace       used 6609K, capacity 7320K, committed 7680K, reserved 1056768K
  class space    used 616K, capacity 656K, committed 768K, reserved 1048576K
}
Event: 33,309 GC heap before
{Heap before GC invocations=23 (full 4):
 PSYoungGen      total 422912K, used 422891K [0x00000000d5580000, 0x0000000100000000, 0x0000000100000000)
  eden space 232960K, 100% used [0x00000000d5580000,0x00000000e3900000,0x00000000e3900000)
  from space 189952K, 99% used [0x00000000f4680000,0x00000000ffffaff8,0x0000000100000000)
  to   space 232960K, 0% used [0x00000000e3900000,0x00000000e3900000,0x00000000f1c80000)
 ParOldGen       total 588800K, used 441197K [0x0000000080000000, 0x00000000a3f00000, 0x00000000d5580000)
  object space 588800K, 74% used [0x0000000080000000,0x000000009aedb468,0x00000000a3f00000)
 Metaspace       used 6609K, capacity 7320K, committed 7680K, reserved 1056768K
  class space    used 616K, capacity 656K, committed 768K, reserved 1048576K
Event: 33,728 GC heap after
Heap after GC invocations=23 (full 4):
 PSYoungGen      total 465920K, used 130530K [0x00000000d5580000, 0x0000000100000000, 0x0000000100000000)
  eden space 232960K, 0% used [0x00000000d5580000,0x00000000d5580000,0x00000000e3900000)
  from space 232960K, 56% used [0x00000000e3900000,0x00000000eb878a20,0x00000000f1c80000)
  to   space 232960K, 0% used [0x00000000f1c80000,0x00000000f1c80000,0x0000000100000000)
 ParOldGen       total 588800K, used 540028K [0x0000000080000000, 0x00000000a3f00000, 0x00000000d5580000)
  object space 588800K, 91% used [0x0000000080000000,0x00000000a0f5f180,0x00000000a3f00000)
 Metaspace       used 6609K, capacity 7320K, committed 7680K, reserved 1056768K
  class space    used 616K, capacity 656K, committed 768K, reserved 1048576K
}
Event: 33,729 GC heap before
{Heap before GC invocations=24 (full 5):
 PSYoungGen      total 465920K, used 130530K [0x00000000d5580000, 0x0000000100000000, 0x0000000100000000)
  eden space 232960K, 0% used [0x00000000d5580000,0x00000000d5580000,0x00000000e3900000)
  from space 232960K, 56% used [0x00000000e3900000,0x00000000eb878a20,0x00000000f1c80000)
  to   space 232960K, 0% used [0x00000000f1c80000,0x00000000f1c80000,0x0000000100000000)
 ParOldGen       total 588800K, used 540028K [0x0000000080000000, 0x00000000a3f00000, 0x00000000d5580000)
  object space 588800K, 91% used [0x0000000080000000,0x00000000a0f5f180,0x00000000a3f00000)
 Metaspace       used 6609K, capacity 7320K, committed 7680K, reserved 1056768K
  class space    used 616K, capacity 656K, committed 768K, reserved 1048576K

