# JRE version: Java(TM) SE Runtime Environment (8.0_66-b17) (build 1.8.0_66-b17)
# Java VM: Java HotSpot(TM) 64-Bit Server VM (25.66-b17 mixed mode linux-amd64 compressed oops)
Heap:
 PSYoungGen      total 268800K, used 0K [0x00000000d5580000, 0x00000000ff900000, 0x0000000100000000)
  eden space 232960K, 0% used [0x00000000d5580000,0x00000000d5580000,0x00000000e3900000)
  from space 35840K, 0% used [0x00000000e3900000,0x00000000e3900000,0x00000000e5c00000)
  to   space 229376K, 0% used [0x00000000f1900000,0x00000000f1900000,0x00000000ff900000)
 ParOldGen       total 794624K, used 746226K [0x0000000080000000, 0x00000000b0800000, 0x00000000d5580000)
  object space 794624K, 93% used [0x0000000080000000,0x00000000ad8bca48,0x00000000b0800000)
 Metaspace       used 6701K, capacity 7384K, committed 7680K, reserved 1056768K
  class space    used 623K, capacity 656K, committed 768K, reserved 1048576K
GC Heap History (10 events):
Event: 27,209 GC heap after
Heap after GC invocations=24 (full 5):
 PSYoungGen      total 465920K, used 76386K [0x00000000d5580000, 0x0000000100000000, 0x0000000100000000)
  eden space 232960K, 0% used [0x00000000d5580000,0x00000000d5580000,0x00000000e3900000)
  from space 232960K, 32% used [0x00000000e3900000,0x00000000e8398900,0x00000000f1c80000)
  to   space 232960K, 0% used [0x00000000f1c80000,0x00000000f1c80000,0x0000000100000000)
 ParOldGen       total 794624K, used 548325K [0x0000000080000000, 0x00000000b0800000, 0x00000000d5580000)
  object space 794624K, 69% used [0x0000000080000000,0x00000000a1779560,0x00000000b0800000)
 Metaspace       used 6590K, capacity 7320K, committed 7680K, reserved 1056768K
  class space    used 617K, capacity 656K, committed 768K, reserved 1048576K
}
Event: 27,925 GC heap before
{Heap before GC invocations=25 (full 5):
 PSYoungGen      total 465920K, used 309346K [0x00000000d5580000, 0x0000000100000000, 0x0000000100000000)
  eden space 232960K, 100% used [0x00000000d5580000,0x00000000e3900000,0x00000000e3900000)
  from space 232960K, 32% used [0x00000000e3900000,0x00000000e8398900,0x00000000f1c80000)
  to   space 232960K, 0% used [0x00000000f1c80000,0x00000000f1c80000,0x0000000100000000)
 ParOldGen       total 794624K, used 548325K [0x0000000080000000, 0x00000000b0800000, 0x00000000d5580000)
  object space 794624K, 69% used [0x0000000080000000,0x00000000a1779560,0x00000000b0800000)
 Metaspace       used 6590K, capacity 7320K, committed 7680K, reserved 1056768K
  class space    used 617K, capacity 656K, committed 768K, reserved 1048576K
Event: 28,240 GC heap after
Heap after GC invocations=25 (full 5):
 PSYoungGen      total 465920K, used 56920K [0x00000000d5580000, 0x0000000100000000, 0x0000000100000000)
  eden space 232960K, 0% used [0x00000000d5580000,0x00000000d5580000,0x00000000e3900000)
  from space 232960K, 24% used [0x00000000f1c80000,0x00000000f5416200,0x0000000100000000)
  to   space 232960K, 0% used [0x00000000e3900000,0x00000000e3900000,0x00000000f1c80000)
 ParOldGen       total 794624K, used 605341K [0x0000000080000000, 0x00000000b0800000, 0x00000000d5580000)
  object space 794624K, 76% used [0x0000000080000000,0x00000000a4f276e8,0x00000000b0800000)
 Metaspace       used 6590K, capacity 7320K, committed 7680K, reserved 1056768K
  class space    used 617K, capacity 656K, committed 768K, reserved 1048576K
}
Event: 29,129 GC heap before
{Heap before GC invocations=26 (full 5):
 PSYoungGen      total 465920K, used 289880K [0x00000000d5580000, 0x0000000100000000, 0x0000000100000000)
  eden space 232960K, 100% used [0x00000000d5580000,0x00000000e3900000,0x00000000e3900000)
  from space 232960K, 24% used [0x00000000f1c80000,0x00000000f5416200,0x0000000100000000)
  to   space 232960K, 0% used [0x00000000e3900000,0x00000000e3900000,0x00000000f1c80000)
 ParOldGen       total 794624K, used 605341K [0x0000000080000000, 0x00000000b0800000, 0x00000000d5580000)
  object space 794624K, 76% used [0x0000000080000000,0x00000000a4f276e8,0x00000000b0800000)
 Metaspace       used 6662K, capacity 7384K, committed 7680K, reserved 1056768K
  class space    used 621K, capacity 656K, committed 768K, reserved 1048576K
Event: 29,287 GC heap after
Heap after GC invocations=26 (full 5):
 PSYoungGen      total 465920K, used 37586K [0x00000000d5580000, 0x0000000100000000, 0x0000000100000000)
  eden space 232960K, 0% used [0x00000000d5580000,0x00000000d5580000,0x00000000e3900000)
  from space 232960K, 16% used [0x00000000e3900000,0x00000000e5db48a0,0x00000000f1c80000)
  to   space 232960K, 0% used [0x00000000f1c80000,0x00000000f1c80000,0x0000000100000000)
 ParOldGen       total 794624K, used 659782K [0x0000000080000000, 0x00000000b0800000, 0x00000000d5580000)
  object space 794624K, 83% used [0x0000000080000000,0x00000000a8451830,0x00000000b0800000)
 Metaspace       used 6662K, capacity 7384K, committed 7680K, reserved 1056768K
  class space    used 621K, capacity 656K, committed 768K, reserved 1048576K
}
Event: 29,971 GC heap before
{Heap before GC invocations=27 (full 5):
 PSYoungGen      total 465920K, used 270546K [0x00000000d5580000, 0x0000000100000000, 0x0000000100000000)
  eden space 232960K, 100% used [0x00000000d5580000,0x00000000e3900000,0x00000000e3900000)
  from space 232960K, 16% used [0x00000000e3900000,0x00000000e5db48a0,0x00000000f1c80000)
  to   space 232960K, 0% used [0x00000000f1c80000,0x00000000f1c80000,0x0000000100000000)
 ParOldGen       total 794624K, used 659782K [0x0000000080000000, 0x00000000b0800000, 0x00000000d5580000)
  object space 794624K, 83% used [0x0000000080000000,0x00000000a8451830,0x00000000b0800000)
 Metaspace       used 6697K, capacity 7384K, committed 7680K, reserved 1056768K
  class space    used 623K, capacity 656K, committed 768K, reserved 1048576K
Event: 30,110 GC heap after
Heap after GC invocations=27 (full 5):
 PSYoungGen      total 465920K, used 33601K [0x00000000d5580000, 0x0000000100000000, 0x0000000100000000)
  eden space 232960K, 0% used [0x00000000d5580000,0x00000000d5580000,0x00000000e3900000)
  from space 232960K, 14% used [0x00000000f1c80000,0x00000000f3d504a8,0x0000000100000000)
  to   space 232960K, 0% used [0x00000000e3900000,0x00000000e3900000,0x00000000f1c80000)
 ParOldGen       total 794624K, used 694140K [0x0000000080000000, 0x00000000b0800000, 0x00000000d5580000)
  object space 794624K, 87% used [0x0000000080000000,0x00000000aa5df218,0x00000000b0800000)
 Metaspace       used 6697K, capacity 7384K, committed 7680K, reserved 1056768K
  class space    used 623K, capacity 656K, committed 768K, reserved 1048576K
}
Event: 30,939 GC heap before
{Heap before GC invocations=28 (full 5):
 PSYoungGen      total 465920K, used 266561K [0x00000000d5580000, 0x0000000100000000, 0x0000000100000000)
  eden space 232960K, 100% used [0x00000000d5580000,0x00000000e3900000,0x00000000e3900000)
  from space 232960K, 14% used [0x00000000f1c80000,0x00000000f3d504a8,0x0000000100000000)
  to   space 232960K, 0% used [0x00000000e3900000,0x00000000e3900000,0x00000000f1c80000)
 ParOldGen       total 794624K, used 694140K [0x0000000080000000, 0x00000000b0800000, 0x00000000d5580000)
  object space 794624K, 87% used [0x0000000080000000,0x00000000aa5df218,0x00000000b0800000)
 Metaspace       used 6701K, capacity 7384K, committed 7680K, reserved 1056768K
  class space    used 623K, capacity 656K, committed 768K, reserved 1048576K
Event: 31,080 GC heap after
Heap after GC invocations=28 (full 5):
 PSYoungGen      total 268800K, used 35728K [0x00000000d5580000, 0x00000000ff900000, 0x0000000100000000)
  eden space 232960K, 0% used [0x00000000d5580000,0x00000000d5580000,0x00000000e3900000)
  from space 35840K, 99% used [0x00000000e3900000,0x00000000e5be42c0,0x00000000e5c00000)
  to   space 229376K, 0% used [0x00000000f1900000,0x00000000f1900000,0x00000000ff900000)
 ParOldGen       total 794624K, used 726777K [0x0000000080000000, 0x00000000b0800000, 0x00000000d5580000)
  object space 794624K, 91% used [0x0000000080000000,0x00000000ac5be750,0x00000000b0800000)
 Metaspace       used 6701K, capacity 7384K, committed 7680K, reserved 1056768K
  class space    used 623K, capacity 656K, committed 768K, reserved 1048576K
}
Event: 31,080 GC heap before
{Heap before GC invocations=29 (full 6):
 PSYoungGen      total 268800K, used 35728K [0x00000000d5580000, 0x00000000ff900000, 0x0000000100000000)
  eden space 232960K, 0% used [0x00000000d5580000,0x00000000d5580000,0x00000000e3900000)
  from space 35840K, 99% used [0x00000000e3900000,0x00000000e5be42c0,0x00000000e5c00000)
  to   space 229376K, 0% used [0x00000000f1900000,0x00000000f1900000,0x00000000ff900000)
 ParOldGen       total 794624K, used 726777K [0x0000000080000000, 0x00000000b0800000, 0x00000000d5580000)
  object space 794624K, 91% used [0x0000000080000000,0x00000000ac5be750,0x00000000b0800000)
 Metaspace       used 6701K, capacity 7384K, committed 7680K, reserved 1056768K
  class space    used 623K, capacity 656K, committed 768K, reserved 1048576K

