# JRE version: Java(TM) SE Runtime Environment (8.0_66-b17) (build 1.8.0_66-b17)
# Java VM: Java HotSpot(TM) 64-Bit Server VM (25.66-b17 mixed mode linux-amd64 compressed oops)
Heap:
 PSYoungGen      total 346624K, used 0K [0x00000000d5580000, 0x00000000ff800000, 0x0000000100000000)
  eden space 232960K, 0% used [0x00000000d5580000,0x00000000d5580000,0x00000000e3900000)
  from space 113664K, 0% used [0x00000000e3900000,0x00000000e3900000,0x00000000ea800000)
  to   space 228864K, 0% used [0x00000000f1880000,0x00000000f1880000,0x00000000ff800000)
 ParOldGen       total 875520K, used 839397K [0x0000000080000000, 0x00000000b5700000, 0x00000000d5580000)
  object space 875520K, 95% used [0x0000000080000000,0x00000000b33b9448,0x00000000b5700000)
 Metaspace       used 6692K, capacity 7384K, committed 7680K, reserved 1056768K
  class space    used 622K, capacity 656K, committed 768K, reserved 1048576K
GC Heap History (10 events):
Event: 31,525 GC heap after
Heap after GC invocations=28 (full 5):
 PSYoungGen      total 330240K, used 97052K [0x00000000d5580000, 0x00000000ff800000, 0x0000000100000000)
  eden space 232960K, 0% used [0x00000000d5580000,0x00000000d5580000,0x00000000e3900000)
  from space 97280K, 99% used [0x00000000e3900000,0x00000000e97c70d0,0x00000000e9800000)
  to   space 228864K, 0% used [0x00000000f1880000,0x00000000f1880000,0x00000000ff800000)
 ParOldGen       total 875520K, used 691869K [0x0000000080000000, 0x00000000b5700000, 0x00000000d5580000)
  object space 875520K, 79% used [0x0000000080000000,0x00000000aa3a75f8,0x00000000b5700000)
 Metaspace       used 6578K, capacity 7320K, committed 7680K, reserved 1056768K
  class space    used 616K, capacity 656K, committed 768K, reserved 1048576K
}
Event: 32,153 GC heap before
{Heap before GC invocations=29 (full 5):
 PSYoungGen      total 330240K, used 330012K [0x00000000d5580000, 0x00000000ff800000, 0x0000000100000000)
  eden space 232960K, 100% used [0x00000000d5580000,0x00000000e3900000,0x00000000e3900000)
  from space 97280K, 99% used [0x00000000e3900000,0x00000000e97c70d0,0x00000000e9800000)
  to   space 228864K, 0% used [0x00000000f1880000,0x00000000f1880000,0x00000000ff800000)
 ParOldGen       total 875520K, used 691869K [0x0000000080000000, 0x00000000b5700000, 0x00000000d5580000)
  object space 875520K, 79% used [0x0000000080000000,0x00000000aa3a75f8,0x00000000b5700000)
 Metaspace       used 6578K, capacity 7320K, committed 7680K, reserved 1056768K
  class space    used 616K, capacity 656K, committed 768K, reserved 1048576K
Event: 32,284 GC heap after
Heap after GC invocations=29 (full 5):
 PSYoungGen      total 462848K, used 135634K [0x00000000d5580000, 0x0000000100000000, 0x0000000100000000)
  eden space 233984K, 0% used [0x00000000d5580000,0x00000000d5580000,0x00000000e3a00000)
  from space 228864K, 59% used [0x00000000f1880000,0x00000000f9cf4ad8,0x00000000ff800000)
  to   space 227840K, 0% used [0x00000000e3a00000,0x00000000e3a00000,0x00000000f1880000)
 ParOldGen       total 875520K, used 691869K [0x0000000080000000, 0x00000000b5700000, 0x00000000d5580000)
  object space 875520K, 79% used [0x0000000080000000,0x00000000aa3a75f8,0x00000000b5700000)
 Metaspace       used 6578K, capacity 7320K, committed 7680K, reserved 1056768K
  class space    used 616K, capacity 656K, committed 768K, reserved 1048576K
}
Event: 32,977 GC heap before
{Heap before GC invocations=30 (full 5):
 PSYoungGen      total 462848K, used 369618K [0x00000000d5580000, 0x0000000100000000, 0x0000000100000000)
  eden space 233984K, 100% used [0x00000000d5580000,0x00000000e3a00000,0x00000000e3a00000)
  from space 228864K, 59% used [0x00000000f1880000,0x00000000f9cf4ad8,0x00000000ff800000)
  to   space 227840K, 0% used [0x00000000e3a00000,0x00000000e3a00000,0x00000000f1880000)
 ParOldGen       total 875520K, used 691869K [0x0000000080000000, 0x00000000b5700000, 0x00000000d5580000)
  object space 875520K, 79% used [0x0000000080000000,0x00000000aa3a75f8,0x00000000b5700000)
 Metaspace       used 6686K, capacity 7384K, committed 7680K, reserved 1056768K
  class space    used 622K, capacity 656K, committed 768K, reserved 1048576K
Event: 33,171 GC heap after
Heap after GC invocations=30 (full 5):
 PSYoungGen      total 461824K, used 170180K [0x00000000d5580000, 0x0000000100000000, 0x0000000100000000)
  eden space 233984K, 0% used [0x00000000d5580000,0x00000000d5580000,0x00000000e3a00000)
  from space 227840K, 74% used [0x00000000e3a00000,0x00000000ee031398,0x00000000f1880000)
  to   space 232960K, 0% used [0x00000000f1c80000,0x00000000f1c80000,0x0000000100000000)
 ParOldGen       total 875520K, used 691877K [0x0000000080000000, 0x00000000b5700000, 0x00000000d5580000)
  object space 875520K, 79% used [0x0000000080000000,0x00000000aa3a95f8,0x00000000b5700000)
 Metaspace       used 6686K, capacity 7384K, committed 7680K, reserved 1056768K
  class space    used 622K, capacity 656K, committed 768K, reserved 1048576K
}
Event: 33,711 GC heap before
{Heap before GC invocations=31 (full 5):
 PSYoungGen      total 461824K, used 404164K [0x00000000d5580000, 0x0000000100000000, 0x0000000100000000)
  eden space 233984K, 100% used [0x00000000d5580000,0x00000000e3a00000,0x00000000e3a00000)
  from space 227840K, 74% used [0x00000000e3a00000,0x00000000ee031398,0x00000000f1880000)
  to   space 232960K, 0% used [0x00000000f1c80000,0x00000000f1c80000,0x0000000100000000)
 ParOldGen       total 875520K, used 691877K [0x0000000080000000, 0x00000000b5700000, 0x00000000d5580000)
  object space 875520K, 79% used [0x0000000080000000,0x00000000aa3a95f8,0x00000000b5700000)
 Metaspace       used 6688K, capacity 7384K, committed 7680K, reserved 1056768K
  class space    used 622K, capacity 656K, committed 768K, reserved 1048576K
Event: 33,954 GC heap after
Heap after GC invocations=31 (full 5):
 PSYoungGen      total 465920K, used 152439K [0x00000000d5580000, 0x0000000100000000, 0x0000000100000000)
  eden space 232960K, 0% used [0x00000000d5580000,0x00000000d5580000,0x00000000e3900000)
  from space 232960K, 65% used [0x00000000f1c80000,0x00000000fb15dd68,0x0000000100000000)
  to   space 232960K, 0% used [0x00000000e3900000,0x00000000e3900000,0x00000000f1c80000)
 ParOldGen       total 875520K, used 749175K [0x0000000080000000, 0x00000000b5700000, 0x00000000d5580000)
  object space 875520K, 85% used [0x0000000080000000,0x00000000adb9dea8,0x00000000b5700000)
 Metaspace       used 6688K, capacity 7384K, committed 7680K, reserved 1056768K
  class space    used 622K, capacity 656K, committed 768K, reserved 1048576K
}
Event: 34,400 GC heap before
{Heap before GC invocations=32 (full 5):
 PSYoungGen      total 465920K, used 385399K [0x00000000d5580000, 0x0000000100000000, 0x0000000100000000)
  eden space 232960K, 100% used [0x00000000d5580000,0x00000000e3900000,0x00000000e3900000)
  from space 232960K, 65% used [0x00000000f1c80000,0x00000000fb15dd68,0x0000000100000000)
  to   space 232960K, 0% used [0x00000000e3900000,0x00000000e3900000,0x00000000f1c80000)
 ParOldGen       total 875520K, used 749175K [0x0000000080000000, 0x00000000b5700000, 0x00000000d5580000)
  object space 875520K, 85% used [0x0000000080000000,0x00000000adb9dea8,0x00000000b5700000)
 Metaspace       used 6692K, capacity 7384K, committed 7680K, reserved 1056768K
  class space    used 622K, capacity 656K, committed 768K, reserved 1048576K
Event: 34,650 GC heap after
Heap after GC invocations=32 (full 5):
 PSYoungGen      total 346624K, used 113657K [0x00000000d5580000, 0x00000000ff800000, 0x0000000100000000)
  eden space 232960K, 0% used [0x00000000d5580000,0x00000000d5580000,0x00000000e3900000)
  from space 113664K, 99% used [0x00000000e3900000,0x00000000ea7fe518,0x00000000ea800000)
  to   space 228864K, 0% used [0x00000000f1880000,0x00000000f1880000,0x00000000ff800000)
 ParOldGen       total 875520K, used 822385K [0x0000000080000000, 0x00000000b5700000, 0x00000000d5580000)
  object space 875520K, 93% used [0x0000000080000000,0x00000000b231c748,0x00000000b5700000)
 Metaspace       used 6692K, capacity 7384K, committed 7680K, reserved 1056768K
  class space    used 622K, capacity 656K, committed 768K, reserved 1048576K
}
Event: 34,650 GC heap before
{Heap before GC invocations=33 (full 6):
 PSYoungGen      total 346624K, used 113657K [0x00000000d5580000, 0x00000000ff800000, 0x0000000100000000)
  eden space 232960K, 0% used [0x00000000d5580000,0x00000000d5580000,0x00000000e3900000)
  from space 113664K, 99% used [0x00000000e3900000,0x00000000ea7fe518,0x00000000ea800000)
  to   space 228864K, 0% used [0x00000000f1880000,0x00000000f1880000,0x00000000ff800000)
 ParOldGen       total 875520K, used 822385K [0x0000000080000000, 0x00000000b5700000, 0x00000000d5580000)
  object space 875520K, 93% used [0x0000000080000000,0x00000000b231c748,0x00000000b5700000)
 Metaspace       used 6692K, capacity 7384K, committed 7680K, reserved 1056768K
  class space    used 622K, capacity 656K, committed 768K, reserved 1048576K

