# JRE version: Java(TM) SE Runtime Environment (8.0_66-b17) (build 1.8.0_66-b17)
# Java VM: Java HotSpot(TM) 64-Bit Server VM (25.66-b17 mixed mode linux-amd64 compressed oops)
Heap:
 PSYoungGen      total 465920K, used 0K [0x00000000d5580000, 0x0000000100000000, 0x0000000100000000)
  eden space 232960K, 0% used [0x00000000d5580000,0x00000000d5580000,0x00000000e3900000)
  from space 232960K, 0% used [0x00000000e3900000,0x00000000e3900000,0x00000000f1c80000)
  to   space 232960K, 0% used [0x00000000f1c80000,0x00000000f1c80000,0x0000000100000000)
 ParOldGen       total 806912K, used 728019K [0x0000000080000000, 0x00000000b1400000, 0x00000000d5580000)
  object space 806912K, 90% used [0x0000000080000000,0x00000000ac6f4e88,0x00000000b1400000)
 Metaspace       used 6600K, capacity 7320K, committed 7680K, reserved 1056768K
  class space    used 617K, capacity 656K, committed 768K, reserved 1048576K
GC Heap History (10 events):
Event: 22,681 GC heap after
Heap after GC invocations=22 (full 4):
 PSYoungGen      total 457728K, used 205028K [0x00000000d5580000, 0x0000000100000000, 0x0000000100000000)
  eden space 232960K, 0% used [0x00000000d5580000,0x00000000d5580000,0x00000000e3900000)
  from space 224768K, 91% used [0x00000000f2480000,0x00000000fecb9338,0x0000000100000000)
  to   space 232960K, 0% used [0x00000000e3900000,0x00000000e3900000,0x00000000f1c80000)
 ParOldGen       total 550400K, used 423180K [0x0000000080000000, 0x00000000a1980000, 0x00000000d5580000)
  object space 550400K, 76% used [0x0000000080000000,0x0000000099d43350,0x00000000a1980000)
 Metaspace       used 6599K, capacity 7320K, committed 7680K, reserved 1056768K
  class space    used 617K, capacity 656K, committed 768K, reserved 1048576K
}
Event: 23,269 GC heap before
{Heap before GC invocations=23 (full 4):
 PSYoungGen      total 457728K, used 437988K [0x00000000d5580000, 0x0000000100000000, 0x0000000100000000)
  eden space 232960K, 100% used [0x00000000d5580000,0x00000000e3900000,0x00000000e3900000)
  from space 224768K, 91% used [0x00000000f2480000,0x00000000fecb9338,0x0000000100000000)
  to   space 232960K, 0% used [0x00000000e3900000,0x00000000e3900000,0x00000000f1c80000)
 ParOldGen       total 550400K, used 423180K [0x0000000080000000, 0x00000000a1980000, 0x00000000d5580000)
  object space 550400K, 76% used [0x0000000080000000,0x0000000099d43350,0x00000000a1980000)
 Metaspace       used 6599K, capacity 7320K, committed 7680K, reserved 1056768K
  class space    used 617K, capacity 656K, committed 768K, reserved 1048576K
Event: 23,802 GC heap after
Heap after GC invocations=23 (full 4):
 PSYoungGen      total 465920K, used 131309K [0x00000000d5580000, 0x0000000100000000, 0x0000000100000000)
  eden space 232960K, 0% used [0x00000000d5580000,0x00000000d5580000,0x00000000e3900000)
  from space 232960K, 56% used [0x00000000e3900000,0x00000000eb93b6c8,0x00000000f1c80000)
  to   space 232960K, 0% used [0x00000000f1c80000,0x00000000f1c80000,0x0000000100000000)
 ParOldGen       total 550400K, used 534697K [0x0000000080000000, 0x00000000a1980000, 0x00000000d5580000)
  object space 550400K, 97% used [0x0000000080000000,0x00000000a0a2a458,0x00000000a1980000)
 Metaspace       used 6599K, capacity 7320K, committed 7680K, reserved 1056768K
  class space    used 617K, capacity 656K, committed 768K, reserved 1048576K
}
Event: 23,802 GC heap before
{Heap before GC invocations=24 (full 5):
 PSYoungGen      total 465920K, used 131309K [0x00000000d5580000, 0x0000000100000000, 0x0000000100000000)
  eden space 232960K, 0% used [0x00000000d5580000,0x00000000d5580000,0x00000000e3900000)
  from space 232960K, 56% used [0x00000000e3900000,0x00000000eb93b6c8,0x00000000f1c80000)
  to   space 232960K, 0% used [0x00000000f1c80000,0x00000000f1c80000,0x0000000100000000)
 ParOldGen       total 550400K, used 534697K [0x0000000080000000, 0x00000000a1980000, 0x00000000d5580000)
  object space 550400K, 97% used [0x0000000080000000,0x00000000a0a2a458,0x00000000a1980000)
 Metaspace       used 6599K, capacity 7320K, committed 7680K, reserved 1056768K
  class space    used 617K, capacity 656K, committed 768K, reserved 1048576K
Event: 27,016 GC heap after
Heap after GC invocations=24 (full 5):
 PSYoungGen      total 465920K, used 111932K [0x00000000d5580000, 0x0000000100000000, 0x0000000100000000)
  eden space 232960K, 0% used [0x00000000d5580000,0x00000000d5580000,0x00000000e3900000)
  from space 232960K, 48% used [0x00000000e3900000,0x00000000ea64f150,0x00000000f1c80000)
  to   space 232960K, 0% used [0x00000000f1c80000,0x00000000f1c80000,0x0000000100000000)
 ParOldGen       total 806912K, used 550016K [0x0000000080000000, 0x00000000b1400000, 0x00000000d5580000)
  object space 806912K, 68% used [0x0000000080000000,0x00000000a1920228,0x00000000b1400000)
 Metaspace       used 6599K, capacity 7320K, committed 7680K, reserved 1056768K
  class space    used 617K, capacity 656K, committed 768K, reserved 1048576K
}
Event: 27,584 GC heap before
{Heap before GC invocations=25 (full 5):
 PSYoungGen      total 465920K, used 344892K [0x00000000d5580000, 0x0000000100000000, 0x0000000100000000)
  eden space 232960K, 100% used [0x00000000d5580000,0x00000000e3900000,0x00000000e3900000)
  from space 232960K, 48% used [0x00000000e3900000,0x00000000ea64f150,0x00000000f1c80000)
  to   space 232960K, 0% used [0x00000000f1c80000,0x00000000f1c80000,0x0000000100000000)
 ParOldGen       total 806912K, used 550016K [0x0000000080000000, 0x00000000b1400000, 0x00000000d5580000)
  object space 806912K, 68% used [0x0000000080000000,0x00000000a1920228,0x00000000b1400000)
 Metaspace       used 6599K, capacity 7320K, committed 7680K, reserved 1056768K
  class space    used 617K, capacity 656K, committed 768K, reserved 1048576K
Event: 27,969 GC heap after
Heap after GC invocations=25 (full 5):
 PSYoungGen      total 465920K, used 72033K [0x00000000d5580000, 0x0000000100000000, 0x0000000100000000)
  eden space 232960K, 0% used [0x00000000d5580000,0x00000000d5580000,0x00000000e3900000)
  from space 232960K, 30% used [0x00000000f1c80000,0x00000000f62d8660,0x0000000100000000)
  to   space 232960K, 0% used [0x00000000e3900000,0x00000000e3900000,0x00000000f1c80000)
 ParOldGen       total 806912K, used 626756K [0x0000000080000000, 0x00000000b1400000, 0x00000000d5580000)
  object space 806912K, 77% used [0x0000000080000000,0x00000000a64111f8,0x00000000b1400000)
 Metaspace       used 6599K, capacity 7320K, committed 7680K, reserved 1056768K
  class space    used 617K, capacity 656K, committed 768K, reserved 1048576K
}
Event: 28,587 GC heap before
{Heap before GC invocations=26 (full 5):
 PSYoungGen      total 465920K, used 304993K [0x00000000d5580000, 0x0000000100000000, 0x0000000100000000)
  eden space 232960K, 100% used [0x00000000d5580000,0x00000000e3900000,0x00000000e3900000)
  from space 232960K, 30% used [0x00000000f1c80000,0x00000000f62d8660,0x0000000100000000)
  to   space 232960K, 0% used [0x00000000e3900000,0x00000000e3900000,0x00000000f1c80000)
 ParOldGen       total 806912K, used 626756K [0x0000000080000000, 0x00000000b1400000, 0x00000000d5580000)
  object space 806912K, 77% used [0x0000000080000000,0x00000000a64111f8,0x00000000b1400000)
 Metaspace       used 6600K, capacity 7320K, committed 7680K, reserved 1056768K
  class space    used 617K, capacity 656K, committed 768K, reserved 1048576K
Event: 28,760 GC heap after
Heap after GC invocations=26 (full 5):
 PSYoungGen      total 465920K, used 33237K [0x00000000d5580000, 0x0000000100000000, 0x0000000100000000)
  eden space 232960K, 0% used [0x00000000d5580000,0x00000000d5580000,0x00000000e3900000)
  from space 232960K, 14% used [0x00000000e3900000,0x00000000e59755a0,0x00000000f1c80000)
  to   space 232960K, 0% used [0x00000000f1c80000,0x00000000f1c80000,0x0000000100000000)
 ParOldGen       total 806912K, used 696422K [0x0000000080000000, 0x00000000b1400000, 0x00000000d5580000)
  object space 806912K, 86% used [0x0000000080000000,0x00000000aa819ac0,0x00000000b1400000)
 Metaspace       used 6600K, capacity 7320K, committed 7680K, reserved 1056768K
  class space    used 617K, capacity 656K, committed 768K, reserved 1048576K
}
Event: 28,760 GC heap before
{Heap before GC invocations=27 (full 6):
 PSYoungGen      total 465920K, used 33237K [0x00000000d5580000, 0x0000000100000000, 0x0000000100000000)
  eden space 232960K, 0% used [0x00000000d5580000,0x00000000d5580000,0x00000000e3900000)
  from space 232960K, 14% used [0x00000000e3900000,0x00000000e59755a0,0x00000000f1c80000)
  to   space 232960K, 0% used [0x00000000f1c80000,0x00000000f1c80000,0x0000000100000000)
 ParOldGen       total 806912K, used 696422K [0x0000000080000000, 0x00000000b1400000, 0x00000000d5580000)
  object space 806912K, 86% used [0x0000000080000000,0x00000000aa819ac0,0x00000000b1400000)
 Metaspace       used 6600K, capacity 7320K, committed 7680K, reserved 1056768K
  class space    used 617K, capacity 656K, committed 768K, reserved 1048576K

