# JRE version: Java(TM) SE Runtime Environment (8.0_66-b17) (build 1.8.0_66-b17)
# Java VM: Java HotSpot(TM) 64-Bit Server VM (25.66-b17 mixed mode linux-amd64 compressed oops)
Heap:
 PSYoungGen      total 309760K, used 0K [0x00000000d5580000, 0x00000000ffe00000, 0x0000000100000000)
  eden space 232960K, 0% used [0x00000000d5580000,0x00000000d5580000,0x00000000e3900000)
  from space 76800K, 0% used [0x00000000e3900000,0x00000000e3900000,0x00000000e8400000)
  to   space 231936K, 0% used [0x00000000f1b80000,0x00000000f1b80000,0x00000000ffe00000)
 ParOldGen       total 1004032K, used 897496K [0x0000000080000000, 0x00000000bd480000, 0x00000000d5580000)
  object space 1004032K, 89% used [0x0000000080000000,0x00000000b6c760d8,0x00000000bd480000)
 Metaspace       used 6958K, capacity 7672K, committed 7936K, reserved 1056768K
  class space    used 635K, capacity 688K, committed 768K, reserved 1048576K
GC Heap History (10 events):
Event: 39,980 GC heap after
Heap after GC invocations=33 (full 6):
 PSYoungGen      total 455168K, used 151641K [0x00000000d5580000, 0x0000000100000000, 0x0000000100000000)
  eden space 239104K, 0% used [0x00000000d5580000,0x00000000d5580000,0x00000000e3f00000)
  from space 216064K, 70% used [0x00000000e3f00000,0x00000000ed3166d0,0x00000000f1200000)
  to   space 228352K, 0% used [0x00000000f2100000,0x00000000f2100000,0x0000000100000000)
 ParOldGen       total 1004032K, used 697916K [0x0000000080000000, 0x00000000bd480000, 0x00000000d5580000)
  object space 1004032K, 69% used [0x0000000080000000,0x00000000aa98f248,0x00000000bd480000)
 Metaspace       used 6707K, capacity 7384K, committed 7680K, reserved 1056768K
  class space    used 622K, capacity 656K, committed 768K, reserved 1048576K
}
Event: 40,586 GC heap before
{Heap before GC invocations=34 (full 6):
 PSYoungGen      total 455168K, used 390745K [0x00000000d5580000, 0x0000000100000000, 0x0000000100000000)
  eden space 239104K, 100% used [0x00000000d5580000,0x00000000e3f00000,0x00000000e3f00000)
  from space 216064K, 70% used [0x00000000e3f00000,0x00000000ed3166d0,0x00000000f1200000)
  to   space 228352K, 0% used [0x00000000f2100000,0x00000000f2100000,0x0000000100000000)
 ParOldGen       total 1004032K, used 697916K [0x0000000080000000, 0x00000000bd480000, 0x00000000d5580000)
  object space 1004032K, 69% used [0x0000000080000000,0x00000000aa98f248,0x00000000bd480000)
 Metaspace       used 6729K, capacity 7384K, committed 7680K, reserved 1056768K
  class space    used 623K, capacity 656K, committed 768K, reserved 1048576K
Event: 40,849 GC heap after
Heap after GC invocations=34 (full 6):
 PSYoungGen      total 461312K, used 185225K [0x00000000d5580000, 0x0000000100000000, 0x0000000100000000)
  eden space 232960K, 0% used [0x00000000d5580000,0x00000000d5580000,0x00000000e3900000)
  from space 228352K, 81% used [0x00000000f2100000,0x00000000fd5e2660,0x0000000100000000)
  to   space 232960K, 0% used [0x00000000e3900000,0x00000000e3900000,0x00000000f1c80000)
 ParOldGen       total 1004032K, used 697916K [0x0000000080000000, 0x00000000bd480000, 0x00000000d5580000)
  object space 1004032K, 69% used [0x0000000080000000,0x00000000aa98f248,0x00000000bd480000)
 Metaspace       used 6729K, capacity 7384K, committed 7680K, reserved 1056768K
  class space    used 623K, capacity 656K, committed 768K, reserved 1048576K
}
Event: 41,589 GC heap before
{Heap before GC invocations=35 (full 6):
 PSYoungGen      total 461312K, used 418185K [0x00000000d5580000, 0x0000000100000000, 0x0000000100000000)
  eden space 232960K, 100% used [0x00000000d5580000,0x00000000e3900000,0x00000000e3900000)
  from space 228352K, 81% used [0x00000000f2100000,0x00000000fd5e2660,0x0000000100000000)
  to   space 232960K, 0% used [0x00000000e3900000,0x00000000e3900000,0x00000000f1c80000)
 ParOldGen       total 1004032K, used 697916K [0x0000000080000000, 0x00000000bd480000, 0x00000000d5580000)
  object space 1004032K, 69% used [0x0000000080000000,0x00000000aa98f248,0x00000000bd480000)
 Metaspace       used 6942K, capacity 7608K, committed 7936K, reserved 1056768K
  class space    used 635K, capacity 688K, committed 768K, reserved 1048576K
Event: 41,869 GC heap after
Heap after GC invocations=35 (full 6):
 PSYoungGen      total 465920K, used 147889K [0x00000000d5580000, 0x0000000100000000, 0x0000000100000000)
  eden space 232960K, 0% used [0x00000000d5580000,0x00000000d5580000,0x00000000e3900000)
  from space 232960K, 63% used [0x00000000e3900000,0x00000000ec96c640,0x00000000f1c80000)
  to   space 232960K, 0% used [0x00000000f1c80000,0x00000000f1c80000,0x0000000100000000)
 ParOldGen       total 1004032K, used 772603K [0x0000000080000000, 0x00000000bd480000, 0x00000000d5580000)
  object space 1004032K, 76% used [0x0000000080000000,0x00000000af27ee78,0x00000000bd480000)
 Metaspace       used 6942K, capacity 7608K, committed 7936K, reserved 1056768K
  class space    used 635K, capacity 688K, committed 768K, reserved 1048576K
}
Event: 42,545 GC heap before
{Heap before GC invocations=36 (full 6):
 PSYoungGen      total 465920K, used 380849K [0x00000000d5580000, 0x0000000100000000, 0x0000000100000000)
  eden space 232960K, 100% used [0x00000000d5580000,0x00000000e3900000,0x00000000e3900000)
  from space 232960K, 63% used [0x00000000e3900000,0x00000000ec96c640,0x00000000f1c80000)
  to   space 232960K, 0% used [0x00000000f1c80000,0x00000000f1c80000,0x0000000100000000)
 ParOldGen       total 1004032K, used 772603K [0x0000000080000000, 0x00000000bd480000, 0x00000000d5580000)
  object space 1004032K, 76% used [0x0000000080000000,0x00000000af27ee78,0x00000000bd480000)
 Metaspace       used 6953K, capacity 7672K, committed 7936K, reserved 1056768K
  class space    used 635K, capacity 688K, committed 768K, reserved 1048576K
Event: 42,856 GC heap after
Heap after GC invocations=36 (full 6):
 PSYoungGen      total 465920K, used 110799K [0x00000000d5580000, 0x0000000100000000, 0x0000000100000000)
  eden space 232960K, 0% used [0x00000000d5580000,0x00000000d5580000,0x00000000e3900000)
  from space 232960K, 47% used [0x00000000f1c80000,0x00000000f88b3fb8,0x0000000100000000)
  to   space 232960K, 0% used [0x00000000e3900000,0x00000000e3900000,0x00000000f1c80000)
 ParOldGen       total 1004032K, used 847259K [0x0000000080000000, 0x00000000bd480000, 0x00000000d5580000)
  object space 1004032K, 84% used [0x0000000080000000,0x00000000b3b66fb8,0x00000000bd480000)
 Metaspace       used 6953K, capacity 7672K, committed 7936K, reserved 1056768K
  class space    used 635K, capacity 688K, committed 768K, reserved 1048576K
}
Event: 43,457 GC heap before
{Heap before GC invocations=37 (full 6):
 PSYoungGen      total 465920K, used 343759K [0x00000000d5580000, 0x0000000100000000, 0x0000000100000000)
  eden space 232960K, 100% used [0x00000000d5580000,0x00000000e3900000,0x00000000e3900000)
  from space 232960K, 47% used [0x00000000f1c80000,0x00000000f88b3fb8,0x0000000100000000)
  to   space 232960K, 0% used [0x00000000e3900000,0x00000000e3900000,0x00000000f1c80000)
 ParOldGen       total 1004032K, used 847259K [0x0000000080000000, 0x00000000bd480000, 0x00000000d5580000)
  object space 1004032K, 84% used [0x0000000080000000,0x00000000b3b66fb8,0x00000000bd480000)
 Metaspace       used 6958K, capacity 7672K, committed 7936K, reserved 1056768K
  class space    used 635K, capacity 688K, committed 768K, reserved 1048576K
Event: 43,714 GC heap after
Heap after GC invocations=37 (full 6):
 PSYoungGen      total 309760K, used 76510K [0x00000000d5580000, 0x00000000ffe00000, 0x0000000100000000)
  eden space 232960K, 0% used [0x00000000d5580000,0x00000000d5580000,0x00000000e3900000)
  from space 76800K, 99% used [0x00000000e3900000,0x00000000e83b79c0,0x00000000e8400000)
  to   space 231936K, 0% used [0x00000000f1b80000,0x00000000f1b80000,0x00000000ffe00000)
 ParOldGen       total 1004032K, used 919518K [0x0000000080000000, 0x00000000bd480000, 0x00000000d5580000)
  object space 1004032K, 91% used [0x0000000080000000,0x00000000b81f7b20,0x00000000bd480000)
 Metaspace       used 6958K, capacity 7672K, committed 7936K, reserved 1056768K
  class space    used 635K, capacity 688K, committed 768K, reserved 1048576K
}
Event: 43,714 GC heap before
{Heap before GC invocations=38 (full 7):
 PSYoungGen      total 309760K, used 76510K [0x00000000d5580000, 0x00000000ffe00000, 0x0000000100000000)
  eden space 232960K, 0% used [0x00000000d5580000,0x00000000d5580000,0x00000000e3900000)
  from space 76800K, 99% used [0x00000000e3900000,0x00000000e83b79c0,0x00000000e8400000)
  to   space 231936K, 0% used [0x00000000f1b80000,0x00000000f1b80000,0x00000000ffe00000)
 ParOldGen       total 1004032K, used 919518K [0x0000000080000000, 0x00000000bd480000, 0x00000000d5580000)
  object space 1004032K, 91% used [0x0000000080000000,0x00000000b81f7b20,0x00000000bd480000)
 Metaspace       used 6958K, capacity 7672K, committed 7936K, reserved 1056768K
  class space    used 635K, capacity 688K, committed 768K, reserved 1048576K

