# JRE version: Java(TM) SE Runtime Environment (8.0_60-b27) (build 1.8.0_60-b27)
# Java VM: Java HotSpot(TM) 64-Bit Server VM (25.60-b23 mixed mode linux-amd64 compressed oops)
Heap:
 PSYoungGen      total 277504K, used 0K [0x00000000eab00000, 0x0000000100000000, 0x0000000100000000)
  eden space 205824K, 0% used [0x00000000eab00000,0x00000000eab00000,0x00000000f7400000)
  from space 71680K, 0% used [0x00000000f7400000,0x00000000f7400000,0x00000000fba00000)
  to   space 68096K, 0% used [0x00000000fbd80000,0x00000000fbd80000,0x0000000100000000)
 ParOldGen       total 212480K, used 202717K [0x00000000c0000000, 0x00000000ccf80000, 0x00000000eab00000)
  object space 212480K, 95% used [0x00000000c0000000,0x00000000cc5f7510,0x00000000ccf80000)
 Metaspace       used 6437K, capacity 7282K, committed 7552K, reserved 1056768K
  class space    used 606K, capacity 618K, committed 640K, reserved 1048576K
GC Heap History (10 events):
Event: 4,574 GC heap after
Heap after GC invocations=9 (full 1):
 PSYoungGen      total 297472K, used 35313K [0x00000000eab00000, 0x0000000100000000, 0x0000000100000000)
  eden space 262144K, 0% used [0x00000000eab00000,0x00000000eab00000,0x00000000fab00000)
  from space 35328K, 99% used [0x00000000fdd80000,0x00000000ffffc4a0,0x0000000100000000)
  to   space 43520K, 0% used [0x00000000fab00000,0x00000000fab00000,0x00000000fd580000)
 ParOldGen       total 121344K, used 67152K [0x00000000c0000000, 0x00000000c7680000, 0x00000000eab00000)
  object space 121344K, 55% used [0x00000000c0000000,0x00000000c41942c0,0x00000000c7680000)
 Metaspace       used 6349K, capacity 7218K, committed 7296K, reserved 1056768K
  class space    used 605K, capacity 618K, committed 640K, reserved 1048576K
}
Event: 5,534 GC heap before
{Heap before GC invocations=10 (full 1):
 PSYoungGen      total 297472K, used 297457K [0x00000000eab00000, 0x0000000100000000, 0x0000000100000000)
  eden space 262144K, 100% used [0x00000000eab00000,0x00000000fab00000,0x00000000fab00000)
  from space 35328K, 99% used [0x00000000fdd80000,0x00000000ffffc4a0,0x0000000100000000)
  to   space 43520K, 0% used [0x00000000fab00000,0x00000000fab00000,0x00000000fd580000)
 ParOldGen       total 121344K, used 67152K [0x00000000c0000000, 0x00000000c7680000, 0x00000000eab00000)
  object space 121344K, 55% used [0x00000000c0000000,0x00000000c41942c0,0x00000000c7680000)
 Metaspace       used 6422K, capacity 7282K, committed 7552K, reserved 1056768K
  class space    used 605K, capacity 618K, committed 640K, reserved 1048576K
Event: 5,653 GC heap after
Heap after GC invocations=10 (full 1):
 PSYoungGen      total 305664K, used 43488K [0x00000000eab00000, 0x0000000100000000, 0x0000000100000000)
  eden space 262144K, 0% used [0x00000000eab00000,0x00000000eab00000,0x00000000fab00000)
  from space 43520K, 99% used [0x00000000fab00000,0x00000000fd578148,0x00000000fd580000)
  to   space 43520K, 0% used [0x00000000fd580000,0x00000000fd580000,0x0000000100000000)
 ParOldGen       total 121344K, used 99676K [0x00000000c0000000, 0x00000000c7680000, 0x00000000eab00000)
  object space 121344K, 82% used [0x00000000c0000000,0x00000000c61572b0,0x00000000c7680000)
 Metaspace       used 6422K, capacity 7282K, committed 7552K, reserved 1056768K
  class space    used 605K, capacity 618K, committed 640K, reserved 1048576K
}
Event: 5,653 GC heap before
{Heap before GC invocations=11 (full 2):
 PSYoungGen      total 305664K, used 43488K [0x00000000eab00000, 0x0000000100000000, 0x0000000100000000)
  eden space 262144K, 0% used [0x00000000eab00000,0x00000000eab00000,0x00000000fab00000)
  from space 43520K, 99% used [0x00000000fab00000,0x00000000fd578148,0x00000000fd580000)
  to   space 43520K, 0% used [0x00000000fd580000,0x00000000fd580000,0x0000000100000000)
 ParOldGen       total 121344K, used 99676K [0x00000000c0000000, 0x00000000c7680000, 0x00000000eab00000)
  object space 121344K, 82% used [0x00000000c0000000,0x00000000c61572b0,0x00000000c7680000)
 Metaspace       used 6422K, capacity 7282K, committed 7552K, reserved 1056768K
  class space    used 605K, capacity 618K, committed 640K, reserved 1048576K
Event: 6,252 GC heap after
Heap after GC invocations=11 (full 2):
 PSYoungGen      total 305664K, used 17267K [0x00000000eab00000, 0x0000000100000000, 0x0000000100000000)
  eden space 262144K, 0% used [0x00000000eab00000,0x00000000eab00000,0x00000000fab00000)
  from space 43520K, 39% used [0x00000000fab00000,0x00000000fbbdcf00,0x00000000fd580000)
  to   space 43520K, 0% used [0x00000000fd580000,0x00000000fd580000,0x0000000100000000)
 ParOldGen       total 212480K, used 121299K [0x00000000c0000000, 0x00000000ccf80000, 0x00000000eab00000)
  object space 212480K, 57% used [0x00000000c0000000,0x00000000c7674e58,0x00000000ccf80000)
 Metaspace       used 6422K, capacity 7282K, committed 7552K, reserved 1056768K
  class space    used 605K, capacity 618K, committed 640K, reserved 1048576K
}
Event: 7,181 GC heap before
{Heap before GC invocations=12 (full 2):
 PSYoungGen      total 305664K, used 279411K [0x00000000eab00000, 0x0000000100000000, 0x0000000100000000)
  eden space 262144K, 100% used [0x00000000eab00000,0x00000000fab00000,0x00000000fab00000)
  from space 43520K, 39% used [0x00000000fab00000,0x00000000fbbdcf00,0x00000000fd580000)
  to   space 43520K, 0% used [0x00000000fd580000,0x00000000fd580000,0x0000000100000000)
 ParOldGen       total 212480K, used 121299K [0x00000000c0000000, 0x00000000ccf80000, 0x00000000eab00000)
  object space 212480K, 57% used [0x00000000c0000000,0x00000000c7674e58,0x00000000ccf80000)
 Metaspace       used 6434K, capacity 7282K, committed 7552K, reserved 1056768K
  class space    used 606K, capacity 618K, committed 640K, reserved 1048576K
Event: 7,333 GC heap after
Heap after GC invocations=12 (full 2):
 PSYoungGen      total 249344K, used 43517K [0x00000000eab00000, 0x0000000100000000, 0x0000000100000000)
  eden space 205824K, 0% used [0x00000000eab00000,0x00000000eab00000,0x00000000f7400000)
  from space 43520K, 99% used [0x00000000fd580000,0x00000000fffff670,0x0000000100000000)
  to   space 71680K, 0% used [0x00000000f7400000,0x00000000f7400000,0x00000000fba00000)
 ParOldGen       total 212480K, used 135161K [0x00000000c0000000, 0x00000000ccf80000, 0x00000000eab00000)
  object space 212480K, 63% used [0x00000000c0000000,0x00000000c83fe4e8,0x00000000ccf80000)
 Metaspace       used 6434K, capacity 7282K, committed 7552K, reserved 1056768K
  class space    used 606K, capacity 618K, committed 640K, reserved 1048576K
}
Event: 7,978 GC heap before
{Heap before GC invocations=13 (full 2):
 PSYoungGen      total 249344K, used 249341K [0x00000000eab00000, 0x0000000100000000, 0x0000000100000000)
  eden space 205824K, 100% used [0x00000000eab00000,0x00000000f7400000,0x00000000f7400000)
  from space 43520K, 99% used [0x00000000fd580000,0x00000000fffff670,0x0000000100000000)
  to   space 71680K, 0% used [0x00000000f7400000,0x00000000f7400000,0x00000000fba00000)
 ParOldGen       total 212480K, used 135161K [0x00000000c0000000, 0x00000000ccf80000, 0x00000000eab00000)
  object space 212480K, 63% used [0x00000000c0000000,0x00000000c83fe4e8,0x00000000ccf80000)
 Metaspace       used 6437K, capacity 7282K, committed 7552K, reserved 1056768K
  class space    used 606K, capacity 618K, committed 640K, reserved 1048576K
Event: 8,093 GC heap after
Heap after GC invocations=13 (full 2):
 PSYoungGen      total 277504K, used 30027K [0x00000000eab00000, 0x0000000100000000, 0x0000000100000000)
  eden space 205824K, 0% used [0x00000000eab00000,0x00000000eab00000,0x00000000f7400000)
  from space 71680K, 41% used [0x00000000f7400000,0x00000000f9152c98,0x00000000fba00000)
  to   space 68096K, 0% used [0x00000000fbd80000,0x00000000fbd80000,0x0000000100000000)
 ParOldGen       total 212480K, used 177958K [0x00000000c0000000, 0x00000000ccf80000, 0x00000000eab00000)
  object space 212480K, 83% used [0x00000000c0000000,0x00000000cadc9960,0x00000000ccf80000)
 Metaspace       used 6437K, capacity 7282K, committed 7552K, reserved 1056768K
  class space    used 606K, capacity 618K, committed 640K, reserved 1048576K
}
Event: 8,093 GC heap before
{Heap before GC invocations=14 (full 3):
 PSYoungGen      total 277504K, used 30027K [0x00000000eab00000, 0x0000000100000000, 0x0000000100000000)
  eden space 205824K, 0% used [0x00000000eab00000,0x00000000eab00000,0x00000000f7400000)
  from space 71680K, 41% used [0x00000000f7400000,0x00000000f9152c98,0x00000000fba00000)
  to   space 68096K, 0% used [0x00000000fbd80000,0x00000000fbd80000,0x0000000100000000)
 ParOldGen       total 212480K, used 177958K [0x00000000c0000000, 0x00000000ccf80000, 0x00000000eab00000)
  object space 212480K, 83% used [0x00000000c0000000,0x00000000cadc9960,0x00000000ccf80000)
 Metaspace       used 6437K, capacity 7282K, committed 7552K, reserved 1056768K
  class space    used 606K, capacity 618K, committed 640K, reserved 1048576K

