# JRE version: Java(TM) SE Runtime Environment (8.0_66-b17) (build 1.8.0_66-b17)
# Java VM: Java HotSpot(TM) 64-Bit Server VM (25.66-b17 mixed mode linux-amd64 compressed oops)
Heap:
 PSYoungGen      total 465920K, used 0K [0x00000000d5580000, 0x0000000100000000, 0x0000000100000000)
  eden space 232960K, 0% used [0x00000000d5580000,0x00000000d5580000,0x00000000e3900000)
  from space 232960K, 0% used [0x00000000e3900000,0x00000000e3900000,0x00000000f1c80000)
  to   space 232960K, 0% used [0x00000000f1c80000,0x00000000f1c80000,0x0000000100000000)
 ParOldGen       total 829440K, used 781120K [0x0000000080000000, 0x00000000b2a00000, 0x00000000d5580000)
  object space 829440K, 94% used [0x0000000080000000,0x00000000afad0108,0x00000000b2a00000)
 Metaspace       used 6588K, capacity 7352K, committed 7552K, reserved 1056768K
  class space    used 616K, capacity 624K, committed 640K, reserved 1048576K
GC Heap History (10 events):
Event: 30,709 GC heap after
Heap after GC invocations=27 (full 6):
 PSYoungGen      total 485376K, used 166350K [0x00000000d5580000, 0x0000000100000000, 0x0000000100000000)
  eden space 291840K, 0% used [0x00000000d5580000,0x00000000d5580000,0x00000000e7280000)
  from space 193536K, 85% used [0x00000000e7280000,0x00000000f14f3bf0,0x00000000f2f80000)
  to   space 212480K, 0% used [0x00000000f3080000,0x00000000f3080000,0x0000000100000000)
 ParOldGen       total 829440K, used 562551K [0x0000000080000000, 0x00000000b2a00000, 0x00000000d5580000)
  object space 829440K, 67% used [0x0000000080000000,0x00000000a255de08,0x00000000b2a00000)
 Metaspace       used 6469K, capacity 7282K, committed 7552K, reserved 1056768K
  class space    used 608K, capacity 618K, committed 640K, reserved 1048576K
}
Event: 31,356 GC heap before
{Heap before GC invocations=28 (full 6):
 PSYoungGen      total 485376K, used 458190K [0x00000000d5580000, 0x0000000100000000, 0x0000000100000000)
  eden space 291840K, 100% used [0x00000000d5580000,0x00000000e7280000,0x00000000e7280000)
  from space 193536K, 85% used [0x00000000e7280000,0x00000000f14f3bf0,0x00000000f2f80000)
  to   space 212480K, 0% used [0x00000000f3080000,0x00000000f3080000,0x0000000100000000)
 ParOldGen       total 829440K, used 562551K [0x0000000080000000, 0x00000000b2a00000, 0x00000000d5580000)
  object space 829440K, 67% used [0x0000000080000000,0x00000000a255de08,0x00000000b2a00000)
 Metaspace       used 6470K, capacity 7282K, committed 7552K, reserved 1056768K
  class space    used 608K, capacity 618K, committed 640K, reserved 1048576K
Event: 31,588 GC heap after
Heap after GC invocations=28 (full 6):
 PSYoungGen      total 445440K, used 211055K [0x00000000d5580000, 0x0000000100000000, 0x0000000100000000)
  eden space 232960K, 0% used [0x00000000d5580000,0x00000000d5580000,0x00000000e3900000)
  from space 212480K, 99% used [0x00000000f3080000,0x00000000ffe9bf48,0x0000000100000000)
  to   space 232960K, 0% used [0x00000000e3900000,0x00000000e3900000,0x00000000f1c80000)
 ParOldGen       total 829440K, used 562551K [0x0000000080000000, 0x00000000b2a00000, 0x00000000d5580000)
  object space 829440K, 67% used [0x0000000080000000,0x00000000a255de08,0x00000000b2a00000)
 Metaspace       used 6470K, capacity 7282K, committed 7552K, reserved 1056768K
  class space    used 608K, capacity 618K, committed 640K, reserved 1048576K
}
Event: 32,080 GC heap before
{Heap before GC invocations=29 (full 6):
 PSYoungGen      total 445440K, used 444015K [0x00000000d5580000, 0x0000000100000000, 0x0000000100000000)
  eden space 232960K, 100% used [0x00000000d5580000,0x00000000e3900000,0x00000000e3900000)
  from space 212480K, 99% used [0x00000000f3080000,0x00000000ffe9bf48,0x0000000100000000)
  to   space 232960K, 0% used [0x00000000e3900000,0x00000000e3900000,0x00000000f1c80000)
 ParOldGen       total 829440K, used 562551K [0x0000000080000000, 0x00000000b2a00000, 0x00000000d5580000)
  object space 829440K, 67% used [0x0000000080000000,0x00000000a255de08,0x00000000b2a00000)
 Metaspace       used 6470K, capacity 7282K, committed 7552K, reserved 1056768K
  class space    used 608K, capacity 618K, committed 640K, reserved 1048576K
Event: 32,318 GC heap after
Heap after GC invocations=29 (full 6):
 PSYoungGen      total 465920K, used 190580K [0x00000000d5580000, 0x0000000100000000, 0x0000000100000000)
  eden space 232960K, 0% used [0x00000000d5580000,0x00000000d5580000,0x00000000e3900000)
  from space 232960K, 81% used [0x00000000e3900000,0x00000000ef31d020,0x00000000f1c80000)
  to   space 232960K, 0% used [0x00000000f1c80000,0x00000000f1c80000,0x0000000100000000)
 ParOldGen       total 829440K, used 618693K [0x0000000080000000, 0x00000000b2a00000, 0x00000000d5580000)
  object space 829440K, 74% used [0x0000000080000000,0x00000000a5c31530,0x00000000b2a00000)
 Metaspace       used 6470K, capacity 7282K, committed 7552K, reserved 1056768K
  class space    used 608K, capacity 618K, committed 640K, reserved 1048576K
}
Event: 32,886 GC heap before
{Heap before GC invocations=30 (full 6):
 PSYoungGen      total 465920K, used 423540K [0x00000000d5580000, 0x0000000100000000, 0x0000000100000000)
  eden space 232960K, 100% used [0x00000000d5580000,0x00000000e3900000,0x00000000e3900000)
  from space 232960K, 81% used [0x00000000e3900000,0x00000000ef31d020,0x00000000f1c80000)
  to   space 232960K, 0% used [0x00000000f1c80000,0x00000000f1c80000,0x0000000100000000)
 ParOldGen       total 829440K, used 618693K [0x0000000080000000, 0x00000000b2a00000, 0x00000000d5580000)
  object space 829440K, 74% used [0x0000000080000000,0x00000000a5c31530,0x00000000b2a00000)
 Metaspace       used 6560K, capacity 7350K, committed 7552K, reserved 1056768K
  class space    used 613K, capacity 622K, committed 640K, reserved 1048576K
Event: 33,158 GC heap after
Heap after GC invocations=30 (full 6):
 PSYoungGen      total 465920K, used 165071K [0x00000000d5580000, 0x0000000100000000, 0x0000000100000000)
  eden space 232960K, 0% used [0x00000000d5580000,0x00000000d5580000,0x00000000e3900000)
  from space 232960K, 70% used [0x00000000f1c80000,0x00000000fbdb3f08,0x0000000100000000)
  to   space 232960K, 0% used [0x00000000e3900000,0x00000000e3900000,0x00000000f1c80000)
 ParOldGen       total 829440K, used 682252K [0x0000000080000000, 0x00000000b2a00000, 0x00000000d5580000)
  object space 829440K, 82% used [0x0000000080000000,0x00000000a9a43330,0x00000000b2a00000)
 Metaspace       used 6560K, capacity 7350K, committed 7552K, reserved 1056768K
  class space    used 613K, capacity 622K, committed 640K, reserved 1048576K
}
Event: 33,723 GC heap before
{Heap before GC invocations=31 (full 6):
 PSYoungGen      total 465920K, used 398031K [0x00000000d5580000, 0x0000000100000000, 0x0000000100000000)
  eden space 232960K, 100% used [0x00000000d5580000,0x00000000e3900000,0x00000000e3900000)
  from space 232960K, 70% used [0x00000000f1c80000,0x00000000fbdb3f08,0x0000000100000000)
  to   space 232960K, 0% used [0x00000000e3900000,0x00000000e3900000,0x00000000f1c80000)
 ParOldGen       total 829440K, used 682252K [0x0000000080000000, 0x00000000b2a00000, 0x00000000d5580000)
  object space 829440K, 82% used [0x0000000080000000,0x00000000a9a43330,0x00000000b2a00000)
 Metaspace       used 6588K, capacity 7352K, committed 7552K, reserved 1056768K
  class space    used 616K, capacity 624K, committed 640K, reserved 1048576K
Event: 33,962 GC heap after
Heap after GC invocations=31 (full 6):
 PSYoungGen      total 465920K, used 107547K [0x00000000d5580000, 0x0000000100000000, 0x0000000100000000)
  eden space 232960K, 0% used [0x00000000d5580000,0x00000000d5580000,0x00000000e3900000)
  from space 232960K, 46% used [0x00000000e3900000,0x00000000ea206d30,0x00000000f1c80000)
  to   space 232960K, 0% used [0x00000000f1c80000,0x00000000f1c80000,0x0000000100000000)
 ParOldGen       total 829440K, used 771756K [0x0000000080000000, 0x00000000b2a00000, 0x00000000d5580000)
  object space 829440K, 93% used [0x0000000080000000,0x00000000af1ab370,0x00000000b2a00000)
 Metaspace       used 6588K, capacity 7352K, committed 7552K, reserved 1056768K
  class space    used 616K, capacity 624K, committed 640K, reserved 1048576K
}
Event: 33,962 GC heap before
{Heap before GC invocations=32 (full 7):
 PSYoungGen      total 465920K, used 107547K [0x00000000d5580000, 0x0000000100000000, 0x0000000100000000)
  eden space 232960K, 0% used [0x00000000d5580000,0x00000000d5580000,0x00000000e3900000)
  from space 232960K, 46% used [0x00000000e3900000,0x00000000ea206d30,0x00000000f1c80000)
  to   space 232960K, 0% used [0x00000000f1c80000,0x00000000f1c80000,0x0000000100000000)
 ParOldGen       total 829440K, used 771756K [0x0000000080000000, 0x00000000b2a00000, 0x00000000d5580000)
  object space 829440K, 93% used [0x0000000080000000,0x00000000af1ab370,0x00000000b2a00000)
 Metaspace       used 6588K, capacity 7352K, committed 7552K, reserved 1056768K
  class space    used 616K, capacity 624K, committed 640K, reserved 1048576K

