# JRE version: Java(TM) SE Runtime Environment (8.0_66-b17) (build 1.8.0_66-b17)
# Java VM: Java HotSpot(TM) 64-Bit Server VM (25.66-b17 mixed mode linux-amd64 compressed oops)
Heap:
 PSYoungGen      total 413184K, used 47592K [0x00000000d5580000, 0x00000000f2280000, 0x0000000100000000)
  eden space 365568K, 0% used [0x00000000d5580000,0x00000000d5580000,0x00000000eba80000)
  from space 47616K, 99% used [0x00000000eba80000,0x00000000ee8fa168,0x00000000ee900000)
  to   space 36352K, 0% used [0x00000000ee900000,0x00000000ee900000,0x00000000f0c80000)
 ParOldGen       total 120320K, used 108584K [0x0000000080000000, 0x0000000087580000, 0x00000000d5580000)
  object space 120320K, 90% used [0x0000000080000000,0x0000000086a0a2b8,0x0000000087580000)
 Metaspace       used 6568K, capacity 7320K, committed 7680K, reserved 1056768K
  class space    used 617K, capacity 656K, committed 768K, reserved 1048576K
GC Heap History (10 events):
Event: 3,217 GC heap after
Heap after GC invocations=5 (full 0):
 PSYoungGen      total 99840K, used 3576K [0x00000000d5580000, 0x00000000e3280000, 0x0000000100000000)
  eden space 96256K, 0% used [0x00000000d5580000,0x00000000d5580000,0x00000000db380000)
  from space 3584K, 99% used [0x00000000db380000,0x00000000db6fe3d0,0x00000000db700000)
  to   space 16896K, 0% used [0x00000000e2200000,0x00000000e2200000,0x00000000e3280000)
 ParOldGen       total 62976K, used 19507K [0x0000000080000000, 0x0000000083d80000, 0x00000000d5580000)
  object space 62976K, 30% used [0x0000000080000000,0x000000008130cdf8,0x0000000083d80000)
 Metaspace       used 5990K, capacity 6896K, committed 7040K, reserved 1056768K
  class space    used 594K, capacity 616K, committed 640K, reserved 1048576K
}
Event: 3,860 GC heap before
{Heap before GC invocations=6 (full 0):
 PSYoungGen      total 99840K, used 99832K [0x00000000d5580000, 0x00000000e3280000, 0x0000000100000000)
  eden space 96256K, 100% used [0x00000000d5580000,0x00000000db380000,0x00000000db380000)
  from space 3584K, 99% used [0x00000000db380000,0x00000000db6fe3d0,0x00000000db700000)
  to   space 16896K, 0% used [0x00000000e2200000,0x00000000e2200000,0x00000000e3280000)
 ParOldGen       total 62976K, used 19507K [0x0000000080000000, 0x0000000083d80000, 0x00000000d5580000)
  object space 62976K, 30% used [0x0000000080000000,0x000000008130cdf8,0x0000000083d80000)
 Metaspace       used 6061K, capacity 6960K, committed 7040K, reserved 1056768K
  class space    used 595K, capacity 616K, committed 640K, reserved 1048576K
Event: 3,896 GC heap after
Heap after GC invocations=6 (full 0):
 PSYoungGen      total 205312K, used 16888K [0x00000000d5580000, 0x00000000e3a80000, 0x0000000100000000)
  eden space 188416K, 0% used [0x00000000d5580000,0x00000000d5580000,0x00000000e0d80000)
  from space 16896K, 99% used [0x00000000e2200000,0x00000000e327e100,0x00000000e3280000)
  to   space 20992K, 0% used [0x00000000e0d80000,0x00000000e0d80000,0x00000000e2200000)
 ParOldGen       total 62976K, used 19981K [0x0000000080000000, 0x0000000083d80000, 0x00000000d5580000)
  object space 62976K, 31% used [0x0000000080000000,0x0000000081383658,0x0000000083d80000)
 Metaspace       used 6061K, capacity 6960K, committed 7040K, reserved 1056768K
  class space    used 595K, capacity 616K, committed 640K, reserved 1048576K
}
Event: 5,073 GC heap before
{Heap before GC invocations=7 (full 0):
 PSYoungGen      total 205312K, used 205304K [0x00000000d5580000, 0x00000000e3a80000, 0x0000000100000000)
  eden space 188416K, 100% used [0x00000000d5580000,0x00000000e0d80000,0x00000000e0d80000)
  from space 16896K, 99% used [0x00000000e2200000,0x00000000e327e100,0x00000000e3280000)
  to   space 20992K, 0% used [0x00000000e0d80000,0x00000000e0d80000,0x00000000e2200000)
 ParOldGen       total 62976K, used 19981K [0x0000000080000000, 0x0000000083d80000, 0x00000000d5580000)
  object space 62976K, 31% used [0x0000000080000000,0x0000000081383658,0x0000000083d80000)
 Metaspace       used 6382K, capacity 7192K, committed 7424K, reserved 1056768K
  class space    used 615K, capacity 656K, committed 768K, reserved 1048576K
Event: 5,165 GC heap after
Heap after GC invocations=7 (full 0):
 PSYoungGen      total 209408K, used 20961K [0x00000000d5580000, 0x00000000f0c80000, 0x0000000100000000)
  eden space 188416K, 0% used [0x00000000d5580000,0x00000000d5580000,0x00000000e0d80000)
  from space 20992K, 99% used [0x00000000e0d80000,0x00000000e21f86f0,0x00000000e2200000)
  to   space 36352K, 0% used [0x00000000ee900000,0x00000000ee900000,0x00000000f0c80000)
 ParOldGen       total 62976K, used 41627K [0x0000000080000000, 0x0000000083d80000, 0x00000000d5580000)
  object space 62976K, 66% used [0x0000000080000000,0x00000000828a6e58,0x0000000083d80000)
 Metaspace       used 6382K, capacity 7192K, committed 7424K, reserved 1056768K
  class space    used 615K, capacity 656K, committed 768K, reserved 1048576K
}
Event: 5,930 GC heap before
{Heap before GC invocations=8 (full 0):
 PSYoungGen      total 209408K, used 209377K [0x00000000d5580000, 0x00000000f0c80000, 0x0000000100000000)
  eden space 188416K, 100% used [0x00000000d5580000,0x00000000e0d80000,0x00000000e0d80000)
  from space 20992K, 99% used [0x00000000e0d80000,0x00000000e21f86f0,0x00000000e2200000)
  to   space 36352K, 0% used [0x00000000ee900000,0x00000000ee900000,0x00000000f0c80000)
 ParOldGen       total 62976K, used 41627K [0x0000000080000000, 0x0000000083d80000, 0x00000000d5580000)
  object space 62976K, 66% used [0x0000000080000000,0x00000000828a6e58,0x0000000083d80000)
 Metaspace       used 6454K, capacity 7256K, committed 7424K, reserved 1056768K
  class space    used 616K, capacity 656K, committed 768K, reserved 1048576K
Event: 6,025 GC heap after
Heap after GC invocations=8 (full 0):
 PSYoungGen      total 401920K, used 36333K [0x00000000d5580000, 0x00000000f2280000, 0x0000000100000000)
  eden space 365568K, 0% used [0x00000000d5580000,0x00000000d5580000,0x00000000eba80000)
  from space 36352K, 99% used [0x00000000ee900000,0x00000000f0c7b6b0,0x00000000f0c80000)
  to   space 47616K, 0% used [0x00000000eba80000,0x00000000eba80000,0x00000000ee900000)
 ParOldGen       total 62976K, used 50296K [0x0000000080000000, 0x0000000083d80000, 0x00000000d5580000)
  object space 62976K, 79% used [0x0000000080000000,0x000000008311e058,0x0000000083d80000)
 Metaspace       used 6454K, capacity 7256K, committed 7424K, reserved 1056768K
  class space    used 616K, capacity 656K, committed 768K, reserved 1048576K
}
Event: 6,025 GC heap before
{Heap before GC invocations=9 (full 1):
 PSYoungGen      total 401920K, used 36333K [0x00000000d5580000, 0x00000000f2280000, 0x0000000100000000)
  eden space 365568K, 0% used [0x00000000d5580000,0x00000000d5580000,0x00000000eba80000)
  from space 36352K, 99% used [0x00000000ee900000,0x00000000f0c7b6b0,0x00000000f0c80000)
  to   space 47616K, 0% used [0x00000000eba80000,0x00000000eba80000,0x00000000ee900000)
 ParOldGen       total 62976K, used 50296K [0x0000000080000000, 0x0000000083d80000, 0x00000000d5580000)
  object space 62976K, 79% used [0x0000000080000000,0x000000008311e058,0x0000000083d80000)
 Metaspace       used 6454K, capacity 7256K, committed 7424K, reserved 1056768K
  class space    used 616K, capacity 656K, committed 768K, reserved 1048576K
Event: 6,583 GC heap after
Heap after GC invocations=9 (full 1):
 PSYoungGen      total 401920K, used 19890K [0x00000000d5580000, 0x00000000f2280000, 0x0000000100000000)
  eden space 365568K, 0% used [0x00000000d5580000,0x00000000d5580000,0x00000000eba80000)
  from space 36352K, 54% used [0x00000000ee900000,0x00000000efc6cb40,0x00000000f0c80000)
  to   space 47616K, 0% used [0x00000000eba80000,0x00000000eba80000,0x00000000ee900000)
 ParOldGen       total 120320K, used 62599K [0x0000000080000000, 0x0000000087580000, 0x00000000d5580000)
  object space 120320K, 52% used [0x0000000080000000,0x0000000083d21fb8,0x0000000087580000)
 Metaspace       used 6454K, capacity 7256K, committed 7424K, reserved 1056768K
  class space    used 616K, capacity 656K, committed 768K, reserved 1048576K
}
Event: 8,346 GC heap before
{Heap before GC invocations=10 (full 1):
 PSYoungGen      total 401920K, used 385458K [0x00000000d5580000, 0x00000000f2280000, 0x0000000100000000)
  eden space 365568K, 100% used [0x00000000d5580000,0x00000000eba80000,0x00000000eba80000)
  from space 36352K, 54% used [0x00000000ee900000,0x00000000efc6cb40,0x00000000f0c80000)
  to   space 47616K, 0% used [0x00000000eba80000,0x00000000eba80000,0x00000000ee900000)
 ParOldGen       total 120320K, used 62599K [0x0000000080000000, 0x0000000087580000, 0x00000000d5580000)
  object space 120320K, 52% used [0x0000000080000000,0x0000000083d21fb8,0x0000000087580000)
 Metaspace       used 6568K, capacity 7320K, committed 7680K, reserved 1056768K
  class space    used 617K, capacity 656K, committed 768K, reserved 1048576K

