# JRE version: Java(TM) SE Runtime Environment (8.0_66-b17) (build 1.8.0_66-b17)
# Java VM: Java HotSpot(TM) 64-Bit Server VM (25.66-b17 mixed mode linux-amd64 compressed oops)
Heap:
 PSYoungGen      total 465920K, used 0K [0x00000000d5580000, 0x0000000100000000, 0x0000000100000000)
  eden space 232960K, 0% used [0x00000000d5580000,0x00000000d5580000,0x00000000e3900000)
  from space 232960K, 0% used [0x00000000f1c80000,0x00000000f1c80000,0x0000000100000000)
  to   space 232960K, 0% used [0x00000000e3900000,0x00000000e3900000,0x00000000f1c80000)
 ParOldGen       total 860672K, used 811096K [0x0000000080000000, 0x00000000b4880000, 0x00000000d5580000)
  object space 860672K, 94% used [0x0000000080000000,0x00000000b18161c8,0x00000000b4880000)
 Metaspace       used 6704K, capacity 7384K, committed 7680K, reserved 1056768K
  class space    used 622K, capacity 656K, committed 768K, reserved 1048576K
GC Heap History (10 events):
Event: 43,344 GC heap after
Heap after GC invocations=27 (full 5):
 PSYoungGen      total 450560K, used 87601K [0x00000000d5580000, 0x00000000fe900000, 0x0000000100000000)
  eden space 249344K, 0% used [0x00000000d5580000,0x00000000d5580000,0x00000000e4900000)
  from space 201216K, 43% used [0x00000000f2480000,0x00000000f7a0c770,0x00000000fe900000)
  to   space 212992K, 0% used [0x00000000e4900000,0x00000000e4900000,0x00000000f1900000)
 ParOldGen       total 860672K, used 740310K [0x0000000080000000, 0x00000000b4880000, 0x00000000d5580000)
  object space 860672K, 86% used [0x0000000080000000,0x00000000ad2f5b08,0x00000000b4880000)
 Metaspace       used 6596K, capacity 7320K, committed 7680K, reserved 1056768K
  class space    used 617K, capacity 656K, committed 768K, reserved 1048576K
}
Event: 44,227 GC heap before
{Heap before GC invocations=28 (full 5):
 PSYoungGen      total 450560K, used 336945K [0x00000000d5580000, 0x00000000fe900000, 0x0000000100000000)
  eden space 249344K, 100% used [0x00000000d5580000,0x00000000e4900000,0x00000000e4900000)
  from space 201216K, 43% used [0x00000000f2480000,0x00000000f7a0c770,0x00000000fe900000)
  to   space 212992K, 0% used [0x00000000e4900000,0x00000000e4900000,0x00000000f1900000)
 ParOldGen       total 860672K, used 740310K [0x0000000080000000, 0x00000000b4880000, 0x00000000d5580000)
  object space 860672K, 86% used [0x0000000080000000,0x00000000ad2f5b08,0x00000000b4880000)
 Metaspace       used 6596K, capacity 7320K, committed 7680K, reserved 1056768K
  class space    used 617K, capacity 656K, committed 768K, reserved 1048576K
Event: 44,444 GC heap after
Heap after GC invocations=28 (full 5):
 PSYoungGen      total 462336K, used 128234K [0x00000000d5580000, 0x0000000100000000, 0x0000000100000000)
  eden space 249344K, 0% used [0x00000000d5580000,0x00000000d5580000,0x00000000e4900000)
  from space 212992K, 60% used [0x00000000e4900000,0x00000000ec63a9c0,0x00000000f1900000)
  to   space 214016K, 0% used [0x00000000f2f00000,0x00000000f2f00000,0x0000000100000000)
 ParOldGen       total 860672K, used 740310K [0x0000000080000000, 0x00000000b4880000, 0x00000000d5580000)
  object space 860672K, 86% used [0x0000000080000000,0x00000000ad2f5b08,0x00000000b4880000)
 Metaspace       used 6596K, capacity 7320K, committed 7680K, reserved 1056768K
  class space    used 617K, capacity 656K, committed 768K, reserved 1048576K
}
Event: 45,263 GC heap before
{Heap before GC invocations=29 (full 5):
 PSYoungGen      total 462336K, used 377578K [0x00000000d5580000, 0x0000000100000000, 0x0000000100000000)
  eden space 249344K, 100% used [0x00000000d5580000,0x00000000e4900000,0x00000000e4900000)
  from space 212992K, 60% used [0x00000000e4900000,0x00000000ec63a9c0,0x00000000f1900000)
  to   space 214016K, 0% used [0x00000000f2f00000,0x00000000f2f00000,0x0000000100000000)
 ParOldGen       total 860672K, used 740310K [0x0000000080000000, 0x00000000b4880000, 0x00000000d5580000)
  object space 860672K, 86% used [0x0000000080000000,0x00000000ad2f5b08,0x00000000b4880000)
 Metaspace       used 6596K, capacity 7320K, committed 7680K, reserved 1056768K
  class space    used 617K, capacity 656K, committed 768K, reserved 1048576K
Event: 45,486 GC heap after
Heap after GC invocations=29 (full 5):
 PSYoungGen      total 455168K, used 169129K [0x00000000d5580000, 0x0000000100000000, 0x0000000100000000)
  eden space 241152K, 0% used [0x00000000d5580000,0x00000000d5580000,0x00000000e4100000)
  from space 214016K, 79% used [0x00000000f2f00000,0x00000000fd42a6d8,0x0000000100000000)
  to   space 228864K, 0% used [0x00000000e4100000,0x00000000e4100000,0x00000000f2080000)
 ParOldGen       total 860672K, used 740318K [0x0000000080000000, 0x00000000b4880000, 0x00000000d5580000)
  object space 860672K, 86% used [0x0000000080000000,0x00000000ad2f7b08,0x00000000b4880000)
 Metaspace       used 6596K, capacity 7320K, committed 7680K, reserved 1056768K
  class space    used 617K, capacity 656K, committed 768K, reserved 1048576K
}
Event: 46,382 GC heap before
{Heap before GC invocations=30 (full 5):
 PSYoungGen      total 455168K, used 410281K [0x00000000d5580000, 0x0000000100000000, 0x0000000100000000)
  eden space 241152K, 100% used [0x00000000d5580000,0x00000000e4100000,0x00000000e4100000)
  from space 214016K, 79% used [0x00000000f2f00000,0x00000000fd42a6d8,0x0000000100000000)
  to   space 228864K, 0% used [0x00000000e4100000,0x00000000e4100000,0x00000000f2080000)
 ParOldGen       total 860672K, used 740318K [0x0000000080000000, 0x00000000b4880000, 0x00000000d5580000)
  object space 860672K, 86% used [0x0000000080000000,0x00000000ad2f7b08,0x00000000b4880000)
 Metaspace       used 6702K, capacity 7384K, committed 7680K, reserved 1056768K
  class space    used 622K, capacity 656K, committed 768K, reserved 1048576K
Event: 46,704 GC heap after
Heap after GC invocations=30 (full 5):
 PSYoungGen      total 445440K, used 204186K [0x00000000d5580000, 0x0000000100000000, 0x0000000100000000)
  eden space 241152K, 0% used [0x00000000d5580000,0x00000000d5580000,0x00000000e4100000)
  from space 204288K, 99% used [0x00000000e4100000,0x00000000f0866b60,0x00000000f0880000)
  to   space 232960K, 0% used [0x00000000f1c80000,0x00000000f1c80000,0x0000000100000000)
 ParOldGen       total 860672K, used 740326K [0x0000000080000000, 0x00000000b4880000, 0x00000000d5580000)
  object space 860672K, 86% used [0x0000000080000000,0x00000000ad2f9b08,0x00000000b4880000)
 Metaspace       used 6702K, capacity 7384K, committed 7680K, reserved 1056768K
  class space    used 622K, capacity 656K, committed 768K, reserved 1048576K
}
Event: 47,500 GC heap before
{Heap before GC invocations=31 (full 5):
 PSYoungGen      total 445440K, used 445338K [0x00000000d5580000, 0x0000000100000000, 0x0000000100000000)
  eden space 241152K, 100% used [0x00000000d5580000,0x00000000e4100000,0x00000000e4100000)
  from space 204288K, 99% used [0x00000000e4100000,0x00000000f0866b60,0x00000000f0880000)
  to   space 232960K, 0% used [0x00000000f1c80000,0x00000000f1c80000,0x0000000100000000)
 ParOldGen       total 860672K, used 740326K [0x0000000080000000, 0x00000000b4880000, 0x00000000d5580000)
  object space 860672K, 86% used [0x0000000080000000,0x00000000ad2f9b08,0x00000000b4880000)
 Metaspace       used 6704K, capacity 7384K, committed 7680K, reserved 1056768K
  class space    used 622K, capacity 656K, committed 768K, reserved 1048576K
Event: 47,895 GC heap after
Heap after GC invocations=31 (full 5):
 PSYoungGen      total 465920K, used 203606K [0x00000000d5580000, 0x0000000100000000, 0x0000000100000000)
  eden space 232960K, 0% used [0x00000000d5580000,0x00000000d5580000,0x00000000e3900000)
  from space 232960K, 87% used [0x00000000f1c80000,0x00000000fe355bd8,0x0000000100000000)
  to   space 232960K, 0% used [0x00000000e3900000,0x00000000e3900000,0x00000000f1c80000)
 ParOldGen       total 860672K, used 782023K [0x0000000080000000, 0x00000000b4880000, 0x00000000d5580000)
  object space 860672K, 90% used [0x0000000080000000,0x00000000afbb1c28,0x00000000b4880000)
 Metaspace       used 6704K, capacity 7384K, committed 7680K, reserved 1056768K
  class space    used 622K, capacity 656K, committed 768K, reserved 1048576K
}
Event: 47,895 GC heap before
{Heap before GC invocations=32 (full 6):
 PSYoungGen      total 465920K, used 203606K [0x00000000d5580000, 0x0000000100000000, 0x0000000100000000)
  eden space 232960K, 0% used [0x00000000d5580000,0x00000000d5580000,0x00000000e3900000)
  from space 232960K, 87% used [0x00000000f1c80000,0x00000000fe355bd8,0x0000000100000000)
  to   space 232960K, 0% used [0x00000000e3900000,0x00000000e3900000,0x00000000f1c80000)
 ParOldGen       total 860672K, used 782023K [0x0000000080000000, 0x00000000b4880000, 0x00000000d5580000)
  object space 860672K, 90% used [0x0000000080000000,0x00000000afbb1c28,0x00000000b4880000)
 Metaspace       used 6704K, capacity 7384K, committed 7680K, reserved 1056768K
  class space    used 622K, capacity 656K, committed 768K, reserved 1048576K

