# JRE version: Java(TM) SE Runtime Environment (8.0_66-b17) (build 1.8.0_66-b17)
# Java VM: Java HotSpot(TM) 64-Bit Server VM (25.66-b17 mixed mode linux-amd64 compressed oops)
Heap:
 PSYoungGen      total 441856K, used 62645K [0x00000000d5580000, 0x0000000100000000, 0x0000000100000000)
  eden space 328192K, 0% used [0x00000000d5580000,0x00000000d5580000,0x00000000e9600000)
  from space 113664K, 55% used [0x00000000f9100000,0x00000000fce2d528,0x0000000100000000)
  to   space 185344K, 0% used [0x00000000e9600000,0x00000000e9600000,0x00000000f4b00000)
 ParOldGen       total 362496K, used 362252K [0x0000000080000000, 0x0000000096200000, 0x00000000d5580000)
  object space 362496K, 99% used [0x0000000080000000,0x00000000961c3200,0x0000000096200000)
 Metaspace       used 6589K, capacity 7320K, committed 7680K, reserved 1056768K
  class space    used 616K, capacity 656K, committed 768K, reserved 1048576K
GC Heap History (10 events):
Event: 11,461 GC heap after
Heap after GC invocations=13 (full 2):
 PSYoungGen      total 516608K, used 68137K [0x00000000d5580000, 0x0000000100000000, 0x0000000100000000)
  eden space 425984K, 0% used [0x00000000d5580000,0x00000000d5580000,0x00000000ef580000)
  from space 90624K, 75% used [0x00000000ef580000,0x00000000f380a7b8,0x00000000f4e00000)
  to   space 98816K, 0% used [0x00000000f9f80000,0x00000000f9f80000,0x0000000100000000)
 ParOldGen       total 217600K, used 202839K [0x0000000080000000, 0x000000008d480000, 0x00000000d5580000)
  object space 217600K, 93% used [0x0000000080000000,0x000000008c615eb0,0x000000008d480000)
 Metaspace       used 6559K, capacity 7320K, committed 7680K, reserved 1056768K
  class space    used 615K, capacity 656K, committed 768K, reserved 1048576K
}
Event: 11,461 GC heap before
{Heap before GC invocations=14 (full 3):
 PSYoungGen      total 516608K, used 68137K [0x00000000d5580000, 0x0000000100000000, 0x0000000100000000)
  eden space 425984K, 0% used [0x00000000d5580000,0x00000000d5580000,0x00000000ef580000)
  from space 90624K, 75% used [0x00000000ef580000,0x00000000f380a7b8,0x00000000f4e00000)
  to   space 98816K, 0% used [0x00000000f9f80000,0x00000000f9f80000,0x0000000100000000)
 ParOldGen       total 217600K, used 202839K [0x0000000080000000, 0x000000008d480000, 0x00000000d5580000)
  object space 217600K, 93% used [0x0000000080000000,0x000000008c615eb0,0x000000008d480000)
 Metaspace       used 6559K, capacity 7320K, committed 7680K, reserved 1056768K
  class space    used 615K, capacity 656K, committed 768K, reserved 1048576K
Event: 12,890 GC heap after
Heap after GC invocations=14 (full 3):
 PSYoungGen      total 516608K, used 26944K [0x00000000d5580000, 0x0000000100000000, 0x0000000100000000)
  eden space 425984K, 0% used [0x00000000d5580000,0x00000000d5580000,0x00000000ef580000)
  from space 90624K, 29% used [0x00000000ef580000,0x00000000f0fd0150,0x00000000f4e00000)
  to   space 98816K, 0% used [0x00000000f9f80000,0x00000000f9f80000,0x0000000100000000)
 ParOldGen       total 362496K, used 217133K [0x0000000080000000, 0x0000000096200000, 0x00000000d5580000)
  object space 362496K, 59% used [0x0000000080000000,0x000000008d40b788,0x0000000096200000)
 Metaspace       used 6559K, capacity 7320K, committed 7680K, reserved 1056768K
  class space    used 615K, capacity 656K, committed 768K, reserved 1048576K
}
Event: 15,028 GC heap before
{Heap before GC invocations=15 (full 3):
 PSYoungGen      total 516608K, used 452928K [0x00000000d5580000, 0x0000000100000000, 0x0000000100000000)
  eden space 425984K, 100% used [0x00000000d5580000,0x00000000ef580000,0x00000000ef580000)
  from space 90624K, 29% used [0x00000000ef580000,0x00000000f0fd0150,0x00000000f4e00000)
  to   space 98816K, 0% used [0x00000000f9f80000,0x00000000f9f80000,0x0000000100000000)
 ParOldGen       total 362496K, used 217133K [0x0000000080000000, 0x0000000096200000, 0x00000000d5580000)
  object space 362496K, 59% used [0x0000000080000000,0x000000008d40b788,0x0000000096200000)
 Metaspace       used 6568K, capacity 7320K, committed 7680K, reserved 1056768K
  class space    used 615K, capacity 656K, committed 768K, reserved 1048576K
Event: 15,332 GC heap after
Heap after GC invocations=15 (full 3):
 PSYoungGen      total 570368K, used 93405K [0x00000000d5580000, 0x0000000100000000, 0x0000000100000000)
  eden space 471552K, 0% used [0x00000000d5580000,0x00000000d5580000,0x00000000f2200000)
  from space 98816K, 94% used [0x00000000f9f80000,0x00000000ffab76b8,0x0000000100000000)
  to   space 113664K, 0% used [0x00000000f2200000,0x00000000f2200000,0x00000000f9100000)
 ParOldGen       total 362496K, used 217133K [0x0000000080000000, 0x0000000096200000, 0x00000000d5580000)
  object space 362496K, 59% used [0x0000000080000000,0x000000008d40b788,0x0000000096200000)
 Metaspace       used 6568K, capacity 7320K, committed 7680K, reserved 1056768K
  class space    used 615K, capacity 656K, committed 768K, reserved 1048576K
}
Event: 16,985 GC heap before
{Heap before GC invocations=16 (full 3):
 PSYoungGen      total 570368K, used 564957K [0x00000000d5580000, 0x0000000100000000, 0x0000000100000000)
  eden space 471552K, 100% used [0x00000000d5580000,0x00000000f2200000,0x00000000f2200000)
  from space 98816K, 94% used [0x00000000f9f80000,0x00000000ffab76b8,0x0000000100000000)
  to   space 113664K, 0% used [0x00000000f2200000,0x00000000f2200000,0x00000000f9100000)
 ParOldGen       total 362496K, used 217133K [0x0000000080000000, 0x0000000096200000, 0x00000000d5580000)
  object space 362496K, 59% used [0x0000000080000000,0x000000008d40b788,0x0000000096200000)
 Metaspace       used 6582K, capacity 7320K, committed 7680K, reserved 1056768K
  class space    used 615K, capacity 656K, committed 768K, reserved 1048576K
Event: 17,278 GC heap after
Heap after GC invocations=16 (full 3):
 PSYoungGen      total 585216K, used 113641K [0x00000000d5580000, 0x0000000100000000, 0x0000000100000000)
  eden space 471552K, 0% used [0x00000000d5580000,0x00000000d5580000,0x00000000f2200000)
  from space 113664K, 99% used [0x00000000f2200000,0x00000000f90fa5a8,0x00000000f9100000)
  to   space 113664K, 0% used [0x00000000f9100000,0x00000000f9100000,0x0000000100000000)
 ParOldGen       total 362496K, used 248964K [0x0000000080000000, 0x0000000096200000, 0x00000000d5580000)
  object space 362496K, 68% used [0x0000000080000000,0x000000008f3210d8,0x0000000096200000)
 Metaspace       used 6582K, capacity 7320K, committed 7680K, reserved 1056768K
  class space    used 615K, capacity 656K, committed 768K, reserved 1048576K
}
Event: 19,350 GC heap before
{Heap before GC invocations=17 (full 3):
 PSYoungGen      total 585216K, used 585193K [0x00000000d5580000, 0x0000000100000000, 0x0000000100000000)
  eden space 471552K, 100% used [0x00000000d5580000,0x00000000f2200000,0x00000000f2200000)
  from space 113664K, 99% used [0x00000000f2200000,0x00000000f90fa5a8,0x00000000f9100000)
  to   space 113664K, 0% used [0x00000000f9100000,0x00000000f9100000,0x0000000100000000)
 ParOldGen       total 362496K, used 248964K [0x0000000080000000, 0x0000000096200000, 0x00000000d5580000)
  object space 362496K, 68% used [0x0000000080000000,0x000000008f3210d8,0x0000000096200000)
 Metaspace       used 6589K, capacity 7320K, committed 7680K, reserved 1056768K
  class space    used 616K, capacity 656K, committed 768K, reserved 1048576K
Event: 19,638 GC heap after
Heap after GC invocations=17 (full 3):
 PSYoungGen      total 441856K, used 113640K [0x00000000d5580000, 0x0000000100000000, 0x0000000100000000)
  eden space 328192K, 0% used [0x00000000d5580000,0x00000000d5580000,0x00000000e9600000)
  from space 113664K, 99% used [0x00000000f9100000,0x00000000ffffa0f8,0x0000000100000000)
  to   space 185344K, 0% used [0x00000000e9600000,0x00000000e9600000,0x00000000f4b00000)
 ParOldGen       total 362496K, used 320796K [0x0000000080000000, 0x0000000096200000, 0x00000000d5580000)
  object space 362496K, 88% used [0x0000000080000000,0x0000000093947320,0x0000000096200000)
 Metaspace       used 6589K, capacity 7320K, committed 7680K, reserved 1056768K
  class space    used 616K, capacity 656K, committed 768K, reserved 1048576K
}
Event: 19,638 GC heap before
{Heap before GC invocations=18 (full 4):
 PSYoungGen      total 441856K, used 113640K [0x00000000d5580000, 0x0000000100000000, 0x0000000100000000)
  eden space 328192K, 0% used [0x00000000d5580000,0x00000000d5580000,0x00000000e9600000)
  from space 113664K, 99% used [0x00000000f9100000,0x00000000ffffa0f8,0x0000000100000000)
  to   space 185344K, 0% used [0x00000000e9600000,0x00000000e9600000,0x00000000f4b00000)
 ParOldGen       total 362496K, used 320796K [0x0000000080000000, 0x0000000096200000, 0x00000000d5580000)
  object space 362496K, 88% used [0x0000000080000000,0x0000000093947320,0x0000000096200000)
 Metaspace       used 6589K, capacity 7320K, committed 7680K, reserved 1056768K
  class space    used 616K, capacity 656K, committed 768K, reserved 1048576K

