# JRE version: Java(TM) SE Runtime Environment (8.0_66-b17) (build 1.8.0_66-b17)
# Java VM: Java HotSpot(TM) 64-Bit Server VM (25.66-b17 mixed mode linux-amd64 compressed oops)
Heap:
 PSYoungGen      total 465920K, used 0K [0x00000000d5580000, 0x0000000100000000, 0x0000000100000000)
  eden space 232960K, 0% used [0x00000000d5580000,0x00000000d5580000,0x00000000e3900000)
  from space 232960K, 0% used [0x00000000e3900000,0x00000000e3900000,0x00000000f1c80000)
  to   space 232960K, 0% used [0x00000000f1c80000,0x00000000f1c80000,0x0000000100000000)
 ParOldGen       total 862208K, used 857809K [0x0000000080000000, 0x00000000b4a00000, 0x00000000d5580000)
  object space 862208K, 99% used [0x0000000080000000,0x00000000b45b4500,0x00000000b4a00000)
 Metaspace       used 6732K, capacity 7384K, committed 7680K, reserved 1056768K
  class space    used 624K, capacity 656K, committed 768K, reserved 1048576K
GC Heap History (10 events):
Event: 29,039 GC heap after
Heap after GC invocations=24 (full 5):
 PSYoungGen      total 506368K, used 134491K [0x00000000d5580000, 0x0000000100000000, 0x0000000100000000)
  eden space 328192K, 0% used [0x00000000d5580000,0x00000000d5580000,0x00000000e9600000)
  from space 178176K, 75% used [0x00000000e9600000,0x00000000f1956cf0,0x00000000f4400000)
  to   space 191488K, 0% used [0x00000000f4500000,0x00000000f4500000,0x0000000100000000)
 ParOldGen       total 862208K, used 581083K [0x0000000080000000, 0x00000000b4a00000, 0x00000000d5580000)
  object space 862208K, 67% used [0x0000000080000000,0x00000000a3776fb0,0x00000000b4a00000)
 Metaspace       used 6601K, capacity 7320K, committed 7680K, reserved 1056768K
  class space    used 617K, capacity 656K, committed 768K, reserved 1048576K
}
Event: 30,113 GC heap before
{Heap before GC invocations=25 (full 5):
 PSYoungGen      total 506368K, used 462683K [0x00000000d5580000, 0x0000000100000000, 0x0000000100000000)
  eden space 328192K, 100% used [0x00000000d5580000,0x00000000e9600000,0x00000000e9600000)
  from space 178176K, 75% used [0x00000000e9600000,0x00000000f1956cf0,0x00000000f4400000)
  to   space 191488K, 0% used [0x00000000f4500000,0x00000000f4500000,0x0000000100000000)
 ParOldGen       total 862208K, used 581083K [0x0000000080000000, 0x00000000b4a00000, 0x00000000d5580000)
  object space 862208K, 67% used [0x0000000080000000,0x00000000a3776fb0,0x00000000b4a00000)
 Metaspace       used 6712K, capacity 7384K, committed 7680K, reserved 1056768K
  class space    used 623K, capacity 656K, committed 768K, reserved 1048576K
Event: 30,397 GC heap after
Heap after GC invocations=25 (full 5):
 PSYoungGen      total 452096K, used 182928K [0x00000000d5580000, 0x0000000100000000, 0x0000000100000000)
  eden space 260608K, 0% used [0x00000000d5580000,0x00000000d5580000,0x00000000e5400000)
  from space 191488K, 95% used [0x00000000f4500000,0x00000000ff7a40a8,0x0000000100000000)
  to   space 219136K, 0% used [0x00000000e5400000,0x00000000e5400000,0x00000000f2a00000)
 ParOldGen       total 862208K, used 581083K [0x0000000080000000, 0x00000000b4a00000, 0x00000000d5580000)
  object space 862208K, 67% used [0x0000000080000000,0x00000000a3776fb0,0x00000000b4a00000)
 Metaspace       used 6712K, capacity 7384K, committed 7680K, reserved 1056768K
  class space    used 623K, capacity 656K, committed 768K, reserved 1048576K
}
Event: 31,239 GC heap before
{Heap before GC invocations=26 (full 5):
 PSYoungGen      total 452096K, used 443536K [0x00000000d5580000, 0x0000000100000000, 0x0000000100000000)
  eden space 260608K, 100% used [0x00000000d5580000,0x00000000e5400000,0x00000000e5400000)
  from space 191488K, 95% used [0x00000000f4500000,0x00000000ff7a40a8,0x0000000100000000)
  to   space 219136K, 0% used [0x00000000e5400000,0x00000000e5400000,0x00000000f2a00000)
 ParOldGen       total 862208K, used 581083K [0x0000000080000000, 0x00000000b4a00000, 0x00000000d5580000)
  object space 862208K, 67% used [0x0000000080000000,0x00000000a3776fb0,0x00000000b4a00000)
 Metaspace       used 6713K, capacity 7384K, committed 7680K, reserved 1056768K
  class space    used 623K, capacity 656K, committed 768K, reserved 1048576K
Event: 31,581 GC heap after
Heap after GC invocations=26 (full 5):
 PSYoungGen      total 479744K, used 219129K [0x00000000d5580000, 0x0000000100000000, 0x0000000100000000)
  eden space 260608K, 0% used [0x00000000d5580000,0x00000000d5580000,0x00000000e5400000)
  from space 219136K, 99% used [0x00000000e5400000,0x00000000f29fe7a0,0x00000000f2a00000)
  to   space 219136K, 0% used [0x00000000f2a00000,0x00000000f2a00000,0x0000000100000000)
 ParOldGen       total 862208K, used 581605K [0x0000000080000000, 0x00000000b4a00000, 0x00000000d5580000)
  object space 862208K, 67% used [0x0000000080000000,0x00000000a37f94d0,0x00000000b4a00000)
 Metaspace       used 6713K, capacity 7384K, committed 7680K, reserved 1056768K
  class space    used 623K, capacity 656K, committed 768K, reserved 1048576K
}
Event: 32,433 GC heap before
{Heap before GC invocations=27 (full 5):
 PSYoungGen      total 479744K, used 479737K [0x00000000d5580000, 0x0000000100000000, 0x0000000100000000)
  eden space 260608K, 100% used [0x00000000d5580000,0x00000000e5400000,0x00000000e5400000)
  from space 219136K, 99% used [0x00000000e5400000,0x00000000f29fe7a0,0x00000000f2a00000)
  to   space 219136K, 0% used [0x00000000f2a00000,0x00000000f2a00000,0x0000000100000000)
 ParOldGen       total 862208K, used 581605K [0x0000000080000000, 0x00000000b4a00000, 0x00000000d5580000)
  object space 862208K, 67% used [0x0000000080000000,0x00000000a37f94d0,0x00000000b4a00000)
 Metaspace       used 6713K, capacity 7384K, committed 7680K, reserved 1056768K
  class space    used 623K, capacity 656K, committed 768K, reserved 1048576K
Event: 32,840 GC heap after
Heap after GC invocations=27 (full 5):
 PSYoungGen      total 452096K, used 170728K [0x00000000d5580000, 0x0000000100000000, 0x0000000100000000)
  eden space 232960K, 0% used [0x00000000d5580000,0x00000000d5580000,0x00000000e3900000)
  from space 219136K, 77% used [0x00000000f2a00000,0x00000000fd0ba100,0x0000000100000000)
  to   space 232960K, 0% used [0x00000000e3900000,0x00000000e3900000,0x00000000f1c80000)
 ParOldGen       total 862208K, used 667606K [0x0000000080000000, 0x00000000b4a00000, 0x00000000d5580000)
  object space 862208K, 77% used [0x0000000080000000,0x00000000a8bf5890,0x00000000b4a00000)
 Metaspace       used 6713K, capacity 7384K, committed 7680K, reserved 1056768K
  class space    used 623K, capacity 656K, committed 768K, reserved 1048576K
}
Event: 33,781 GC heap before
{Heap before GC invocations=28 (full 5):
 PSYoungGen      total 452096K, used 403688K [0x00000000d5580000, 0x0000000100000000, 0x0000000100000000)
  eden space 232960K, 100% used [0x00000000d5580000,0x00000000e3900000,0x00000000e3900000)
  from space 219136K, 77% used [0x00000000f2a00000,0x00000000fd0ba100,0x0000000100000000)
  to   space 232960K, 0% used [0x00000000e3900000,0x00000000e3900000,0x00000000f1c80000)
 ParOldGen       total 862208K, used 667606K [0x0000000080000000, 0x00000000b4a00000, 0x00000000d5580000)
  object space 862208K, 77% used [0x0000000080000000,0x00000000a8bf5890,0x00000000b4a00000)
 Metaspace       used 6732K, capacity 7384K, committed 7680K, reserved 1056768K
  class space    used 624K, capacity 656K, committed 768K, reserved 1048576K
Event: 34,240 GC heap after
Heap after GC invocations=28 (full 5):
 PSYoungGen      total 465920K, used 111589K [0x00000000d5580000, 0x0000000100000000, 0x0000000100000000)
  eden space 232960K, 0% used [0x00000000d5580000,0x00000000d5580000,0x00000000e3900000)
  from space 232960K, 47% used [0x00000000e3900000,0x00000000ea5f9648,0x00000000f1c80000)
  to   space 232960K, 0% used [0x00000000f1c80000,0x00000000f1c80000,0x0000000100000000)
 ParOldGen       total 862208K, used 763635K [0x0000000080000000, 0x00000000b4a00000, 0x00000000d5580000)
  object space 862208K, 88% used [0x0000000080000000,0x00000000ae9bcee8,0x00000000b4a00000)
 Metaspace       used 6732K, capacity 7384K, committed 7680K, reserved 1056768K
  class space    used 624K, capacity 656K, committed 768K, reserved 1048576K
}
Event: 34,240 GC heap before
{Heap before GC invocations=29 (full 6):
 PSYoungGen      total 465920K, used 111589K [0x00000000d5580000, 0x0000000100000000, 0x0000000100000000)
  eden space 232960K, 0% used [0x00000000d5580000,0x00000000d5580000,0x00000000e3900000)
  from space 232960K, 47% used [0x00000000e3900000,0x00000000ea5f9648,0x00000000f1c80000)
  to   space 232960K, 0% used [0x00000000f1c80000,0x00000000f1c80000,0x0000000100000000)
 ParOldGen       total 862208K, used 763635K [0x0000000080000000, 0x00000000b4a00000, 0x00000000d5580000)
  object space 862208K, 88% used [0x0000000080000000,0x00000000ae9bcee8,0x00000000b4a00000)
 Metaspace       used 6732K, capacity 7384K, committed 7680K, reserved 1056768K
  class space    used 624K, capacity 656K, committed 768K, reserved 1048576K

