# JRE version: Java(TM) SE Runtime Environment (8.0_66-b17) (build 1.8.0_66-b17)
# Java VM: Java HotSpot(TM) 64-Bit Server VM (25.66-b17 mixed mode linux-amd64 compressed oops)
Heap:
 PSYoungGen      total 465920K, used 106824K [0x00000000d5580000, 0x0000000100000000, 0x0000000100000000)
  eden space 232960K, 0% used [0x00000000d5580000,0x00000000d5580000,0x00000000e3900000)
  from space 232960K, 45% used [0x00000000e3900000,0x00000000ea1522e8,0x00000000f1c80000)
  to   space 232960K, 0% used [0x00000000f1c80000,0x00000000f1c80000,0x0000000100000000)
 ParOldGen       total 551424K, used 551187K [0x0000000080000000, 0x00000000a1a80000, 0x00000000d5580000)
  object space 551424K, 99% used [0x0000000080000000,0x00000000a1a44c30,0x00000000a1a80000)
 Metaspace       used 6599K, capacity 7320K, committed 7680K, reserved 1056768K
  class space    used 616K, capacity 656K, committed 768K, reserved 1048576K
GC Heap History (10 events):
Event: 18,240 GC heap after
Heap after GC invocations=19 (full 4):
 PSYoungGen      total 480768K, used 113558K [0x00000000d5580000, 0x0000000100000000, 0x0000000100000000)
  eden space 367104K, 0% used [0x00000000d5580000,0x00000000d5580000,0x00000000ebc00000)
  from space 113664K, 99% used [0x00000000ebc00000,0x00000000f2ae5bf8,0x00000000f2b00000)
  to   space 175104K, 0% used [0x00000000f5500000,0x00000000f5500000,0x0000000100000000)
 ParOldGen       total 551424K, used 359356K [0x0000000080000000, 0x00000000a1a80000, 0x00000000d5580000)
  object space 551424K, 65% used [0x0000000080000000,0x0000000095eef3a8,0x00000000a1a80000)
 Metaspace       used 6596K, capacity 7320K, committed 7680K, reserved 1056768K
  class space    used 616K, capacity 656K, committed 768K, reserved 1048576K
}
Event: 19,206 GC heap before
{Heap before GC invocations=20 (full 4):
 PSYoungGen      total 480768K, used 480662K [0x00000000d5580000, 0x0000000100000000, 0x0000000100000000)
  eden space 367104K, 100% used [0x00000000d5580000,0x00000000ebc00000,0x00000000ebc00000)
  from space 113664K, 99% used [0x00000000ebc00000,0x00000000f2ae5bf8,0x00000000f2b00000)
  to   space 175104K, 0% used [0x00000000f5500000,0x00000000f5500000,0x0000000100000000)
 ParOldGen       total 551424K, used 359356K [0x0000000080000000, 0x00000000a1a80000, 0x00000000d5580000)
  object space 551424K, 65% used [0x0000000080000000,0x0000000095eef3a8,0x00000000a1a80000)
 Metaspace       used 6598K, capacity 7320K, committed 7680K, reserved 1056768K
  class space    used 616K, capacity 656K, committed 768K, reserved 1048576K
Event: 19,412 GC heap after
Heap after GC invocations=20 (full 4):
 PSYoungGen      total 467456K, used 170423K [0x00000000d5580000, 0x0000000100000000, 0x0000000100000000)
  eden space 292352K, 0% used [0x00000000d5580000,0x00000000d5580000,0x00000000e7300000)
  from space 175104K, 97% used [0x00000000f5500000,0x00000000ffb6dd60,0x0000000100000000)
  to   space 203264K, 0% used [0x00000000e7300000,0x00000000e7300000,0x00000000f3980000)
 ParOldGen       total 551424K, used 359356K [0x0000000080000000, 0x00000000a1a80000, 0x00000000d5580000)
  object space 551424K, 65% used [0x0000000080000000,0x0000000095eef3a8,0x00000000a1a80000)
 Metaspace       used 6598K, capacity 7320K, committed 7680K, reserved 1056768K
  class space    used 616K, capacity 656K, committed 768K, reserved 1048576K
}
Event: 20,209 GC heap before
{Heap before GC invocations=21 (full 4):
 PSYoungGen      total 467456K, used 462775K [0x00000000d5580000, 0x0000000100000000, 0x0000000100000000)
  eden space 292352K, 100% used [0x00000000d5580000,0x00000000e7300000,0x00000000e7300000)
  from space 175104K, 97% used [0x00000000f5500000,0x00000000ffb6dd60,0x0000000100000000)
  to   space 203264K, 0% used [0x00000000e7300000,0x00000000e7300000,0x00000000f3980000)
 ParOldGen       total 551424K, used 359356K [0x0000000080000000, 0x00000000a1a80000, 0x00000000d5580000)
  object space 551424K, 65% used [0x0000000080000000,0x0000000095eef3a8,0x00000000a1a80000)
 Metaspace       used 6598K, capacity 7320K, committed 7680K, reserved 1056768K
  class space    used 616K, capacity 656K, committed 768K, reserved 1048576K
Event: 20,441 GC heap after
Heap after GC invocations=21 (full 4):
 PSYoungGen      total 495616K, used 203234K [0x00000000d5580000, 0x0000000100000000, 0x0000000100000000)
  eden space 292352K, 0% used [0x00000000d5580000,0x00000000d5580000,0x00000000e7300000)
  from space 203264K, 99% used [0x00000000e7300000,0x00000000f3978af0,0x00000000f3980000)
  to   space 203264K, 0% used [0x00000000f3980000,0x00000000f3980000,0x0000000100000000)
 ParOldGen       total 551424K, used 372908K [0x0000000080000000, 0x00000000a1a80000, 0x00000000d5580000)
  object space 551424K, 67% used [0x0000000080000000,0x0000000096c2b0f0,0x00000000a1a80000)
 Metaspace       used 6598K, capacity 7320K, committed 7680K, reserved 1056768K
  class space    used 616K, capacity 656K, committed 768K, reserved 1048576K
}
Event: 21,236 GC heap before
{Heap before GC invocations=22 (full 4):
 PSYoungGen      total 495616K, used 495586K [0x00000000d5580000, 0x0000000100000000, 0x0000000100000000)
  eden space 292352K, 100% used [0x00000000d5580000,0x00000000e7300000,0x00000000e7300000)
  from space 203264K, 99% used [0x00000000e7300000,0x00000000f3978af0,0x00000000f3980000)
  to   space 203264K, 0% used [0x00000000f3980000,0x00000000f3980000,0x0000000100000000)
 ParOldGen       total 551424K, used 372908K [0x0000000080000000, 0x00000000a1a80000, 0x00000000d5580000)
  object space 551424K, 67% used [0x0000000080000000,0x0000000096c2b0f0,0x00000000a1a80000)
 Metaspace       used 6599K, capacity 7320K, committed 7680K, reserved 1056768K
  class space    used 616K, capacity 656K, committed 768K, reserved 1048576K
Event: 21,715 GC heap after
Heap after GC invocations=22 (full 4):
 PSYoungGen      total 436224K, used 203246K [0x00000000d5580000, 0x0000000100000000, 0x0000000100000000)
  eden space 232960K, 0% used [0x00000000d5580000,0x00000000d5580000,0x00000000e3900000)
  from space 203264K, 99% used [0x00000000f3980000,0x00000000ffffba00,0x0000000100000000)
  to   space 232960K, 0% used [0x00000000e3900000,0x00000000e3900000,0x00000000f1c80000)
 ParOldGen       total 551424K, used 422349K [0x0000000080000000, 0x00000000a1a80000, 0x00000000d5580000)
  object space 551424K, 76% used [0x0000000080000000,0x0000000099c73588,0x00000000a1a80000)
 Metaspace       used 6599K, capacity 7320K, committed 7680K, reserved 1056768K
  class space    used 616K, capacity 656K, committed 768K, reserved 1048576K
}
Event: 22,333 GC heap before
{Heap before GC invocations=23 (full 4):
 PSYoungGen      total 436224K, used 436206K [0x00000000d5580000, 0x0000000100000000, 0x0000000100000000)
  eden space 232960K, 100% used [0x00000000d5580000,0x00000000e3900000,0x00000000e3900000)
  from space 203264K, 99% used [0x00000000f3980000,0x00000000ffffba00,0x0000000100000000)
  to   space 232960K, 0% used [0x00000000e3900000,0x00000000e3900000,0x00000000f1c80000)
 ParOldGen       total 551424K, used 422349K [0x0000000080000000, 0x00000000a1a80000, 0x00000000d5580000)
  object space 551424K, 76% used [0x0000000080000000,0x0000000099c73588,0x00000000a1a80000)
 Metaspace       used 6599K, capacity 7320K, committed 7680K, reserved 1056768K
  class space    used 616K, capacity 656K, committed 768K, reserved 1048576K
Event: 22,834 GC heap after
Heap after GC invocations=23 (full 4):
 PSYoungGen      total 465920K, used 132860K [0x00000000d5580000, 0x0000000100000000, 0x0000000100000000)
  eden space 232960K, 0% used [0x00000000d5580000,0x00000000d5580000,0x00000000e3900000)
  from space 232960K, 57% used [0x00000000e3900000,0x00000000ebabf1c0,0x00000000f1c80000)
  to   space 232960K, 0% used [0x00000000f1c80000,0x00000000f1c80000,0x0000000100000000)
 ParOldGen       total 551424K, used 532265K [0x0000000080000000, 0x00000000a1a80000, 0x00000000d5580000)
  object space 551424K, 96% used [0x0000000080000000,0x00000000a07ca4e8,0x00000000a1a80000)
 Metaspace       used 6599K, capacity 7320K, committed 7680K, reserved 1056768K
  class space    used 616K, capacity 656K, committed 768K, reserved 1048576K
}
Event: 22,841 GC heap before
{Heap before GC invocations=24 (full 5):
 PSYoungGen      total 465920K, used 132860K [0x00000000d5580000, 0x0000000100000000, 0x0000000100000000)
  eden space 232960K, 0% used [0x00000000d5580000,0x00000000d5580000,0x00000000e3900000)
  from space 232960K, 57% used [0x00000000e3900000,0x00000000ebabf1c0,0x00000000f1c80000)
  to   space 232960K, 0% used [0x00000000f1c80000,0x00000000f1c80000,0x0000000100000000)
 ParOldGen       total 551424K, used 532265K [0x0000000080000000, 0x00000000a1a80000, 0x00000000d5580000)
  object space 551424K, 96% used [0x0000000080000000,0x00000000a07ca4e8,0x00000000a1a80000)
 Metaspace       used 6599K, capacity 7320K, committed 7680K, reserved 1056768K
  class space    used 616K, capacity 656K, committed 768K, reserved 1048576K

