# JRE version: Java(TM) SE Runtime Environment (8.0_66-b17) (build 1.8.0_66-b17)
# Java VM: Java HotSpot(TM) 64-Bit Server VM (25.66-b17 mixed mode linux-amd64 compressed oops)
Heap:
 PSYoungGen      total 445440K, used 0K [0x00000000d5580000, 0x0000000100000000, 0x0000000100000000)
  eden space 293376K, 0% used [0x00000000d5580000,0x00000000d5580000,0x00000000e7400000)
  from space 152064K, 0% used [0x00000000f6b80000,0x00000000f6b80000,0x0000000100000000)
  to   space 202752K, 0% used [0x00000000e7400000,0x00000000e7400000,0x00000000f3a00000)
 ParOldGen       total 756224K, used 737060K [0x0000000080000000, 0x00000000ae280000, 0x00000000d5580000)
  object space 756224K, 97% used [0x0000000080000000,0x00000000acfc90c8,0x00000000ae280000)
 Metaspace       used 6478K, capacity 7282K, committed 7552K, reserved 1056768K
  class space    used 608K, capacity 618K, committed 640K, reserved 1048576K
GC Heap History (10 events):
Event: 25,495 GC heap after
Heap after GC invocations=21 (full 4):
 PSYoungGen      total 555008K, used 65543K [0x00000000d5580000, 0x0000000100000000, 0x0000000100000000)
  eden space 411136K, 0% used [0x00000000d5580000,0x00000000d5580000,0x00000000ee700000)
  from space 143872K, 45% used [0x00000000ee700000,0x00000000f2701d60,0x00000000f7380000)
  to   space 138240K, 0% used [0x00000000f7900000,0x00000000f7900000,0x0000000100000000)
 ParOldGen       total 521728K, used 521263K [0x0000000080000000, 0x000000009fd80000, 0x00000000d5580000)
  object space 521728K, 99% used [0x0000000080000000,0x000000009fd0bc50,0x000000009fd80000)
 Metaspace       used 6466K, capacity 7282K, committed 7552K, reserved 1056768K
  class space    used 606K, capacity 618K, committed 640K, reserved 1048576K
}
Event: 25,495 GC heap before
{Heap before GC invocations=22 (full 5):
 PSYoungGen      total 555008K, used 65543K [0x00000000d5580000, 0x0000000100000000, 0x0000000100000000)
  eden space 411136K, 0% used [0x00000000d5580000,0x00000000d5580000,0x00000000ee700000)
  from space 143872K, 45% used [0x00000000ee700000,0x00000000f2701d60,0x00000000f7380000)
  to   space 138240K, 0% used [0x00000000f7900000,0x00000000f7900000,0x0000000100000000)
 ParOldGen       total 521728K, used 521263K [0x0000000080000000, 0x000000009fd80000, 0x00000000d5580000)
  object space 521728K, 99% used [0x0000000080000000,0x000000009fd0bc50,0x000000009fd80000)
 Metaspace       used 6466K, capacity 7282K, committed 7552K, reserved 1056768K
  class space    used 606K, capacity 618K, committed 640K, reserved 1048576K
Event: 30,816 GC heap after
Heap after GC invocations=22 (full 5):
 PSYoungGen      total 555008K, used 58047K [0x00000000d5580000, 0x0000000100000000, 0x0000000100000000)
  eden space 411136K, 0% used [0x00000000d5580000,0x00000000d5580000,0x00000000ee700000)
  from space 143872K, 40% used [0x00000000ee700000,0x00000000f1fafde0,0x00000000f7380000)
  to   space 138240K, 0% used [0x00000000f7900000,0x00000000f7900000,0x0000000100000000)
 ParOldGen       total 756224K, used 521233K [0x0000000080000000, 0x00000000ae280000, 0x00000000d5580000)
  object space 756224K, 68% used [0x0000000080000000,0x000000009fd04628,0x00000000ae280000)
 Metaspace       used 6466K, capacity 7282K, committed 7552K, reserved 1056768K
  class space    used 606K, capacity 618K, committed 640K, reserved 1048576K
}
Event: 32,385 GC heap before
{Heap before GC invocations=23 (full 5):
 PSYoungGen      total 555008K, used 469183K [0x00000000d5580000, 0x0000000100000000, 0x0000000100000000)
  eden space 411136K, 100% used [0x00000000d5580000,0x00000000ee700000,0x00000000ee700000)
  from space 143872K, 40% used [0x00000000ee700000,0x00000000f1fafde0,0x00000000f7380000)
  to   space 138240K, 0% used [0x00000000f7900000,0x00000000f7900000,0x0000000100000000)
 ParOldGen       total 756224K, used 521233K [0x0000000080000000, 0x00000000ae280000, 0x00000000d5580000)
  object space 756224K, 68% used [0x0000000080000000,0x000000009fd04628,0x00000000ae280000)
 Metaspace       used 6467K, capacity 7282K, committed 7552K, reserved 1056768K
  class space    used 606K, capacity 618K, committed 640K, reserved 1048576K
Event: 32,887 GC heap after
Heap after GC invocations=23 (full 5):
 PSYoungGen      total 532992K, used 116967K [0x00000000d5580000, 0x0000000100000000, 0x0000000100000000)
  eden space 394752K, 0% used [0x00000000d5580000,0x00000000d5580000,0x00000000ed700000)
  from space 138240K, 84% used [0x00000000f7900000,0x00000000feb39f20,0x0000000100000000)
  to   space 152064K, 0% used [0x00000000ed700000,0x00000000ed700000,0x00000000f6b80000)
 ParOldGen       total 756224K, used 521241K [0x0000000080000000, 0x00000000ae280000, 0x00000000d5580000)
  object space 756224K, 68% used [0x0000000080000000,0x000000009fd06628,0x00000000ae280000)
 Metaspace       used 6467K, capacity 7282K, committed 7552K, reserved 1056768K
  class space    used 606K, capacity 618K, committed 640K, reserved 1048576K
}
Event: 36,131 GC heap before
{Heap before GC invocations=24 (full 5):
 PSYoungGen      total 532992K, used 511719K [0x00000000d5580000, 0x0000000100000000, 0x0000000100000000)
  eden space 394752K, 100% used [0x00000000d5580000,0x00000000ed700000,0x00000000ed700000)
  from space 138240K, 84% used [0x00000000f7900000,0x00000000feb39f20,0x0000000100000000)
  to   space 152064K, 0% used [0x00000000ed700000,0x00000000ed700000,0x00000000f6b80000)
 ParOldGen       total 756224K, used 521241K [0x0000000080000000, 0x00000000ae280000, 0x00000000d5580000)
  object space 756224K, 68% used [0x0000000080000000,0x000000009fd06628,0x00000000ae280000)
 Metaspace       used 6476K, capacity 7282K, committed 7552K, reserved 1056768K
  class space    used 608K, capacity 618K, committed 640K, reserved 1048576K
Event: 36,569 GC heap after
Heap after GC invocations=24 (full 5):
 PSYoungGen      total 546816K, used 152045K [0x00000000d5580000, 0x0000000100000000, 0x0000000100000000)
  eden space 394752K, 0% used [0x00000000d5580000,0x00000000d5580000,0x00000000ed700000)
  from space 152064K, 99% used [0x00000000ed700000,0x00000000f6b7b430,0x00000000f6b80000)
  to   space 152064K, 0% used [0x00000000f6b80000,0x00000000f6b80000,0x0000000100000000)
 ParOldGen       total 756224K, used 561463K [0x0000000080000000, 0x00000000ae280000, 0x00000000d5580000)
  object space 756224K, 74% used [0x0000000080000000,0x00000000a244dc70,0x00000000ae280000)
 Metaspace       used 6476K, capacity 7282K, committed 7552K, reserved 1056768K
  class space    used 608K, capacity 618K, committed 640K, reserved 1048576K
}
Event: 38,657 GC heap before
{Heap before GC invocations=25 (full 5):
 PSYoungGen      total 546816K, used 546797K [0x00000000d5580000, 0x0000000100000000, 0x0000000100000000)
  eden space 394752K, 100% used [0x00000000d5580000,0x00000000ed700000,0x00000000ed700000)
  from space 152064K, 99% used [0x00000000ed700000,0x00000000f6b7b430,0x00000000f6b80000)
  to   space 152064K, 0% used [0x00000000f6b80000,0x00000000f6b80000,0x0000000100000000)
 ParOldGen       total 756224K, used 561463K [0x0000000080000000, 0x00000000ae280000, 0x00000000d5580000)
  object space 756224K, 74% used [0x0000000080000000,0x00000000a244dc70,0x00000000ae280000)
 Metaspace       used 6478K, capacity 7282K, committed 7552K, reserved 1056768K
  class space    used 608K, capacity 618K, committed 640K, reserved 1048576K
Event: 39,198 GC heap after
Heap after GC invocations=25 (full 5):
 PSYoungGen      total 445440K, used 140251K [0x00000000d5580000, 0x0000000100000000, 0x0000000100000000)
  eden space 293376K, 0% used [0x00000000d5580000,0x00000000d5580000,0x00000000e7400000)
  from space 152064K, 92% used [0x00000000f6b80000,0x00000000ff476c80,0x0000000100000000)
  to   space 202752K, 0% used [0x00000000e7400000,0x00000000e7400000,0x00000000f3a00000)
 ParOldGen       total 756224K, used 646146K [0x0000000080000000, 0x00000000ae280000, 0x00000000d5580000)
  object space 756224K, 85% used [0x0000000080000000,0x00000000a7700b38,0x00000000ae280000)
 Metaspace       used 6478K, capacity 7282K, committed 7552K, reserved 1056768K
  class space    used 608K, capacity 618K, committed 640K, reserved 1048576K
}
Event: 39,198 GC heap before
{Heap before GC invocations=26 (full 6):
 PSYoungGen      total 445440K, used 140251K [0x00000000d5580000, 0x0000000100000000, 0x0000000100000000)
  eden space 293376K, 0% used [0x00000000d5580000,0x00000000d5580000,0x00000000e7400000)
  from space 152064K, 92% used [0x00000000f6b80000,0x00000000ff476c80,0x0000000100000000)
  to   space 202752K, 0% used [0x00000000e7400000,0x00000000e7400000,0x00000000f3a00000)
 ParOldGen       total 756224K, used 646146K [0x0000000080000000, 0x00000000ae280000, 0x00000000d5580000)
  object space 756224K, 85% used [0x0000000080000000,0x00000000a7700b38,0x00000000ae280000)
 Metaspace       used 6478K, capacity 7282K, committed 7552K, reserved 1056768K
  class space    used 608K, capacity 618K, committed 640K, reserved 1048576K

