# JRE version: Java(TM) SE Runtime Environment (8.0_66-b17) (build 1.8.0_66-b17)
# Java VM: Java HotSpot(TM) 64-Bit Server VM (25.66-b17 mixed mode linux-amd64 compressed oops)
Heap:
 PSYoungGen      total 523264K, used 0K [0x00000000d5580000, 0x0000000100000000, 0x0000000100000000)
  eden space 428544K, 0% used [0x00000000d5580000,0x00000000d5580000,0x00000000ef800000)
  from space 94720K, 0% used [0x00000000ef800000,0x00000000ef800000,0x00000000f5480000)
  to   space 100864K, 0% used [0x00000000f9d80000,0x00000000f9d80000,0x0000000100000000)
 ParOldGen       total 245248K, used 231359K [0x0000000080000000, 0x000000008ef80000, 0x00000000d5580000)
  object space 245248K, 94% used [0x0000000080000000,0x000000008e1efe58,0x000000008ef80000)
 Metaspace       used 6559K, capacity 7320K, committed 7680K, reserved 1056768K
  class space    used 615K, capacity 656K, committed 768K, reserved 1048576K
GC Heap History (10 events):
Event: 4,485 GC heap after
Heap after GC invocations=9 (full 1):
 PSYoungGen      total 399360K, used 16336K [0x00000000d5580000, 0x00000000f1c80000, 0x0000000100000000)
  eden space 365056K, 0% used [0x00000000d5580000,0x00000000d5580000,0x00000000eba00000)
  from space 34304K, 47% used [0x00000000ee600000,0x00000000ef5f42b0,0x00000000f0780000)
  to   space 45056K, 0% used [0x00000000eba00000,0x00000000eba00000,0x00000000ee600000)
 ParOldGen       total 118784K, used 62561K [0x0000000080000000, 0x0000000087400000, 0x00000000d5580000)
  object space 118784K, 52% used [0x0000000080000000,0x0000000083d18658,0x0000000087400000)
 Metaspace       used 6414K, capacity 7256K, committed 7424K, reserved 1056768K
  class space    used 613K, capacity 656K, committed 768K, reserved 1048576K
}
Event: 5,727 GC heap before
{Heap before GC invocations=10 (full 1):
 PSYoungGen      total 399360K, used 381392K [0x00000000d5580000, 0x00000000f1c80000, 0x0000000100000000)
  eden space 365056K, 100% used [0x00000000d5580000,0x00000000eba00000,0x00000000eba00000)
  from space 34304K, 47% used [0x00000000ee600000,0x00000000ef5f42b0,0x00000000f0780000)
  to   space 45056K, 0% used [0x00000000eba00000,0x00000000eba00000,0x00000000ee600000)
 ParOldGen       total 118784K, used 62561K [0x0000000080000000, 0x0000000087400000, 0x00000000d5580000)
  object space 118784K, 52% used [0x0000000080000000,0x0000000083d18658,0x0000000087400000)
 Metaspace       used 6504K, capacity 7256K, committed 7424K, reserved 1056768K
  class space    used 614K, capacity 656K, committed 768K, reserved 1048576K
Event: 5,856 GC heap after
Heap after GC invocations=10 (full 1):
 PSYoungGen      total 410112K, used 45038K [0x00000000d5580000, 0x00000000f9200000, 0x0000000100000000)
  eden space 365056K, 0% used [0x00000000d5580000,0x00000000d5580000,0x00000000eba00000)
  from space 45056K, 99% used [0x00000000eba00000,0x00000000ee5fb900,0x00000000ee600000)
  to   space 62976K, 0% used [0x00000000f5480000,0x00000000f5480000,0x00000000f9200000)
 ParOldGen       total 118784K, used 85379K [0x0000000080000000, 0x0000000087400000, 0x00000000d5580000)
  object space 118784K, 71% used [0x0000000080000000,0x0000000085360ce8,0x0000000087400000)
 Metaspace       used 6504K, capacity 7256K, committed 7424K, reserved 1056768K
  class space    used 614K, capacity 656K, committed 768K, reserved 1048576K
}
Event: 7,155 GC heap before
{Heap before GC invocations=11 (full 1):
 PSYoungGen      total 410112K, used 410094K [0x00000000d5580000, 0x00000000f9200000, 0x0000000100000000)
  eden space 365056K, 100% used [0x00000000d5580000,0x00000000eba00000,0x00000000eba00000)
  from space 45056K, 99% used [0x00000000eba00000,0x00000000ee5fb900,0x00000000ee600000)
  to   space 62976K, 0% used [0x00000000f5480000,0x00000000f5480000,0x00000000f9200000)
 ParOldGen       total 118784K, used 85379K [0x0000000080000000, 0x0000000087400000, 0x00000000d5580000)
  object space 118784K, 71% used [0x0000000080000000,0x0000000085360ce8,0x0000000087400000)
 Metaspace       used 6546K, capacity 7320K, committed 7680K, reserved 1056768K
  class space    used 615K, capacity 656K, committed 768K, reserved 1048576K
Event: 7,456 GC heap after
Heap after GC invocations=11 (full 1):
 PSYoungGen      total 491520K, used 62947K [0x00000000d5580000, 0x00000000fdf00000, 0x0000000100000000)
  eden space 428544K, 0% used [0x00000000d5580000,0x00000000d5580000,0x00000000ef800000)
  from space 62976K, 99% used [0x00000000f5480000,0x00000000f91f8e60,0x00000000f9200000)
  to   space 94720K, 0% used [0x00000000ef800000,0x00000000ef800000,0x00000000f5480000)
 ParOldGen       total 142336K, used 142156K [0x0000000080000000, 0x0000000088b00000, 0x00000000d5580000)
  object space 142336K, 99% used [0x0000000080000000,0x0000000088ad3270,0x0000000088b00000)
 Metaspace       used 6546K, capacity 7320K, committed 7680K, reserved 1056768K
  class space    used 615K, capacity 656K, committed 768K, reserved 1048576K
}
Event: 7,456 GC heap before
{Heap before GC invocations=12 (full 2):
 PSYoungGen      total 491520K, used 62947K [0x00000000d5580000, 0x00000000fdf00000, 0x0000000100000000)
  eden space 428544K, 0% used [0x00000000d5580000,0x00000000d5580000,0x00000000ef800000)
  from space 62976K, 99% used [0x00000000f5480000,0x00000000f91f8e60,0x00000000f9200000)
  to   space 94720K, 0% used [0x00000000ef800000,0x00000000ef800000,0x00000000f5480000)
 ParOldGen       total 142336K, used 142156K [0x0000000080000000, 0x0000000088b00000, 0x00000000d5580000)
  object space 142336K, 99% used [0x0000000080000000,0x0000000088ad3270,0x0000000088b00000)
 Metaspace       used 6546K, capacity 7320K, committed 7680K, reserved 1056768K
  class space    used 615K, capacity 656K, committed 768K, reserved 1048576K
Event: 8,735 GC heap after
Heap after GC invocations=12 (full 2):
 PSYoungGen      total 491520K, used 58082K [0x00000000d5580000, 0x00000000fdf00000, 0x0000000100000000)
  eden space 428544K, 0% used [0x00000000d5580000,0x00000000d5580000,0x00000000ef800000)
  from space 62976K, 92% used [0x00000000f5480000,0x00000000f8d38b20,0x00000000f9200000)
  to   space 94720K, 0% used [0x00000000ef800000,0x00000000ef800000,0x00000000f5480000)
 ParOldGen       total 245248K, used 142155K [0x0000000080000000, 0x000000008ef80000, 0x00000000d5580000)
  object space 245248K, 57% used [0x0000000080000000,0x0000000088ad2dc8,0x000000008ef80000)
 Metaspace       used 6546K, capacity 7320K, committed 7680K, reserved 1056768K
  class space    used 615K, capacity 656K, committed 768K, reserved 1048576K
}
Event: 10,691 GC heap before
{Heap before GC invocations=13 (full 2):
 PSYoungGen      total 491520K, used 486626K [0x00000000d5580000, 0x00000000fdf00000, 0x0000000100000000)
  eden space 428544K, 100% used [0x00000000d5580000,0x00000000ef800000,0x00000000ef800000)
  from space 62976K, 92% used [0x00000000f5480000,0x00000000f8d38b20,0x00000000f9200000)
  to   space 94720K, 0% used [0x00000000ef800000,0x00000000ef800000,0x00000000f5480000)
 ParOldGen       total 245248K, used 142155K [0x0000000080000000, 0x000000008ef80000, 0x00000000d5580000)
  object space 245248K, 57% used [0x0000000080000000,0x0000000088ad2dc8,0x000000008ef80000)
 Metaspace       used 6559K, capacity 7320K, committed 7680K, reserved 1056768K
  class space    used 615K, capacity 656K, committed 768K, reserved 1048576K
Event: 11,075 GC heap after
Heap after GC invocations=13 (full 2):
 PSYoungGen      total 523264K, used 65570K [0x00000000d5580000, 0x0000000100000000, 0x0000000100000000)
  eden space 428544K, 0% used [0x00000000d5580000,0x00000000d5580000,0x00000000ef800000)
  from space 94720K, 69% used [0x00000000ef800000,0x00000000f3808ab8,0x00000000f5480000)
  to   space 100864K, 0% used [0x00000000f9d80000,0x00000000f9d80000,0x0000000100000000)
 ParOldGen       total 245248K, used 197656K [0x0000000080000000, 0x000000008ef80000, 0x00000000d5580000)
  object space 245248K, 80% used [0x0000000080000000,0x000000008c106090,0x000000008ef80000)
 Metaspace       used 6559K, capacity 7320K, committed 7680K, reserved 1056768K
  class space    used 615K, capacity 656K, committed 768K, reserved 1048576K
}
Event: 11,075 GC heap before
{Heap before GC invocations=14 (full 3):
 PSYoungGen      total 523264K, used 65570K [0x00000000d5580000, 0x0000000100000000, 0x0000000100000000)
  eden space 428544K, 0% used [0x00000000d5580000,0x00000000d5580000,0x00000000ef800000)
  from space 94720K, 69% used [0x00000000ef800000,0x00000000f3808ab8,0x00000000f5480000)
  to   space 100864K, 0% used [0x00000000f9d80000,0x00000000f9d80000,0x0000000100000000)
 ParOldGen       total 245248K, used 197656K [0x0000000080000000, 0x000000008ef80000, 0x00000000d5580000)
  object space 245248K, 80% used [0x0000000080000000,0x000000008c106090,0x000000008ef80000)
 Metaspace       used 6559K, capacity 7320K, committed 7680K, reserved 1056768K
  class space    used 615K, capacity 656K, committed 768K, reserved 1048576K

