# JRE version: Java(TM) SE Runtime Environment (8.0_66-b17) (build 1.8.0_66-b17)
# Java VM: Java HotSpot(TM) 64-Bit Server VM (25.66-b17 mixed mode linux-amd64 compressed oops)
Heap:
 PSYoungGen      total 465920K, used 114307K [0x00000000d5580000, 0x0000000100000000, 0x0000000100000000)
  eden space 232960K, 0% used [0x00000000d5580000,0x00000000d5580000,0x00000000e3900000)
  from space 232960K, 49% used [0x00000000e3900000,0x00000000ea8a0fc0,0x00000000f1c80000)
  to   space 232960K, 0% used [0x00000000f1c80000,0x00000000f1c80000,0x0000000100000000)
 ParOldGen       total 543232K, used 542823K [0x0000000080000000, 0x00000000a1280000, 0x00000000d5580000)
  object space 543232K, 99% used [0x0000000080000000,0x00000000a1219ea8,0x00000000a1280000)
 Metaspace       used 6553K, capacity 7350K, committed 7552K, reserved 1056768K
  class space    used 611K, capacity 622K, committed 640K, reserved 1048576K
GC Heap History (10 events):
Event: 17,500 GC heap after
Heap after GC invocations=19 (full 4):
 PSYoungGen      total 530432K, used 117787K [0x00000000d5580000, 0x0000000100000000, 0x0000000100000000)
  eden space 412160K, 0% used [0x00000000d5580000,0x00000000d5580000,0x00000000ee800000)
  from space 118272K, 99% used [0x00000000ee800000,0x00000000f5b06e38,0x00000000f5b80000)
  to   space 157696K, 0% used [0x00000000f6600000,0x00000000f6600000,0x0000000100000000)
 ParOldGen       total 543232K, used 354244K [0x0000000080000000, 0x00000000a1280000, 0x00000000d5580000)
  object space 543232K, 65% used [0x0000000080000000,0x00000000959f11f8,0x00000000a1280000)
 Metaspace       used 6464K, capacity 7282K, committed 7552K, reserved 1056768K
  class space    used 606K, capacity 618K, committed 640K, reserved 1048576K
}
Event: 18,464 GC heap before
{Heap before GC invocations=20 (full 4):
 PSYoungGen      total 530432K, used 529947K [0x00000000d5580000, 0x0000000100000000, 0x0000000100000000)
  eden space 412160K, 100% used [0x00000000d5580000,0x00000000ee800000,0x00000000ee800000)
  from space 118272K, 99% used [0x00000000ee800000,0x00000000f5b06e38,0x00000000f5b80000)
  to   space 157696K, 0% used [0x00000000f6600000,0x00000000f6600000,0x0000000100000000)
 ParOldGen       total 543232K, used 354244K [0x0000000080000000, 0x00000000a1280000, 0x00000000d5580000)
  object space 543232K, 65% used [0x0000000080000000,0x00000000959f11f8,0x00000000a1280000)
 Metaspace       used 6464K, capacity 7282K, committed 7552K, reserved 1056768K
  class space    used 606K, capacity 618K, committed 640K, reserved 1048576K
Event: 18,671 GC heap after
Heap after GC invocations=20 (full 4):
 PSYoungGen      total 474624K, used 157670K [0x00000000d5580000, 0x0000000100000000, 0x0000000100000000)
  eden space 316928K, 0% used [0x00000000d5580000,0x00000000d5580000,0x00000000e8b00000)
  from space 157696K, 99% used [0x00000000f6600000,0x00000000ffff9ac8,0x0000000100000000)
  to   space 190976K, 0% used [0x00000000e8b00000,0x00000000e8b00000,0x00000000f4580000)
 ParOldGen       total 543232K, used 373319K [0x0000000080000000, 0x00000000a1280000, 0x00000000d5580000)
  object space 543232K, 68% used [0x0000000080000000,0x0000000096c91d98,0x00000000a1280000)
 Metaspace       used 6464K, capacity 7282K, committed 7552K, reserved 1056768K
  class space    used 606K, capacity 618K, committed 640K, reserved 1048576K
}
Event: 19,818 GC heap before
{Heap before GC invocations=21 (full 4):
 PSYoungGen      total 474624K, used 474598K [0x00000000d5580000, 0x0000000100000000, 0x0000000100000000)
  eden space 316928K, 100% used [0x00000000d5580000,0x00000000e8b00000,0x00000000e8b00000)
  from space 157696K, 99% used [0x00000000f6600000,0x00000000ffff9ac8,0x0000000100000000)
  to   space 190976K, 0% used [0x00000000e8b00000,0x00000000e8b00000,0x00000000f4580000)
 ParOldGen       total 543232K, used 373319K [0x0000000080000000, 0x00000000a1280000, 0x00000000d5580000)
  object space 543232K, 68% used [0x0000000080000000,0x0000000096c91d98,0x00000000a1280000)
 Metaspace       used 6468K, capacity 7282K, committed 7552K, reserved 1056768K
  class space    used 606K, capacity 618K, committed 640K, reserved 1048576K
Event: 20,085 GC heap after
Heap after GC invocations=21 (full 4):
 PSYoungGen      total 484352K, used 167253K [0x00000000d5580000, 0x0000000100000000, 0x0000000100000000)
  eden space 316928K, 0% used [0x00000000d5580000,0x00000000d5580000,0x00000000e8b00000)
  from space 167424K, 99% used [0x00000000e8b00000,0x00000000f2e55528,0x00000000f2e80000)
  to   space 214016K, 0% used [0x00000000f2f00000,0x00000000f2f00000,0x0000000100000000)
 ParOldGen       total 543232K, used 415108K [0x0000000080000000, 0x00000000a1280000, 0x00000000d5580000)
  object space 543232K, 76% used [0x0000000080000000,0x00000000995610e8,0x00000000a1280000)
 Metaspace       used 6468K, capacity 7282K, committed 7552K, reserved 1056768K
  class space    used 606K, capacity 618K, committed 640K, reserved 1048576K
}
Event: 20,987 GC heap before
{Heap before GC invocations=22 (full 4):
 PSYoungGen      total 484352K, used 484181K [0x00000000d5580000, 0x0000000100000000, 0x0000000100000000)
  eden space 316928K, 100% used [0x00000000d5580000,0x00000000e8b00000,0x00000000e8b00000)
  from space 167424K, 99% used [0x00000000e8b00000,0x00000000f2e55528,0x00000000f2e80000)
  to   space 214016K, 0% used [0x00000000f2f00000,0x00000000f2f00000,0x0000000100000000)
 ParOldGen       total 543232K, used 415108K [0x0000000080000000, 0x00000000a1280000, 0x00000000d5580000)
  object space 543232K, 76% used [0x0000000080000000,0x00000000995610e8,0x00000000a1280000)
 Metaspace       used 6468K, capacity 7282K, committed 7552K, reserved 1056768K
  class space    used 606K, capacity 618K, committed 640K, reserved 1048576K
Event: 21,237 GC heap after
Heap after GC invocations=22 (full 4):
 PSYoungGen      total 446976K, used 213984K [0x00000000d5580000, 0x0000000100000000, 0x0000000100000000)
  eden space 232960K, 0% used [0x00000000d5580000,0x00000000d5580000,0x00000000e3900000)
  from space 214016K, 99% used [0x00000000f2f00000,0x00000000ffff8230,0x0000000100000000)
  to   space 232960K, 0% used [0x00000000e3900000,0x00000000e3900000,0x00000000f1c80000)
 ParOldGen       total 543232K, used 419830K [0x0000000080000000, 0x00000000a1280000, 0x00000000d5580000)
  object space 543232K, 77% used [0x0000000080000000,0x00000000999fd8b8,0x00000000a1280000)
 Metaspace       used 6468K, capacity 7282K, committed 7552K, reserved 1056768K
  class space    used 606K, capacity 618K, committed 640K, reserved 1048576K
}
Event: 21,952 GC heap before
{Heap before GC invocations=23 (full 4):
 PSYoungGen      total 446976K, used 446944K [0x00000000d5580000, 0x0000000100000000, 0x0000000100000000)
  eden space 232960K, 100% used [0x00000000d5580000,0x00000000e3900000,0x00000000e3900000)
  from space 214016K, 99% used [0x00000000f2f00000,0x00000000ffff8230,0x0000000100000000)
  to   space 232960K, 0% used [0x00000000e3900000,0x00000000e3900000,0x00000000f1c80000)
 ParOldGen       total 543232K, used 419830K [0x0000000080000000, 0x00000000a1280000, 0x00000000d5580000)
  object space 543232K, 77% used [0x0000000080000000,0x00000000999fd8b8,0x00000000a1280000)
 Metaspace       used 6553K, capacity 7350K, committed 7552K, reserved 1056768K
  class space    used 611K, capacity 622K, committed 640K, reserved 1048576K
Event: 22,332 GC heap after
Heap after GC invocations=23 (full 4):
 PSYoungGen      total 465920K, used 133772K [0x00000000d5580000, 0x0000000100000000, 0x0000000100000000)
  eden space 232960K, 0% used [0x00000000d5580000,0x00000000d5580000,0x00000000e3900000)
  from space 232960K, 57% used [0x00000000e3900000,0x00000000ebba31c0,0x00000000f1c80000)
  to   space 232960K, 0% used [0x00000000f1c80000,0x00000000f1c80000,0x0000000100000000)
 ParOldGen       total 543232K, used 533725K [0x0000000080000000, 0x00000000a1280000, 0x00000000d5580000)
  object space 543232K, 98% used [0x0000000080000000,0x00000000a0937570,0x00000000a1280000)
 Metaspace       used 6553K, capacity 7350K, committed 7552K, reserved 1056768K
  class space    used 611K, capacity 622K, committed 640K, reserved 1048576K
}
Event: 22,333 GC heap before
{Heap before GC invocations=24 (full 5):
 PSYoungGen      total 465920K, used 133772K [0x00000000d5580000, 0x0000000100000000, 0x0000000100000000)
  eden space 232960K, 0% used [0x00000000d5580000,0x00000000d5580000,0x00000000e3900000)
  from space 232960K, 57% used [0x00000000e3900000,0x00000000ebba31c0,0x00000000f1c80000)
  to   space 232960K, 0% used [0x00000000f1c80000,0x00000000f1c80000,0x0000000100000000)
 ParOldGen       total 543232K, used 533725K [0x0000000080000000, 0x00000000a1280000, 0x00000000d5580000)
  object space 543232K, 98% used [0x0000000080000000,0x00000000a0937570,0x00000000a1280000)
 Metaspace       used 6553K, capacity 7350K, committed 7552K, reserved 1056768K
  class space    used 611K, capacity 622K, committed 640K, reserved 1048576K

