# JRE version: Java(TM) SE Runtime Environment (8.0_66-b17) (build 1.8.0_66-b17)
# Java VM: Java HotSpot(TM) 64-Bit Server VM (25.66-b17 mixed mode linux-amd64 compressed oops)
Heap:
 PSYoungGen      total 338944K, used 0K [0x00000000d5580000, 0x00000000fee00000, 0x0000000100000000)
  eden space 232960K, 0% used [0x00000000d5580000,0x00000000d5580000,0x00000000e3900000)
  from space 105984K, 0% used [0x00000000e3900000,0x00000000e3900000,0x00000000ea080000)
  to   space 223744K, 0% used [0x00000000f1380000,0x00000000f1380000,0x00000000fee00000)
 ParOldGen       total 850944K, used 847279K [0x0000000080000000, 0x00000000b3f00000, 0x00000000d5580000)
  object space 850944K, 99% used [0x0000000080000000,0x00000000b3b6bf00,0x00000000b3f00000)
 Metaspace       used 6730K, capacity 7384K, committed 7680K, reserved 1056768K
  class space    used 623K, capacity 656K, committed 768K, reserved 1048576K
GC Heap History (10 events):
Event: 30,251 GC heap after
Heap after GC invocations=26 (full 5):
 PSYoungGen      total 333312K, used 99977K [0x00000000d5580000, 0x00000000fea80000, 0x0000000100000000)
  eden space 232960K, 0% used [0x00000000d5580000,0x00000000d5580000,0x00000000e3900000)
  from space 100352K, 99% used [0x00000000e3900000,0x00000000e9aa27f8,0x00000000e9b00000)
  to   space 219648K, 0% used [0x00000000f1400000,0x00000000f1400000,0x00000000fea80000)
 ParOldGen       total 850944K, used 625259K [0x0000000080000000, 0x00000000b3f00000, 0x00000000d5580000)
  object space 850944K, 73% used [0x0000000080000000,0x00000000a629afd0,0x00000000b3f00000)
 Metaspace       used 6600K, capacity 7320K, committed 7680K, reserved 1056768K
  class space    used 617K, capacity 656K, committed 768K, reserved 1048576K
}
Event: 31,071 GC heap before
{Heap before GC invocations=27 (full 5):
 PSYoungGen      total 333312K, used 332937K [0x00000000d5580000, 0x00000000fea80000, 0x0000000100000000)
  eden space 232960K, 100% used [0x00000000d5580000,0x00000000e3900000,0x00000000e3900000)
  from space 100352K, 99% used [0x00000000e3900000,0x00000000e9aa27f8,0x00000000e9b00000)
  to   space 219648K, 0% used [0x00000000f1400000,0x00000000f1400000,0x00000000fea80000)
 ParOldGen       total 850944K, used 625259K [0x0000000080000000, 0x00000000b3f00000, 0x00000000d5580000)
  object space 850944K, 73% used [0x0000000080000000,0x00000000a629afd0,0x00000000b3f00000)
 Metaspace       used 6683K, capacity 7384K, committed 7680K, reserved 1056768K
  class space    used 620K, capacity 656K, committed 768K, reserved 1048576K
Event: 31,284 GC heap after
Heap after GC invocations=27 (full 5):
 PSYoungGen      total 454656K, used 135816K [0x00000000d5580000, 0x0000000100000000, 0x0000000100000000)
  eden space 235008K, 0% used [0x00000000d5580000,0x00000000d5580000,0x00000000e3b00000)
  from space 219648K, 61% used [0x00000000f1400000,0x00000000f98a23d8,0x00000000fea80000)
  to   space 222208K, 0% used [0x00000000e3b00000,0x00000000e3b00000,0x00000000f1400000)
 ParOldGen       total 850944K, used 625259K [0x0000000080000000, 0x00000000b3f00000, 0x00000000d5580000)
  object space 850944K, 73% used [0x0000000080000000,0x00000000a629afd0,0x00000000b3f00000)
 Metaspace       used 6683K, capacity 7384K, committed 7680K, reserved 1056768K
  class space    used 620K, capacity 656K, committed 768K, reserved 1048576K
}
Event: 32,011 GC heap before
{Heap before GC invocations=28 (full 5):
 PSYoungGen      total 454656K, used 370824K [0x00000000d5580000, 0x0000000100000000, 0x0000000100000000)
  eden space 235008K, 100% used [0x00000000d5580000,0x00000000e3b00000,0x00000000e3b00000)
  from space 219648K, 61% used [0x00000000f1400000,0x00000000f98a23d8,0x00000000fea80000)
  to   space 222208K, 0% used [0x00000000e3b00000,0x00000000e3b00000,0x00000000f1400000)
 ParOldGen       total 850944K, used 625259K [0x0000000080000000, 0x00000000b3f00000, 0x00000000d5580000)
  object space 850944K, 73% used [0x0000000080000000,0x00000000a629afd0,0x00000000b3f00000)
 Metaspace       used 6710K, capacity 7384K, committed 7680K, reserved 1056768K
  class space    used 622K, capacity 656K, committed 768K, reserved 1048576K
Event: 32,227 GC heap after
Heap after GC invocations=28 (full 5):
 PSYoungGen      total 457216K, used 170170K [0x00000000d5580000, 0x0000000100000000, 0x0000000100000000)
  eden space 235008K, 0% used [0x00000000d5580000,0x00000000d5580000,0x00000000e3b00000)
  from space 222208K, 76% used [0x00000000e3b00000,0x00000000ee12eb70,0x00000000f1400000)
  to   space 232960K, 0% used [0x00000000f1c80000,0x00000000f1c80000,0x0000000100000000)
 ParOldGen       total 850944K, used 625267K [0x0000000080000000, 0x00000000b3f00000, 0x00000000d5580000)
  object space 850944K, 73% used [0x0000000080000000,0x00000000a629cfd0,0x00000000b3f00000)
 Metaspace       used 6710K, capacity 7384K, committed 7680K, reserved 1056768K
  class space    used 622K, capacity 656K, committed 768K, reserved 1048576K
}
Event: 32,934 GC heap before
{Heap before GC invocations=29 (full 5):
 PSYoungGen      total 457216K, used 405178K [0x00000000d5580000, 0x0000000100000000, 0x0000000100000000)
  eden space 235008K, 100% used [0x00000000d5580000,0x00000000e3b00000,0x00000000e3b00000)
  from space 222208K, 76% used [0x00000000e3b00000,0x00000000ee12eb70,0x00000000f1400000)
  to   space 232960K, 0% used [0x00000000f1c80000,0x00000000f1c80000,0x0000000100000000)
 ParOldGen       total 850944K, used 625267K [0x0000000080000000, 0x00000000b3f00000, 0x00000000d5580000)
  object space 850944K, 73% used [0x0000000080000000,0x00000000a629cfd0,0x00000000b3f00000)
 Metaspace       used 6710K, capacity 7384K, committed 7680K, reserved 1056768K
  class space    used 622K, capacity 656K, committed 768K, reserved 1048576K
Event: 33,255 GC heap after
Heap after GC invocations=29 (full 5):
 PSYoungGen      total 465920K, used 140290K [0x00000000d5580000, 0x0000000100000000, 0x0000000100000000)
  eden space 232960K, 0% used [0x00000000d5580000,0x00000000d5580000,0x00000000e3900000)
  from space 232960K, 60% used [0x00000000f1c80000,0x00000000fa580a88,0x0000000100000000)
  to   space 232960K, 0% used [0x00000000e3900000,0x00000000e3900000,0x00000000f1c80000)
 ParOldGen       total 850944K, used 688807K [0x0000000080000000, 0x00000000b3f00000, 0x00000000d5580000)
  object space 850944K, 80% used [0x0000000080000000,0x00000000aa0a9f28,0x00000000b3f00000)
 Metaspace       used 6710K, capacity 7384K, committed 7680K, reserved 1056768K
  class space    used 622K, capacity 656K, committed 768K, reserved 1048576K
}
Event: 34,150 GC heap before
{Heap before GC invocations=30 (full 5):
 PSYoungGen      total 465920K, used 373250K [0x00000000d5580000, 0x0000000100000000, 0x0000000100000000)
  eden space 232960K, 100% used [0x00000000d5580000,0x00000000e3900000,0x00000000e3900000)
  from space 232960K, 60% used [0x00000000f1c80000,0x00000000fa580a88,0x0000000100000000)
  to   space 232960K, 0% used [0x00000000e3900000,0x00000000e3900000,0x00000000f1c80000)
 ParOldGen       total 850944K, used 688807K [0x0000000080000000, 0x00000000b3f00000, 0x00000000d5580000)
  object space 850944K, 80% used [0x0000000080000000,0x00000000aa0a9f28,0x00000000b3f00000)
 Metaspace       used 6730K, capacity 7384K, committed 7680K, reserved 1056768K
  class space    used 623K, capacity 656K, committed 768K, reserved 1048576K
Event: 34,460 GC heap after
Heap after GC invocations=30 (full 5):
 PSYoungGen      total 338944K, used 105505K [0x00000000d5580000, 0x00000000fee00000, 0x0000000100000000)
  eden space 232960K, 0% used [0x00000000d5580000,0x00000000d5580000,0x00000000e3900000)
  from space 105984K, 99% used [0x00000000e3900000,0x00000000ea0086e8,0x00000000ea080000)
  to   space 223744K, 0% used [0x00000000f1380000,0x00000000f1380000,0x00000000fee00000)
 ParOldGen       total 850944K, used 759241K [0x0000000080000000, 0x00000000b3f00000, 0x00000000d5580000)
  object space 850944K, 89% used [0x0000000080000000,0x00000000ae572760,0x00000000b3f00000)
 Metaspace       used 6730K, capacity 7384K, committed 7680K, reserved 1056768K
  class space    used 623K, capacity 656K, committed 768K, reserved 1048576K
}
Event: 34,460 GC heap before
{Heap before GC invocations=31 (full 6):
 PSYoungGen      total 338944K, used 105505K [0x00000000d5580000, 0x00000000fee00000, 0x0000000100000000)
  eden space 232960K, 0% used [0x00000000d5580000,0x00000000d5580000,0x00000000e3900000)
  from space 105984K, 99% used [0x00000000e3900000,0x00000000ea0086e8,0x00000000ea080000)
  to   space 223744K, 0% used [0x00000000f1380000,0x00000000f1380000,0x00000000fee00000)
 ParOldGen       total 850944K, used 759241K [0x0000000080000000, 0x00000000b3f00000, 0x00000000d5580000)
  object space 850944K, 89% used [0x0000000080000000,0x00000000ae572760,0x00000000b3f00000)
 Metaspace       used 6730K, capacity 7384K, committed 7680K, reserved 1056768K
  class space    used 623K, capacity 656K, committed 768K, reserved 1048576K

