# JRE version: Java(TM) SE Runtime Environment (8.0_66-b17) (build 1.8.0_66-b17)
# Java VM: Java HotSpot(TM) 64-Bit Server VM (25.66-b17 mixed mode linux-amd64 compressed oops)
Heap:
 PSYoungGen      total 465920K, used 0K [0x00000000d5580000, 0x0000000100000000, 0x0000000100000000)
  eden space 232960K, 0% used [0x00000000d5580000,0x00000000d5580000,0x00000000e3900000)
  from space 232960K, 0% used [0x00000000e3900000,0x00000000e3900000,0x00000000f1c80000)
  to   space 232960K, 0% used [0x00000000f1c80000,0x00000000f1c80000,0x0000000100000000)
 ParOldGen       total 783872K, used 778368K [0x0000000080000000, 0x00000000afd80000, 0x00000000d5580000)
  object space 783872K, 99% used [0x0000000080000000,0x00000000af820078,0x00000000afd80000)
 Metaspace       used 6832K, capacity 7608K, committed 7936K, reserved 1056768K
  class space    used 629K, capacity 688K, committed 768K, reserved 1048576K
GC Heap History (10 events):
Event: 32,191 GC heap after
Heap after GC invocations=24 (full 5):
 PSYoungGen      total 465920K, used 109575K [0x00000000d5580000, 0x0000000100000000, 0x0000000100000000)
  eden space 232960K, 0% used [0x00000000d5580000,0x00000000d5580000,0x00000000e3900000)
  from space 232960K, 47% used [0x00000000e3900000,0x00000000ea401e08,0x00000000f1c80000)
  to   space 232960K, 0% used [0x00000000f1c80000,0x00000000f1c80000,0x0000000100000000)
 ParOldGen       total 783872K, used 534606K [0x0000000080000000, 0x00000000afd80000, 0x00000000d5580000)
  object space 783872K, 68% used [0x0000000080000000,0x00000000a0a13828,0x00000000afd80000)
 Metaspace       used 6539K, capacity 7286K, committed 7552K, reserved 1056768K
  class space    used 611K, capacity 622K, committed 640K, reserved 1048576K
}
Event: 34,457 GC heap before
{Heap before GC invocations=25 (full 5):
 PSYoungGen      total 465920K, used 342535K [0x00000000d5580000, 0x0000000100000000, 0x0000000100000000)
  eden space 232960K, 100% used [0x00000000d5580000,0x00000000e3900000,0x00000000e3900000)
  from space 232960K, 47% used [0x00000000e3900000,0x00000000ea401e08,0x00000000f1c80000)
  to   space 232960K, 0% used [0x00000000f1c80000,0x00000000f1c80000,0x0000000100000000)
 ParOldGen       total 783872K, used 534606K [0x0000000080000000, 0x00000000afd80000, 0x00000000d5580000)
  object space 783872K, 68% used [0x0000000080000000,0x00000000a0a13828,0x00000000afd80000)
 Metaspace       used 6581K, capacity 7352K, committed 7552K, reserved 1056768K
  class space    used 614K, capacity 624K, committed 640K, reserved 1048576K
Event: 34,781 GC heap after
Heap after GC invocations=25 (full 5):
 PSYoungGen      total 452608K, used 72743K [0x00000000d5580000, 0x00000000ff300000, 0x0000000100000000)
  eden space 232960K, 0% used [0x00000000d5580000,0x00000000d5580000,0x00000000e3900000)
  from space 219648K, 33% used [0x00000000f1c80000,0x00000000f6389d70,0x00000000ff300000)
  to   space 226304K, 0% used [0x00000000e3900000,0x00000000e3900000,0x00000000f1600000)
 ParOldGen       total 783872K, used 616976K [0x0000000080000000, 0x00000000afd80000, 0x00000000d5580000)
  object space 783872K, 78% used [0x0000000080000000,0x00000000a5a84028,0x00000000afd80000)
 Metaspace       used 6581K, capacity 7352K, committed 7552K, reserved 1056768K
  class space    used 614K, capacity 624K, committed 640K, reserved 1048576K
}
Event: 35,690 GC heap before
{Heap before GC invocations=26 (full 5):
 PSYoungGen      total 452608K, used 305703K [0x00000000d5580000, 0x00000000ff300000, 0x0000000100000000)
  eden space 232960K, 100% used [0x00000000d5580000,0x00000000e3900000,0x00000000e3900000)
  from space 219648K, 33% used [0x00000000f1c80000,0x00000000f6389d70,0x00000000ff300000)
  to   space 226304K, 0% used [0x00000000e3900000,0x00000000e3900000,0x00000000f1600000)
 ParOldGen       total 783872K, used 616976K [0x0000000080000000, 0x00000000afd80000, 0x00000000d5580000)
  object space 783872K, 78% used [0x0000000080000000,0x00000000a5a84028,0x00000000afd80000)
 Metaspace       used 6608K, capacity 7352K, committed 7552K, reserved 1056768K
  class space    used 616K, capacity 624K, committed 640K, reserved 1048576K
Event: 35,823 GC heap after
Heap after GC invocations=26 (full 5):
 PSYoungGen      total 459264K, used 182056K [0x00000000d5580000, 0x0000000100000000, 0x0000000100000000)
  eden space 232960K, 0% used [0x00000000d5580000,0x00000000d5580000,0x00000000e3900000)
  from space 226304K, 80% used [0x00000000e3900000,0x00000000eeaca340,0x00000000f1600000)
  to   space 232960K, 0% used [0x00000000f1c80000,0x00000000f1c80000,0x0000000100000000)
 ParOldGen       total 783872K, used 616976K [0x0000000080000000, 0x00000000afd80000, 0x00000000d5580000)
  object space 783872K, 78% used [0x0000000080000000,0x00000000a5a84028,0x00000000afd80000)
 Metaspace       used 6608K, capacity 7352K, committed 7552K, reserved 1056768K
  class space    used 616K, capacity 624K, committed 640K, reserved 1048576K
}
Event: 36,369 GC heap before
{Heap before GC invocations=27 (full 5):
 PSYoungGen      total 459264K, used 415016K [0x00000000d5580000, 0x0000000100000000, 0x0000000100000000)
  eden space 232960K, 100% used [0x00000000d5580000,0x00000000e3900000,0x00000000e3900000)
  from space 226304K, 80% used [0x00000000e3900000,0x00000000eeaca340,0x00000000f1600000)
  to   space 232960K, 0% used [0x00000000f1c80000,0x00000000f1c80000,0x0000000100000000)
 ParOldGen       total 783872K, used 616976K [0x0000000080000000, 0x00000000afd80000, 0x00000000d5580000)
  object space 783872K, 78% used [0x0000000080000000,0x00000000a5a84028,0x00000000afd80000)
 Metaspace       used 6615K, capacity 7352K, committed 7552K, reserved 1056768K
  class space    used 616K, capacity 624K, committed 640K, reserved 1048576K
Event: 36,549 GC heap after
Heap after GC invocations=27 (full 5):
 PSYoungGen      total 465920K, used 37570K [0x00000000d5580000, 0x0000000100000000, 0x0000000100000000)
  eden space 232960K, 0% used [0x00000000d5580000,0x00000000d5580000,0x00000000e3900000)
  from space 232960K, 16% used [0x00000000f1c80000,0x00000000f4130820,0x0000000100000000)
  to   space 232960K, 0% used [0x00000000e3900000,0x00000000e3900000,0x00000000f1c80000)
 ParOldGen       total 783872K, used 674191K [0x0000000080000000, 0x00000000afd80000, 0x00000000d5580000)
  object space 783872K, 86% used [0x0000000080000000,0x00000000a9263ee8,0x00000000afd80000)
 Metaspace       used 6615K, capacity 7352K, committed 7552K, reserved 1056768K
  class space    used 616K, capacity 624K, committed 640K, reserved 1048576K
}
Event: 37,900 GC heap before
{Heap before GC invocations=28 (full 5):
 PSYoungGen      total 465920K, used 270530K [0x00000000d5580000, 0x0000000100000000, 0x0000000100000000)
  eden space 232960K, 100% used [0x00000000d5580000,0x00000000e3900000,0x00000000e3900000)
  from space 232960K, 16% used [0x00000000f1c80000,0x00000000f4130820,0x0000000100000000)
  to   space 232960K, 0% used [0x00000000e3900000,0x00000000e3900000,0x00000000f1c80000)
 ParOldGen       total 783872K, used 674191K [0x0000000080000000, 0x00000000afd80000, 0x00000000d5580000)
  object space 783872K, 86% used [0x0000000080000000,0x00000000a9263ee8,0x00000000afd80000)
 Metaspace       used 6832K, capacity 7608K, committed 7936K, reserved 1056768K
  class space    used 629K, capacity 688K, committed 768K, reserved 1048576K
Event: 38,064 GC heap after
Heap after GC invocations=28 (full 5):
 PSYoungGen      total 465920K, used 113829K [0x00000000d5580000, 0x0000000100000000, 0x0000000100000000)
  eden space 232960K, 0% used [0x00000000d5580000,0x00000000d5580000,0x00000000e3900000)
  from space 232960K, 48% used [0x00000000e3900000,0x00000000ea829760,0x00000000f1c80000)
  to   space 232960K, 0% used [0x00000000f1c80000,0x00000000f1c80000,0x0000000100000000)
 ParOldGen       total 783872K, used 709958K [0x0000000080000000, 0x00000000afd80000, 0x00000000d5580000)
  object space 783872K, 90% used [0x0000000080000000,0x00000000ab551a80,0x00000000afd80000)
 Metaspace       used 6832K, capacity 7608K, committed 7936K, reserved 1056768K
  class space    used 629K, capacity 688K, committed 768K, reserved 1048576K
}
Event: 38,064 GC heap before
{Heap before GC invocations=29 (full 6):
 PSYoungGen      total 465920K, used 113829K [0x00000000d5580000, 0x0000000100000000, 0x0000000100000000)
  eden space 232960K, 0% used [0x00000000d5580000,0x00000000d5580000,0x00000000e3900000)
  from space 232960K, 48% used [0x00000000e3900000,0x00000000ea829760,0x00000000f1c80000)
  to   space 232960K, 0% used [0x00000000f1c80000,0x00000000f1c80000,0x0000000100000000)
 ParOldGen       total 783872K, used 709958K [0x0000000080000000, 0x00000000afd80000, 0x00000000d5580000)
  object space 783872K, 90% used [0x0000000080000000,0x00000000ab551a80,0x00000000afd80000)
 Metaspace       used 6832K, capacity 7608K, committed 7936K, reserved 1056768K
  class space    used 629K, capacity 688K, committed 768K, reserved 1048576K

