# JRE version: Java(TM) SE Runtime Environment (8.0_66-b17) (build 1.8.0_66-b17)
# Java VM: Java HotSpot(TM) 64-Bit Server VM (25.66-b17 mixed mode linux-amd64 compressed oops)
Heap:
 PSYoungGen      total 577536K, used 0K [0x00000000d5580000, 0x0000000100000000, 0x0000000100000000)
  eden space 456192K, 0% used [0x00000000d5580000,0x00000000d5580000,0x00000000f1300000)
  from space 121344K, 0% used [0x00000000f1300000,0x00000000f1300000,0x00000000f8980000)
  to   space 121344K, 0% used [0x00000000f8980000,0x00000000f8980000,0x0000000100000000)
 ParOldGen       total 657920K, used 570775K [0x0000000080000000, 0x00000000a8280000, 0x00000000d5580000)
  object space 657920K, 86% used [0x0000000080000000,0x00000000a2d65e18,0x00000000a8280000)
 Metaspace       used 6600K, capacity 7320K, committed 7680K, reserved 1056768K
  class space    used 615K, capacity 656K, committed 768K, reserved 1048576K
GC Heap History (10 events):
Event: 15,208 GC heap after
Heap after GC invocations=15 (full 3):
 PSYoungGen      total 565760K, used 87801K [0x00000000d5580000, 0x0000000100000000, 0x0000000100000000)
  eden space 456192K, 0% used [0x00000000d5580000,0x00000000d5580000,0x00000000f1300000)
  from space 109568K, 80% used [0x00000000f9500000,0x00000000feabe4f8,0x0000000100000000)
  to   space 121344K, 0% used [0x00000000f1300000,0x00000000f1300000,0x00000000f8980000)
 ParOldGen       total 321024K, used 222360K [0x0000000080000000, 0x0000000093980000, 0x00000000d5580000)
  object space 321024K, 69% used [0x0000000080000000,0x000000008d926238,0x0000000093980000)
 Metaspace       used 6588K, capacity 7320K, committed 7680K, reserved 1056768K
  class space    used 614K, capacity 656K, committed 768K, reserved 1048576K
}
Event: 16,885 GC heap before
{Heap before GC invocations=16 (full 3):
 PSYoungGen      total 565760K, used 543993K [0x00000000d5580000, 0x0000000100000000, 0x0000000100000000)
  eden space 456192K, 100% used [0x00000000d5580000,0x00000000f1300000,0x00000000f1300000)
  from space 109568K, 80% used [0x00000000f9500000,0x00000000feabe4f8,0x0000000100000000)
  to   space 121344K, 0% used [0x00000000f1300000,0x00000000f1300000,0x00000000f8980000)
 ParOldGen       total 321024K, used 222360K [0x0000000080000000, 0x0000000093980000, 0x00000000d5580000)
  object space 321024K, 69% used [0x0000000080000000,0x000000008d926238,0x0000000093980000)
 Metaspace       used 6594K, capacity 7320K, committed 7680K, reserved 1056768K
  class space    used 614K, capacity 656K, committed 768K, reserved 1048576K
Event: 17,137 GC heap after
Heap after GC invocations=16 (full 3):
 PSYoungGen      total 577536K, used 121314K [0x00000000d5580000, 0x0000000100000000, 0x0000000100000000)
  eden space 456192K, 0% used [0x00000000d5580000,0x00000000d5580000,0x00000000f1300000)
  from space 121344K, 99% used [0x00000000f1300000,0x00000000f8978aa0,0x00000000f8980000)
  to   space 121344K, 0% used [0x00000000f8980000,0x00000000f8980000,0x0000000100000000)
 ParOldGen       total 321024K, used 257078K [0x0000000080000000, 0x0000000093980000, 0x00000000d5580000)
  object space 321024K, 80% used [0x0000000080000000,0x000000008fb0dae8,0x0000000093980000)
 Metaspace       used 6594K, capacity 7320K, committed 7680K, reserved 1056768K
  class space    used 614K, capacity 656K, committed 768K, reserved 1048576K
}
Event: 18,966 GC heap before
{Heap before GC invocations=17 (full 3):
 PSYoungGen      total 577536K, used 577506K [0x00000000d5580000, 0x0000000100000000, 0x0000000100000000)
  eden space 456192K, 100% used [0x00000000d5580000,0x00000000f1300000,0x00000000f1300000)
  from space 121344K, 99% used [0x00000000f1300000,0x00000000f8978aa0,0x00000000f8980000)
  to   space 121344K, 0% used [0x00000000f8980000,0x00000000f8980000,0x0000000100000000)
 ParOldGen       total 321024K, used 257078K [0x0000000080000000, 0x0000000093980000, 0x00000000d5580000)
  object space 321024K, 80% used [0x0000000080000000,0x000000008fb0dae8,0x0000000093980000)
 Metaspace       used 6596K, capacity 7320K, committed 7680K, reserved 1056768K
  class space    used 615K, capacity 656K, committed 768K, reserved 1048576K
Event: 19,545 GC heap after
Heap after GC invocations=17 (full 3):
 PSYoungGen      total 577536K, used 577506K [0x00000000d5580000, 0x0000000100000000, 0x0000000100000000)
  eden space 456192K, 100% used [0x00000000d5580000,0x00000000f1300000,0x00000000f1300000)
  from space 121344K, 99% used [0x00000000f1300000,0x00000000f8978aa0,0x00000000f8980000)
  to   space 121344K, 99% used [0x00000000f8980000,0x00000000fffffea0,0x0000000100000000)
 ParOldGen       total 331776K, used 331625K [0x0000000080000000, 0x0000000094400000, 0x00000000d5580000)
  object space 331776K, 99% used [0x0000000080000000,0x00000000943da680,0x0000000094400000)
 Metaspace       used 6596K, capacity 7320K, committed 7680K, reserved 1056768K
  class space    used 615K, capacity 656K, committed 768K, reserved 1048576K
}
Event: 19,545 GC heap before
{Heap before GC invocations=18 (full 4):
 PSYoungGen      total 577536K, used 577506K [0x00000000d5580000, 0x0000000100000000, 0x0000000100000000)
  eden space 456192K, 100% used [0x00000000d5580000,0x00000000f1300000,0x00000000f1300000)
  from space 121344K, 99% used [0x00000000f1300000,0x00000000f8978aa0,0x00000000f8980000)
  to   space 121344K, 99% used [0x00000000f8980000,0x00000000fffffea0,0x0000000100000000)
 ParOldGen       total 331776K, used 331625K [0x0000000080000000, 0x0000000094400000, 0x00000000d5580000)
  object space 331776K, 99% used [0x0000000080000000,0x00000000943da680,0x0000000094400000)
 Metaspace       used 6596K, capacity 7320K, committed 7680K, reserved 1056768K
  class space    used 615K, capacity 656K, committed 768K, reserved 1048576K
Event: 21,865 GC heap after
Heap after GC invocations=18 (full 4):
 PSYoungGen      total 577536K, used 0K [0x00000000d5580000, 0x0000000100000000, 0x0000000100000000)
  eden space 456192K, 0% used [0x00000000d5580000,0x00000000d5580000,0x00000000f1300000)
  from space 121344K, 0% used [0x00000000f1300000,0x00000000f1300000,0x00000000f8980000)
  to   space 121344K, 94% used [0x00000000f8980000,0x00000000ff97d2b0,0x0000000100000000)
 ParOldGen       total 480768K, used 331495K [0x0000000080000000, 0x000000009d580000, 0x00000000d5580000)
  object space 480768K, 68% used [0x0000000080000000,0x00000000943b9da0,0x000000009d580000)
 Metaspace       used 6596K, capacity 7320K, committed 7680K, reserved 1056768K
  class space    used 615K, capacity 656K, committed 768K, reserved 1048576K
}
Event: 23,532 GC heap before
{Heap before GC invocations=19 (full 5):
 PSYoungGen      total 577536K, used 456192K [0x00000000d5580000, 0x0000000100000000, 0x0000000100000000)
  eden space 456192K, 100% used [0x00000000d5580000,0x00000000f1300000,0x00000000f1300000)
  from space 121344K, 0% used [0x00000000f1300000,0x00000000f1300000,0x00000000f8980000)
  to   space 121344K, 94% used [0x00000000f8980000,0x00000000ff97d2b0,0x0000000100000000)
 ParOldGen       total 480768K, used 331495K [0x0000000080000000, 0x000000009d580000, 0x00000000d5580000)
  object space 480768K, 68% used [0x0000000080000000,0x00000000943b9da0,0x000000009d580000)
 Metaspace       used 6597K, capacity 7320K, committed 7680K, reserved 1056768K
  class space    used 615K, capacity 656K, committed 768K, reserved 1048576K
Event: 25,979 GC heap after
Heap after GC invocations=19 (full 5):
 PSYoungGen      total 577536K, used 0K [0x00000000d5580000, 0x0000000100000000, 0x0000000100000000)
  eden space 456192K, 0% used [0x00000000d5580000,0x00000000d5580000,0x00000000f1300000)
  from space 121344K, 0% used [0x00000000f1300000,0x00000000f1300000,0x00000000f8980000)
  to   space 121344K, 23% used [0x00000000f8980000,0x00000000fa5e0b00,0x0000000100000000)
 ParOldGen       total 657920K, used 480495K [0x0000000080000000, 0x00000000a8280000, 0x00000000d5580000)
  object space 657920K, 73% used [0x0000000080000000,0x000000009d53bc78,0x00000000a8280000)
 Metaspace       used 6597K, capacity 7320K, committed 7680K, reserved 1056768K
  class space    used 615K, capacity 656K, committed 768K, reserved 1048576K
}
Event: 27,593 GC heap before
{Heap before GC invocations=20 (full 6):
 PSYoungGen      total 577536K, used 456192K [0x00000000d5580000, 0x0000000100000000, 0x0000000100000000)
  eden space 456192K, 100% used [0x00000000d5580000,0x00000000f1300000,0x00000000f1300000)
  from space 121344K, 0% used [0x00000000f1300000,0x00000000f1300000,0x00000000f8980000)
  to   space 121344K, 23% used [0x00000000f8980000,0x00000000fa5e0b00,0x0000000100000000)
 ParOldGen       total 657920K, used 480495K [0x0000000080000000, 0x00000000a8280000, 0x00000000d5580000)
  object space 657920K, 73% used [0x0000000080000000,0x000000009d53bc78,0x00000000a8280000)
 Metaspace       used 6600K, capacity 7320K, committed 7680K, reserved 1056768K
  class space    used 615K, capacity 656K, committed 768K, reserved 1048576K

