# JRE version: Java(TM) SE Runtime Environment (8.0_66-b17) (build 1.8.0_66-b17)
# Java VM: Java HotSpot(TM) 64-Bit Server VM (25.66-b17 mixed mode linux-amd64 compressed oops)
Heap:
 PSYoungGen      total 471552K, used 50026K [0x00000000d5580000, 0x0000000100000000, 0x0000000100000000)
  eden space 338432K, 0% used [0x00000000d5580000,0x00000000d5580000,0x00000000ea000000)
  from space 133120K, 37% used [0x00000000f7e00000,0x00000000faedaa30,0x0000000100000000)
  to   space 180224K, 0% used [0x00000000ea000000,0x00000000ea000000,0x00000000f5000000)
 ParOldGen       total 513024K, used 512690K [0x0000000080000000, 0x000000009f500000, 0x00000000d5580000)
  object space 513024K, 99% used [0x0000000080000000,0x000000009f4ac948,0x000000009f500000)
 Metaspace       used 6585K, capacity 7320K, committed 7680K, reserved 1056768K
  class space    used 617K, capacity 656K, committed 768K, reserved 1048576K
GC Heap History (10 events):
Event: 20,381 GC heap after
Heap after GC invocations=16 (full 3):
 PSYoungGen      total 574464K, used 53222K [0x00000000d5580000, 0x0000000100000000, 0x0000000100000000)
  eden space 450048K, 0% used [0x00000000d5580000,0x00000000d5580000,0x00000000f0d00000)
  from space 124416K, 42% used [0x00000000f0d00000,0x00000000f40f99a0,0x00000000f8680000)
  to   space 119808K, 0% used [0x00000000f8b00000,0x00000000f8b00000,0x0000000100000000)
 ParOldGen       total 330752K, used 318836K [0x0000000080000000, 0x0000000094300000, 0x00000000d5580000)
  object space 330752K, 96% used [0x0000000080000000,0x000000009375d310,0x0000000094300000)
 Metaspace       used 6576K, capacity 7320K, committed 7680K, reserved 1056768K
  class space    used 616K, capacity 656K, committed 768K, reserved 1048576K
}
Event: 20,381 GC heap before
{Heap before GC invocations=17 (full 4):
 PSYoungGen      total 574464K, used 53222K [0x00000000d5580000, 0x0000000100000000, 0x0000000100000000)
  eden space 450048K, 0% used [0x00000000d5580000,0x00000000d5580000,0x00000000f0d00000)
  from space 124416K, 42% used [0x00000000f0d00000,0x00000000f40f99a0,0x00000000f8680000)
  to   space 119808K, 0% used [0x00000000f8b00000,0x00000000f8b00000,0x0000000100000000)
 ParOldGen       total 330752K, used 318836K [0x0000000080000000, 0x0000000094300000, 0x00000000d5580000)
  object space 330752K, 96% used [0x0000000080000000,0x000000009375d310,0x0000000094300000)
 Metaspace       used 6576K, capacity 7320K, committed 7680K, reserved 1056768K
  class space    used 616K, capacity 656K, committed 768K, reserved 1048576K
Event: 22,107 GC heap after
Heap after GC invocations=17 (full 4):
 PSYoungGen      total 574464K, used 33025K [0x00000000d5580000, 0x0000000100000000, 0x0000000100000000)
  eden space 450048K, 0% used [0x00000000d5580000,0x00000000d5580000,0x00000000f0d00000)
  from space 124416K, 26% used [0x00000000f0d00000,0x00000000f2d40620,0x00000000f8680000)
  to   space 119808K, 0% used [0x00000000f8b00000,0x00000000f8b00000,0x0000000100000000)
 ParOldGen       total 513024K, used 330631K [0x0000000080000000, 0x000000009f500000, 0x00000000d5580000)
  object space 513024K, 64% used [0x0000000080000000,0x00000000942e1e08,0x000000009f500000)
 Metaspace       used 6576K, capacity 7320K, committed 7680K, reserved 1056768K
  class space    used 616K, capacity 656K, committed 768K, reserved 1048576K
}
Event: 23,456 GC heap before
{Heap before GC invocations=18 (full 4):
 PSYoungGen      total 574464K, used 483073K [0x00000000d5580000, 0x0000000100000000, 0x0000000100000000)
  eden space 450048K, 100% used [0x00000000d5580000,0x00000000f0d00000,0x00000000f0d00000)
  from space 124416K, 26% used [0x00000000f0d00000,0x00000000f2d40620,0x00000000f8680000)
  to   space 119808K, 0% used [0x00000000f8b00000,0x00000000f8b00000,0x0000000100000000)
 ParOldGen       total 513024K, used 330919K [0x0000000080000000, 0x000000009f500000, 0x00000000d5580000)
  object space 513024K, 64% used [0x0000000080000000,0x0000000094329d40,0x000000009f500000)
 Metaspace       used 6580K, capacity 7320K, committed 7680K, reserved 1056768K
  class space    used 617K, capacity 656K, committed 768K, reserved 1048576K
Event: 23,719 GC heap after
Heap after GC invocations=18 (full 4):
 PSYoungGen      total 552448K, used 100697K [0x00000000d5580000, 0x0000000100000000, 0x0000000100000000)
  eden space 432640K, 0% used [0x00000000d5580000,0x00000000d5580000,0x00000000efc00000)
  from space 119808K, 84% used [0x00000000f8b00000,0x00000000fed56570,0x0000000100000000)
  to   space 133120K, 0% used [0x00000000efc00000,0x00000000efc00000,0x00000000f7e00000)
 ParOldGen       total 513024K, used 330919K [0x0000000080000000, 0x000000009f500000, 0x00000000d5580000)
  object space 513024K, 64% used [0x0000000080000000,0x0000000094329d40,0x000000009f500000)
 Metaspace       used 6580K, capacity 7320K, committed 7680K, reserved 1056768K
  class space    used 617K, capacity 656K, committed 768K, reserved 1048576K
}
Event: 25,197 GC heap before
{Heap before GC invocations=19 (full 4):
 PSYoungGen      total 552448K, used 533337K [0x00000000d5580000, 0x0000000100000000, 0x0000000100000000)
  eden space 432640K, 100% used [0x00000000d5580000,0x00000000efc00000,0x00000000efc00000)
  from space 119808K, 84% used [0x00000000f8b00000,0x00000000fed56570,0x0000000100000000)
  to   space 133120K, 0% used [0x00000000efc00000,0x00000000efc00000,0x00000000f7e00000)
 ParOldGen       total 513024K, used 330921K [0x0000000080000000, 0x000000009f500000, 0x00000000d5580000)
  object space 513024K, 64% used [0x0000000080000000,0x000000009432a4c0,0x000000009f500000)
 Metaspace       used 6584K, capacity 7320K, committed 7680K, reserved 1056768K
  class space    used 617K, capacity 656K, committed 768K, reserved 1048576K
Event: 25,491 GC heap after
Heap after GC invocations=19 (full 4):
 PSYoungGen      total 565760K, used 133100K [0x00000000d5580000, 0x0000000100000000, 0x0000000100000000)
  eden space 432640K, 0% used [0x00000000d5580000,0x00000000d5580000,0x00000000efc00000)
  from space 133120K, 99% used [0x00000000efc00000,0x00000000f7dfb2b0,0x00000000f7e00000)
  to   space 133120K, 0% used [0x00000000f7e00000,0x00000000f7e00000,0x0000000100000000)
 ParOldGen       total 513024K, used 361896K [0x0000000080000000, 0x000000009f500000, 0x00000000d5580000)
  object space 513024K, 70% used [0x0000000080000000,0x000000009616a0b0,0x000000009f500000)
 Metaspace       used 6584K, capacity 7320K, committed 7680K, reserved 1056768K
  class space    used 617K, capacity 656K, committed 768K, reserved 1048576K
}
Event: 27,108 GC heap before
{Heap before GC invocations=20 (full 4):
 PSYoungGen      total 565760K, used 565740K [0x00000000d5580000, 0x0000000100000000, 0x0000000100000000)
  eden space 432640K, 100% used [0x00000000d5580000,0x00000000efc00000,0x00000000efc00000)
  from space 133120K, 99% used [0x00000000efc00000,0x00000000f7dfb2b0,0x00000000f7e00000)
  to   space 133120K, 0% used [0x00000000f7e00000,0x00000000f7e00000,0x0000000100000000)
 ParOldGen       total 513024K, used 361896K [0x0000000080000000, 0x000000009f500000, 0x00000000d5580000)
  object space 513024K, 70% used [0x0000000080000000,0x000000009616a0b0,0x000000009f500000)
 Metaspace       used 6585K, capacity 7320K, committed 7680K, reserved 1056768K
  class space    used 617K, capacity 656K, committed 768K, reserved 1048576K
Event: 27,452 GC heap after
Heap after GC invocations=20 (full 4):
 PSYoungGen      total 471552K, used 126225K [0x00000000d5580000, 0x0000000100000000, 0x0000000100000000)
  eden space 338432K, 0% used [0x00000000d5580000,0x00000000d5580000,0x00000000ea000000)
  from space 133120K, 94% used [0x00000000f7e00000,0x00000000ff944420,0x0000000100000000)
  to   space 180224K, 0% used [0x00000000ea000000,0x00000000ea000000,0x00000000f5000000)
 ParOldGen       total 513024K, used 441119K [0x0000000080000000, 0x000000009f500000, 0x00000000d5580000)
  object space 513024K, 85% used [0x0000000080000000,0x000000009aec7c18,0x000000009f500000)
 Metaspace       used 6585K, capacity 7320K, committed 7680K, reserved 1056768K
  class space    used 617K, capacity 656K, committed 768K, reserved 1048576K
}
Event: 27,452 GC heap before
{Heap before GC invocations=21 (full 5):
 PSYoungGen      total 471552K, used 126225K [0x00000000d5580000, 0x0000000100000000, 0x0000000100000000)
  eden space 338432K, 0% used [0x00000000d5580000,0x00000000d5580000,0x00000000ea000000)
  from space 133120K, 94% used [0x00000000f7e00000,0x00000000ff944420,0x0000000100000000)
  to   space 180224K, 0% used [0x00000000ea000000,0x00000000ea000000,0x00000000f5000000)
 ParOldGen       total 513024K, used 441119K [0x0000000080000000, 0x000000009f500000, 0x00000000d5580000)
  object space 513024K, 85% used [0x0000000080000000,0x000000009aec7c18,0x000000009f500000)
 Metaspace       used 6585K, capacity 7320K, committed 7680K, reserved 1056768K
  class space    used 617K, capacity 656K, committed 768K, reserved 1048576K

