# JRE version: Java(TM) SE Runtime Environment (8.0_66-b17) (build 1.8.0_66-b17)
# Java VM: Java HotSpot(TM) 64-Bit Server VM (25.66-b17 mixed mode linux-amd64 compressed oops)
Heap:
 PSYoungGen      total 465920K, used 119043K [0x00000000d5580000, 0x0000000100000000, 0x0000000100000000)
  eden space 232960K, 0% used [0x00000000d5580000,0x00000000d5580000,0x00000000e3900000)
  from space 232960K, 51% used [0x00000000e3900000,0x00000000ead40fe0,0x00000000f1c80000)
  to   space 232960K, 0% used [0x00000000f1c80000,0x00000000f1c80000,0x0000000100000000)
 ParOldGen       total 518656K, used 518423K [0x0000000080000000, 0x000000009fa80000, 0x00000000d5580000)
  object space 518656K, 99% used [0x0000000080000000,0x000000009fa45cc8,0x000000009fa80000)
 Metaspace       used 6465K, capacity 7282K, committed 7552K, reserved 1056768K
  class space    used 606K, capacity 618K, committed 640K, reserved 1048576K
GC Heap History (10 events):
Event: 19,030 GC heap after
Heap after GC invocations=19 (full 4):
 PSYoungGen      total 542208K, used 115285K [0x00000000d5580000, 0x0000000100000000, 0x0000000100000000)
  eden space 385536K, 0% used [0x00000000d5580000,0x00000000d5580000,0x00000000ece00000)
  from space 156672K, 73% used [0x00000000ece00000,0x00000000f3e95590,0x00000000f6700000)
  to   space 156672K, 0% used [0x00000000f6700000,0x00000000f6700000,0x0000000100000000)
 ParOldGen       total 518656K, used 344313K [0x0000000080000000, 0x000000009fa80000, 0x00000000d5580000)
  object space 518656K, 66% used [0x0000000080000000,0x000000009503e650,0x000000009fa80000)
 Metaspace       used 6463K, capacity 7282K, committed 7552K, reserved 1056768K
  class space    used 606K, capacity 618K, committed 640K, reserved 1048576K
}
Event: 20,169 GC heap before
{Heap before GC invocations=20 (full 4):
 PSYoungGen      total 542208K, used 500821K [0x00000000d5580000, 0x0000000100000000, 0x0000000100000000)
  eden space 385536K, 100% used [0x00000000d5580000,0x00000000ece00000,0x00000000ece00000)
  from space 156672K, 73% used [0x00000000ece00000,0x00000000f3e95590,0x00000000f6700000)
  to   space 156672K, 0% used [0x00000000f6700000,0x00000000f6700000,0x0000000100000000)
 ParOldGen       total 518656K, used 344313K [0x0000000080000000, 0x000000009fa80000, 0x00000000d5580000)
  object space 518656K, 66% used [0x0000000080000000,0x000000009503e650,0x000000009fa80000)
 Metaspace       used 6463K, capacity 7282K, committed 7552K, reserved 1056768K
  class space    used 606K, capacity 618K, committed 640K, reserved 1048576K
Event: 20,567 GC heap after
Heap after GC invocations=20 (full 4):
 PSYoungGen      total 475648K, used 104658K [0x00000000d5580000, 0x0000000100000000, 0x0000000100000000)
  eden space 318976K, 0% used [0x00000000d5580000,0x00000000d5580000,0x00000000e8d00000)
  from space 156672K, 66% used [0x00000000f6700000,0x00000000fcd34b40,0x0000000100000000)
  to   space 189952K, 0% used [0x00000000e8d00000,0x00000000e8d00000,0x00000000f4680000)
 ParOldGen       total 518656K, used 411761K [0x0000000080000000, 0x000000009fa80000, 0x00000000d5580000)
  object space 518656K, 79% used [0x0000000080000000,0x000000009921c7a8,0x000000009fa80000)
 Metaspace       used 6463K, capacity 7282K, committed 7552K, reserved 1056768K
  class space    used 606K, capacity 618K, committed 640K, reserved 1048576K
}
Event: 21,663 GC heap before
{Heap before GC invocations=21 (full 4):
 PSYoungGen      total 475648K, used 423634K [0x00000000d5580000, 0x0000000100000000, 0x0000000100000000)
  eden space 318976K, 100% used [0x00000000d5580000,0x00000000e8d00000,0x00000000e8d00000)
  from space 156672K, 66% used [0x00000000f6700000,0x00000000fcd34b40,0x0000000100000000)
  to   space 189952K, 0% used [0x00000000e8d00000,0x00000000e8d00000,0x00000000f4680000)
 ParOldGen       total 518656K, used 411761K [0x0000000080000000, 0x000000009fa80000, 0x00000000d5580000)
  object space 518656K, 79% used [0x0000000080000000,0x000000009921c7a8,0x000000009fa80000)
 Metaspace       used 6464K, capacity 7282K, committed 7552K, reserved 1056768K
  class space    used 606K, capacity 618K, committed 640K, reserved 1048576K
Event: 21,866 GC heap after
Heap after GC invocations=21 (full 4):
 PSYoungGen      total 469504K, used 150368K [0x00000000d5580000, 0x0000000100000000, 0x0000000100000000)
  eden space 318976K, 0% used [0x00000000d5580000,0x00000000d5580000,0x00000000e8d00000)
  from space 150528K, 99% used [0x00000000e8d00000,0x00000000f1fd8278,0x00000000f2000000)
  to   space 206336K, 0% used [0x00000000f3680000,0x00000000f3680000,0x0000000100000000)
 ParOldGen       total 518656K, used 411761K [0x0000000080000000, 0x000000009fa80000, 0x00000000d5580000)
  object space 518656K, 79% used [0x0000000080000000,0x000000009921c7a8,0x000000009fa80000)
 Metaspace       used 6464K, capacity 7282K, committed 7552K, reserved 1056768K
  class space    used 606K, capacity 618K, committed 640K, reserved 1048576K
}
Event: 22,961 GC heap before
{Heap before GC invocations=22 (full 4):
 PSYoungGen      total 469504K, used 469344K [0x00000000d5580000, 0x0000000100000000, 0x0000000100000000)
  eden space 318976K, 100% used [0x00000000d5580000,0x00000000e8d00000,0x00000000e8d00000)
  from space 150528K, 99% used [0x00000000e8d00000,0x00000000f1fd8278,0x00000000f2000000)
  to   space 206336K, 0% used [0x00000000f3680000,0x00000000f3680000,0x0000000100000000)
 ParOldGen       total 518656K, used 411761K [0x0000000080000000, 0x000000009fa80000, 0x00000000d5580000)
  object space 518656K, 79% used [0x0000000080000000,0x000000009921c7a8,0x000000009fa80000)
 Metaspace       used 6465K, capacity 7282K, committed 7552K, reserved 1056768K
  class space    used 606K, capacity 618K, committed 640K, reserved 1048576K
Event: 23,264 GC heap after
Heap after GC invocations=22 (full 4):
 PSYoungGen      total 439296K, used 199593K [0x00000000d5580000, 0x0000000100000000, 0x0000000100000000)
  eden space 232960K, 0% used [0x00000000d5580000,0x00000000d5580000,0x00000000e3900000)
  from space 206336K, 96% used [0x00000000f3680000,0x00000000ff96a588,0x0000000100000000)
  to   space 232960K, 0% used [0x00000000e3900000,0x00000000e3900000,0x00000000f1c80000)
 ParOldGen       total 518656K, used 411761K [0x0000000080000000, 0x000000009fa80000, 0x00000000d5580000)
  object space 518656K, 79% used [0x0000000080000000,0x000000009921c7a8,0x000000009fa80000)
 Metaspace       used 6465K, capacity 7282K, committed 7552K, reserved 1056768K
  class space    used 606K, capacity 618K, committed 640K, reserved 1048576K
}
Event: 24,153 GC heap before
{Heap before GC invocations=23 (full 4):
 PSYoungGen      total 439296K, used 432553K [0x00000000d5580000, 0x0000000100000000, 0x0000000100000000)
  eden space 232960K, 100% used [0x00000000d5580000,0x00000000e3900000,0x00000000e3900000)
  from space 206336K, 96% used [0x00000000f3680000,0x00000000ff96a588,0x0000000100000000)
  to   space 232960K, 0% used [0x00000000e3900000,0x00000000e3900000,0x00000000f1c80000)
 ParOldGen       total 518656K, used 411761K [0x0000000080000000, 0x000000009fa80000, 0x00000000d5580000)
  object space 518656K, 79% used [0x0000000080000000,0x000000009921c7a8,0x000000009fa80000)
 Metaspace       used 6465K, capacity 7282K, committed 7552K, reserved 1056768K
  class space    used 606K, capacity 618K, committed 640K, reserved 1048576K
Event: 24,436 GC heap after
Heap after GC invocations=23 (full 4):
 PSYoungGen      total 465920K, used 128183K [0x00000000d5580000, 0x0000000100000000, 0x0000000100000000)
  eden space 232960K, 0% used [0x00000000d5580000,0x00000000d5580000,0x00000000e3900000)
  from space 232960K, 55% used [0x00000000e3900000,0x00000000eb62dcc0,0x00000000f1c80000)
  to   space 232960K, 0% used [0x00000000f1c80000,0x00000000f1c80000,0x0000000100000000)
 ParOldGen       total 518656K, used 514733K [0x0000000080000000, 0x000000009fa80000, 0x00000000d5580000)
  object space 518656K, 99% used [0x0000000080000000,0x000000009f6ab580,0x000000009fa80000)
 Metaspace       used 6465K, capacity 7282K, committed 7552K, reserved 1056768K
  class space    used 606K, capacity 618K, committed 640K, reserved 1048576K
}
Event: 24,438 GC heap before
{Heap before GC invocations=24 (full 5):
 PSYoungGen      total 465920K, used 128183K [0x00000000d5580000, 0x0000000100000000, 0x0000000100000000)
  eden space 232960K, 0% used [0x00000000d5580000,0x00000000d5580000,0x00000000e3900000)
  from space 232960K, 55% used [0x00000000e3900000,0x00000000eb62dcc0,0x00000000f1c80000)
  to   space 232960K, 0% used [0x00000000f1c80000,0x00000000f1c80000,0x0000000100000000)
 ParOldGen       total 518656K, used 514733K [0x0000000080000000, 0x000000009fa80000, 0x00000000d5580000)
  object space 518656K, 99% used [0x0000000080000000,0x000000009f6ab580,0x000000009fa80000)
 Metaspace       used 6465K, capacity 7282K, committed 7552K, reserved 1056768K
  class space    used 606K, capacity 618K, committed 640K, reserved 1048576K

