# JRE version: Java(TM) SE Runtime Environment (8.0_66-b17) (build 1.8.0_66-b17)
# Java VM: Java HotSpot(TM) 64-Bit Server VM (25.66-b17 mixed mode linux-amd64 compressed oops)
Heap:
 PSYoungGen      total 465920K, used 108468K [0x00000000d5580000, 0x0000000100000000, 0x0000000100000000)
  eden space 232960K, 0% used [0x00000000d5580000,0x00000000d5580000,0x00000000e3900000)
  from space 232960K, 46% used [0x00000000e3900000,0x00000000ea2ed3c8,0x00000000f1c80000)
  to   space 232960K, 0% used [0x00000000f1c80000,0x00000000f1c80000,0x0000000100000000)
 ParOldGen       total 549888K, used 549828K [0x0000000080000000, 0x00000000a1900000, 0x00000000d5580000)
  object space 549888K, 99% used [0x0000000080000000,0x00000000a18f1268,0x00000000a1900000)
 Metaspace       used 6591K, capacity 7320K, committed 7680K, reserved 1056768K
  class space    used 616K, capacity 656K, committed 768K, reserved 1048576K
GC Heap History (10 events):
Event: 19,177 GC heap after
Heap after GC invocations=19 (full 4):
 PSYoungGen      total 490496K, used 123987K [0x00000000d5580000, 0x0000000100000000, 0x0000000100000000)
  eden space 366080K, 0% used [0x00000000d5580000,0x00000000d5580000,0x00000000ebb00000)
  from space 124416K, 99% used [0x00000000ebb00000,0x00000000f3414cf0,0x00000000f3480000)
  to   space 179200K, 0% used [0x00000000f5100000,0x00000000f5100000,0x0000000100000000)
 ParOldGen       total 549888K, used 356933K [0x0000000080000000, 0x00000000a1900000, 0x00000000d5580000)
  object space 549888K, 64% used [0x0000000080000000,0x0000000095c91508,0x00000000a1900000)
 Metaspace       used 6588K, capacity 7320K, committed 7680K, reserved 1056768K
  class space    used 616K, capacity 656K, committed 768K, reserved 1048576K
}
Event: 20,377 GC heap before
{Heap before GC invocations=20 (full 4):
 PSYoungGen      total 490496K, used 490067K [0x00000000d5580000, 0x0000000100000000, 0x0000000100000000)
  eden space 366080K, 100% used [0x00000000d5580000,0x00000000ebb00000,0x00000000ebb00000)
  from space 124416K, 99% used [0x00000000ebb00000,0x00000000f3414cf0,0x00000000f3480000)
  to   space 179200K, 0% used [0x00000000f5100000,0x00000000f5100000,0x0000000100000000)
 ParOldGen       total 549888K, used 356933K [0x0000000080000000, 0x00000000a1900000, 0x00000000d5580000)
  object space 549888K, 64% used [0x0000000080000000,0x0000000095c91508,0x00000000a1900000)
 Metaspace       used 6590K, capacity 7320K, committed 7680K, reserved 1056768K
  class space    used 616K, capacity 656K, committed 768K, reserved 1048576K
Event: 20,581 GC heap after
Heap after GC invocations=20 (full 4):
 PSYoungGen      total 458240K, used 179129K [0x00000000d5580000, 0x0000000100000000, 0x0000000100000000)
  eden space 279040K, 0% used [0x00000000d5580000,0x00000000d5580000,0x00000000e6600000)
  from space 179200K, 99% used [0x00000000f5100000,0x00000000fffee4e0,0x0000000100000000)
  to   space 209920K, 0% used [0x00000000e6600000,0x00000000e6600000,0x00000000f3300000)
 ParOldGen       total 549888K, used 356933K [0x0000000080000000, 0x00000000a1900000, 0x00000000d5580000)
  object space 549888K, 64% used [0x0000000080000000,0x0000000095c91508,0x00000000a1900000)
 Metaspace       used 6590K, capacity 7320K, committed 7680K, reserved 1056768K
  class space    used 616K, capacity 656K, committed 768K, reserved 1048576K
}
Event: 21,710 GC heap before
{Heap before GC invocations=21 (full 4):
 PSYoungGen      total 458240K, used 458169K [0x00000000d5580000, 0x0000000100000000, 0x0000000100000000)
  eden space 279040K, 100% used [0x00000000d5580000,0x00000000e6600000,0x00000000e6600000)
  from space 179200K, 99% used [0x00000000f5100000,0x00000000fffee4e0,0x0000000100000000)
  to   space 209920K, 0% used [0x00000000e6600000,0x00000000e6600000,0x00000000f3300000)
 ParOldGen       total 549888K, used 356933K [0x0000000080000000, 0x00000000a1900000, 0x00000000d5580000)
  object space 549888K, 64% used [0x0000000080000000,0x0000000095c91508,0x00000000a1900000)
 Metaspace       used 6591K, capacity 7320K, committed 7680K, reserved 1056768K
  class space    used 616K, capacity 656K, committed 768K, reserved 1048576K
Event: 22,009 GC heap after
Heap after GC invocations=21 (full 4):
 PSYoungGen      total 488960K, used 209910K [0x00000000d5580000, 0x0000000100000000, 0x0000000100000000)
  eden space 279040K, 0% used [0x00000000d5580000,0x00000000d5580000,0x00000000e6600000)
  from space 209920K, 99% used [0x00000000e6600000,0x00000000f32fd830,0x00000000f3300000)
  to   space 209920K, 0% used [0x00000000f3300000,0x00000000f3300000,0x0000000100000000)
 ParOldGen       total 549888K, used 370503K [0x0000000080000000, 0x00000000a1900000, 0x00000000d5580000)
  object space 549888K, 67% used [0x0000000080000000,0x00000000969d1e30,0x00000000a1900000)
 Metaspace       used 6591K, capacity 7320K, committed 7680K, reserved 1056768K
  class space    used 616K, capacity 656K, committed 768K, reserved 1048576K
}
Event: 22,940 GC heap before
{Heap before GC invocations=22 (full 4):
 PSYoungGen      total 488960K, used 488950K [0x00000000d5580000, 0x0000000100000000, 0x0000000100000000)
  eden space 279040K, 100% used [0x00000000d5580000,0x00000000e6600000,0x00000000e6600000)
  from space 209920K, 99% used [0x00000000e6600000,0x00000000f32fd830,0x00000000f3300000)
  to   space 209920K, 0% used [0x00000000f3300000,0x00000000f3300000,0x0000000100000000)
 ParOldGen       total 549888K, used 370503K [0x0000000080000000, 0x00000000a1900000, 0x00000000d5580000)
  object space 549888K, 67% used [0x0000000080000000,0x00000000969d1e30,0x00000000a1900000)
 Metaspace       used 6591K, capacity 7320K, committed 7680K, reserved 1056768K
  class space    used 616K, capacity 656K, committed 768K, reserved 1048576K
Event: 23,223 GC heap after
Heap after GC invocations=22 (full 4):
 PSYoungGen      total 442880K, used 192539K [0x00000000d5580000, 0x0000000100000000, 0x0000000100000000)
  eden space 232960K, 0% used [0x00000000d5580000,0x00000000d5580000,0x00000000e3900000)
  from space 209920K, 91% used [0x00000000f3300000,0x00000000fef06de0,0x0000000100000000)
  to   space 232960K, 0% used [0x00000000e3900000,0x00000000e3900000,0x00000000f1c80000)
 ParOldGen       total 549888K, used 434485K [0x0000000080000000, 0x00000000a1900000, 0x00000000d5580000)
  object space 549888K, 79% used [0x0000000080000000,0x000000009a84d520,0x00000000a1900000)
 Metaspace       used 6591K, capacity 7320K, committed 7680K, reserved 1056768K
  class space    used 616K, capacity 656K, committed 768K, reserved 1048576K
}
Event: 23,938 GC heap before
{Heap before GC invocations=23 (full 4):
 PSYoungGen      total 442880K, used 425499K [0x00000000d5580000, 0x0000000100000000, 0x0000000100000000)
  eden space 232960K, 100% used [0x00000000d5580000,0x00000000e3900000,0x00000000e3900000)
  from space 209920K, 91% used [0x00000000f3300000,0x00000000fef06de0,0x0000000100000000)
  to   space 232960K, 0% used [0x00000000e3900000,0x00000000e3900000,0x00000000f1c80000)
 ParOldGen       total 549888K, used 434485K [0x0000000080000000, 0x00000000a1900000, 0x00000000d5580000)
  object space 549888K, 79% used [0x0000000080000000,0x000000009a84d520,0x00000000a1900000)
 Metaspace       used 6591K, capacity 7320K, committed 7680K, reserved 1056768K
  class space    used 616K, capacity 656K, committed 768K, reserved 1048576K
Event: 24,212 GC heap after
Heap after GC invocations=23 (full 4):
 PSYoungGen      total 465920K, used 126379K [0x00000000d5580000, 0x0000000100000000, 0x0000000100000000)
  eden space 232960K, 0% used [0x00000000d5580000,0x00000000d5580000,0x00000000e3900000)
  from space 232960K, 54% used [0x00000000e3900000,0x00000000eb46af50,0x00000000f1c80000)
  to   space 232960K, 0% used [0x00000000f1c80000,0x00000000f1c80000,0x0000000100000000)
 ParOldGen       total 549888K, used 537021K [0x0000000080000000, 0x00000000a1900000, 0x00000000d5580000)
  object space 549888K, 97% used [0x0000000080000000,0x00000000a0c6f5a8,0x00000000a1900000)
 Metaspace       used 6591K, capacity 7320K, committed 7680K, reserved 1056768K
  class space    used 616K, capacity 656K, committed 768K, reserved 1048576K
}
Event: 24,212 GC heap before
{Heap before GC invocations=24 (full 5):
 PSYoungGen      total 465920K, used 126379K [0x00000000d5580000, 0x0000000100000000, 0x0000000100000000)
  eden space 232960K, 0% used [0x00000000d5580000,0x00000000d5580000,0x00000000e3900000)
  from space 232960K, 54% used [0x00000000e3900000,0x00000000eb46af50,0x00000000f1c80000)
  to   space 232960K, 0% used [0x00000000f1c80000,0x00000000f1c80000,0x0000000100000000)
 ParOldGen       total 549888K, used 537021K [0x0000000080000000, 0x00000000a1900000, 0x00000000d5580000)
  object space 549888K, 97% used [0x0000000080000000,0x00000000a0c6f5a8,0x00000000a1900000)
 Metaspace       used 6591K, capacity 7320K, committed 7680K, reserved 1056768K
  class space    used 616K, capacity 656K, committed 768K, reserved 1048576K

