# JRE version: Java(TM) SE Runtime Environment (8.0_60-b27) (build 1.8.0_60-b27)
# Java VM: Java HotSpot(TM) 64-Bit Server VM (25.60-b23 mixed mode linux-amd64 compressed oops)
Heap:
 PSYoungGen      total 232960K, used 0K [0x00000000eab00000, 0x0000000100000000, 0x0000000100000000)
  eden space 116736K, 0% used [0x00000000eab00000,0x00000000eab00000,0x00000000f1d00000)
  from space 116224K, 0% used [0x00000000f8e80000,0x00000000f8e80000,0x0000000100000000)
  to   space 116224K, 0% used [0x00000000f1d00000,0x00000000f1d00000,0x00000000f8e80000)
 ParOldGen       total 502272K, used 480601K [0x00000000c0000000, 0x00000000dea80000, 0x00000000eab00000)
  object space 502272K, 95% used [0x00000000c0000000,0x00000000dd5566e8,0x00000000dea80000)
 Metaspace       used 6466K, capacity 7282K, committed 7552K, reserved 1056768K
  class space    used 606K, capacity 618K, committed 640K, reserved 1048576K
GC Heap History (10 events):
Event: 21,815 GC heap after
Heap after GC invocations=24 (full 4):
 PSYoungGen      total 232960K, used 34126K [0x00000000eab00000, 0x0000000100000000, 0x0000000100000000)
  eden space 116736K, 0% used [0x00000000eab00000,0x00000000eab00000,0x00000000f1d00000)
  from space 116224K, 29% used [0x00000000f8e80000,0x00000000fafd3bd8,0x0000000100000000)
  to   space 116224K, 0% used [0x00000000f1d00000,0x00000000f1d00000,0x00000000f8e80000)
 ParOldGen       total 502272K, used 374244K [0x00000000c0000000, 0x00000000dea80000, 0x00000000eab00000)
  object space 502272K, 74% used [0x00000000c0000000,0x00000000d6d79260,0x00000000dea80000)
 Metaspace       used 6465K, capacity 7282K, committed 7552K, reserved 1056768K
  class space    used 606K, capacity 618K, committed 640K, reserved 1048576K
}
Event: 22,403 GC heap before
{Heap before GC invocations=25 (full 4):
 PSYoungGen      total 232960K, used 150862K [0x00000000eab00000, 0x0000000100000000, 0x0000000100000000)
  eden space 116736K, 100% used [0x00000000eab00000,0x00000000f1d00000,0x00000000f1d00000)
  from space 116224K, 29% used [0x00000000f8e80000,0x00000000fafd3bd8,0x0000000100000000)
  to   space 116224K, 0% used [0x00000000f1d00000,0x00000000f1d00000,0x00000000f8e80000)
 ParOldGen       total 502272K, used 374244K [0x00000000c0000000, 0x00000000dea80000, 0x00000000eab00000)
  object space 502272K, 74% used [0x00000000c0000000,0x00000000d6d79260,0x00000000dea80000)
 Metaspace       used 6466K, capacity 7282K, committed 7552K, reserved 1056768K
  class space    used 606K, capacity 618K, committed 640K, reserved 1048576K
Event: 22,570 GC heap after
Heap after GC invocations=25 (full 4):
 PSYoungGen      total 232960K, used 18008K [0x00000000eab00000, 0x0000000100000000, 0x0000000100000000)
  eden space 116736K, 0% used [0x00000000eab00000,0x00000000eab00000,0x00000000f1d00000)
  from space 116224K, 15% used [0x00000000f1d00000,0x00000000f2e96200,0x00000000f8e80000)
  to   space 116224K, 0% used [0x00000000f8e80000,0x00000000f8e80000,0x0000000100000000)
 ParOldGen       total 502272K, used 407857K [0x00000000c0000000, 0x00000000dea80000, 0x00000000eab00000)
  object space 502272K, 81% used [0x00000000c0000000,0x00000000d8e4c448,0x00000000dea80000)
 Metaspace       used 6466K, capacity 7282K, committed 7552K, reserved 1056768K
  class space    used 606K, capacity 618K, committed 640K, reserved 1048576K
}
Event: 23,084 GC heap before
{Heap before GC invocations=26 (full 4):
 PSYoungGen      total 232960K, used 134744K [0x00000000eab00000, 0x0000000100000000, 0x0000000100000000)
  eden space 116736K, 100% used [0x00000000eab00000,0x00000000f1d00000,0x00000000f1d00000)
  from space 116224K, 15% used [0x00000000f1d00000,0x00000000f2e96200,0x00000000f8e80000)
  to   space 116224K, 0% used [0x00000000f8e80000,0x00000000f8e80000,0x0000000100000000)
 ParOldGen       total 502272K, used 407857K [0x00000000c0000000, 0x00000000dea80000, 0x00000000eab00000)
  object space 502272K, 81% used [0x00000000c0000000,0x00000000d8e4c448,0x00000000dea80000)
 Metaspace       used 6466K, capacity 7282K, committed 7552K, reserved 1056768K
  class space    used 606K, capacity 618K, committed 640K, reserved 1048576K
Event: 23,166 GC heap after
Heap after GC invocations=26 (full 4):
 PSYoungGen      total 232960K, used 19040K [0x00000000eab00000, 0x0000000100000000, 0x0000000100000000)
  eden space 116736K, 0% used [0x00000000eab00000,0x00000000eab00000,0x00000000f1d00000)
  from space 116224K, 16% used [0x00000000f8e80000,0x00000000fa118000,0x0000000100000000)
  to   space 116224K, 0% used [0x00000000f1d00000,0x00000000f1d00000,0x00000000f8e80000)
 ParOldGen       total 502272K, used 425013K [0x00000000c0000000, 0x00000000dea80000, 0x00000000eab00000)
  object space 502272K, 84% used [0x00000000c0000000,0x00000000d9f0d498,0x00000000dea80000)
 Metaspace       used 6466K, capacity 7282K, committed 7552K, reserved 1056768K
  class space    used 606K, capacity 618K, committed 640K, reserved 1048576K
}
Event: 23,583 GC heap before
{Heap before GC invocations=27 (full 4):
 PSYoungGen      total 232960K, used 135776K [0x00000000eab00000, 0x0000000100000000, 0x0000000100000000)
  eden space 116736K, 100% used [0x00000000eab00000,0x00000000f1d00000,0x00000000f1d00000)
  from space 116224K, 16% used [0x00000000f8e80000,0x00000000fa118000,0x0000000100000000)
  to   space 116224K, 0% used [0x00000000f1d00000,0x00000000f1d00000,0x00000000f8e80000)
 ParOldGen       total 502272K, used 425013K [0x00000000c0000000, 0x00000000dea80000, 0x00000000eab00000)
  object space 502272K, 84% used [0x00000000c0000000,0x00000000d9f0d498,0x00000000dea80000)
 Metaspace       used 6466K, capacity 7282K, committed 7552K, reserved 1056768K
  class space    used 606K, capacity 618K, committed 640K, reserved 1048576K
Event: 23,680 GC heap after
Heap after GC invocations=27 (full 4):
 PSYoungGen      total 232960K, used 20004K [0x00000000eab00000, 0x0000000100000000, 0x0000000100000000)
  eden space 116736K, 0% used [0x00000000eab00000,0x00000000eab00000,0x00000000f1d00000)
  from space 116224K, 17% used [0x00000000f1d00000,0x00000000f3089120,0x00000000f8e80000)
  to   space 116224K, 0% used [0x00000000f8e80000,0x00000000f8e80000,0x0000000100000000)
 ParOldGen       total 502272K, used 443174K [0x00000000c0000000, 0x00000000dea80000, 0x00000000eab00000)
  object space 502272K, 88% used [0x00000000c0000000,0x00000000db0c9a40,0x00000000dea80000)
 Metaspace       used 6466K, capacity 7282K, committed 7552K, reserved 1056768K
  class space    used 606K, capacity 618K, committed 640K, reserved 1048576K
}
Event: 24,071 GC heap before
{Heap before GC invocations=28 (full 4):
 PSYoungGen      total 232960K, used 136740K [0x00000000eab00000, 0x0000000100000000, 0x0000000100000000)
  eden space 116736K, 100% used [0x00000000eab00000,0x00000000f1d00000,0x00000000f1d00000)
  from space 116224K, 17% used [0x00000000f1d00000,0x00000000f3089120,0x00000000f8e80000)
  to   space 116224K, 0% used [0x00000000f8e80000,0x00000000f8e80000,0x0000000100000000)
 ParOldGen       total 502272K, used 443174K [0x00000000c0000000, 0x00000000dea80000, 0x00000000eab00000)
  object space 502272K, 88% used [0x00000000c0000000,0x00000000db0c9a40,0x00000000dea80000)
 Metaspace       used 6466K, capacity 7282K, committed 7552K, reserved 1056768K
  class space    used 606K, capacity 618K, committed 640K, reserved 1048576K
Event: 24,153 GC heap after
Heap after GC invocations=28 (full 4):
 PSYoungGen      total 232960K, used 19982K [0x00000000eab00000, 0x0000000100000000, 0x0000000100000000)
  eden space 116736K, 0% used [0x00000000eab00000,0x00000000eab00000,0x00000000f1d00000)
  from space 116224K, 17% used [0x00000000f8e80000,0x00000000fa203938,0x0000000100000000)
  to   space 116224K, 0% used [0x00000000f1d00000,0x00000000f1d00000,0x00000000f8e80000)
 ParOldGen       total 502272K, used 462196K [0x00000000c0000000, 0x00000000dea80000, 0x00000000eab00000)
  object space 502272K, 92% used [0x00000000c0000000,0x00000000dc35d1d8,0x00000000dea80000)
 Metaspace       used 6466K, capacity 7282K, committed 7552K, reserved 1056768K
  class space    used 606K, capacity 618K, committed 640K, reserved 1048576K
}
Event: 24,153 GC heap before
{Heap before GC invocations=29 (full 5):
 PSYoungGen      total 232960K, used 19982K [0x00000000eab00000, 0x0000000100000000, 0x0000000100000000)
  eden space 116736K, 0% used [0x00000000eab00000,0x00000000eab00000,0x00000000f1d00000)
  from space 116224K, 17% used [0x00000000f8e80000,0x00000000fa203938,0x0000000100000000)
  to   space 116224K, 0% used [0x00000000f1d00000,0x00000000f1d00000,0x00000000f8e80000)
 ParOldGen       total 502272K, used 462196K [0x00000000c0000000, 0x00000000dea80000, 0x00000000eab00000)
  object space 502272K, 92% used [0x00000000c0000000,0x00000000dc35d1d8,0x00000000dea80000)
 Metaspace       used 6466K, capacity 7282K, committed 7552K, reserved 1056768K
  class space    used 606K, capacity 618K, committed 640K, reserved 1048576K

