# JRE version: Java(TM) SE Runtime Environment (8.0_66-b17) (build 1.8.0_66-b17)
# Java VM: Java HotSpot(TM) 64-Bit Server VM (25.66-b17 mixed mode linux-amd64 compressed oops)
Heap:
 PSYoungGen      total 465920K, used 0K [0x00000000d5580000, 0x0000000100000000, 0x0000000100000000)
  eden space 232960K, 0% used [0x00000000d5580000,0x00000000d5580000,0x00000000e3900000)
  from space 232960K, 0% used [0x00000000e3900000,0x00000000e3900000,0x00000000f1c80000)
  to   space 232960K, 0% used [0x00000000f1c80000,0x00000000f1c80000,0x0000000100000000)
 ParOldGen       total 855552K, used 838342K [0x0000000080000000, 0x00000000b4380000, 0x00000000d5580000)
  object space 855552K, 97% used [0x0000000080000000,0x00000000b32b1bb8,0x00000000b4380000)
 Metaspace       used 6723K, capacity 7384K, committed 7680K, reserved 1056768K
  class space    used 623K, capacity 656K, committed 768K, reserved 1048576K
GC Heap History (10 events):
Event: 41,224 GC heap after
Heap after GC invocations=28 (full 5):
 PSYoungGen      total 455168K, used 127531K [0x00000000d5580000, 0x0000000100000000, 0x0000000100000000)
  eden space 236544K, 0% used [0x00000000d5580000,0x00000000d5580000,0x00000000e3c80000)
  from space 218624K, 58% used [0x00000000e3c80000,0x00000000eb90ac98,0x00000000f1200000)
  to   space 218112K, 0% used [0x00000000f2b00000,0x00000000f2b00000,0x0000000100000000)
 ParOldGen       total 855552K, used 695407K [0x0000000080000000, 0x00000000b4380000, 0x00000000d5580000)
  object space 855552K, 81% used [0x0000000080000000,0x00000000aa71be70,0x00000000b4380000)
 Metaspace       used 6614K, capacity 7320K, committed 7680K, reserved 1056768K
  class space    used 617K, capacity 656K, committed 768K, reserved 1048576K
}
Event: 41,964 GC heap before
{Heap before GC invocations=29 (full 5):
 PSYoungGen      total 455168K, used 364075K [0x00000000d5580000, 0x0000000100000000, 0x0000000100000000)
  eden space 236544K, 100% used [0x00000000d5580000,0x00000000e3c80000,0x00000000e3c80000)
  from space 218624K, 58% used [0x00000000e3c80000,0x00000000eb90ac98,0x00000000f1200000)
  to   space 218112K, 0% used [0x00000000f2b00000,0x00000000f2b00000,0x0000000100000000)
 ParOldGen       total 855552K, used 695407K [0x0000000080000000, 0x00000000b4380000, 0x00000000d5580000)
  object space 855552K, 81% used [0x0000000080000000,0x00000000aa71be70,0x00000000b4380000)
 Metaspace       used 6614K, capacity 7320K, committed 7680K, reserved 1056768K
  class space    used 617K, capacity 656K, committed 768K, reserved 1048576K
Event: 42,258 GC heap after
Heap after GC invocations=29 (full 5):
 PSYoungGen      total 454144K, used 166811K [0x00000000d5580000, 0x0000000100000000, 0x0000000100000000)
  eden space 236032K, 0% used [0x00000000d5580000,0x00000000d5580000,0x00000000e3c00000)
  from space 218112K, 76% used [0x00000000f2b00000,0x00000000fcde6ce8,0x0000000100000000)
  to   space 231424K, 0% used [0x00000000e3c00000,0x00000000e3c00000,0x00000000f1e00000)
 ParOldGen       total 855552K, used 695407K [0x0000000080000000, 0x00000000b4380000, 0x00000000d5580000)
  object space 855552K, 81% used [0x0000000080000000,0x00000000aa71be70,0x00000000b4380000)
 Metaspace       used 6614K, capacity 7320K, committed 7680K, reserved 1056768K
  class space    used 617K, capacity 656K, committed 768K, reserved 1048576K
}
Event: 43,010 GC heap before
{Heap before GC invocations=30 (full 5):
 PSYoungGen      total 454144K, used 402843K [0x00000000d5580000, 0x0000000100000000, 0x0000000100000000)
  eden space 236032K, 100% used [0x00000000d5580000,0x00000000e3c00000,0x00000000e3c00000)
  from space 218112K, 76% used [0x00000000f2b00000,0x00000000fcde6ce8,0x0000000100000000)
  to   space 231424K, 0% used [0x00000000e3c00000,0x00000000e3c00000,0x00000000f1e00000)
 ParOldGen       total 855552K, used 695407K [0x0000000080000000, 0x00000000b4380000, 0x00000000d5580000)
  object space 855552K, 81% used [0x0000000080000000,0x00000000aa71be70,0x00000000b4380000)
 Metaspace       used 6682K, capacity 7384K, committed 7680K, reserved 1056768K
  class space    used 621K, capacity 656K, committed 768K, reserved 1048576K
Event: 43,296 GC heap after
Heap after GC invocations=30 (full 5):
 PSYoungGen      total 439808K, used 203381K [0x00000000d5580000, 0x0000000100000000, 0x0000000100000000)
  eden space 236032K, 0% used [0x00000000d5580000,0x00000000d5580000,0x00000000e3c00000)
  from space 203776K, 99% used [0x00000000e3c00000,0x00000000f029d470,0x00000000f0300000)
  to   space 232960K, 0% used [0x00000000f1c80000,0x00000000f1c80000,0x0000000100000000)
 ParOldGen       total 855552K, used 695415K [0x0000000080000000, 0x00000000b4380000, 0x00000000d5580000)
  object space 855552K, 81% used [0x0000000080000000,0x00000000aa71de70,0x00000000b4380000)
 Metaspace       used 6682K, capacity 7384K, committed 7680K, reserved 1056768K
  class space    used 621K, capacity 656K, committed 768K, reserved 1048576K
}
Event: 43,964 GC heap before
{Heap before GC invocations=31 (full 5):
 PSYoungGen      total 439808K, used 439413K [0x00000000d5580000, 0x0000000100000000, 0x0000000100000000)
  eden space 236032K, 100% used [0x00000000d5580000,0x00000000e3c00000,0x00000000e3c00000)
  from space 203776K, 99% used [0x00000000e3c00000,0x00000000f029d470,0x00000000f0300000)
  to   space 232960K, 0% used [0x00000000f1c80000,0x00000000f1c80000,0x0000000100000000)
 ParOldGen       total 855552K, used 695415K [0x0000000080000000, 0x00000000b4380000, 0x00000000d5580000)
  object space 855552K, 81% used [0x0000000080000000,0x00000000aa71de70,0x00000000b4380000)
 Metaspace       used 6723K, capacity 7384K, committed 7680K, reserved 1056768K
  class space    used 623K, capacity 656K, committed 768K, reserved 1048576K
Event: 44,346 GC heap after
Heap after GC invocations=31 (full 5):
 PSYoungGen      total 465920K, used 194512K [0x00000000d5580000, 0x0000000100000000, 0x0000000100000000)
  eden space 232960K, 0% used [0x00000000d5580000,0x00000000d5580000,0x00000000e3900000)
  from space 232960K, 83% used [0x00000000f1c80000,0x00000000fda741c8,0x0000000100000000)
  to   space 232960K, 0% used [0x00000000e3900000,0x00000000e3900000,0x00000000f1c80000)
 ParOldGen       total 855552K, used 743689K [0x0000000080000000, 0x00000000b4380000, 0x00000000d5580000)
  object space 855552K, 86% used [0x0000000080000000,0x00000000ad6425c8,0x00000000b4380000)
 Metaspace       used 6723K, capacity 7384K, committed 7680K, reserved 1056768K
  class space    used 623K, capacity 656K, committed 768K, reserved 1048576K
}
Event: 44,939 GC heap before
{Heap before GC invocations=32 (full 5):
 PSYoungGen      total 465920K, used 427472K [0x00000000d5580000, 0x0000000100000000, 0x0000000100000000)
  eden space 232960K, 100% used [0x00000000d5580000,0x00000000e3900000,0x00000000e3900000)
  from space 232960K, 83% used [0x00000000f1c80000,0x00000000fda741c8,0x0000000100000000)
  to   space 232960K, 0% used [0x00000000e3900000,0x00000000e3900000,0x00000000f1c80000)
 ParOldGen       total 855552K, used 743689K [0x0000000080000000, 0x00000000b4380000, 0x00000000d5580000)
  object space 855552K, 86% used [0x0000000080000000,0x00000000ad6425c8,0x00000000b4380000)
 Metaspace       used 6723K, capacity 7384K, committed 7680K, reserved 1056768K
  class space    used 623K, capacity 656K, committed 768K, reserved 1048576K
Event: 45,284 GC heap after
Heap after GC invocations=32 (full 5):
 PSYoungGen      total 465920K, used 152624K [0x00000000d5580000, 0x0000000100000000, 0x0000000100000000)
  eden space 232960K, 0% used [0x00000000d5580000,0x00000000d5580000,0x00000000e3900000)
  from space 232960K, 65% used [0x00000000e3900000,0x00000000ece0c380,0x00000000f1c80000)
  to   space 232960K, 0% used [0x00000000f1c80000,0x00000000f1c80000,0x0000000100000000)
 ParOldGen       total 855552K, used 820638K [0x0000000080000000, 0x00000000b4380000, 0x00000000d5580000)
  object space 855552K, 95% used [0x0000000080000000,0x00000000b2167918,0x00000000b4380000)
 Metaspace       used 6723K, capacity 7384K, committed 7680K, reserved 1056768K
  class space    used 623K, capacity 656K, committed 768K, reserved 1048576K
}
Event: 45,284 GC heap before
{Heap before GC invocations=33 (full 6):
 PSYoungGen      total 465920K, used 152624K [0x00000000d5580000, 0x0000000100000000, 0x0000000100000000)
  eden space 232960K, 0% used [0x00000000d5580000,0x00000000d5580000,0x00000000e3900000)
  from space 232960K, 65% used [0x00000000e3900000,0x00000000ece0c380,0x00000000f1c80000)
  to   space 232960K, 0% used [0x00000000f1c80000,0x00000000f1c80000,0x0000000100000000)
 ParOldGen       total 855552K, used 820638K [0x0000000080000000, 0x00000000b4380000, 0x00000000d5580000)
  object space 855552K, 95% used [0x0000000080000000,0x00000000b2167918,0x00000000b4380000)
 Metaspace       used 6723K, capacity 7384K, committed 7680K, reserved 1056768K
  class space    used 623K, capacity 656K, committed 768K, reserved 1048576K

