# JRE version: Java(TM) SE Runtime Environment (8.0_66-b17) (build 1.8.0_66-b17)
# Java VM: Java HotSpot(TM) 64-Bit Server VM (25.66-b17 mixed mode linux-amd64 compressed oops)
Heap:
 PSYoungGen      total 556032K, used 87192K [0x00000000d5580000, 0x0000000100000000, 0x0000000100000000)
  eden space 413184K, 0% used [0x00000000d5580000,0x00000000d5580000,0x00000000ee900000)
  from space 142848K, 61% used [0x00000000ee900000,0x00000000f3e263f8,0x00000000f7480000)
  to   space 142848K, 0% used [0x00000000f7480000,0x00000000f7480000,0x0000000100000000)
 ParOldGen       total 383488K, used 383163K [0x0000000080000000, 0x0000000097680000, 0x00000000d5580000)
  object space 383488K, 99% used [0x0000000080000000,0x000000009762ec00,0x0000000097680000)
 Metaspace       used 6603K, capacity 7320K, committed 7680K, reserved 1056768K
  class space    used 616K, capacity 656K, committed 768K, reserved 1048576K
GC Heap History (10 events):
Event: 13,139 GC heap after
Heap after GC invocations=14 (full 2):
 PSYoungGen      total 544256K, used 96251K [0x00000000d5580000, 0x0000000100000000, 0x0000000100000000)
  eden space 448000K, 0% used [0x00000000d5580000,0x00000000d5580000,0x00000000f0b00000)
  from space 96256K, 99% used [0x00000000f9400000,0x00000000ff1fed10,0x00000000ff200000)
  to   space 125440K, 0% used [0x00000000f0b00000,0x00000000f0b00000,0x00000000f8580000)
 ParOldGen       total 236032K, used 214838K [0x0000000080000000, 0x000000008e680000, 0x00000000d5580000)
  object space 236032K, 91% used [0x0000000080000000,0x000000008d1cda10,0x000000008e680000)
 Metaspace       used 6577K, capacity 7320K, committed 7680K, reserved 1056768K
  class space    used 615K, capacity 656K, committed 768K, reserved 1048576K
}
Event: 13,139 GC heap before
{Heap before GC invocations=15 (full 3):
 PSYoungGen      total 544256K, used 96251K [0x00000000d5580000, 0x0000000100000000, 0x0000000100000000)
  eden space 448000K, 0% used [0x00000000d5580000,0x00000000d5580000,0x00000000f0b00000)
  from space 96256K, 99% used [0x00000000f9400000,0x00000000ff1fed10,0x00000000ff200000)
  to   space 125440K, 0% used [0x00000000f0b00000,0x00000000f0b00000,0x00000000f8580000)
 ParOldGen       total 236032K, used 214838K [0x0000000080000000, 0x000000008e680000, 0x00000000d5580000)
  object space 236032K, 91% used [0x0000000080000000,0x000000008d1cda10,0x000000008e680000)
 Metaspace       used 6577K, capacity 7320K, committed 7680K, reserved 1056768K
  class space    used 615K, capacity 656K, committed 768K, reserved 1048576K
Event: 14,645 GC heap after
Heap after GC invocations=15 (full 3):
 PSYoungGen      total 544256K, used 65800K [0x00000000d5580000, 0x0000000100000000, 0x0000000100000000)
  eden space 448000K, 0% used [0x00000000d5580000,0x00000000d5580000,0x00000000f0b00000)
  from space 96256K, 68% used [0x00000000f9400000,0x00000000fd442328,0x00000000ff200000)
  to   space 125440K, 0% used [0x00000000f0b00000,0x00000000f0b00000,0x00000000f8580000)
 ParOldGen       total 383488K, used 235648K [0x0000000080000000, 0x0000000097680000, 0x00000000d5580000)
  object space 383488K, 61% used [0x0000000080000000,0x000000008e620370,0x0000000097680000)
 Metaspace       used 6577K, capacity 7320K, committed 7680K, reserved 1056768K
  class space    used 615K, capacity 656K, committed 768K, reserved 1048576K
}
Event: 16,294 GC heap before
{Heap before GC invocations=16 (full 3):
 PSYoungGen      total 544256K, used 513800K [0x00000000d5580000, 0x0000000100000000, 0x0000000100000000)
  eden space 448000K, 100% used [0x00000000d5580000,0x00000000f0b00000,0x00000000f0b00000)
  from space 96256K, 68% used [0x00000000f9400000,0x00000000fd442328,0x00000000ff200000)
  to   space 125440K, 0% used [0x00000000f0b00000,0x00000000f0b00000,0x00000000f8580000)
 ParOldGen       total 383488K, used 235648K [0x0000000080000000, 0x0000000097680000, 0x00000000d5580000)
  object space 383488K, 61% used [0x0000000080000000,0x000000008e620370,0x0000000097680000)
 Metaspace       used 6595K, capacity 7320K, committed 7680K, reserved 1056768K
  class space    used 615K, capacity 656K, committed 768K, reserved 1048576K
Event: 16,546 GC heap after
Heap after GC invocations=16 (full 3):
 PSYoungGen      total 573440K, used 60418K [0x00000000d5580000, 0x0000000100000000, 0x0000000100000000)
  eden space 448000K, 0% used [0x00000000d5580000,0x00000000d5580000,0x00000000f0b00000)
  from space 125440K, 48% used [0x00000000f0b00000,0x00000000f4600918,0x00000000f8580000)
  to   space 123904K, 0% used [0x00000000f8700000,0x00000000f8700000,0x0000000100000000)
 ParOldGen       total 383488K, used 301915K [0x0000000080000000, 0x0000000097680000, 0x00000000d5580000)
  object space 383488K, 78% used [0x0000000080000000,0x00000000926d6c70,0x0000000097680000)
 Metaspace       used 6595K, capacity 7320K, committed 7680K, reserved 1056768K
  class space    used 615K, capacity 656K, committed 768K, reserved 1048576K
}
Event: 18,127 GC heap before
{Heap before GC invocations=17 (full 3):
 PSYoungGen      total 573440K, used 508418K [0x00000000d5580000, 0x0000000100000000, 0x0000000100000000)
  eden space 448000K, 100% used [0x00000000d5580000,0x00000000f0b00000,0x00000000f0b00000)
  from space 125440K, 48% used [0x00000000f0b00000,0x00000000f4600918,0x00000000f8580000)
  to   space 123904K, 0% used [0x00000000f8700000,0x00000000f8700000,0x0000000100000000)
 ParOldGen       total 383488K, used 301915K [0x0000000080000000, 0x0000000097680000, 0x00000000d5580000)
  object space 383488K, 78% used [0x0000000080000000,0x00000000926d6c70,0x0000000097680000)
 Metaspace       used 6601K, capacity 7320K, committed 7680K, reserved 1056768K
  class space    used 615K, capacity 656K, committed 768K, reserved 1048576K
Event: 18,374 GC heap after
Heap after GC invocations=17 (full 3):
 PSYoungGen      total 537088K, used 118354K [0x00000000d5580000, 0x0000000100000000, 0x0000000100000000)
  eden space 413184K, 0% used [0x00000000d5580000,0x00000000d5580000,0x00000000ee900000)
  from space 123904K, 95% used [0x00000000f8700000,0x00000000ffa949c0,0x0000000100000000)
  to   space 142848K, 0% used [0x00000000ee900000,0x00000000ee900000,0x00000000f7480000)
 ParOldGen       total 383488K, used 301915K [0x0000000080000000, 0x0000000097680000, 0x00000000d5580000)
  object space 383488K, 78% used [0x0000000080000000,0x00000000926d6c70,0x0000000097680000)
 Metaspace       used 6601K, capacity 7320K, committed 7680K, reserved 1056768K
  class space    used 615K, capacity 656K, committed 768K, reserved 1048576K
}
Event: 19,965 GC heap before
{Heap before GC invocations=18 (full 3):
 PSYoungGen      total 537088K, used 531538K [0x00000000d5580000, 0x0000000100000000, 0x0000000100000000)
  eden space 413184K, 100% used [0x00000000d5580000,0x00000000ee900000,0x00000000ee900000)
  from space 123904K, 95% used [0x00000000f8700000,0x00000000ffa949c0,0x0000000100000000)
  to   space 142848K, 0% used [0x00000000ee900000,0x00000000ee900000,0x00000000f7480000)
 ParOldGen       total 383488K, used 301915K [0x0000000080000000, 0x0000000097680000, 0x00000000d5580000)
  object space 383488K, 78% used [0x0000000080000000,0x00000000926d6c70,0x0000000097680000)
 Metaspace       used 6603K, capacity 7320K, committed 7680K, reserved 1056768K
  class space    used 616K, capacity 656K, committed 768K, reserved 1048576K
Event: 20,251 GC heap after
Heap after GC invocations=18 (full 3):
 PSYoungGen      total 556032K, used 142821K [0x00000000d5580000, 0x0000000100000000, 0x0000000100000000)
  eden space 413184K, 0% used [0x00000000d5580000,0x00000000d5580000,0x00000000ee900000)
  from space 142848K, 99% used [0x00000000ee900000,0x00000000f7479538,0x00000000f7480000)
  to   space 142848K, 0% used [0x00000000f7480000,0x00000000f7480000,0x0000000100000000)
 ParOldGen       total 383488K, used 335687K [0x0000000080000000, 0x0000000097680000, 0x00000000d5580000)
  object space 383488K, 87% used [0x0000000080000000,0x00000000947d1ce8,0x0000000097680000)
 Metaspace       used 6603K, capacity 7320K, committed 7680K, reserved 1056768K
  class space    used 616K, capacity 656K, committed 768K, reserved 1048576K
}
Event: 20,251 GC heap before
{Heap before GC invocations=19 (full 4):
 PSYoungGen      total 556032K, used 142821K [0x00000000d5580000, 0x0000000100000000, 0x0000000100000000)
  eden space 413184K, 0% used [0x00000000d5580000,0x00000000d5580000,0x00000000ee900000)
  from space 142848K, 99% used [0x00000000ee900000,0x00000000f7479538,0x00000000f7480000)
  to   space 142848K, 0% used [0x00000000f7480000,0x00000000f7480000,0x0000000100000000)
 ParOldGen       total 383488K, used 335687K [0x0000000080000000, 0x0000000097680000, 0x00000000d5580000)
  object space 383488K, 87% used [0x0000000080000000,0x00000000947d1ce8,0x0000000097680000)
 Metaspace       used 6603K, capacity 7320K, committed 7680K, reserved 1056768K
  class space    used 616K, capacity 656K, committed 768K, reserved 1048576K

