# JRE version: Java(TM) SE Runtime Environment (8.0_66-b17) (build 1.8.0_66-b17)
# Java VM: Java HotSpot(TM) 64-Bit Server VM (25.66-b17 mixed mode linux-amd64 compressed oops)
Heap:
 PSYoungGen      total 513536K, used 23465K [0x00000000d5580000, 0x0000000100000000, 0x0000000100000000)
  eden space 419328K, 0% used [0x00000000d5580000,0x00000000d5580000,0x00000000eef00000)
  from space 94208K, 24% used [0x00000000eef00000,0x00000000f05ea600,0x00000000f4b00000)
  to   space 102400K, 0% used [0x00000000f9c00000,0x00000000f9c00000,0x0000000100000000)
 ParOldGen       total 226304K, used 226065K [0x0000000080000000, 0x000000008dd00000, 0x00000000d5580000)
  object space 226304K, 99% used [0x0000000080000000,0x000000008dcc44c8,0x000000008dd00000)
 Metaspace       used 6567K, capacity 7320K, committed 7680K, reserved 1056768K
  class space    used 616K, capacity 656K, committed 768K, reserved 1048576K
GC Heap History (10 events):
Event: 5,906 GC heap after
Heap after GC invocations=9 (full 1):
 PSYoungGen      total 399872K, used 20834K [0x00000000d5580000, 0x00000000f2180000, 0x0000000100000000)
  eden space 364032K, 0% used [0x00000000d5580000,0x00000000d5580000,0x00000000eb900000)
  from space 35840K, 58% used [0x00000000ee780000,0x00000000efbd8b08,0x00000000f0a80000)
  to   space 47616K, 0% used [0x00000000eb900000,0x00000000eb900000,0x00000000ee780000)
 ParOldGen       total 122368K, used 62703K [0x0000000080000000, 0x0000000087780000, 0x00000000d5580000)
  object space 122368K, 51% used [0x0000000080000000,0x0000000083d3bd98,0x0000000087780000)
 Metaspace       used 6452K, capacity 7256K, committed 7424K, reserved 1056768K
  class space    used 615K, capacity 656K, committed 768K, reserved 1048576K
}
Event: 7,658 GC heap before
{Heap before GC invocations=10 (full 1):
 PSYoungGen      total 399872K, used 384866K [0x00000000d5580000, 0x00000000f2180000, 0x0000000100000000)
  eden space 364032K, 100% used [0x00000000d5580000,0x00000000eb900000,0x00000000eb900000)
  from space 35840K, 58% used [0x00000000ee780000,0x00000000efbd8b08,0x00000000f0a80000)
  to   space 47616K, 0% used [0x00000000eb900000,0x00000000eb900000,0x00000000ee780000)
 ParOldGen       total 122368K, used 62703K [0x0000000080000000, 0x0000000087780000, 0x00000000d5580000)
  object space 122368K, 51% used [0x0000000080000000,0x0000000083d3bd98,0x0000000087780000)
 Metaspace       used 6521K, capacity 7256K, committed 7424K, reserved 1056768K
  class space    used 616K, capacity 656K, committed 768K, reserved 1048576K
Event: 7,909 GC heap after
Heap after GC invocations=10 (full 1):
 PSYoungGen      total 411648K, used 47584K [0x00000000d5580000, 0x00000000f9f80000, 0x0000000100000000)
  eden space 364032K, 0% used [0x00000000d5580000,0x00000000d5580000,0x00000000eb900000)
  from space 47616K, 99% used [0x00000000eb900000,0x00000000ee778200,0x00000000ee780000)
  to   space 74752K, 0% used [0x00000000f5680000,0x00000000f5680000,0x00000000f9f80000)
 ParOldGen       total 122368K, used 108212K [0x0000000080000000, 0x0000000087780000, 0x00000000d5580000)
  object space 122368K, 88% used [0x0000000080000000,0x00000000869ad1c0,0x0000000087780000)
 Metaspace       used 6521K, capacity 7256K, committed 7424K, reserved 1056768K
  class space    used 616K, capacity 656K, committed 768K, reserved 1048576K
}
Event: 7,909 GC heap before
{Heap before GC invocations=11 (full 2):
 PSYoungGen      total 411648K, used 47584K [0x00000000d5580000, 0x00000000f9f80000, 0x0000000100000000)
  eden space 364032K, 0% used [0x00000000d5580000,0x00000000d5580000,0x00000000eb900000)
  from space 47616K, 99% used [0x00000000eb900000,0x00000000ee778200,0x00000000ee780000)
  to   space 74752K, 0% used [0x00000000f5680000,0x00000000f5680000,0x00000000f9f80000)
 ParOldGen       total 122368K, used 108212K [0x0000000080000000, 0x0000000087780000, 0x00000000d5580000)
  object space 122368K, 88% used [0x0000000080000000,0x00000000869ad1c0,0x0000000087780000)
 Metaspace       used 6521K, capacity 7256K, committed 7424K, reserved 1056768K
  class space    used 616K, capacity 656K, committed 768K, reserved 1048576K
Event: 9,022 GC heap after
Heap after GC invocations=11 (full 2):
 PSYoungGen      total 411648K, used 31121K [0x00000000d5580000, 0x00000000f9f80000, 0x0000000100000000)
  eden space 364032K, 0% used [0x00000000d5580000,0x00000000d5580000,0x00000000eb900000)
  from space 47616K, 65% used [0x00000000eb900000,0x00000000ed764400,0x00000000ee780000)
  to   space 74752K, 0% used [0x00000000f5680000,0x00000000f5680000,0x00000000f9f80000)
 ParOldGen       total 226304K, used 122341K [0x0000000080000000, 0x000000008dd00000, 0x00000000d5580000)
  object space 226304K, 54% used [0x0000000080000000,0x0000000087779620,0x000000008dd00000)
 Metaspace       used 6521K, capacity 7256K, committed 7424K, reserved 1056768K
  class space    used 616K, capacity 656K, committed 768K, reserved 1048576K
}
Event: 11,837 GC heap before
{Heap before GC invocations=12 (full 2):
 PSYoungGen      total 411648K, used 395153K [0x00000000d5580000, 0x00000000f9f80000, 0x0000000100000000)
  eden space 364032K, 100% used [0x00000000d5580000,0x00000000eb900000,0x00000000eb900000)
  from space 47616K, 65% used [0x00000000eb900000,0x00000000ed764400,0x00000000ee780000)
  to   space 74752K, 0% used [0x00000000f5680000,0x00000000f5680000,0x00000000f9f80000)
 ParOldGen       total 226304K, used 122341K [0x0000000080000000, 0x000000008dd00000, 0x00000000d5580000)
  object space 226304K, 54% used [0x0000000080000000,0x0000000087779620,0x000000008dd00000)
 Metaspace       used 6548K, capacity 7320K, committed 7680K, reserved 1056768K
  class space    used 616K, capacity 656K, committed 768K, reserved 1048576K
Event: 12,267 GC heap after
Heap after GC invocations=12 (full 2):
 PSYoungGen      total 494080K, used 74744K [0x00000000d5580000, 0x00000000fa700000, 0x0000000100000000)
  eden space 419328K, 0% used [0x00000000d5580000,0x00000000d5580000,0x00000000eef00000)
  from space 74752K, 99% used [0x00000000f5680000,0x00000000f9f7e370,0x00000000f9f80000)
  to   space 94208K, 0% used [0x00000000eef00000,0x00000000eef00000,0x00000000f4b00000)
 ParOldGen       total 226304K, used 139285K [0x0000000080000000, 0x000000008dd00000, 0x00000000d5580000)
  object space 226304K, 61% used [0x0000000080000000,0x0000000088805440,0x000000008dd00000)
 Metaspace       used 6548K, capacity 7320K, committed 7680K, reserved 1056768K
  class space    used 616K, capacity 656K, committed 768K, reserved 1048576K
}
Event: 15,783 GC heap before
{Heap before GC invocations=13 (full 2):
 PSYoungGen      total 494080K, used 494072K [0x00000000d5580000, 0x00000000fa700000, 0x0000000100000000)
  eden space 419328K, 100% used [0x00000000d5580000,0x00000000eef00000,0x00000000eef00000)
  from space 74752K, 99% used [0x00000000f5680000,0x00000000f9f7e370,0x00000000f9f80000)
  to   space 94208K, 0% used [0x00000000eef00000,0x00000000eef00000,0x00000000f4b00000)
 ParOldGen       total 226304K, used 139285K [0x0000000080000000, 0x000000008dd00000, 0x00000000d5580000)
  object space 226304K, 61% used [0x0000000080000000,0x0000000088805440,0x000000008dd00000)
 Metaspace       used 6567K, capacity 7320K, committed 7680K, reserved 1056768K
  class space    used 616K, capacity 656K, committed 768K, reserved 1048576K
Event: 16,995 GC heap after
Heap after GC invocations=13 (full 2):
 PSYoungGen      total 513536K, used 69748K [0x00000000d5580000, 0x0000000100000000, 0x0000000100000000)
  eden space 419328K, 0% used [0x00000000d5580000,0x00000000d5580000,0x00000000eef00000)
  from space 94208K, 74% used [0x00000000eef00000,0x00000000f331d048,0x00000000f4b00000)
  to   space 102400K, 0% used [0x00000000f9c00000,0x00000000f9c00000,0x0000000100000000)
 ParOldGen       total 226304K, used 214118K [0x0000000080000000, 0x000000008dd00000, 0x00000000d5580000)
  object space 226304K, 94% used [0x0000000080000000,0x000000008d119840,0x000000008dd00000)
 Metaspace       used 6567K, capacity 7320K, committed 7680K, reserved 1056768K
  class space    used 616K, capacity 656K, committed 768K, reserved 1048576K
}
Event: 16,995 GC heap before
{Heap before GC invocations=14 (full 3):
 PSYoungGen      total 513536K, used 69748K [0x00000000d5580000, 0x0000000100000000, 0x0000000100000000)
  eden space 419328K, 0% used [0x00000000d5580000,0x00000000d5580000,0x00000000eef00000)
  from space 94208K, 74% used [0x00000000eef00000,0x00000000f331d048,0x00000000f4b00000)
  to   space 102400K, 0% used [0x00000000f9c00000,0x00000000f9c00000,0x0000000100000000)
 ParOldGen       total 226304K, used 214118K [0x0000000080000000, 0x000000008dd00000, 0x00000000d5580000)
  object space 226304K, 94% used [0x0000000080000000,0x000000008d119840,0x000000008dd00000)
 Metaspace       used 6567K, capacity 7320K, committed 7680K, reserved 1056768K
  class space    used 616K, capacity 656K, committed 768K, reserved 1048576K

