# JRE version: Java(TM) SE Runtime Environment (8.0_66-b17) (build 1.8.0_66-b17)
# Java VM: Java HotSpot(TM) 64-Bit Server VM (25.66-b17 mixed mode linux-amd64 compressed oops)
Heap:
 PSYoungGen      total 465920K, used 67708K [0x00000000d5580000, 0x0000000100000000, 0x0000000100000000)
  eden space 232960K, 0% used [0x00000000d5580000,0x00000000d5580000,0x00000000e3900000)
  from space 232960K, 29% used [0x00000000e3900000,0x00000000e7b1f320,0x00000000f1c80000)
  to   space 232960K, 0% used [0x00000000f1c80000,0x00000000f1c80000,0x0000000100000000)
 ParOldGen       total 825856K, used 825363K [0x0000000080000000, 0x00000000b2680000, 0x00000000d5580000)
  object space 825856K, 99% used [0x0000000080000000,0x00000000b2604d68,0x00000000b2680000)
 Metaspace       used 6728K, capacity 7384K, committed 7680K, reserved 1056768K
  class space    used 623K, capacity 656K, committed 768K, reserved 1048576K
GC Heap History (10 events):
Event: 33,452 GC heap after
Heap after GC invocations=30 (full 5):
 PSYoungGen      total 457728K, used 170826K [0x00000000d5580000, 0x0000000100000000, 0x0000000100000000)
  eden space 245248K, 0% used [0x00000000d5580000,0x00000000d5580000,0x00000000e4500000)
  from space 212480K, 80% used [0x00000000e4500000,0x00000000eebd28f8,0x00000000f1480000)
  to   space 227840K, 0% used [0x00000000f2180000,0x00000000f2180000,0x0000000100000000)
 ParOldGen       total 825856K, used 598089K [0x0000000080000000, 0x00000000b2680000, 0x00000000d5580000)
  object space 825856K, 72% used [0x0000000080000000,0x00000000a4812598,0x00000000b2680000)
 Metaspace       used 6668K, capacity 7384K, committed 7680K, reserved 1056768K
  class space    used 620K, capacity 656K, committed 768K, reserved 1048576K
}
Event: 34,128 GC heap before
{Heap before GC invocations=31 (full 5):
 PSYoungGen      total 457728K, used 416074K [0x00000000d5580000, 0x0000000100000000, 0x0000000100000000)
  eden space 245248K, 100% used [0x00000000d5580000,0x00000000e4500000,0x00000000e4500000)
  from space 212480K, 80% used [0x00000000e4500000,0x00000000eebd28f8,0x00000000f1480000)
  to   space 227840K, 0% used [0x00000000f2180000,0x00000000f2180000,0x0000000100000000)
 ParOldGen       total 825856K, used 598089K [0x0000000080000000, 0x00000000b2680000, 0x00000000d5580000)
  object space 825856K, 72% used [0x0000000080000000,0x00000000a4812598,0x00000000b2680000)
 Metaspace       used 6702K, capacity 7384K, committed 7680K, reserved 1056768K
  class space    used 622K, capacity 656K, committed 768K, reserved 1048576K
Event: 34,426 GC heap after
Heap after GC invocations=31 (full 5):
 PSYoungGen      total 460800K, used 209509K [0x00000000d5580000, 0x0000000100000000, 0x0000000100000000)
  eden space 232960K, 0% used [0x00000000d5580000,0x00000000d5580000,0x00000000e3900000)
  from space 227840K, 91% used [0x00000000f2180000,0x00000000fee195c0,0x0000000100000000)
  to   space 232960K, 0% used [0x00000000e3900000,0x00000000e3900000,0x00000000f1c80000)
 ParOldGen       total 825856K, used 598089K [0x0000000080000000, 0x00000000b2680000, 0x00000000d5580000)
  object space 825856K, 72% used [0x0000000080000000,0x00000000a4812598,0x00000000b2680000)
 Metaspace       used 6702K, capacity 7384K, committed 7680K, reserved 1056768K
  class space    used 622K, capacity 656K, committed 768K, reserved 1048576K
}
Event: 34,914 GC heap before
{Heap before GC invocations=32 (full 5):
 PSYoungGen      total 460800K, used 442469K [0x00000000d5580000, 0x0000000100000000, 0x0000000100000000)
  eden space 232960K, 100% used [0x00000000d5580000,0x00000000e3900000,0x00000000e3900000)
  from space 227840K, 91% used [0x00000000f2180000,0x00000000fee195c0,0x0000000100000000)
  to   space 232960K, 0% used [0x00000000e3900000,0x00000000e3900000,0x00000000f1c80000)
 ParOldGen       total 825856K, used 598089K [0x0000000080000000, 0x00000000b2680000, 0x00000000d5580000)
  object space 825856K, 72% used [0x0000000080000000,0x00000000a4812598,0x00000000b2680000)
 Metaspace       used 6702K, capacity 7384K, committed 7680K, reserved 1056768K
  class space    used 622K, capacity 656K, committed 768K, reserved 1048576K
Event: 35,207 GC heap after
Heap after GC invocations=32 (full 5):
 PSYoungGen      total 465920K, used 189212K [0x00000000d5580000, 0x0000000100000000, 0x0000000100000000)
  eden space 232960K, 0% used [0x00000000d5580000,0x00000000d5580000,0x00000000e3900000)
  from space 232960K, 81% used [0x00000000e3900000,0x00000000ef1c73d0,0x00000000f1c80000)
  to   space 232960K, 0% used [0x00000000f1c80000,0x00000000f1c80000,0x0000000100000000)
 ParOldGen       total 825856K, used 652395K [0x0000000080000000, 0x00000000b2680000, 0x00000000d5580000)
  object space 825856K, 78% used [0x0000000080000000,0x00000000a7d1ac70,0x00000000b2680000)
 Metaspace       used 6702K, capacity 7384K, committed 7680K, reserved 1056768K
  class space    used 622K, capacity 656K, committed 768K, reserved 1048576K
}
Event: 35,762 GC heap before
{Heap before GC invocations=33 (full 5):
 PSYoungGen      total 465920K, used 422172K [0x00000000d5580000, 0x0000000100000000, 0x0000000100000000)
  eden space 232960K, 100% used [0x00000000d5580000,0x00000000e3900000,0x00000000e3900000)
  from space 232960K, 81% used [0x00000000e3900000,0x00000000ef1c73d0,0x00000000f1c80000)
  to   space 232960K, 0% used [0x00000000f1c80000,0x00000000f1c80000,0x0000000100000000)
 ParOldGen       total 825856K, used 652395K [0x0000000080000000, 0x00000000b2680000, 0x00000000d5580000)
  object space 825856K, 78% used [0x0000000080000000,0x00000000a7d1ac70,0x00000000b2680000)
 Metaspace       used 6702K, capacity 7384K, committed 7680K, reserved 1056768K
  class space    used 622K, capacity 656K, committed 768K, reserved 1048576K
Event: 36,096 GC heap after
Heap after GC invocations=33 (full 5):
 PSYoungGen      total 465920K, used 146947K [0x00000000d5580000, 0x0000000100000000, 0x0000000100000000)
  eden space 232960K, 0% used [0x00000000d5580000,0x00000000d5580000,0x00000000e3900000)
  from space 232960K, 63% used [0x00000000f1c80000,0x00000000fac00f88,0x0000000100000000)
  to   space 232960K, 0% used [0x00000000e3900000,0x00000000e3900000,0x00000000f1c80000)
 ParOldGen       total 825856K, used 725539K [0x0000000080000000, 0x00000000b2680000, 0x00000000d5580000)
  object space 825856K, 87% used [0x0000000080000000,0x00000000ac488ea8,0x00000000b2680000)
 Metaspace       used 6702K, capacity 7384K, committed 7680K, reserved 1056768K
  class space    used 622K, capacity 656K, committed 768K, reserved 1048576K
}
Event: 36,709 GC heap before
{Heap before GC invocations=34 (full 5):
 PSYoungGen      total 465920K, used 379907K [0x00000000d5580000, 0x0000000100000000, 0x0000000100000000)
  eden space 232960K, 100% used [0x00000000d5580000,0x00000000e3900000,0x00000000e3900000)
  from space 232960K, 63% used [0x00000000f1c80000,0x00000000fac00f88,0x0000000100000000)
  to   space 232960K, 0% used [0x00000000e3900000,0x00000000e3900000,0x00000000f1c80000)
 ParOldGen       total 825856K, used 725539K [0x0000000080000000, 0x00000000b2680000, 0x00000000d5580000)
  object space 825856K, 87% used [0x0000000080000000,0x00000000ac488ea8,0x00000000b2680000)
 Metaspace       used 6728K, capacity 7384K, committed 7680K, reserved 1056768K
  class space    used 623K, capacity 656K, committed 768K, reserved 1048576K
Event: 37,036 GC heap after
Heap after GC invocations=34 (full 5):
 PSYoungGen      total 465920K, used 105014K [0x00000000d5580000, 0x0000000100000000, 0x0000000100000000)
  eden space 232960K, 0% used [0x00000000d5580000,0x00000000d5580000,0x00000000e3900000)
  from space 232960K, 45% used [0x00000000e3900000,0x00000000e9f8db28,0x00000000f1c80000)
  to   space 232960K, 0% used [0x00000000f1c80000,0x00000000f1c80000,0x0000000100000000)
 ParOldGen       total 825856K, used 806731K [0x0000000080000000, 0x00000000b2680000, 0x00000000d5580000)
  object space 825856K, 97% used [0x0000000080000000,0x00000000b13d2da8,0x00000000b2680000)
 Metaspace       used 6728K, capacity 7384K, committed 7680K, reserved 1056768K
  class space    used 623K, capacity 656K, committed 768K, reserved 1048576K
}
Event: 37,036 GC heap before
{Heap before GC invocations=35 (full 6):
 PSYoungGen      total 465920K, used 105014K [0x00000000d5580000, 0x0000000100000000, 0x0000000100000000)
  eden space 232960K, 0% used [0x00000000d5580000,0x00000000d5580000,0x00000000e3900000)
  from space 232960K, 45% used [0x00000000e3900000,0x00000000e9f8db28,0x00000000f1c80000)
  to   space 232960K, 0% used [0x00000000f1c80000,0x00000000f1c80000,0x0000000100000000)
 ParOldGen       total 825856K, used 806731K [0x0000000080000000, 0x00000000b2680000, 0x00000000d5580000)
  object space 825856K, 97% used [0x0000000080000000,0x00000000b13d2da8,0x00000000b2680000)
 Metaspace       used 6728K, capacity 7384K, committed 7680K, reserved 1056768K
  class space    used 623K, capacity 656K, committed 768K, reserved 1048576K

