# JRE version: Java(TM) SE Runtime Environment (8.0_66-b17) (build 1.8.0_66-b17)
# Java VM: Java HotSpot(TM) 64-Bit Server VM (25.66-b17 mixed mode linux-amd64 compressed oops)
Heap:
 PSYoungGen      total 470528K, used 106879K [0x00000000d5580000, 0x0000000100000000, 0x0000000100000000)
  eden space 325120K, 0% used [0x00000000d5580000,0x00000000d5580000,0x00000000e9300000)
  from space 145408K, 73% used [0x00000000f7200000,0x00000000fda5ff18,0x0000000100000000)
  to   space 186880K, 0% used [0x00000000e9300000,0x00000000e9300000,0x00000000f4980000)
 ParOldGen       total 410624K, used 410241K [0x0000000080000000, 0x0000000099100000, 0x00000000d5580000)
  object space 410624K, 99% used [0x0000000080000000,0x00000000990a0560,0x0000000099100000)
 Metaspace       used 6586K, capacity 7320K, committed 7680K, reserved 1056768K
  class space    used 616K, capacity 656K, committed 768K, reserved 1048576K
GC Heap History (10 events):
Event: 15,406 GC heap after
Heap after GC invocations=15 (full 3):
 PSYoungGen      total 539648K, used 50946K [0x00000000d5580000, 0x0000000100000000, 0x0000000100000000)
  eden space 438784K, 0% used [0x00000000d5580000,0x00000000d5580000,0x00000000f0200000)
  from space 100864K, 50% used [0x00000000f9d80000,0x00000000fcf40b20,0x0000000100000000)
  to   space 130048K, 0% used [0x00000000f0200000,0x00000000f0200000,0x00000000f8100000)
 ParOldGen       total 387072K, used 246114K [0x0000000080000000, 0x0000000097a00000, 0x00000000d5580000)
  object space 387072K, 63% used [0x0000000080000000,0x000000008f0588d8,0x0000000097a00000)
 Metaspace       used 6563K, capacity 7320K, committed 7680K, reserved 1056768K
  class space    used 615K, capacity 656K, committed 768K, reserved 1048576K
}
Event: 17,297 GC heap before
{Heap before GC invocations=16 (full 3):
 PSYoungGen      total 539648K, used 489730K [0x00000000d5580000, 0x0000000100000000, 0x0000000100000000)
  eden space 438784K, 100% used [0x00000000d5580000,0x00000000f0200000,0x00000000f0200000)
  from space 100864K, 50% used [0x00000000f9d80000,0x00000000fcf40b20,0x0000000100000000)
  to   space 130048K, 0% used [0x00000000f0200000,0x00000000f0200000,0x00000000f8100000)
 ParOldGen       total 387072K, used 246114K [0x0000000080000000, 0x0000000097a00000, 0x00000000d5580000)
  object space 387072K, 63% used [0x0000000080000000,0x000000008f0588d8,0x0000000097a00000)
 Metaspace       used 6573K, capacity 7320K, committed 7680K, reserved 1056768K
  class space    used 616K, capacity 656K, committed 768K, reserved 1048576K
Event: 17,586 GC heap after
Heap after GC invocations=16 (full 3):
 PSYoungGen      total 568832K, used 64120K [0x00000000d5580000, 0x0000000100000000, 0x0000000100000000)
  eden space 438784K, 0% used [0x00000000d5580000,0x00000000d5580000,0x00000000f0200000)
  from space 130048K, 49% used [0x00000000f0200000,0x00000000f409e348,0x00000000f8100000)
  to   space 128512K, 0% used [0x00000000f8280000,0x00000000f8280000,0x0000000100000000)
 ParOldGen       total 387072K, used 296146K [0x0000000080000000, 0x0000000097a00000, 0x00000000d5580000)
  object space 387072K, 76% used [0x0000000080000000,0x0000000092134a90,0x0000000097a00000)
 Metaspace       used 6573K, capacity 7320K, committed 7680K, reserved 1056768K
  class space    used 616K, capacity 656K, committed 768K, reserved 1048576K
}
Event: 18,952 GC heap before
{Heap before GC invocations=17 (full 3):
 PSYoungGen      total 568832K, used 502904K [0x00000000d5580000, 0x0000000100000000, 0x0000000100000000)
  eden space 438784K, 100% used [0x00000000d5580000,0x00000000f0200000,0x00000000f0200000)
  from space 130048K, 49% used [0x00000000f0200000,0x00000000f409e348,0x00000000f8100000)
  to   space 128512K, 0% used [0x00000000f8280000,0x00000000f8280000,0x0000000100000000)
 ParOldGen       total 387072K, used 296146K [0x0000000080000000, 0x0000000097a00000, 0x00000000d5580000)
  object space 387072K, 76% used [0x0000000080000000,0x0000000092134a90,0x0000000097a00000)
 Metaspace       used 6582K, capacity 7320K, committed 7680K, reserved 1056768K
  class space    used 616K, capacity 656K, committed 768K, reserved 1048576K
Event: 19,148 GC heap after
Heap after GC invocations=17 (full 3):
 PSYoungGen      total 536576K, used 113255K [0x00000000d5580000, 0x0000000100000000, 0x0000000100000000)
  eden space 408064K, 0% used [0x00000000d5580000,0x00000000d5580000,0x00000000ee400000)
  from space 128512K, 88% used [0x00000000f8280000,0x00000000ff119cc0,0x0000000100000000)
  to   space 145408K, 0% used [0x00000000ee400000,0x00000000ee400000,0x00000000f7200000)
 ParOldGen       total 387072K, used 296146K [0x0000000080000000, 0x0000000097a00000, 0x00000000d5580000)
  object space 387072K, 76% used [0x0000000080000000,0x0000000092134a90,0x0000000097a00000)
 Metaspace       used 6582K, capacity 7320K, committed 7680K, reserved 1056768K
  class space    used 616K, capacity 656K, committed 768K, reserved 1048576K
}
Event: 20,684 GC heap before
{Heap before GC invocations=18 (full 3):
 PSYoungGen      total 536576K, used 521319K [0x00000000d5580000, 0x0000000100000000, 0x0000000100000000)
  eden space 408064K, 100% used [0x00000000d5580000,0x00000000ee400000,0x00000000ee400000)
  from space 128512K, 88% used [0x00000000f8280000,0x00000000ff119cc0,0x0000000100000000)
  to   space 145408K, 0% used [0x00000000ee400000,0x00000000ee400000,0x00000000f7200000)
 ParOldGen       total 387072K, used 296146K [0x0000000080000000, 0x0000000097a00000, 0x00000000d5580000)
  object space 387072K, 76% used [0x0000000080000000,0x0000000092134a90,0x0000000097a00000)
 Metaspace       used 6584K, capacity 7320K, committed 7680K, reserved 1056768K
  class space    used 616K, capacity 656K, committed 768K, reserved 1048576K
Event: 20,913 GC heap after
Heap after GC invocations=18 (full 3):
 PSYoungGen      total 553472K, used 145376K [0x00000000d5580000, 0x0000000100000000, 0x0000000100000000)
  eden space 408064K, 0% used [0x00000000d5580000,0x00000000d5580000,0x00000000ee400000)
  from space 145408K, 99% used [0x00000000ee400000,0x00000000f71f8238,0x00000000f7200000)
  to   space 145408K, 0% used [0x00000000f7200000,0x00000000f7200000,0x0000000100000000)
 ParOldGen       total 387072K, used 320556K [0x0000000080000000, 0x0000000097a00000, 0x00000000d5580000)
  object space 387072K, 82% used [0x0000000080000000,0x000000009390b310,0x0000000097a00000)
 Metaspace       used 6584K, capacity 7320K, committed 7680K, reserved 1056768K
  class space    used 616K, capacity 656K, committed 768K, reserved 1048576K
}
Event: 22,428 GC heap before
{Heap before GC invocations=19 (full 3):
 PSYoungGen      total 553472K, used 553440K [0x00000000d5580000, 0x0000000100000000, 0x0000000100000000)
  eden space 408064K, 100% used [0x00000000d5580000,0x00000000ee400000,0x00000000ee400000)
  from space 145408K, 99% used [0x00000000ee400000,0x00000000f71f8238,0x00000000f7200000)
  to   space 145408K, 0% used [0x00000000f7200000,0x00000000f7200000,0x0000000100000000)
 ParOldGen       total 387072K, used 320556K [0x0000000080000000, 0x0000000097a00000, 0x00000000d5580000)
  object space 387072K, 82% used [0x0000000080000000,0x000000009390b310,0x0000000097a00000)
 Metaspace       used 6586K, capacity 7320K, committed 7680K, reserved 1056768K
  class space    used 616K, capacity 656K, committed 768K, reserved 1048576K
Event: 22,858 GC heap after
Heap after GC invocations=19 (full 3):
 PSYoungGen      total 470528K, used 117257K [0x00000000d5580000, 0x0000000100000000, 0x0000000100000000)
  eden space 325120K, 0% used [0x00000000d5580000,0x00000000d5580000,0x00000000e9300000)
  from space 145408K, 80% used [0x00000000f7200000,0x00000000fe4825e8,0x0000000100000000)
  to   space 186880K, 0% used [0x00000000e9300000,0x00000000e9300000,0x00000000f4980000)
 ParOldGen       total 410624K, used 409630K [0x0000000080000000, 0x0000000099100000, 0x00000000d5580000)
  object space 410624K, 99% used [0x0000000080000000,0x0000000099007ad0,0x0000000099100000)
 Metaspace       used 6586K, capacity 7320K, committed 7680K, reserved 1056768K
  class space    used 616K, capacity 656K, committed 768K, reserved 1048576K
}
Event: 22,866 GC heap before
{Heap before GC invocations=20 (full 4):
 PSYoungGen      total 470528K, used 117257K [0x00000000d5580000, 0x0000000100000000, 0x0000000100000000)
  eden space 325120K, 0% used [0x00000000d5580000,0x00000000d5580000,0x00000000e9300000)
  from space 145408K, 80% used [0x00000000f7200000,0x00000000fe4825e8,0x0000000100000000)
  to   space 186880K, 0% used [0x00000000e9300000,0x00000000e9300000,0x00000000f4980000)
 ParOldGen       total 410624K, used 409630K [0x0000000080000000, 0x0000000099100000, 0x00000000d5580000)
  object space 410624K, 99% used [0x0000000080000000,0x0000000099007ad0,0x0000000099100000)
 Metaspace       used 6586K, capacity 7320K, committed 7680K, reserved 1056768K
  class space    used 616K, capacity 656K, committed 768K, reserved 1048576K

