# JRE version: Java(TM) SE Runtime Environment (8.0_60-b27) (build 1.8.0_60-b27)
# Java VM: Java HotSpot(TM) 64-Bit Server VM (25.60-b23 mixed mode linux-amd64 compressed oops)
Heap:
 PSYoungGen      total 232960K, used 46538K [0x00000000eab00000, 0x0000000100000000, 0x0000000100000000)
  eden space 116736K, 0% used [0x00000000eab00000,0x00000000eab00000,0x00000000f1d00000)
  from space 116224K, 40% used [0x00000000f1d00000,0x00000000f4a72a38,0x00000000f8e80000)
  to   space 115712K, 0% used [0x00000000f8f00000,0x00000000f8f00000,0x0000000100000000)
 ParOldGen       total 340992K, used 340519K [0x00000000c0000000, 0x00000000d4d00000, 0x00000000eab00000)
  object space 340992K, 99% used [0x00000000c0000000,0x00000000d4c89c90,0x00000000d4d00000)
 Metaspace       used 6469K, capacity 7282K, committed 7552K, reserved 1056768K
  class space    used 607K, capacity 618K, committed 640K, reserved 1048576K
GC Heap History (10 events):
Event: 12,901 GC heap after
Heap after GC invocations=18 (full 3):
 PSYoungGen      total 241152K, used 70659K [0x00000000eab00000, 0x0000000100000000, 0x0000000100000000)
  eden space 169984K, 0% used [0x00000000eab00000,0x00000000eab00000,0x00000000f5100000)
  from space 71168K, 99% used [0x00000000f5100000,0x00000000f9600ec0,0x00000000f9680000)
  to   space 96256K, 0% used [0x00000000fa200000,0x00000000fa200000,0x0000000100000000)
 ParOldGen       total 340992K, used 239736K [0x00000000c0000000, 0x00000000d4d00000, 0x00000000eab00000)
  object space 340992K, 70% used [0x00000000c0000000,0x00000000cea1e1c8,0x00000000d4d00000)
 Metaspace       used 6466K, capacity 7282K, committed 7552K, reserved 1056768K
  class space    used 606K, capacity 618K, committed 640K, reserved 1048576K
}
Event: 13,471 GC heap before
{Heap before GC invocations=19 (full 3):
 PSYoungGen      total 241152K, used 240643K [0x00000000eab00000, 0x0000000100000000, 0x0000000100000000)
  eden space 169984K, 100% used [0x00000000eab00000,0x00000000f5100000,0x00000000f5100000)
  from space 71168K, 99% used [0x00000000f5100000,0x00000000f9600ec0,0x00000000f9680000)
  to   space 96256K, 0% used [0x00000000fa200000,0x00000000fa200000,0x0000000100000000)
 ParOldGen       total 340992K, used 239736K [0x00000000c0000000, 0x00000000d4d00000, 0x00000000eab00000)
  object space 340992K, 70% used [0x00000000c0000000,0x00000000cea1e1c8,0x00000000d4d00000)
 Metaspace       used 6467K, capacity 7282K, committed 7552K, reserved 1056768K
  class space    used 606K, capacity 618K, committed 640K, reserved 1048576K
Event: 13,597 GC heap after
Heap after GC invocations=19 (full 3):
 PSYoungGen      total 223232K, used 96241K [0x00000000eab00000, 0x0000000100000000, 0x0000000100000000)
  eden space 126976K, 0% used [0x00000000eab00000,0x00000000eab00000,0x00000000f2700000)
  from space 96256K, 99% used [0x00000000fa200000,0x00000000ffffc7b8,0x0000000100000000)
  to   space 111104K, 0% used [0x00000000f2700000,0x00000000f2700000,0x00000000f9380000)
 ParOldGen       total 340992K, used 240416K [0x00000000c0000000, 0x00000000d4d00000, 0x00000000eab00000)
  object space 340992K, 70% used [0x00000000c0000000,0x00000000ceac8028,0x00000000d4d00000)
 Metaspace       used 6467K, capacity 7282K, committed 7552K, reserved 1056768K
  class space    used 606K, capacity 618K, committed 640K, reserved 1048576K
}
Event: 13,999 GC heap before
{Heap before GC invocations=20 (full 3):
 PSYoungGen      total 223232K, used 223217K [0x00000000eab00000, 0x0000000100000000, 0x0000000100000000)
  eden space 126976K, 100% used [0x00000000eab00000,0x00000000f2700000,0x00000000f2700000)
  from space 96256K, 99% used [0x00000000fa200000,0x00000000ffffc7b8,0x0000000100000000)
  to   space 111104K, 0% used [0x00000000f2700000,0x00000000f2700000,0x00000000f9380000)
 ParOldGen       total 340992K, used 240416K [0x00000000c0000000, 0x00000000d4d00000, 0x00000000eab00000)
  object space 340992K, 70% used [0x00000000c0000000,0x00000000ceac8028,0x00000000d4d00000)
 Metaspace       used 6467K, capacity 7282K, committed 7552K, reserved 1056768K
  class space    used 606K, capacity 618K, committed 640K, reserved 1048576K
Event: 14,213 GC heap after
Heap after GC invocations=20 (full 3):
 PSYoungGen      total 197120K, used 69991K [0x00000000eab00000, 0x0000000100000000, 0x0000000100000000)
  eden space 126976K, 0% used [0x00000000eab00000,0x00000000eab00000,0x00000000f2700000)
  from space 70144K, 99% used [0x00000000f2700000,0x00000000f6b59e88,0x00000000f6b80000)
  to   space 113152K, 0% used [0x00000000f9180000,0x00000000f9180000,0x0000000100000000)
 ParOldGen       total 340992K, used 285555K [0x00000000c0000000, 0x00000000d4d00000, 0x00000000eab00000)
  object space 340992K, 83% used [0x00000000c0000000,0x00000000d16dcc70,0x00000000d4d00000)
 Metaspace       used 6467K, capacity 7282K, committed 7552K, reserved 1056768K
  class space    used 606K, capacity 618K, committed 640K, reserved 1048576K
}
Event: 14,643 GC heap before
{Heap before GC invocations=21 (full 3):
 PSYoungGen      total 197120K, used 196967K [0x00000000eab00000, 0x0000000100000000, 0x0000000100000000)
  eden space 126976K, 100% used [0x00000000eab00000,0x00000000f2700000,0x00000000f2700000)
  from space 70144K, 99% used [0x00000000f2700000,0x00000000f6b59e88,0x00000000f6b80000)
  to   space 113152K, 0% used [0x00000000f9180000,0x00000000f9180000,0x0000000100000000)
 ParOldGen       total 340992K, used 285555K [0x00000000c0000000, 0x00000000d4d00000, 0x00000000eab00000)
  object space 340992K, 83% used [0x00000000c0000000,0x00000000d16dcc70,0x00000000d4d00000)
 Metaspace       used 6467K, capacity 7282K, committed 7552K, reserved 1056768K
  class space    used 606K, capacity 618K, committed 640K, reserved 1048576K
Event: 14,759 GC heap after
Heap after GC invocations=21 (full 3):
 PSYoungGen      total 229888K, used 89290K [0x00000000eab00000, 0x0000000100000000, 0x0000000100000000)
  eden space 116736K, 0% used [0x00000000eab00000,0x00000000eab00000,0x00000000f1d00000)
  from space 113152K, 78% used [0x00000000f9180000,0x00000000fe8b2818,0x0000000100000000)
  to   space 116224K, 0% used [0x00000000f1d00000,0x00000000f1d00000,0x00000000f8e80000)
 ParOldGen       total 340992K, used 285555K [0x00000000c0000000, 0x00000000d4d00000, 0x00000000eab00000)
  object space 340992K, 83% used [0x00000000c0000000,0x00000000d16dcc70,0x00000000d4d00000)
 Metaspace       used 6467K, capacity 7282K, committed 7552K, reserved 1056768K
  class space    used 606K, capacity 618K, committed 640K, reserved 1048576K
}
Event: 15,118 GC heap before
{Heap before GC invocations=22 (full 3):
 PSYoungGen      total 229888K, used 206026K [0x00000000eab00000, 0x0000000100000000, 0x0000000100000000)
  eden space 116736K, 100% used [0x00000000eab00000,0x00000000f1d00000,0x00000000f1d00000)
  from space 113152K, 78% used [0x00000000f9180000,0x00000000fe8b2818,0x0000000100000000)
  to   space 116224K, 0% used [0x00000000f1d00000,0x00000000f1d00000,0x00000000f8e80000)
 ParOldGen       total 340992K, used 285555K [0x00000000c0000000, 0x00000000d4d00000, 0x00000000eab00000)
  object space 340992K, 83% used [0x00000000c0000000,0x00000000d16dcc70,0x00000000d4d00000)
 Metaspace       used 6469K, capacity 7282K, committed 7552K, reserved 1056768K
  class space    used 607K, capacity 618K, committed 640K, reserved 1048576K
Event: 15,321 GC heap after
Heap after GC invocations=22 (full 3):
 PSYoungGen      total 232960K, used 54977K [0x00000000eab00000, 0x0000000100000000, 0x0000000100000000)
  eden space 116736K, 0% used [0x00000000eab00000,0x00000000eab00000,0x00000000f1d00000)
  from space 116224K, 47% used [0x00000000f1d00000,0x00000000f52b04f0,0x00000000f8e80000)
  to   space 115712K, 0% used [0x00000000f8f00000,0x00000000f8f00000,0x0000000100000000)
 ParOldGen       total 340992K, used 336489K [0x00000000c0000000, 0x00000000d4d00000, 0x00000000eab00000)
  object space 340992K, 98% used [0x00000000c0000000,0x00000000d489a5b8,0x00000000d4d00000)
 Metaspace       used 6469K, capacity 7282K, committed 7552K, reserved 1056768K
  class space    used 607K, capacity 618K, committed 640K, reserved 1048576K
}
Event: 15,321 GC heap before
{Heap before GC invocations=23 (full 4):
 PSYoungGen      total 232960K, used 54977K [0x00000000eab00000, 0x0000000100000000, 0x0000000100000000)
  eden space 116736K, 0% used [0x00000000eab00000,0x00000000eab00000,0x00000000f1d00000)
  from space 116224K, 47% used [0x00000000f1d00000,0x00000000f52b04f0,0x00000000f8e80000)
  to   space 115712K, 0% used [0x00000000f8f00000,0x00000000f8f00000,0x0000000100000000)
 ParOldGen       total 340992K, used 336489K [0x00000000c0000000, 0x00000000d4d00000, 0x00000000eab00000)
  object space 340992K, 98% used [0x00000000c0000000,0x00000000d489a5b8,0x00000000d4d00000)
 Metaspace       used 6469K, capacity 7282K, committed 7552K, reserved 1056768K
  class space    used 607K, capacity 618K, committed 640K, reserved 1048576K

