# JRE version: Java(TM) SE Runtime Environment (8.0_66-b17) (build 1.8.0_66-b17)
# Java VM: Java HotSpot(TM) 64-Bit Server VM (25.66-b17 mixed mode linux-amd64 compressed oops)
Heap:
 PSYoungGen      total 465920K, used 0K [0x00000000d5580000, 0x0000000100000000, 0x0000000100000000)
  eden space 232960K, 0% used [0x00000000d5580000,0x00000000d5580000,0x00000000e3900000)
  from space 232960K, 0% used [0x00000000e3900000,0x00000000e3900000,0x00000000f1c80000)
  to   space 232960K, 0% used [0x00000000f1c80000,0x00000000f1c80000,0x0000000100000000)
 ParOldGen       total 841216K, used 785104K [0x0000000080000000, 0x00000000b3580000, 0x00000000d5580000)
  object space 841216K, 93% used [0x0000000080000000,0x00000000afeb4108,0x00000000b3580000)
 Metaspace       used 6710K, capacity 7384K, committed 7680K, reserved 1056768K
  class space    used 622K, capacity 656K, committed 768K, reserved 1048576K
GC Heap History (10 events):
Event: 31,619 GC heap after
Heap after GC invocations=24 (full 5):
 PSYoungGen      total 465920K, used 87526K [0x00000000d5580000, 0x0000000100000000, 0x0000000100000000)
  eden space 232960K, 0% used [0x00000000d5580000,0x00000000d5580000,0x00000000e3900000)
  from space 232960K, 37% used [0x00000000e3900000,0x00000000e8e799b8,0x00000000f1c80000)
  to   space 232960K, 0% used [0x00000000f1c80000,0x00000000f1c80000,0x0000000100000000)
 ParOldGen       total 841216K, used 576032K [0x0000000080000000, 0x00000000b3580000, 0x00000000d5580000)
  object space 841216K, 68% used [0x0000000080000000,0x00000000a32882e8,0x00000000b3580000)
 Metaspace       used 6600K, capacity 7320K, committed 7680K, reserved 1056768K
  class space    used 616K, capacity 656K, committed 768K, reserved 1048576K
}
Event: 32,607 GC heap before
{Heap before GC invocations=25 (full 5):
 PSYoungGen      total 465920K, used 320486K [0x00000000d5580000, 0x0000000100000000, 0x0000000100000000)
  eden space 232960K, 100% used [0x00000000d5580000,0x00000000e3900000,0x00000000e3900000)
  from space 232960K, 37% used [0x00000000e3900000,0x00000000e8e799b8,0x00000000f1c80000)
  to   space 232960K, 0% used [0x00000000f1c80000,0x00000000f1c80000,0x0000000100000000)
 ParOldGen       total 841216K, used 576032K [0x0000000080000000, 0x00000000b3580000, 0x00000000d5580000)
  object space 841216K, 68% used [0x0000000080000000,0x00000000a32882e8,0x00000000b3580000)
 Metaspace       used 6600K, capacity 7320K, committed 7680K, reserved 1056768K
  class space    used 616K, capacity 656K, committed 768K, reserved 1048576K
Event: 32,927 GC heap after
Heap after GC invocations=25 (full 5):
 PSYoungGen      total 465920K, used 60932K [0x00000000d5580000, 0x0000000100000000, 0x0000000100000000)
  eden space 232960K, 0% used [0x00000000d5580000,0x00000000d5580000,0x00000000e3900000)
  from space 232960K, 26% used [0x00000000f1c80000,0x00000000f5801260,0x0000000100000000)
  to   space 232960K, 0% used [0x00000000e3900000,0x00000000e3900000,0x00000000f1c80000)
 ParOldGen       total 841216K, used 633940K [0x0000000080000000, 0x00000000b3580000, 0x00000000d5580000)
  object space 841216K, 75% used [0x0000000080000000,0x00000000a6b150b0,0x00000000b3580000)
 Metaspace       used 6600K, capacity 7320K, committed 7680K, reserved 1056768K
  class space    used 616K, capacity 656K, committed 768K, reserved 1048576K
}
Event: 33,683 GC heap before
{Heap before GC invocations=26 (full 5):
 PSYoungGen      total 465920K, used 293892K [0x00000000d5580000, 0x0000000100000000, 0x0000000100000000)
  eden space 232960K, 100% used [0x00000000d5580000,0x00000000e3900000,0x00000000e3900000)
  from space 232960K, 26% used [0x00000000f1c80000,0x00000000f5801260,0x0000000100000000)
  to   space 232960K, 0% used [0x00000000e3900000,0x00000000e3900000,0x00000000f1c80000)
 ParOldGen       total 841216K, used 633940K [0x0000000080000000, 0x00000000b3580000, 0x00000000d5580000)
  object space 841216K, 75% used [0x0000000080000000,0x00000000a6b150b0,0x00000000b3580000)
 Metaspace       used 6601K, capacity 7320K, committed 7680K, reserved 1056768K
  class space    used 616K, capacity 656K, committed 768K, reserved 1048576K
Event: 33,879 GC heap after
Heap after GC invocations=26 (full 5):
 PSYoungGen      total 465920K, used 36062K [0x00000000d5580000, 0x0000000100000000, 0x0000000100000000)
  eden space 232960K, 0% used [0x00000000d5580000,0x00000000d5580000,0x00000000e3900000)
  from space 232960K, 15% used [0x00000000e3900000,0x00000000e5c37998,0x00000000f1c80000)
  to   space 232960K, 0% used [0x00000000f1c80000,0x00000000f1c80000,0x0000000100000000)
 ParOldGen       total 841216K, used 693961K [0x0000000080000000, 0x00000000b3580000, 0x00000000d5580000)
  object space 841216K, 82% used [0x0000000080000000,0x00000000aa5b25a0,0x00000000b3580000)
 Metaspace       used 6601K, capacity 7320K, committed 7680K, reserved 1056768K
  class space    used 616K, capacity 656K, committed 768K, reserved 1048576K
}
Event: 34,751 GC heap before
{Heap before GC invocations=27 (full 5):
 PSYoungGen      total 465920K, used 269022K [0x00000000d5580000, 0x0000000100000000, 0x0000000100000000)
  eden space 232960K, 100% used [0x00000000d5580000,0x00000000e3900000,0x00000000e3900000)
  from space 232960K, 15% used [0x00000000e3900000,0x00000000e5c37998,0x00000000f1c80000)
  to   space 232960K, 0% used [0x00000000f1c80000,0x00000000f1c80000,0x0000000100000000)
 ParOldGen       total 841216K, used 693961K [0x0000000080000000, 0x00000000b3580000, 0x00000000d5580000)
  object space 841216K, 82% used [0x0000000080000000,0x00000000aa5b25a0,0x00000000b3580000)
 Metaspace       used 6710K, capacity 7384K, committed 7680K, reserved 1056768K
  class space    used 622K, capacity 656K, committed 768K, reserved 1048576K
Event: 34,902 GC heap after
Heap after GC invocations=27 (full 5):
 PSYoungGen      total 465920K, used 37049K [0x00000000d5580000, 0x0000000100000000, 0x0000000100000000)
  eden space 232960K, 0% used [0x00000000d5580000,0x00000000d5580000,0x00000000e3900000)
  from space 232960K, 15% used [0x00000000f1c80000,0x00000000f40ae480,0x0000000100000000)
  to   space 232960K, 0% used [0x00000000e3900000,0x00000000e3900000,0x00000000f1c80000)
 ParOldGen       total 841216K, used 728581K [0x0000000080000000, 0x00000000b3580000, 0x00000000d5580000)
  object space 841216K, 86% used [0x0000000080000000,0x00000000ac7814e0,0x00000000b3580000)
 Metaspace       used 6710K, capacity 7384K, committed 7680K, reserved 1056768K
  class space    used 622K, capacity 656K, committed 768K, reserved 1048576K
}
Event: 35,722 GC heap before
{Heap before GC invocations=28 (full 5):
 PSYoungGen      total 465920K, used 270009K [0x00000000d5580000, 0x0000000100000000, 0x0000000100000000)
  eden space 232960K, 100% used [0x00000000d5580000,0x00000000e3900000,0x00000000e3900000)
  from space 232960K, 15% used [0x00000000f1c80000,0x00000000f40ae480,0x0000000100000000)
  to   space 232960K, 0% used [0x00000000e3900000,0x00000000e3900000,0x00000000f1c80000)
 ParOldGen       total 841216K, used 728581K [0x0000000080000000, 0x00000000b3580000, 0x00000000d5580000)
  object space 841216K, 86% used [0x0000000080000000,0x00000000ac7814e0,0x00000000b3580000)
 Metaspace       used 6710K, capacity 7384K, committed 7680K, reserved 1056768K
  class space    used 622K, capacity 656K, committed 768K, reserved 1048576K
Event: 35,841 GC heap after
Heap after GC invocations=28 (full 5):
 PSYoungGen      total 465920K, used 37840K [0x00000000d5580000, 0x0000000100000000, 0x0000000100000000)
  eden space 232960K, 0% used [0x00000000d5580000,0x00000000d5580000,0x00000000e3900000)
  from space 232960K, 16% used [0x00000000e3900000,0x00000000e5df41b0,0x00000000f1c80000)
  to   space 232960K, 0% used [0x00000000f1c80000,0x00000000f1c80000,0x0000000100000000)
 ParOldGen       total 841216K, used 764136K [0x0000000080000000, 0x00000000b3580000, 0x00000000d5580000)
  object space 841216K, 90% used [0x0000000080000000,0x00000000aea3a090,0x00000000b3580000)
 Metaspace       used 6710K, capacity 7384K, committed 7680K, reserved 1056768K
  class space    used 622K, capacity 656K, committed 768K, reserved 1048576K
}
Event: 35,842 GC heap before
{Heap before GC invocations=29 (full 6):
 PSYoungGen      total 465920K, used 37840K [0x00000000d5580000, 0x0000000100000000, 0x0000000100000000)
  eden space 232960K, 0% used [0x00000000d5580000,0x00000000d5580000,0x00000000e3900000)
  from space 232960K, 16% used [0x00000000e3900000,0x00000000e5df41b0,0x00000000f1c80000)
  to   space 232960K, 0% used [0x00000000f1c80000,0x00000000f1c80000,0x0000000100000000)
 ParOldGen       total 841216K, used 764136K [0x0000000080000000, 0x00000000b3580000, 0x00000000d5580000)
  object space 841216K, 90% used [0x0000000080000000,0x00000000aea3a090,0x00000000b3580000)
 Metaspace       used 6710K, capacity 7384K, committed 7680K, reserved 1056768K
  class space    used 622K, capacity 656K, committed 768K, reserved 1048576K

