# JRE version: Java(TM) SE Runtime Environment (8.0_66-b17) (build 1.8.0_66-b17)
# Java VM: Java HotSpot(TM) 64-Bit Server VM (25.66-b17 mixed mode linux-amd64 compressed oops)
Heap:
 PSYoungGen      total 465920K, used 78048K [0x00000000d5580000, 0x0000000100000000, 0x0000000100000000)
  eden space 232960K, 0% used [0x00000000d5580000,0x00000000d5580000,0x00000000e3900000)
  from space 232960K, 33% used [0x00000000e3900000,0x00000000e8538140,0x00000000f1c80000)
  to   space 232960K, 0% used [0x00000000f1c80000,0x00000000f1c80000,0x0000000100000000)
 ParOldGen       total 552448K, used 552117K [0x0000000080000000, 0x00000000a1b80000, 0x00000000d5580000)
  object space 552448K, 99% used [0x0000000080000000,0x00000000a1b2d5d0,0x00000000a1b80000)
 Metaspace       used 6604K, capacity 7320K, committed 7680K, reserved 1056768K
  class space    used 616K, capacity 656K, committed 768K, reserved 1048576K
GC Heap History (10 events):
Event: 18,085 GC heap after
Heap after GC invocations=19 (full 4):
 PSYoungGen      total 460800K, used 99042K [0x00000000d5580000, 0x0000000100000000, 0x0000000100000000)
  eden space 315904K, 0% used [0x00000000d5580000,0x00000000d5580000,0x00000000e8a00000)
  from space 144896K, 68% used [0x00000000e8a00000,0x00000000eeab88e0,0x00000000f1780000)
  to   space 207872K, 0% used [0x00000000f3500000,0x00000000f3500000,0x0000000100000000)
 ParOldGen       total 552448K, used 363826K [0x0000000080000000, 0x00000000a1b80000, 0x00000000d5580000)
  object space 552448K, 65% used [0x0000000080000000,0x000000009634ca10,0x00000000a1b80000)
 Metaspace       used 6600K, capacity 7320K, committed 7680K, reserved 1056768K
  class space    used 616K, capacity 656K, committed 768K, reserved 1048576K
}
Event: 19,011 GC heap before
{Heap before GC invocations=20 (full 4):
 PSYoungGen      total 460800K, used 414946K [0x00000000d5580000, 0x0000000100000000, 0x0000000100000000)
  eden space 315904K, 100% used [0x00000000d5580000,0x00000000e8a00000,0x00000000e8a00000)
  from space 144896K, 68% used [0x00000000e8a00000,0x00000000eeab88e0,0x00000000f1780000)
  to   space 207872K, 0% used [0x00000000f3500000,0x00000000f3500000,0x0000000100000000)
 ParOldGen       total 552448K, used 363828K [0x0000000080000000, 0x00000000a1b80000, 0x00000000d5580000)
  object space 552448K, 65% used [0x0000000080000000,0x000000009634d0e0,0x00000000a1b80000)
 Metaspace       used 6602K, capacity 7320K, committed 7680K, reserved 1056768K
  class space    used 616K, capacity 656K, committed 768K, reserved 1048576K
Event: 19,291 GC heap after
Heap after GC invocations=20 (full 4):
 PSYoungGen      total 462336K, used 148977K [0x00000000d5580000, 0x0000000100000000, 0x0000000100000000)
  eden space 254464K, 0% used [0x00000000d5580000,0x00000000d5580000,0x00000000e4e00000)
  from space 207872K, 71% used [0x00000000f3500000,0x00000000fc67c728,0x0000000100000000)
  to   space 222208K, 0% used [0x00000000e4e00000,0x00000000e4e00000,0x00000000f2700000)
 ParOldGen       total 552448K, used 363828K [0x0000000080000000, 0x00000000a1b80000, 0x00000000d5580000)
  object space 552448K, 65% used [0x0000000080000000,0x000000009634d0e0,0x00000000a1b80000)
 Metaspace       used 6602K, capacity 7320K, committed 7680K, reserved 1056768K
  class space    used 616K, capacity 656K, committed 768K, reserved 1048576K
}
Event: 20,156 GC heap before
{Heap before GC invocations=21 (full 4):
 PSYoungGen      total 462336K, used 403441K [0x00000000d5580000, 0x0000000100000000, 0x0000000100000000)
  eden space 254464K, 100% used [0x00000000d5580000,0x00000000e4e00000,0x00000000e4e00000)
  from space 207872K, 71% used [0x00000000f3500000,0x00000000fc67c728,0x0000000100000000)
  to   space 222208K, 0% used [0x00000000e4e00000,0x00000000e4e00000,0x00000000f2700000)
 ParOldGen       total 552448K, used 363828K [0x0000000080000000, 0x00000000a1b80000, 0x00000000d5580000)
  object space 552448K, 65% used [0x0000000080000000,0x000000009634d0e0,0x00000000a1b80000)
 Metaspace       used 6603K, capacity 7320K, committed 7680K, reserved 1056768K
  class space    used 616K, capacity 656K, committed 768K, reserved 1048576K
Event: 20,346 GC heap after
Heap after GC invocations=21 (full 4):
 PSYoungGen      total 443904K, used 189360K [0x00000000d5580000, 0x0000000100000000, 0x0000000100000000)
  eden space 254464K, 0% used [0x00000000d5580000,0x00000000d5580000,0x00000000e4e00000)
  from space 189440K, 99% used [0x00000000e4e00000,0x00000000f06ec258,0x00000000f0700000)
  to   space 232960K, 0% used [0x00000000f1c80000,0x00000000f1c80000,0x0000000100000000)
 ParOldGen       total 552448K, used 363828K [0x0000000080000000, 0x00000000a1b80000, 0x00000000d5580000)
  object space 552448K, 65% used [0x0000000080000000,0x000000009634d0e0,0x00000000a1b80000)
 Metaspace       used 6603K, capacity 7320K, committed 7680K, reserved 1056768K
  class space    used 616K, capacity 656K, committed 768K, reserved 1048576K
}
Event: 21,170 GC heap before
{Heap before GC invocations=22 (full 4):
 PSYoungGen      total 443904K, used 443824K [0x00000000d5580000, 0x0000000100000000, 0x0000000100000000)
  eden space 254464K, 100% used [0x00000000d5580000,0x00000000e4e00000,0x00000000e4e00000)
  from space 189440K, 99% used [0x00000000e4e00000,0x00000000f06ec258,0x00000000f0700000)
  to   space 232960K, 0% used [0x00000000f1c80000,0x00000000f1c80000,0x0000000100000000)
 ParOldGen       total 552448K, used 363828K [0x0000000080000000, 0x00000000a1b80000, 0x00000000d5580000)
  object space 552448K, 65% used [0x0000000080000000,0x000000009634d0e0,0x00000000a1b80000)
 Metaspace       used 6604K, capacity 7320K, committed 7680K, reserved 1056768K
  class space    used 616K, capacity 656K, committed 768K, reserved 1048576K
Event: 21,475 GC heap after
Heap after GC invocations=22 (full 4):
 PSYoungGen      total 465920K, used 174990K [0x00000000d5580000, 0x0000000100000000, 0x0000000100000000)
  eden space 232960K, 0% used [0x00000000d5580000,0x00000000d5580000,0x00000000e3900000)
  from space 232960K, 75% used [0x00000000f1c80000,0x00000000fc763ab0,0x0000000100000000)
  to   space 232960K, 0% used [0x00000000e3900000,0x00000000e3900000,0x00000000f1c80000)
 ParOldGen       total 552448K, used 419885K [0x0000000080000000, 0x00000000a1b80000, 0x00000000d5580000)
  object space 552448K, 76% used [0x0000000080000000,0x0000000099a0b470,0x00000000a1b80000)
 Metaspace       used 6604K, capacity 7320K, committed 7680K, reserved 1056768K
  class space    used 616K, capacity 656K, committed 768K, reserved 1048576K
}
Event: 22,134 GC heap before
{Heap before GC invocations=23 (full 4):
 PSYoungGen      total 465920K, used 407950K [0x00000000d5580000, 0x0000000100000000, 0x0000000100000000)
  eden space 232960K, 100% used [0x00000000d5580000,0x00000000e3900000,0x00000000e3900000)
  from space 232960K, 75% used [0x00000000f1c80000,0x00000000fc763ab0,0x0000000100000000)
  to   space 232960K, 0% used [0x00000000e3900000,0x00000000e3900000,0x00000000f1c80000)
 ParOldGen       total 552448K, used 419885K [0x0000000080000000, 0x00000000a1b80000, 0x00000000d5580000)
  object space 552448K, 76% used [0x0000000080000000,0x0000000099a0b470,0x00000000a1b80000)
 Metaspace       used 6604K, capacity 7320K, committed 7680K, reserved 1056768K
  class space    used 616K, capacity 656K, committed 768K, reserved 1048576K
Event: 22,490 GC heap after
Heap after GC invocations=23 (full 4):
 PSYoungGen      total 465920K, used 121562K [0x00000000d5580000, 0x0000000100000000, 0x0000000100000000)
  eden space 232960K, 0% used [0x00000000d5580000,0x00000000d5580000,0x00000000e3900000)
  from space 232960K, 52% used [0x00000000e3900000,0x00000000eafb6920,0x00000000f1c80000)
  to   space 232960K, 0% used [0x00000000f1c80000,0x00000000f1c80000,0x0000000100000000)
 ParOldGen       total 552448K, used 511514K [0x0000000080000000, 0x00000000a1b80000, 0x00000000d5580000)
  object space 552448K, 92% used [0x0000000080000000,0x000000009f386950,0x00000000a1b80000)
 Metaspace       used 6604K, capacity 7320K, committed 7680K, reserved 1056768K
  class space    used 616K, capacity 656K, committed 768K, reserved 1048576K
}
Event: 22,492 GC heap before
{Heap before GC invocations=24 (full 5):
 PSYoungGen      total 465920K, used 121562K [0x00000000d5580000, 0x0000000100000000, 0x0000000100000000)
  eden space 232960K, 0% used [0x00000000d5580000,0x00000000d5580000,0x00000000e3900000)
  from space 232960K, 52% used [0x00000000e3900000,0x00000000eafb6920,0x00000000f1c80000)
  to   space 232960K, 0% used [0x00000000f1c80000,0x00000000f1c80000,0x0000000100000000)
 ParOldGen       total 552448K, used 511514K [0x0000000080000000, 0x00000000a1b80000, 0x00000000d5580000)
  object space 552448K, 92% used [0x0000000080000000,0x000000009f386950,0x00000000a1b80000)
 Metaspace       used 6604K, capacity 7320K, committed 7680K, reserved 1056768K
  class space    used 616K, capacity 656K, committed 768K, reserved 1048576K

