# JRE version: Java(TM) SE Runtime Environment (8.0_66-b17) (build 1.8.0_66-b17)
# Java VM: Java HotSpot(TM) 64-Bit Server VM (25.66-b17 mixed mode linux-amd64 compressed oops)
Heap:
 PSYoungGen      total 547328K, used 45733K [0x00000000d5580000, 0x0000000100000000, 0x0000000100000000)
  eden space 471552K, 0% used [0x00000000d5580000,0x00000000d5580000,0x00000000f2200000)
  from space 75776K, 60% used [0x00000000f2200000,0x00000000f4ea94d8,0x00000000f6c00000)
  to   space 117760K, 0% used [0x00000000f8d00000,0x00000000f8d00000,0x0000000100000000)
 ParOldGen       total 393728K, used 393226K [0x0000000080000000, 0x0000000098080000, 0x00000000d5580000)
  object space 393728K, 99% used [0x0000000080000000,0x0000000098002a98,0x0000000098080000)
 Metaspace       used 6601K, capacity 7320K, committed 7680K, reserved 1056768K
  class space    used 616K, capacity 656K, committed 768K, reserved 1048576K
GC Heap History (10 events):
Event: 11,688 GC heap after
Heap after GC invocations=14 (full 2):
 PSYoungGen      total 588800K, used 65930K [0x00000000d5580000, 0x0000000100000000, 0x0000000100000000)
  eden space 488960K, 0% used [0x00000000d5580000,0x00000000d5580000,0x00000000f3300000)
  from space 99840K, 66% used [0x00000000f9e80000,0x00000000fdee2a60,0x0000000100000000)
  to   space 104960K, 0% used [0x00000000f3300000,0x00000000f3300000,0x00000000f9980000)
 ParOldGen       total 236032K, used 186291K [0x0000000080000000, 0x000000008e680000, 0x00000000d5580000)
  object space 236032K, 78% used [0x0000000080000000,0x000000008b5ecf58,0x000000008e680000)
 Metaspace       used 6576K, capacity 7320K, committed 7680K, reserved 1056768K
  class space    used 615K, capacity 656K, committed 768K, reserved 1048576K
}
Event: 13,795 GC heap before
{Heap before GC invocations=15 (full 2):
 PSYoungGen      total 588800K, used 554890K [0x00000000d5580000, 0x0000000100000000, 0x0000000100000000)
  eden space 488960K, 100% used [0x00000000d5580000,0x00000000f3300000,0x00000000f3300000)
  from space 99840K, 66% used [0x00000000f9e80000,0x00000000fdee2a60,0x0000000100000000)
  to   space 104960K, 0% used [0x00000000f3300000,0x00000000f3300000,0x00000000f9980000)
 ParOldGen       total 236032K, used 186291K [0x0000000080000000, 0x000000008e680000, 0x00000000d5580000)
  object space 236032K, 78% used [0x0000000080000000,0x000000008b5ecf58,0x000000008e680000)
 Metaspace       used 6577K, capacity 7320K, committed 7680K, reserved 1056768K
  class space    used 615K, capacity 656K, committed 768K, reserved 1048576K
Event: 14,014 GC heap after
Heap after GC invocations=15 (full 2):
 PSYoungGen      total 569856K, used 80407K [0x00000000d5580000, 0x0000000100000000, 0x0000000100000000)
  eden space 488960K, 0% used [0x00000000d5580000,0x00000000d5580000,0x00000000f3300000)
  from space 80896K, 99% used [0x00000000f3300000,0x00000000f8185f48,0x00000000f8200000)
  to   space 114176K, 0% used [0x00000000f9080000,0x00000000f9080000,0x0000000100000000)
 ParOldGen       total 251392K, used 250986K [0x0000000080000000, 0x000000008f580000, 0x00000000d5580000)
  object space 251392K, 99% used [0x0000000080000000,0x000000008f51ab28,0x000000008f580000)
 Metaspace       used 6577K, capacity 7320K, committed 7680K, reserved 1056768K
  class space    used 615K, capacity 656K, committed 768K, reserved 1048576K
}
Event: 14,014 GC heap before
{Heap before GC invocations=16 (full 3):
 PSYoungGen      total 569856K, used 80407K [0x00000000d5580000, 0x0000000100000000, 0x0000000100000000)
  eden space 488960K, 0% used [0x00000000d5580000,0x00000000d5580000,0x00000000f3300000)
  from space 80896K, 99% used [0x00000000f3300000,0x00000000f8185f48,0x00000000f8200000)
  to   space 114176K, 0% used [0x00000000f9080000,0x00000000f9080000,0x0000000100000000)
 ParOldGen       total 251392K, used 250986K [0x0000000080000000, 0x000000008f580000, 0x00000000d5580000)
  object space 251392K, 99% used [0x0000000080000000,0x000000008f51ab28,0x000000008f580000)
 Metaspace       used 6577K, capacity 7320K, committed 7680K, reserved 1056768K
  class space    used 615K, capacity 656K, committed 768K, reserved 1048576K
Event: 15,791 GC heap after
Heap after GC invocations=16 (full 3):
 PSYoungGen      total 569856K, used 62252K [0x00000000d5580000, 0x0000000100000000, 0x0000000100000000)
  eden space 488960K, 0% used [0x00000000d5580000,0x00000000d5580000,0x00000000f3300000)
  from space 80896K, 76% used [0x00000000f3300000,0x00000000f6fcb140,0x00000000f8200000)
  to   space 114176K, 0% used [0x00000000f9080000,0x00000000f9080000,0x0000000100000000)
 ParOldGen       total 393728K, used 251377K [0x0000000080000000, 0x0000000098080000, 0x00000000d5580000)
  object space 393728K, 63% used [0x0000000080000000,0x000000008f57c4e8,0x0000000098080000)
 Metaspace       used 6577K, capacity 7320K, committed 7680K, reserved 1056768K
  class space    used 615K, capacity 656K, committed 768K, reserved 1048576K
}
Event: 17,107 GC heap before
{Heap before GC invocations=17 (full 3):
 PSYoungGen      total 569856K, used 551212K [0x00000000d5580000, 0x0000000100000000, 0x0000000100000000)
  eden space 488960K, 100% used [0x00000000d5580000,0x00000000f3300000,0x00000000f3300000)
  from space 80896K, 76% used [0x00000000f3300000,0x00000000f6fcb140,0x00000000f8200000)
  to   space 114176K, 0% used [0x00000000f9080000,0x00000000f9080000,0x0000000100000000)
 ParOldGen       total 393728K, used 251377K [0x0000000080000000, 0x0000000098080000, 0x00000000d5580000)
  object space 393728K, 63% used [0x0000000080000000,0x000000008f57c4e8,0x0000000098080000)
 Metaspace       used 6596K, capacity 7320K, committed 7680K, reserved 1056768K
  class space    used 616K, capacity 656K, committed 768K, reserved 1048576K
Event: 17,352 GC heap after
Heap after GC invocations=17 (full 3):
 PSYoungGen      total 585728K, used 58729K [0x00000000d5580000, 0x0000000100000000, 0x0000000100000000)
  eden space 471552K, 0% used [0x00000000d5580000,0x00000000d5580000,0x00000000f2200000)
  from space 114176K, 51% used [0x00000000f9080000,0x00000000fc9da600,0x0000000100000000)
  to   space 113152K, 0% used [0x00000000f2200000,0x00000000f2200000,0x00000000f9080000)
 ParOldGen       total 393728K, used 312489K [0x0000000080000000, 0x0000000098080000, 0x00000000d5580000)
  object space 393728K, 79% used [0x0000000080000000,0x000000009312a6a8,0x0000000098080000)
 Metaspace       used 6596K, capacity 7320K, committed 7680K, reserved 1056768K
  class space    used 616K, capacity 656K, committed 768K, reserved 1048576K
}
Event: 19,101 GC heap before
{Heap before GC invocations=18 (full 3):
 PSYoungGen      total 585728K, used 530281K [0x00000000d5580000, 0x0000000100000000, 0x0000000100000000)
  eden space 471552K, 100% used [0x00000000d5580000,0x00000000f2200000,0x00000000f2200000)
  from space 114176K, 51% used [0x00000000f9080000,0x00000000fc9da600,0x0000000100000000)
  to   space 113152K, 0% used [0x00000000f2200000,0x00000000f2200000,0x00000000f9080000)
 ParOldGen       total 393728K, used 312489K [0x0000000080000000, 0x0000000098080000, 0x00000000d5580000)
  object space 393728K, 79% used [0x0000000080000000,0x000000009312a6a8,0x0000000098080000)
 Metaspace       used 6601K, capacity 7320K, committed 7680K, reserved 1056768K
  class space    used 616K, capacity 656K, committed 768K, reserved 1048576K
Event: 19,299 GC heap after
Heap after GC invocations=18 (full 3):
 PSYoungGen      total 547328K, used 75770K [0x00000000d5580000, 0x0000000100000000, 0x0000000100000000)
  eden space 471552K, 0% used [0x00000000d5580000,0x00000000d5580000,0x00000000f2200000)
  from space 75776K, 99% used [0x00000000f2200000,0x00000000f6bfe8c8,0x00000000f6c00000)
  to   space 117760K, 0% used [0x00000000f8d00000,0x00000000f8d00000,0x0000000100000000)
 ParOldGen       total 393728K, used 368978K [0x0000000080000000, 0x0000000098080000, 0x00000000d5580000)
  object space 393728K, 93% used [0x0000000080000000,0x0000000096854a58,0x0000000098080000)
 Metaspace       used 6601K, capacity 7320K, committed 7680K, reserved 1056768K
  class space    used 616K, capacity 656K, committed 768K, reserved 1048576K
}
Event: 19,299 GC heap before
{Heap before GC invocations=19 (full 4):
 PSYoungGen      total 547328K, used 75770K [0x00000000d5580000, 0x0000000100000000, 0x0000000100000000)
  eden space 471552K, 0% used [0x00000000d5580000,0x00000000d5580000,0x00000000f2200000)
  from space 75776K, 99% used [0x00000000f2200000,0x00000000f6bfe8c8,0x00000000f6c00000)
  to   space 117760K, 0% used [0x00000000f8d00000,0x00000000f8d00000,0x0000000100000000)
 ParOldGen       total 393728K, used 368978K [0x0000000080000000, 0x0000000098080000, 0x00000000d5580000)
  object space 393728K, 93% used [0x0000000080000000,0x0000000096854a58,0x0000000098080000)
 Metaspace       used 6601K, capacity 7320K, committed 7680K, reserved 1056768K
  class space    used 616K, capacity 656K, committed 768K, reserved 1048576K

