# JRE version: Java(TM) SE Runtime Environment (8.0_66-b17) (build 1.8.0_66-b17)
# Java VM: Java HotSpot(TM) 64-Bit Server VM (25.66-b17 mixed mode linux-amd64 compressed oops)
Heap:
 PSYoungGen      total 268800K, used 0K [0x00000000d5580000, 0x00000000ffe00000, 0x0000000100000000)
  eden space 232960K, 0% used [0x00000000d5580000,0x00000000d5580000,0x00000000e3900000)
  from space 35840K, 0% used [0x00000000e3900000,0x00000000e3900000,0x00000000e5c00000)
  to   space 231936K, 0% used [0x00000000f1b80000,0x00000000f1b80000,0x00000000ffe00000)
 ParOldGen       total 794112K, used 751574K [0x0000000080000000, 0x00000000b0780000, 0x00000000d5580000)
  object space 794112K, 94% used [0x0000000080000000,0x00000000addf5908,0x00000000b0780000)
 Metaspace       used 6703K, capacity 7384K, committed 7680K, reserved 1056768K
  class space    used 622K, capacity 656K, committed 768K, reserved 1048576K
GC Heap History (10 events):
Event: 29,035 GC heap after
Heap after GC invocations=24 (full 5):
 PSYoungGen      total 465920K, used 82937K [0x00000000d5580000, 0x0000000100000000, 0x0000000100000000)
  eden space 232960K, 0% used [0x00000000d5580000,0x00000000d5580000,0x00000000e3900000)
  from space 232960K, 35% used [0x00000000e3900000,0x00000000e89fe4a8,0x00000000f1c80000)
  to   space 232960K, 0% used [0x00000000f1c80000,0x00000000f1c80000,0x0000000100000000)
 ParOldGen       total 794112K, used 547049K [0x0000000080000000, 0x00000000b0780000, 0x00000000d5580000)
  object space 794112K, 68% used [0x0000000080000000,0x00000000a163a6a8,0x00000000b0780000)
 Metaspace       used 6591K, capacity 7320K, committed 7680K, reserved 1056768K
  class space    used 616K, capacity 656K, committed 768K, reserved 1048576K
}
Event: 29,886 GC heap before
{Heap before GC invocations=25 (full 5):
 PSYoungGen      total 465920K, used 315897K [0x00000000d5580000, 0x0000000100000000, 0x0000000100000000)
  eden space 232960K, 100% used [0x00000000d5580000,0x00000000e3900000,0x00000000e3900000)
  from space 232960K, 35% used [0x00000000e3900000,0x00000000e89fe4a8,0x00000000f1c80000)
  to   space 232960K, 0% used [0x00000000f1c80000,0x00000000f1c80000,0x0000000100000000)
 ParOldGen       total 794112K, used 547049K [0x0000000080000000, 0x00000000b0780000, 0x00000000d5580000)
  object space 794112K, 68% used [0x0000000080000000,0x00000000a163a6a8,0x00000000b0780000)
 Metaspace       used 6591K, capacity 7320K, committed 7680K, reserved 1056768K
  class space    used 616K, capacity 656K, committed 768K, reserved 1048576K
Event: 30,230 GC heap after
Heap after GC invocations=25 (full 5):
 PSYoungGen      total 465920K, used 66289K [0x00000000d5580000, 0x0000000100000000, 0x0000000100000000)
  eden space 232960K, 0% used [0x00000000d5580000,0x00000000d5580000,0x00000000e3900000)
  from space 232960K, 28% used [0x00000000f1c80000,0x00000000f5d3c738,0x0000000100000000)
  to   space 232960K, 0% used [0x00000000e3900000,0x00000000e3900000,0x00000000f1c80000)
 ParOldGen       total 794112K, used 601041K [0x0000000080000000, 0x00000000b0780000, 0x00000000d5580000)
  object space 794112K, 75% used [0x0000000080000000,0x00000000a4af4440,0x00000000b0780000)
 Metaspace       used 6591K, capacity 7320K, committed 7680K, reserved 1056768K
  class space    used 616K, capacity 656K, committed 768K, reserved 1048576K
}
Event: 30,800 GC heap before
{Heap before GC invocations=26 (full 5):
 PSYoungGen      total 465920K, used 299249K [0x00000000d5580000, 0x0000000100000000, 0x0000000100000000)
  eden space 232960K, 100% used [0x00000000d5580000,0x00000000e3900000,0x00000000e3900000)
  from space 232960K, 28% used [0x00000000f1c80000,0x00000000f5d3c738,0x0000000100000000)
  to   space 232960K, 0% used [0x00000000e3900000,0x00000000e3900000,0x00000000f1c80000)
 ParOldGen       total 794112K, used 601041K [0x0000000080000000, 0x00000000b0780000, 0x00000000d5580000)
  object space 794112K, 75% used [0x0000000080000000,0x00000000a4af4440,0x00000000b0780000)
 Metaspace       used 6657K, capacity 7384K, committed 7680K, reserved 1056768K
  class space    used 620K, capacity 656K, committed 768K, reserved 1048576K
Event: 30,985 GC heap after
Heap after GC invocations=26 (full 5):
 PSYoungGen      total 465920K, used 44381K [0x00000000d5580000, 0x0000000100000000, 0x0000000100000000)
  eden space 232960K, 0% used [0x00000000d5580000,0x00000000d5580000,0x00000000e3900000)
  from space 232960K, 19% used [0x00000000e3900000,0x00000000e64575c8,0x00000000f1c80000)
  to   space 232960K, 0% used [0x00000000f1c80000,0x00000000f1c80000,0x0000000100000000)
 ParOldGen       total 794112K, used 664105K [0x0000000080000000, 0x00000000b0780000, 0x00000000d5580000)
  object space 794112K, 83% used [0x0000000080000000,0x00000000a888a440,0x00000000b0780000)
 Metaspace       used 6657K, capacity 7384K, committed 7680K, reserved 1056768K
  class space    used 620K, capacity 656K, committed 768K, reserved 1048576K
}
Event: 31,798 GC heap before
{Heap before GC invocations=27 (full 5):
 PSYoungGen      total 465920K, used 277341K [0x00000000d5580000, 0x0000000100000000, 0x0000000100000000)
  eden space 232960K, 100% used [0x00000000d5580000,0x00000000e3900000,0x00000000e3900000)
  from space 232960K, 19% used [0x00000000e3900000,0x00000000e64575c8,0x00000000f1c80000)
  to   space 232960K, 0% used [0x00000000f1c80000,0x00000000f1c80000,0x0000000100000000)
 ParOldGen       total 794112K, used 664105K [0x0000000080000000, 0x00000000b0780000, 0x00000000d5580000)
  object space 794112K, 83% used [0x0000000080000000,0x00000000a888a440,0x00000000b0780000)
 Metaspace       used 6701K, capacity 7384K, committed 7680K, reserved 1056768K
  class space    used 622K, capacity 656K, committed 768K, reserved 1048576K
Event: 31,919 GC heap after
Heap after GC invocations=27 (full 5):
 PSYoungGen      total 465920K, used 37201K [0x00000000d5580000, 0x0000000100000000, 0x0000000100000000)
  eden space 232960K, 0% used [0x00000000d5580000,0x00000000d5580000,0x00000000e3900000)
  from space 232960K, 15% used [0x00000000f1c80000,0x00000000f40d4470,0x0000000100000000)
  to   space 232960K, 0% used [0x00000000e3900000,0x00000000e3900000,0x00000000f1c80000)
 ParOldGen       total 794112K, used 696414K [0x0000000080000000, 0x00000000b0780000, 0x00000000d5580000)
  object space 794112K, 87% used [0x0000000080000000,0x00000000aa817838,0x00000000b0780000)
 Metaspace       used 6701K, capacity 7384K, committed 7680K, reserved 1056768K
  class space    used 622K, capacity 656K, committed 768K, reserved 1048576K
}
Event: 32,827 GC heap before
{Heap before GC invocations=28 (full 5):
 PSYoungGen      total 465920K, used 270161K [0x00000000d5580000, 0x0000000100000000, 0x0000000100000000)
  eden space 232960K, 100% used [0x00000000d5580000,0x00000000e3900000,0x00000000e3900000)
  from space 232960K, 15% used [0x00000000f1c80000,0x00000000f40d4470,0x0000000100000000)
  to   space 232960K, 0% used [0x00000000e3900000,0x00000000e3900000,0x00000000f1c80000)
 ParOldGen       total 794112K, used 696414K [0x0000000080000000, 0x00000000b0780000, 0x00000000d5580000)
  object space 794112K, 87% used [0x0000000080000000,0x00000000aa817838,0x00000000b0780000)
 Metaspace       used 6703K, capacity 7384K, committed 7680K, reserved 1056768K
  class space    used 622K, capacity 656K, committed 768K, reserved 1048576K
Event: 32,950 GC heap after
Heap after GC invocations=28 (full 5):
 PSYoungGen      total 268800K, used 35355K [0x00000000d5580000, 0x00000000ffe00000, 0x0000000100000000)
  eden space 232960K, 0% used [0x00000000d5580000,0x00000000d5580000,0x00000000e3900000)
  from space 35840K, 98% used [0x00000000e3900000,0x00000000e5b86fe0,0x00000000e5c00000)
  to   space 231936K, 0% used [0x00000000f1b80000,0x00000000f1b80000,0x00000000ffe00000)
 ParOldGen       total 794112K, used 732438K [0x0000000080000000, 0x00000000b0780000, 0x00000000d5580000)
  object space 794112K, 92% used [0x0000000080000000,0x00000000acb459f8,0x00000000b0780000)
 Metaspace       used 6703K, capacity 7384K, committed 7680K, reserved 1056768K
  class space    used 622K, capacity 656K, committed 768K, reserved 1048576K
}
Event: 32,950 GC heap before
{Heap before GC invocations=29 (full 6):
 PSYoungGen      total 268800K, used 35355K [0x00000000d5580000, 0x00000000ffe00000, 0x0000000100000000)
  eden space 232960K, 0% used [0x00000000d5580000,0x00000000d5580000,0x00000000e3900000)
  from space 35840K, 98% used [0x00000000e3900000,0x00000000e5b86fe0,0x00000000e5c00000)
  to   space 231936K, 0% used [0x00000000f1b80000,0x00000000f1b80000,0x00000000ffe00000)
 ParOldGen       total 794112K, used 732438K [0x0000000080000000, 0x00000000b0780000, 0x00000000d5580000)
  object space 794112K, 92% used [0x0000000080000000,0x00000000acb459f8,0x00000000b0780000)
 Metaspace       used 6703K, capacity 7384K, committed 7680K, reserved 1056768K
  class space    used 622K, capacity 656K, committed 768K, reserved 1048576K

