# JRE version: Java(TM) SE Runtime Environment (8.0_66-b17) (build 1.8.0_66-b17)
# Java VM: Java HotSpot(TM) 64-Bit Server VM (25.66-b17 mixed mode linux-amd64 compressed oops)
Heap:
 PSYoungGen      total 465920K, used 0K [0x00000000d5580000, 0x0000000100000000, 0x0000000100000000)
  eden space 232960K, 0% used [0x00000000d5580000,0x00000000d5580000,0x00000000e3900000)
  from space 232960K, 0% used [0x00000000e3900000,0x00000000e3900000,0x00000000f1c80000)
  to   space 232960K, 0% used [0x00000000f1c80000,0x00000000f1c80000,0x0000000100000000)
 ParOldGen       total 828928K, used 772356K [0x0000000080000000, 0x00000000b2980000, 0x00000000d5580000)
  object space 828928K, 93% used [0x0000000080000000,0x00000000af241018,0x00000000b2980000)
 Metaspace       used 6729K, capacity 7384K, committed 7680K, reserved 1056768K
  class space    used 622K, capacity 656K, committed 768K, reserved 1048576K
GC Heap History (10 events):
Event: 26,989 GC heap after
Heap after GC invocations=24 (full 5):
 PSYoungGen      total 465920K, used 90575K [0x00000000d5580000, 0x0000000100000000, 0x0000000100000000)
  eden space 232960K, 0% used [0x00000000d5580000,0x00000000d5580000,0x00000000e3900000)
  from space 232960K, 38% used [0x00000000e3900000,0x00000000e9173eb0,0x00000000f1c80000)
  to   space 232960K, 0% used [0x00000000f1c80000,0x00000000f1c80000,0x0000000100000000)
 ParOldGen       total 828928K, used 566203K [0x0000000080000000, 0x00000000b2980000, 0x00000000d5580000)
  object space 828928K, 68% used [0x0000000080000000,0x00000000a28eeff8,0x00000000b2980000)
 Metaspace       used 6597K, capacity 7320K, committed 7680K, reserved 1056768K
  class space    used 616K, capacity 656K, committed 768K, reserved 1048576K
}
Event: 27,784 GC heap before
{Heap before GC invocations=25 (full 5):
 PSYoungGen      total 465920K, used 323535K [0x00000000d5580000, 0x0000000100000000, 0x0000000100000000)
  eden space 232960K, 100% used [0x00000000d5580000,0x00000000e3900000,0x00000000e3900000)
  from space 232960K, 38% used [0x00000000e3900000,0x00000000e9173eb0,0x00000000f1c80000)
  to   space 232960K, 0% used [0x00000000f1c80000,0x00000000f1c80000,0x0000000100000000)
 ParOldGen       total 828928K, used 566203K [0x0000000080000000, 0x00000000b2980000, 0x00000000d5580000)
  object space 828928K, 68% used [0x0000000080000000,0x00000000a28eeff8,0x00000000b2980000)
 Metaspace       used 6671K, capacity 7384K, committed 7680K, reserved 1056768K
  class space    used 619K, capacity 656K, committed 768K, reserved 1048576K
Event: 28,104 GC heap after
Heap after GC invocations=25 (full 5):
 PSYoungGen      total 465920K, used 71505K [0x00000000d5580000, 0x0000000100000000, 0x0000000100000000)
  eden space 232960K, 0% used [0x00000000d5580000,0x00000000d5580000,0x00000000e3900000)
  from space 232960K, 30% used [0x00000000f1c80000,0x00000000f6254508,0x0000000100000000)
  to   space 232960K, 0% used [0x00000000e3900000,0x00000000e3900000,0x00000000f1c80000)
 ParOldGen       total 828928K, used 621575K [0x0000000080000000, 0x00000000b2980000, 0x00000000d5580000)
  object space 828928K, 74% used [0x0000000080000000,0x00000000a5f01e80,0x00000000b2980000)
 Metaspace       used 6671K, capacity 7384K, committed 7680K, reserved 1056768K
  class space    used 619K, capacity 656K, committed 768K, reserved 1048576K
}
Event: 28,823 GC heap before
{Heap before GC invocations=26 (full 5):
 PSYoungGen      total 465920K, used 304465K [0x00000000d5580000, 0x0000000100000000, 0x0000000100000000)
  eden space 232960K, 100% used [0x00000000d5580000,0x00000000e3900000,0x00000000e3900000)
  from space 232960K, 30% used [0x00000000f1c80000,0x00000000f6254508,0x0000000100000000)
  to   space 232960K, 0% used [0x00000000e3900000,0x00000000e3900000,0x00000000f1c80000)
 ParOldGen       total 828928K, used 621575K [0x0000000080000000, 0x00000000b2980000, 0x00000000d5580000)
  object space 828928K, 74% used [0x0000000080000000,0x00000000a5f01e80,0x00000000b2980000)
 Metaspace       used 6704K, capacity 7384K, committed 7680K, reserved 1056768K
  class space    used 621K, capacity 656K, committed 768K, reserved 1048576K
Event: 29,013 GC heap after
Heap after GC invocations=26 (full 5):
 PSYoungGen      total 465920K, used 32883K [0x00000000d5580000, 0x0000000100000000, 0x0000000100000000)
  eden space 232960K, 0% used [0x00000000d5580000,0x00000000d5580000,0x00000000e3900000)
  from space 232960K, 14% used [0x00000000e3900000,0x00000000e591cff0,0x00000000f1c80000)
  to   space 232960K, 0% used [0x00000000f1c80000,0x00000000f1c80000,0x0000000100000000)
 ParOldGen       total 828928K, used 687937K [0x0000000080000000, 0x00000000b2980000, 0x00000000d5580000)
  object space 828928K, 82% used [0x0000000080000000,0x00000000a9fd0498,0x00000000b2980000)
 Metaspace       used 6704K, capacity 7384K, committed 7680K, reserved 1056768K
  class space    used 621K, capacity 656K, committed 768K, reserved 1048576K
}
Event: 29,945 GC heap before
{Heap before GC invocations=27 (full 5):
 PSYoungGen      total 465920K, used 265843K [0x00000000d5580000, 0x0000000100000000, 0x0000000100000000)
  eden space 232960K, 100% used [0x00000000d5580000,0x00000000e3900000,0x00000000e3900000)
  from space 232960K, 14% used [0x00000000e3900000,0x00000000e591cff0,0x00000000f1c80000)
  to   space 232960K, 0% used [0x00000000f1c80000,0x00000000f1c80000,0x0000000100000000)
 ParOldGen       total 828928K, used 687937K [0x0000000080000000, 0x00000000b2980000, 0x00000000d5580000)
  object space 828928K, 82% used [0x0000000080000000,0x00000000a9fd0498,0x00000000b2980000)
 Metaspace       used 6708K, capacity 7384K, committed 7680K, reserved 1056768K
  class space    used 621K, capacity 656K, committed 768K, reserved 1048576K
Event: 30,129 GC heap after
Heap after GC invocations=27 (full 5):
 PSYoungGen      total 465920K, used 35360K [0x00000000d5580000, 0x0000000100000000, 0x0000000100000000)
  eden space 232960K, 0% used [0x00000000d5580000,0x00000000d5580000,0x00000000e3900000)
  from space 232960K, 15% used [0x00000000f1c80000,0x00000000f3f08220,0x0000000100000000)
  to   space 232960K, 0% used [0x00000000e3900000,0x00000000e3900000,0x00000000f1c80000)
 ParOldGen       total 828928K, used 719901K [0x0000000080000000, 0x00000000b2980000, 0x00000000d5580000)
  object space 828928K, 86% used [0x0000000080000000,0x00000000abf07580,0x00000000b2980000)
 Metaspace       used 6708K, capacity 7384K, committed 7680K, reserved 1056768K
  class space    used 621K, capacity 656K, committed 768K, reserved 1048576K
}
Event: 31,018 GC heap before
{Heap before GC invocations=28 (full 5):
 PSYoungGen      total 465920K, used 268320K [0x00000000d5580000, 0x0000000100000000, 0x0000000100000000)
  eden space 232960K, 100% used [0x00000000d5580000,0x00000000e3900000,0x00000000e3900000)
  from space 232960K, 15% used [0x00000000f1c80000,0x00000000f3f08220,0x0000000100000000)
  to   space 232960K, 0% used [0x00000000e3900000,0x00000000e3900000,0x00000000f1c80000)
 ParOldGen       total 828928K, used 719901K [0x0000000080000000, 0x00000000b2980000, 0x00000000d5580000)
  object space 828928K, 86% used [0x0000000080000000,0x00000000abf07580,0x00000000b2980000)
 Metaspace       used 6729K, capacity 7384K, committed 7680K, reserved 1056768K
  class space    used 622K, capacity 656K, committed 768K, reserved 1048576K
Event: 31,149 GC heap after
Heap after GC invocations=28 (full 5):
 PSYoungGen      total 465920K, used 36358K [0x00000000d5580000, 0x0000000100000000, 0x0000000100000000)
  eden space 232960K, 0% used [0x00000000d5580000,0x00000000d5580000,0x00000000e3900000)
  from space 232960K, 15% used [0x00000000e3900000,0x00000000e5c81ba8,0x00000000f1c80000)
  to   space 232960K, 0% used [0x00000000f1c80000,0x00000000f1c80000,0x0000000100000000)
 ParOldGen       total 828928K, used 752891K [0x0000000080000000, 0x00000000b2980000, 0x00000000d5580000)
  object space 828928K, 90% used [0x0000000080000000,0x00000000adf3ecc0,0x00000000b2980000)
 Metaspace       used 6729K, capacity 7384K, committed 7680K, reserved 1056768K
  class space    used 622K, capacity 656K, committed 768K, reserved 1048576K
}
Event: 31,149 GC heap before
{Heap before GC invocations=29 (full 6):
 PSYoungGen      total 465920K, used 36358K [0x00000000d5580000, 0x0000000100000000, 0x0000000100000000)
  eden space 232960K, 0% used [0x00000000d5580000,0x00000000d5580000,0x00000000e3900000)
  from space 232960K, 15% used [0x00000000e3900000,0x00000000e5c81ba8,0x00000000f1c80000)
  to   space 232960K, 0% used [0x00000000f1c80000,0x00000000f1c80000,0x0000000100000000)
 ParOldGen       total 828928K, used 752891K [0x0000000080000000, 0x00000000b2980000, 0x00000000d5580000)
  object space 828928K, 90% used [0x0000000080000000,0x00000000adf3ecc0,0x00000000b2980000)
 Metaspace       used 6729K, capacity 7384K, committed 7680K, reserved 1056768K
  class space    used 622K, capacity 656K, committed 768K, reserved 1048576K

