# JRE version: Java(TM) SE Runtime Environment (8.0_60-b27) (build 1.8.0_60-b27)
# Java VM: Java HotSpot(TM) 64-Bit Server VM (25.60-b23 mixed mode linux-amd64 compressed oops)
Heap:
 PSYoungGen      total 232960K, used 43923K [0x00000000eab00000, 0x0000000100000000, 0x0000000100000000)
  eden space 116736K, 0% used [0x00000000eab00000,0x00000000eab00000,0x00000000f1d00000)
  from space 116224K, 37% used [0x00000000f8e80000,0x00000000fb964c00,0x0000000100000000)
  to   space 116224K, 0% used [0x00000000f1d00000,0x00000000f1d00000,0x00000000f8e80000)
 ParOldGen       total 502784K, used 502423K [0x00000000c0000000, 0x00000000deb00000, 0x00000000eab00000)
  object space 502784K, 99% used [0x00000000c0000000,0x00000000deaa5d40,0x00000000deb00000)
 Metaspace       used 6465K, capacity 7282K, committed 7552K, reserved 1056768K
  class space    used 606K, capacity 618K, committed 640K, reserved 1048576K
GC Heap History (10 events):
Event: 19,657 GC heap after
Heap after GC invocations=28 (full 4):
 PSYoungGen      total 232960K, used 71697K [0x00000000eab00000, 0x0000000100000000, 0x0000000100000000)
  eden space 116736K, 0% used [0x00000000eab00000,0x00000000eab00000,0x00000000f1d00000)
  from space 116224K, 61% used [0x00000000f8e80000,0x00000000fd484548,0x0000000100000000)
  to   space 116224K, 0% used [0x00000000f1d00000,0x00000000f1d00000,0x00000000f8e80000)
 ParOldGen       total 502784K, used 404190K [0x00000000c0000000, 0x00000000deb00000, 0x00000000eab00000)
  object space 502784K, 80% used [0x00000000c0000000,0x00000000d8ab7b28,0x00000000deb00000)
 Metaspace       used 6465K, capacity 7282K, committed 7552K, reserved 1056768K
  class space    used 606K, capacity 618K, committed 640K, reserved 1048576K
}
Event: 20,096 GC heap before
{Heap before GC invocations=29 (full 4):
 PSYoungGen      total 232960K, used 188433K [0x00000000eab00000, 0x0000000100000000, 0x0000000100000000)
  eden space 116736K, 100% used [0x00000000eab00000,0x00000000f1d00000,0x00000000f1d00000)
  from space 116224K, 61% used [0x00000000f8e80000,0x00000000fd484548,0x0000000100000000)
  to   space 116224K, 0% used [0x00000000f1d00000,0x00000000f1d00000,0x00000000f8e80000)
 ParOldGen       total 502784K, used 404190K [0x00000000c0000000, 0x00000000deb00000, 0x00000000eab00000)
  object space 502784K, 80% used [0x00000000c0000000,0x00000000d8ab7b28,0x00000000deb00000)
 Metaspace       used 6465K, capacity 7282K, committed 7552K, reserved 1056768K
  class space    used 606K, capacity 618K, committed 640K, reserved 1048576K
Event: 20,268 GC heap after
Heap after GC invocations=29 (full 4):
 PSYoungGen      total 170496K, used 53706K [0x00000000eab00000, 0x00000000ffa00000, 0x0000000100000000)
  eden space 116736K, 0% used [0x00000000eab00000,0x00000000eab00000,0x00000000f1d00000)
  from space 53760K, 99% used [0x00000000f1d00000,0x00000000f5172a20,0x00000000f5180000)
  to   space 113152K, 0% used [0x00000000f8b80000,0x00000000f8b80000,0x00000000ffa00000)
 ParOldGen       total 502784K, used 440268K [0x00000000c0000000, 0x00000000deb00000, 0x00000000eab00000)
  object space 502784K, 87% used [0x00000000c0000000,0x00000000dadf3340,0x00000000deb00000)
 Metaspace       used 6465K, capacity 7282K, committed 7552K, reserved 1056768K
  class space    used 606K, capacity 618K, committed 640K, reserved 1048576K
}
Event: 20,681 GC heap before
{Heap before GC invocations=30 (full 4):
 PSYoungGen      total 170496K, used 170442K [0x00000000eab00000, 0x00000000ffa00000, 0x0000000100000000)
  eden space 116736K, 100% used [0x00000000eab00000,0x00000000f1d00000,0x00000000f1d00000)
  from space 53760K, 99% used [0x00000000f1d00000,0x00000000f5172a20,0x00000000f5180000)
  to   space 113152K, 0% used [0x00000000f8b80000,0x00000000f8b80000,0x00000000ffa00000)
 ParOldGen       total 502784K, used 440268K [0x00000000c0000000, 0x00000000deb00000, 0x00000000eab00000)
  object space 502784K, 87% used [0x00000000c0000000,0x00000000dadf3340,0x00000000deb00000)
 Metaspace       used 6465K, capacity 7282K, committed 7552K, reserved 1056768K
  class space    used 606K, capacity 618K, committed 640K, reserved 1048576K
Event: 20,819 GC heap after
Heap after GC invocations=30 (full 4):
 PSYoungGen      total 228864K, used 72281K [0x00000000eab00000, 0x0000000100000000, 0x0000000100000000)
  eden space 115712K, 0% used [0x00000000eab00000,0x00000000eab00000,0x00000000f1c00000)
  from space 113152K, 63% used [0x00000000f8b80000,0x00000000fd216488,0x00000000ffa00000)
  to   space 114176K, 0% used [0x00000000f1c00000,0x00000000f1c00000,0x00000000f8b80000)
 ParOldGen       total 502784K, used 440268K [0x00000000c0000000, 0x00000000deb00000, 0x00000000eab00000)
  object space 502784K, 87% used [0x00000000c0000000,0x00000000dadf3340,0x00000000deb00000)
 Metaspace       used 6465K, capacity 7282K, committed 7552K, reserved 1056768K
  class space    used 606K, capacity 618K, committed 640K, reserved 1048576K
}
Event: 21,269 GC heap before
{Heap before GC invocations=31 (full 4):
 PSYoungGen      total 228864K, used 187993K [0x00000000eab00000, 0x0000000100000000, 0x0000000100000000)
  eden space 115712K, 100% used [0x00000000eab00000,0x00000000f1c00000,0x00000000f1c00000)
  from space 113152K, 63% used [0x00000000f8b80000,0x00000000fd216488,0x00000000ffa00000)
  to   space 114176K, 0% used [0x00000000f1c00000,0x00000000f1c00000,0x00000000f8b80000)
 ParOldGen       total 502784K, used 440268K [0x00000000c0000000, 0x00000000deb00000, 0x00000000eab00000)
  object space 502784K, 87% used [0x00000000c0000000,0x00000000dadf3340,0x00000000deb00000)
 Metaspace       used 6465K, capacity 7282K, committed 7552K, reserved 1056768K
  class space    used 606K, capacity 618K, committed 640K, reserved 1048576K
Event: 21,411 GC heap after
Heap after GC invocations=31 (full 4):
 PSYoungGen      total 229888K, used 89945K [0x00000000eab00000, 0x0000000100000000, 0x0000000100000000)
  eden space 115712K, 0% used [0x00000000eab00000,0x00000000eab00000,0x00000000f1c00000)
  from space 114176K, 78% used [0x00000000f1c00000,0x00000000f73d65a0,0x00000000f8b80000)
  to   space 116224K, 0% used [0x00000000f8e80000,0x00000000f8e80000,0x0000000100000000)
 ParOldGen       total 502784K, used 440268K [0x00000000c0000000, 0x00000000deb00000, 0x00000000eab00000)
  object space 502784K, 87% used [0x00000000c0000000,0x00000000dadf3340,0x00000000deb00000)
 Metaspace       used 6465K, capacity 7282K, committed 7552K, reserved 1056768K
  class space    used 606K, capacity 618K, committed 640K, reserved 1048576K
}
Event: 21,924 GC heap before
{Heap before GC invocations=32 (full 4):
 PSYoungGen      total 229888K, used 205657K [0x00000000eab00000, 0x0000000100000000, 0x0000000100000000)
  eden space 115712K, 100% used [0x00000000eab00000,0x00000000f1c00000,0x00000000f1c00000)
  from space 114176K, 78% used [0x00000000f1c00000,0x00000000f73d65a0,0x00000000f8b80000)
  to   space 116224K, 0% used [0x00000000f8e80000,0x00000000f8e80000,0x0000000100000000)
 ParOldGen       total 502784K, used 440268K [0x00000000c0000000, 0x00000000deb00000, 0x00000000eab00000)
  object space 502784K, 87% used [0x00000000c0000000,0x00000000dadf3340,0x00000000deb00000)
 Metaspace       used 6465K, capacity 7282K, committed 7552K, reserved 1056768K
  class space    used 606K, capacity 618K, committed 640K, reserved 1048576K
Event: 22,175 GC heap after
Heap after GC invocations=32 (full 4):
 PSYoungGen      total 232960K, used 73861K [0x00000000eab00000, 0x0000000100000000, 0x0000000100000000)
  eden space 116736K, 0% used [0x00000000eab00000,0x00000000eab00000,0x00000000f1d00000)
  from space 116224K, 63% used [0x00000000f8e80000,0x00000000fd6a15a0,0x0000000100000000)
  to   space 116224K, 0% used [0x00000000f1d00000,0x00000000f1d00000,0x00000000f8e80000)
 ParOldGen       total 502784K, used 475182K [0x00000000c0000000, 0x00000000deb00000, 0x00000000eab00000)
  object space 502784K, 94% used [0x00000000c0000000,0x00000000dd00b998,0x00000000deb00000)
 Metaspace       used 6465K, capacity 7282K, committed 7552K, reserved 1056768K
  class space    used 606K, capacity 618K, committed 640K, reserved 1048576K
}
Event: 22,182 GC heap before
{Heap before GC invocations=33 (full 5):
 PSYoungGen      total 232960K, used 73861K [0x00000000eab00000, 0x0000000100000000, 0x0000000100000000)
  eden space 116736K, 0% used [0x00000000eab00000,0x00000000eab00000,0x00000000f1d00000)
  from space 116224K, 63% used [0x00000000f8e80000,0x00000000fd6a15a0,0x0000000100000000)
  to   space 116224K, 0% used [0x00000000f1d00000,0x00000000f1d00000,0x00000000f8e80000)
 ParOldGen       total 502784K, used 475182K [0x00000000c0000000, 0x00000000deb00000, 0x00000000eab00000)
  object space 502784K, 94% used [0x00000000c0000000,0x00000000dd00b998,0x00000000deb00000)
 Metaspace       used 6465K, capacity 7282K, committed 7552K, reserved 1056768K
  class space    used 606K, capacity 618K, committed 640K, reserved 1048576K

