# JRE version: Java(TM) SE Runtime Environment (8.0_66-b17) (build 1.8.0_66-b17)
# Java VM: Java HotSpot(TM) 64-Bit Server VM (25.66-b17 mixed mode linux-amd64 compressed oops)
Heap:
 PSYoungGen      total 437760K, used 53949K [0x00000000d5580000, 0x0000000100000000, 0x0000000100000000)
  eden space 320000K, 0% used [0x00000000d5580000,0x00000000d5580000,0x00000000e8e00000)
  from space 117760K, 45% used [0x00000000f8d00000,0x00000000fc1af4a0,0x0000000100000000)
  to   space 189440K, 0% used [0x00000000e8e00000,0x00000000e8e00000,0x00000000f4700000)
 ParOldGen       total 379392K, used 379008K [0x0000000080000000, 0x0000000097280000, 0x00000000d5580000)
  object space 379392K, 99% used [0x0000000080000000,0x00000000972203a8,0x0000000097280000)
 Metaspace       used 6600K, capacity 7320K, committed 7680K, reserved 1056768K
  class space    used 617K, capacity 656K, committed 768K, reserved 1048576K
GC Heap History (10 events):
Event: 8,963 GC heap after
Heap after GC invocations=13 (full 2):
 PSYoungGen      total 521728K, used 71542K [0x00000000d5580000, 0x0000000100000000, 0x0000000100000000)
  eden space 424960K, 0% used [0x00000000d5580000,0x00000000d5580000,0x00000000ef480000)
  from space 96768K, 73% used [0x00000000ef480000,0x00000000f3a5dac8,0x00000000f5300000)
  to   space 104960K, 0% used [0x00000000f9980000,0x00000000f9980000,0x0000000100000000)
 ParOldGen       total 225792K, used 213330K [0x0000000080000000, 0x000000008dc80000, 0x00000000d5580000)
  object space 225792K, 94% used [0x0000000080000000,0x000000008d054a28,0x000000008dc80000)
 Metaspace       used 6573K, capacity 7320K, committed 7680K, reserved 1056768K
  class space    used 616K, capacity 656K, committed 768K, reserved 1048576K
}
Event: 8,963 GC heap before
{Heap before GC invocations=14 (full 3):
 PSYoungGen      total 521728K, used 71542K [0x00000000d5580000, 0x0000000100000000, 0x0000000100000000)
  eden space 424960K, 0% used [0x00000000d5580000,0x00000000d5580000,0x00000000ef480000)
  from space 96768K, 73% used [0x00000000ef480000,0x00000000f3a5dac8,0x00000000f5300000)
  to   space 104960K, 0% used [0x00000000f9980000,0x00000000f9980000,0x0000000100000000)
 ParOldGen       total 225792K, used 213330K [0x0000000080000000, 0x000000008dc80000, 0x00000000d5580000)
  object space 225792K, 94% used [0x0000000080000000,0x000000008d054a28,0x000000008dc80000)
 Metaspace       used 6573K, capacity 7320K, committed 7680K, reserved 1056768K
  class space    used 616K, capacity 656K, committed 768K, reserved 1048576K
Event: 10,032 GC heap after
Heap after GC invocations=14 (full 3):
 PSYoungGen      total 521728K, used 25789K [0x00000000d5580000, 0x0000000100000000, 0x0000000100000000)
  eden space 424960K, 0% used [0x00000000d5580000,0x00000000d5580000,0x00000000ef480000)
  from space 96768K, 26% used [0x00000000ef480000,0x00000000f0daf668,0x00000000f5300000)
  to   space 104960K, 0% used [0x00000000f9980000,0x00000000f9980000,0x0000000100000000)
 ParOldGen       total 379392K, used 225771K [0x0000000080000000, 0x0000000097280000, 0x00000000d5580000)
  object space 379392K, 59% used [0x0000000080000000,0x000000008dc7afc8,0x0000000097280000)
 Metaspace       used 6573K, capacity 7320K, committed 7680K, reserved 1056768K
  class space    used 616K, capacity 656K, committed 768K, reserved 1048576K
}
Event: 11,468 GC heap before
{Heap before GC invocations=15 (full 3):
 PSYoungGen      total 521728K, used 450749K [0x00000000d5580000, 0x0000000100000000, 0x0000000100000000)
  eden space 424960K, 100% used [0x00000000d5580000,0x00000000ef480000,0x00000000ef480000)
  from space 96768K, 26% used [0x00000000ef480000,0x00000000f0daf668,0x00000000f5300000)
  to   space 104960K, 0% used [0x00000000f9980000,0x00000000f9980000,0x0000000100000000)
 ParOldGen       total 379392K, used 225771K [0x0000000080000000, 0x0000000097280000, 0x00000000d5580000)
  object space 379392K, 59% used [0x0000000080000000,0x000000008dc7afc8,0x0000000097280000)
 Metaspace       used 6579K, capacity 7320K, committed 7680K, reserved 1056768K
  class space    used 616K, capacity 656K, committed 768K, reserved 1048576K
Event: 11,658 GC heap after
Heap after GC invocations=15 (full 3):
 PSYoungGen      total 568320K, used 90432K [0x00000000d5580000, 0x0000000100000000, 0x0000000100000000)
  eden space 463360K, 0% used [0x00000000d5580000,0x00000000d5580000,0x00000000f1a00000)
  from space 104960K, 86% used [0x00000000f9980000,0x00000000ff1d0228,0x0000000100000000)
  to   space 117760K, 0% used [0x00000000f1a00000,0x00000000f1a00000,0x00000000f8d00000)
 ParOldGen       total 379392K, used 225771K [0x0000000080000000, 0x0000000097280000, 0x00000000d5580000)
  object space 379392K, 59% used [0x0000000080000000,0x000000008dc7afc8,0x0000000097280000)
 Metaspace       used 6579K, capacity 7320K, committed 7680K, reserved 1056768K
  class space    used 616K, capacity 656K, committed 768K, reserved 1048576K
}
Event: 12,768 GC heap before
{Heap before GC invocations=16 (full 3):
 PSYoungGen      total 568320K, used 553792K [0x00000000d5580000, 0x0000000100000000, 0x0000000100000000)
  eden space 463360K, 100% used [0x00000000d5580000,0x00000000f1a00000,0x00000000f1a00000)
  from space 104960K, 86% used [0x00000000f9980000,0x00000000ff1d0228,0x0000000100000000)
  to   space 117760K, 0% used [0x00000000f1a00000,0x00000000f1a00000,0x00000000f8d00000)
 ParOldGen       total 379392K, used 225771K [0x0000000080000000, 0x0000000097280000, 0x00000000d5580000)
  object space 379392K, 59% used [0x0000000080000000,0x000000008dc7afc8,0x0000000097280000)
 Metaspace       used 6595K, capacity 7320K, committed 7680K, reserved 1056768K
  class space    used 617K, capacity 656K, committed 768K, reserved 1048576K
Event: 12,944 GC heap after
Heap after GC invocations=16 (full 3):
 PSYoungGen      total 581120K, used 117729K [0x00000000d5580000, 0x0000000100000000, 0x0000000100000000)
  eden space 463360K, 0% used [0x00000000d5580000,0x00000000d5580000,0x00000000f1a00000)
  from space 117760K, 99% used [0x00000000f1a00000,0x00000000f8cf8708,0x00000000f8d00000)
  to   space 117760K, 0% used [0x00000000f8d00000,0x00000000f8d00000,0x0000000100000000)
 ParOldGen       total 379392K, used 252661K [0x0000000080000000, 0x0000000097280000, 0x00000000d5580000)
  object space 379392K, 66% used [0x0000000080000000,0x000000008f6bd5b8,0x0000000097280000)
 Metaspace       used 6595K, capacity 7320K, committed 7680K, reserved 1056768K
  class space    used 617K, capacity 656K, committed 768K, reserved 1048576K
}
Event: 14,186 GC heap before
{Heap before GC invocations=17 (full 3):
 PSYoungGen      total 581120K, used 581089K [0x00000000d5580000, 0x0000000100000000, 0x0000000100000000)
  eden space 463360K, 100% used [0x00000000d5580000,0x00000000f1a00000,0x00000000f1a00000)
  from space 117760K, 99% used [0x00000000f1a00000,0x00000000f8cf8708,0x00000000f8d00000)
  to   space 117760K, 0% used [0x00000000f8d00000,0x00000000f8d00000,0x0000000100000000)
 ParOldGen       total 379392K, used 252661K [0x0000000080000000, 0x0000000097280000, 0x00000000d5580000)
  object space 379392K, 66% used [0x0000000080000000,0x000000008f6bd5b8,0x0000000097280000)
 Metaspace       used 6600K, capacity 7320K, committed 7680K, reserved 1056768K
  class space    used 617K, capacity 656K, committed 768K, reserved 1048576K
Event: 14,481 GC heap after
Heap after GC invocations=17 (full 3):
 PSYoungGen      total 437760K, used 117740K [0x00000000d5580000, 0x0000000100000000, 0x0000000100000000)
  eden space 320000K, 0% used [0x00000000d5580000,0x00000000d5580000,0x00000000e8e00000)
  from space 117760K, 99% used [0x00000000f8d00000,0x00000000ffffb260,0x0000000100000000)
  to   space 189440K, 0% used [0x00000000e8e00000,0x00000000e8e00000,0x00000000f4700000)
 ParOldGen       total 379392K, used 324599K [0x0000000080000000, 0x0000000097280000, 0x00000000d5580000)
  object space 379392K, 85% used [0x0000000080000000,0x0000000093cfdc30,0x0000000097280000)
 Metaspace       used 6600K, capacity 7320K, committed 7680K, reserved 1056768K
  class space    used 617K, capacity 656K, committed 768K, reserved 1048576K
}
Event: 14,481 GC heap before
{Heap before GC invocations=18 (full 4):
 PSYoungGen      total 437760K, used 117740K [0x00000000d5580000, 0x0000000100000000, 0x0000000100000000)
  eden space 320000K, 0% used [0x00000000d5580000,0x00000000d5580000,0x00000000e8e00000)
  from space 117760K, 99% used [0x00000000f8d00000,0x00000000ffffb260,0x0000000100000000)
  to   space 189440K, 0% used [0x00000000e8e00000,0x00000000e8e00000,0x00000000f4700000)
 ParOldGen       total 379392K, used 324599K [0x0000000080000000, 0x0000000097280000, 0x00000000d5580000)
  object space 379392K, 85% used [0x0000000080000000,0x0000000093cfdc30,0x0000000097280000)
 Metaspace       used 6600K, capacity 7320K, committed 7680K, reserved 1056768K
  class space    used 617K, capacity 656K, committed 768K, reserved 1048576K

