# JRE version: Java(TM) SE Runtime Environment (8.0_66-b17) (build 1.8.0_66-b17)
# Java VM: Java HotSpot(TM) 64-Bit Server VM (25.66-b17 mixed mode linux-amd64 compressed oops)
Heap:
 PSYoungGen      total 465920K, used 30748K [0x00000000d5580000, 0x0000000100000000, 0x0000000100000000)
  eden space 232960K, 0% used [0x00000000d5580000,0x00000000d5580000,0x00000000e3900000)
  from space 232960K, 13% used [0x00000000e3900000,0x00000000e5707128,0x00000000f1c80000)
  to   space 232960K, 0% used [0x00000000f1c80000,0x00000000f1c80000,0x0000000100000000)
 ParOldGen       total 673280K, used 673191K [0x0000000080000000, 0x00000000a9180000, 0x00000000d5580000)
  object space 673280K, 99% used [0x0000000080000000,0x00000000a9169e48,0x00000000a9180000)
 Metaspace       used 6464K, capacity 7282K, committed 7552K, reserved 1056768K
  class space    used 608K, capacity 618K, committed 640K, reserved 1048576K
GC Heap History (10 events):
Event: 24,402 GC heap after
Heap after GC invocations=21 (full 4):
 PSYoungGen      total 476160K, used 118972K [0x00000000d5580000, 0x0000000100000000, 0x0000000100000000)
  eden space 356864K, 0% used [0x00000000d5580000,0x00000000d5580000,0x00000000eb200000)
  from space 119296K, 99% used [0x00000000eb200000,0x00000000f262f1f0,0x00000000f2680000)
  to   space 179712K, 0% used [0x00000000f5080000,0x00000000f5080000,0x0000000100000000)
 ParOldGen       total 673280K, used 452309K [0x0000000080000000, 0x00000000a9180000, 0x00000000d5580000)
  object space 673280K, 67% used [0x0000000080000000,0x000000009b9b5410,0x00000000a9180000)
 Metaspace       used 6452K, capacity 7282K, committed 7552K, reserved 1056768K
  class space    used 606K, capacity 618K, committed 640K, reserved 1048576K
}
Event: 25,312 GC heap before
{Heap before GC invocations=22 (full 4):
 PSYoungGen      total 476160K, used 475836K [0x00000000d5580000, 0x0000000100000000, 0x0000000100000000)
  eden space 356864K, 100% used [0x00000000d5580000,0x00000000eb200000,0x00000000eb200000)
  from space 119296K, 99% used [0x00000000eb200000,0x00000000f262f1f0,0x00000000f2680000)
  to   space 179712K, 0% used [0x00000000f5080000,0x00000000f5080000,0x0000000100000000)
 ParOldGen       total 673280K, used 452309K [0x0000000080000000, 0x00000000a9180000, 0x00000000d5580000)
  object space 673280K, 67% used [0x0000000080000000,0x000000009b9b5410,0x00000000a9180000)
 Metaspace       used 6452K, capacity 7282K, committed 7552K, reserved 1056768K
  class space    used 606K, capacity 618K, committed 640K, reserved 1048576K
Event: 25,579 GC heap after
Heap after GC invocations=22 (full 4):
 PSYoungGen      total 467968K, used 170998K [0x00000000d5580000, 0x0000000100000000, 0x0000000100000000)
  eden space 288256K, 0% used [0x00000000d5580000,0x00000000d5580000,0x00000000e6f00000)
  from space 179712K, 95% used [0x00000000f5080000,0x00000000ff77da70,0x0000000100000000)
  to   space 205312K, 0% used [0x00000000e6f00000,0x00000000e6f00000,0x00000000f3780000)
 ParOldGen       total 673280K, used 452309K [0x0000000080000000, 0x00000000a9180000, 0x00000000d5580000)
  object space 673280K, 67% used [0x0000000080000000,0x000000009b9b5410,0x00000000a9180000)
 Metaspace       used 6452K, capacity 7282K, committed 7552K, reserved 1056768K
  class space    used 606K, capacity 618K, committed 640K, reserved 1048576K
}
Event: 26,374 GC heap before
{Heap before GC invocations=23 (full 4):
 PSYoungGen      total 467968K, used 459254K [0x00000000d5580000, 0x0000000100000000, 0x0000000100000000)
  eden space 288256K, 100% used [0x00000000d5580000,0x00000000e6f00000,0x00000000e6f00000)
  from space 179712K, 95% used [0x00000000f5080000,0x00000000ff77da70,0x0000000100000000)
  to   space 205312K, 0% used [0x00000000e6f00000,0x00000000e6f00000,0x00000000f3780000)
 ParOldGen       total 673280K, used 452309K [0x0000000080000000, 0x00000000a9180000, 0x00000000d5580000)
  object space 673280K, 67% used [0x0000000080000000,0x000000009b9b5410,0x00000000a9180000)
 Metaspace       used 6453K, capacity 7282K, committed 7552K, reserved 1056768K
  class space    used 606K, capacity 618K, committed 640K, reserved 1048576K
Event: 26,647 GC heap after
Heap after GC invocations=23 (full 4):
 PSYoungGen      total 493568K, used 205303K [0x00000000d5580000, 0x0000000100000000, 0x0000000100000000)
  eden space 288256K, 0% used [0x00000000d5580000,0x00000000d5580000,0x00000000e6f00000)
  from space 205312K, 99% used [0x00000000e6f00000,0x00000000f377dd38,0x00000000f3780000)
  to   space 205312K, 0% used [0x00000000f3780000,0x00000000f3780000,0x0000000100000000)
 ParOldGen       total 673280K, used 462152K [0x0000000080000000, 0x00000000a9180000, 0x00000000d5580000)
  object space 673280K, 68% used [0x0000000080000000,0x000000009c3523b8,0x00000000a9180000)
 Metaspace       used 6453K, capacity 7282K, committed 7552K, reserved 1056768K
  class space    used 606K, capacity 618K, committed 640K, reserved 1048576K
}
Event: 27,942 GC heap before
{Heap before GC invocations=24 (full 4):
 PSYoungGen      total 493568K, used 493559K [0x00000000d5580000, 0x0000000100000000, 0x0000000100000000)
  eden space 288256K, 100% used [0x00000000d5580000,0x00000000e6f00000,0x00000000e6f00000)
  from space 205312K, 99% used [0x00000000e6f00000,0x00000000f377dd38,0x00000000f3780000)
  to   space 205312K, 0% used [0x00000000f3780000,0x00000000f3780000,0x0000000100000000)
 ParOldGen       total 673280K, used 462152K [0x0000000080000000, 0x00000000a9180000, 0x00000000d5580000)
  object space 673280K, 68% used [0x0000000080000000,0x000000009c3523b8,0x00000000a9180000)
 Metaspace       used 6462K, capacity 7282K, committed 7552K, reserved 1056768K
  class space    used 608K, capacity 618K, committed 640K, reserved 1048576K
Event: 28,301 GC heap after
Heap after GC invocations=24 (full 4):
 PSYoungGen      total 438272K, used 205280K [0x00000000d5580000, 0x0000000100000000, 0x0000000100000000)
  eden space 232960K, 0% used [0x00000000d5580000,0x00000000d5580000,0x00000000e3900000)
  from space 205312K, 99% used [0x00000000f3780000,0x00000000ffff82a8,0x0000000100000000)
  to   space 232960K, 0% used [0x00000000e3900000,0x00000000e3900000,0x00000000f1c80000)
 ParOldGen       total 673280K, used 554394K [0x0000000080000000, 0x00000000a9180000, 0x00000000d5580000)
  object space 673280K, 82% used [0x0000000080000000,0x00000000a1d66b88,0x00000000a9180000)
 Metaspace       used 6462K, capacity 7282K, committed 7552K, reserved 1056768K
  class space    used 608K, capacity 618K, committed 640K, reserved 1048576K
}
Event: 29,889 GC heap before
{Heap before GC invocations=25 (full 4):
 PSYoungGen      total 438272K, used 438240K [0x00000000d5580000, 0x0000000100000000, 0x0000000100000000)
  eden space 232960K, 100% used [0x00000000d5580000,0x00000000e3900000,0x00000000e3900000)
  from space 205312K, 99% used [0x00000000f3780000,0x00000000ffff82a8,0x0000000100000000)
  to   space 232960K, 0% used [0x00000000e3900000,0x00000000e3900000,0x00000000f1c80000)
 ParOldGen       total 673280K, used 554394K [0x0000000080000000, 0x00000000a9180000, 0x00000000d5580000)
  object space 673280K, 82% used [0x0000000080000000,0x00000000a1d66b88,0x00000000a9180000)
 Metaspace       used 6464K, capacity 7282K, committed 7552K, reserved 1056768K
  class space    used 608K, capacity 618K, committed 640K, reserved 1048576K
Event: 30,327 GC heap after
Heap after GC invocations=25 (full 4):
 PSYoungGen      total 465920K, used 133739K [0x00000000d5580000, 0x0000000100000000, 0x0000000100000000)
  eden space 232960K, 0% used [0x00000000d5580000,0x00000000d5580000,0x00000000e3900000)
  from space 232960K, 57% used [0x00000000e3900000,0x00000000ebb9aee8,0x00000000f1c80000)
  to   space 232960K, 0% used [0x00000000f1c80000,0x00000000f1c80000,0x0000000100000000)
 ParOldGen       total 673280K, used 659648K [0x0000000080000000, 0x00000000a9180000, 0x00000000d5580000)
  object space 673280K, 97% used [0x0000000080000000,0x00000000a8430368,0x00000000a9180000)
 Metaspace       used 6464K, capacity 7282K, committed 7552K, reserved 1056768K
  class space    used 608K, capacity 618K, committed 640K, reserved 1048576K
}
Event: 30,327 GC heap before
{Heap before GC invocations=26 (full 5):
 PSYoungGen      total 465920K, used 133739K [0x00000000d5580000, 0x0000000100000000, 0x0000000100000000)
  eden space 232960K, 0% used [0x00000000d5580000,0x00000000d5580000,0x00000000e3900000)
  from space 232960K, 57% used [0x00000000e3900000,0x00000000ebb9aee8,0x00000000f1c80000)
  to   space 232960K, 0% used [0x00000000f1c80000,0x00000000f1c80000,0x0000000100000000)
 ParOldGen       total 673280K, used 659648K [0x0000000080000000, 0x00000000a9180000, 0x00000000d5580000)
  object space 673280K, 97% used [0x0000000080000000,0x00000000a8430368,0x00000000a9180000)
 Metaspace       used 6464K, capacity 7282K, committed 7552K, reserved 1056768K
  class space    used 608K, capacity 618K, committed 640K, reserved 1048576K

