# JRE version: Java(TM) SE Runtime Environment (8.0_66-b17) (build 1.8.0_66-b17)
# Java VM: Java HotSpot(TM) 64-Bit Server VM (25.66-b17 mixed mode linux-amd64 compressed oops)
Heap:
 PSYoungGen      total 436224K, used 63774K [0x00000000d5580000, 0x0000000100000000, 0x0000000100000000)
  eden space 320000K, 0% used [0x00000000d5580000,0x00000000d5580000,0x00000000e8e00000)
  from space 116224K, 54% used [0x00000000f8e80000,0x00000000fccc7968,0x0000000100000000)
  to   space 189440K, 0% used [0x00000000e8e00000,0x00000000e8e00000,0x00000000f4700000)
 ParOldGen       total 371712K, used 371311K [0x0000000080000000, 0x0000000096b00000, 0x00000000d5580000)
  object space 371712K, 99% used [0x0000000080000000,0x0000000096a9bec8,0x0000000096b00000)
 Metaspace       used 6592K, capacity 7320K, committed 7680K, reserved 1056768K
  class space    used 617K, capacity 656K, committed 768K, reserved 1048576K
GC Heap History (10 events):
Event: 9,274 GC heap after
Heap after GC invocations=13 (full 2):
 PSYoungGen      total 523264K, used 70972K [0x00000000d5580000, 0x0000000100000000, 0x0000000100000000)
  eden space 431616K, 0% used [0x00000000d5580000,0x00000000d5580000,0x00000000efb00000)
  from space 91648K, 77% used [0x00000000efb00000,0x00000000f404f3b8,0x00000000f5480000)
  to   space 100352K, 0% used [0x00000000f9e00000,0x00000000f9e00000,0x0000000100000000)
 ParOldGen       total 222720K, used 205380K [0x0000000080000000, 0x000000008d980000, 0x00000000d5580000)
  object space 222720K, 92% used [0x0000000080000000,0x000000008c891078,0x000000008d980000)
 Metaspace       used 6557K, capacity 7320K, committed 7680K, reserved 1056768K
  class space    used 616K, capacity 656K, committed 768K, reserved 1048576K
}
Event: 9,274 GC heap before
{Heap before GC invocations=14 (full 3):
 PSYoungGen      total 523264K, used 70972K [0x00000000d5580000, 0x0000000100000000, 0x0000000100000000)
  eden space 431616K, 0% used [0x00000000d5580000,0x00000000d5580000,0x00000000efb00000)
  from space 91648K, 77% used [0x00000000efb00000,0x00000000f404f3b8,0x00000000f5480000)
  to   space 100352K, 0% used [0x00000000f9e00000,0x00000000f9e00000,0x0000000100000000)
 ParOldGen       total 222720K, used 205380K [0x0000000080000000, 0x000000008d980000, 0x00000000d5580000)
  object space 222720K, 92% used [0x0000000080000000,0x000000008c891078,0x000000008d980000)
 Metaspace       used 6557K, capacity 7320K, committed 7680K, reserved 1056768K
  class space    used 616K, capacity 656K, committed 768K, reserved 1048576K
Event: 10,489 GC heap after
Heap after GC invocations=14 (full 3):
 PSYoungGen      total 523264K, used 27752K [0x00000000d5580000, 0x0000000100000000, 0x0000000100000000)
  eden space 431616K, 0% used [0x00000000d5580000,0x00000000d5580000,0x00000000efb00000)
  from space 91648K, 30% used [0x00000000efb00000,0x00000000f161a238,0x00000000f5480000)
  to   space 100352K, 0% used [0x00000000f9e00000,0x00000000f9e00000,0x0000000100000000)
 ParOldGen       total 371712K, used 222624K [0x0000000080000000, 0x0000000096b00000, 0x00000000d5580000)
  object space 371712K, 59% used [0x0000000080000000,0x000000008d9680b8,0x0000000096b00000)
 Metaspace       used 6557K, capacity 7320K, committed 7680K, reserved 1056768K
  class space    used 616K, capacity 656K, committed 768K, reserved 1048576K
}
Event: 12,062 GC heap before
{Heap before GC invocations=15 (full 3):
 PSYoungGen      total 523264K, used 459368K [0x00000000d5580000, 0x0000000100000000, 0x0000000100000000)
  eden space 431616K, 100% used [0x00000000d5580000,0x00000000efb00000,0x00000000efb00000)
  from space 91648K, 30% used [0x00000000efb00000,0x00000000f161a238,0x00000000f5480000)
  to   space 100352K, 0% used [0x00000000f9e00000,0x00000000f9e00000,0x0000000100000000)
 ParOldGen       total 371712K, used 222624K [0x0000000080000000, 0x0000000096b00000, 0x00000000d5580000)
  object space 371712K, 59% used [0x0000000080000000,0x000000008d9680b8,0x0000000096b00000)
 Metaspace       used 6571K, capacity 7320K, committed 7680K, reserved 1056768K
  class space    used 616K, capacity 656K, committed 768K, reserved 1048576K
Event: 12,282 GC heap after
Heap after GC invocations=15 (full 3):
 PSYoungGen      total 566784K, used 95787K [0x00000000d5580000, 0x0000000100000000, 0x0000000100000000)
  eden space 466432K, 0% used [0x00000000d5580000,0x00000000d5580000,0x00000000f1d00000)
  from space 100352K, 95% used [0x00000000f9e00000,0x00000000ffb8ad10,0x0000000100000000)
  to   space 116224K, 0% used [0x00000000f1d00000,0x00000000f1d00000,0x00000000f8e80000)
 ParOldGen       total 371712K, used 222624K [0x0000000080000000, 0x0000000096b00000, 0x00000000d5580000)
  object space 371712K, 59% used [0x0000000080000000,0x000000008d9680b8,0x0000000096b00000)
 Metaspace       used 6571K, capacity 7320K, committed 7680K, reserved 1056768K
  class space    used 616K, capacity 656K, committed 768K, reserved 1048576K
}
Event: 13,562 GC heap before
{Heap before GC invocations=16 (full 3):
 PSYoungGen      total 566784K, used 562219K [0x00000000d5580000, 0x0000000100000000, 0x0000000100000000)
  eden space 466432K, 100% used [0x00000000d5580000,0x00000000f1d00000,0x00000000f1d00000)
  from space 100352K, 95% used [0x00000000f9e00000,0x00000000ffb8ad10,0x0000000100000000)
  to   space 116224K, 0% used [0x00000000f1d00000,0x00000000f1d00000,0x00000000f8e80000)
 ParOldGen       total 371712K, used 222624K [0x0000000080000000, 0x0000000096b00000, 0x00000000d5580000)
  object space 371712K, 59% used [0x0000000080000000,0x000000008d9680b8,0x0000000096b00000)
 Metaspace       used 6585K, capacity 7320K, committed 7680K, reserved 1056768K
  class space    used 616K, capacity 656K, committed 768K, reserved 1048576K
Event: 13,774 GC heap after
Heap after GC invocations=16 (full 3):
 PSYoungGen      total 582656K, used 116201K [0x00000000d5580000, 0x0000000100000000, 0x0000000100000000)
  eden space 466432K, 0% used [0x00000000d5580000,0x00000000d5580000,0x00000000f1d00000)
  from space 116224K, 99% used [0x00000000f1d00000,0x00000000f8e7a428,0x00000000f8e80000)
  to   space 116224K, 0% used [0x00000000f8e80000,0x00000000f8e80000,0x0000000100000000)
 ParOldGen       total 371712K, used 255979K [0x0000000080000000, 0x0000000096b00000, 0x00000000d5580000)
  object space 371712K, 68% used [0x0000000080000000,0x000000008f9faca8,0x0000000096b00000)
 Metaspace       used 6585K, capacity 7320K, committed 7680K, reserved 1056768K
  class space    used 616K, capacity 656K, committed 768K, reserved 1048576K
}
Event: 15,273 GC heap before
{Heap before GC invocations=17 (full 3):
 PSYoungGen      total 582656K, used 582633K [0x00000000d5580000, 0x0000000100000000, 0x0000000100000000)
  eden space 466432K, 100% used [0x00000000d5580000,0x00000000f1d00000,0x00000000f1d00000)
  from space 116224K, 99% used [0x00000000f1d00000,0x00000000f8e7a428,0x00000000f8e80000)
  to   space 116224K, 0% used [0x00000000f8e80000,0x00000000f8e80000,0x0000000100000000)
 ParOldGen       total 371712K, used 255979K [0x0000000080000000, 0x0000000096b00000, 0x00000000d5580000)
  object space 371712K, 68% used [0x0000000080000000,0x000000008f9faca8,0x0000000096b00000)
 Metaspace       used 6592K, capacity 7320K, committed 7680K, reserved 1056768K
  class space    used 617K, capacity 656K, committed 768K, reserved 1048576K
Event: 15,554 GC heap after
Heap after GC invocations=17 (full 3):
 PSYoungGen      total 436224K, used 116206K [0x00000000d5580000, 0x0000000100000000, 0x0000000100000000)
  eden space 320000K, 0% used [0x00000000d5580000,0x00000000d5580000,0x00000000e8e00000)
  from space 116224K, 99% used [0x00000000f8e80000,0x00000000ffffba00,0x0000000100000000)
  to   space 189440K, 0% used [0x00000000e8e00000,0x00000000e8e00000,0x00000000f4700000)
 ParOldGen       total 371712K, used 327943K [0x0000000080000000, 0x0000000096b00000, 0x00000000d5580000)
  object space 371712K, 88% used [0x0000000080000000,0x0000000094041eb8,0x0000000096b00000)
 Metaspace       used 6592K, capacity 7320K, committed 7680K, reserved 1056768K
  class space    used 617K, capacity 656K, committed 768K, reserved 1048576K
}
Event: 15,554 GC heap before
{Heap before GC invocations=18 (full 4):
 PSYoungGen      total 436224K, used 116206K [0x00000000d5580000, 0x0000000100000000, 0x0000000100000000)
  eden space 320000K, 0% used [0x00000000d5580000,0x00000000d5580000,0x00000000e8e00000)
  from space 116224K, 99% used [0x00000000f8e80000,0x00000000ffffba00,0x0000000100000000)
  to   space 189440K, 0% used [0x00000000e8e00000,0x00000000e8e00000,0x00000000f4700000)
 ParOldGen       total 371712K, used 327943K [0x0000000080000000, 0x0000000096b00000, 0x00000000d5580000)
  object space 371712K, 88% used [0x0000000080000000,0x0000000094041eb8,0x0000000096b00000)
 Metaspace       used 6592K, capacity 7320K, committed 7680K, reserved 1056768K
  class space    used 617K, capacity 656K, committed 768K, reserved 1048576K

