# JRE version: Java(TM) SE Runtime Environment (8.0_66-b17) (build 1.8.0_66-b17)
# Java VM: Java HotSpot(TM) 64-Bit Server VM (25.66-b17 mixed mode linux-amd64 compressed oops)
Heap:
 PSYoungGen      total 465920K, used 0K [0x00000000d5580000, 0x0000000100000000, 0x0000000100000000)
  eden space 232960K, 0% used [0x00000000d5580000,0x00000000d5580000,0x00000000e3900000)
  from space 232960K, 0% used [0x00000000f1c80000,0x00000000f1c80000,0x0000000100000000)
  to   space 232960K, 0% used [0x00000000e3900000,0x00000000e3900000,0x00000000f1c80000)
 ParOldGen       total 892928K, used 856584K [0x0000000080000000, 0x00000000b6800000, 0x00000000d5580000)
  object space 892928K, 95% used [0x0000000080000000,0x00000000b4482090,0x00000000b6800000)
 Metaspace       used 6708K, capacity 7384K, committed 7680K, reserved 1056768K
  class space    used 623K, capacity 656K, committed 768K, reserved 1048576K
GC Heap History (10 events):
Event: 41,711 GC heap after
Heap after GC invocations=29 (full 5):
 PSYoungGen      total 463872K, used 124310K [0x00000000d5580000, 0x00000000ff600000, 0x0000000100000000)
  eden space 256000K, 0% used [0x00000000d5580000,0x00000000d5580000,0x00000000e4f80000)
  from space 207872K, 59% used [0x00000000f1b00000,0x00000000f9465bc0,0x00000000fe600000)
  to   space 208384K, 0% used [0x00000000e4f80000,0x00000000e4f80000,0x00000000f1b00000)
 ParOldGen       total 892928K, used 724868K [0x0000000080000000, 0x00000000b6800000, 0x00000000d5580000)
  object space 892928K, 81% used [0x0000000080000000,0x00000000ac3e11a0,0x00000000b6800000)
 Metaspace       used 6598K, capacity 7320K, committed 7680K, reserved 1056768K
  class space    used 617K, capacity 656K, committed 768K, reserved 1048576K
}
Event: 42,549 GC heap before
{Heap before GC invocations=30 (full 5):
 PSYoungGen      total 463872K, used 380310K [0x00000000d5580000, 0x00000000ff600000, 0x0000000100000000)
  eden space 256000K, 100% used [0x00000000d5580000,0x00000000e4f80000,0x00000000e4f80000)
  from space 207872K, 59% used [0x00000000f1b00000,0x00000000f9465bc0,0x00000000fe600000)
  to   space 208384K, 0% used [0x00000000e4f80000,0x00000000e4f80000,0x00000000f1b00000)
 ParOldGen       total 892928K, used 724868K [0x0000000080000000, 0x00000000b6800000, 0x00000000d5580000)
  object space 892928K, 81% used [0x0000000080000000,0x00000000ac3e11a0,0x00000000b6800000)
 Metaspace       used 6600K, capacity 7320K, committed 7680K, reserved 1056768K
  class space    used 617K, capacity 656K, committed 768K, reserved 1048576K
Event: 42,716 GC heap after
Heap after GC invocations=30 (full 5):
 PSYoungGen      total 464384K, used 164223K [0x00000000d5580000, 0x0000000100000000, 0x0000000100000000)
  eden space 256000K, 0% used [0x00000000d5580000,0x00000000d5580000,0x00000000e4f80000)
  from space 208384K, 78% used [0x00000000e4f80000,0x00000000eefdfdc0,0x00000000f1b00000)
  to   space 222720K, 0% used [0x00000000f2680000,0x00000000f2680000,0x0000000100000000)
 ParOldGen       total 892928K, used 724876K [0x0000000080000000, 0x00000000b6800000, 0x00000000d5580000)
  object space 892928K, 81% used [0x0000000080000000,0x00000000ac3e31a0,0x00000000b6800000)
 Metaspace       used 6600K, capacity 7320K, committed 7680K, reserved 1056768K
  class space    used 617K, capacity 656K, committed 768K, reserved 1048576K
}
Event: 43,569 GC heap before
{Heap before GC invocations=31 (full 5):
 PSYoungGen      total 464384K, used 420223K [0x00000000d5580000, 0x0000000100000000, 0x0000000100000000)
  eden space 256000K, 100% used [0x00000000d5580000,0x00000000e4f80000,0x00000000e4f80000)
  from space 208384K, 78% used [0x00000000e4f80000,0x00000000eefdfdc0,0x00000000f1b00000)
  to   space 222720K, 0% used [0x00000000f2680000,0x00000000f2680000,0x0000000100000000)
 ParOldGen       total 892928K, used 724876K [0x0000000080000000, 0x00000000b6800000, 0x00000000d5580000)
  object space 892928K, 81% used [0x0000000080000000,0x00000000ac3e31a0,0x00000000b6800000)
 Metaspace       used 6706K, capacity 7384K, committed 7680K, reserved 1056768K
  class space    used 623K, capacity 656K, committed 768K, reserved 1048576K
Event: 43,814 GC heap after
Heap after GC invocations=31 (full 5):
 PSYoungGen      total 455680K, used 201313K [0x00000000d5580000, 0x0000000100000000, 0x0000000100000000)
  eden space 232960K, 0% used [0x00000000d5580000,0x00000000d5580000,0x00000000e3900000)
  from space 222720K, 90% used [0x00000000f2680000,0x00000000feb18458,0x0000000100000000)
  to   space 232960K, 0% used [0x00000000e3900000,0x00000000e3900000,0x00000000f1c80000)
 ParOldGen       total 892928K, used 724876K [0x0000000080000000, 0x00000000b6800000, 0x00000000d5580000)
  object space 892928K, 81% used [0x0000000080000000,0x00000000ac3e31a0,0x00000000b6800000)
 Metaspace       used 6706K, capacity 7384K, committed 7680K, reserved 1056768K
  class space    used 623K, capacity 656K, committed 768K, reserved 1048576K
}
Event: 44,477 GC heap before
{Heap before GC invocations=32 (full 5):
 PSYoungGen      total 455680K, used 434273K [0x00000000d5580000, 0x0000000100000000, 0x0000000100000000)
  eden space 232960K, 100% used [0x00000000d5580000,0x00000000e3900000,0x00000000e3900000)
  from space 222720K, 90% used [0x00000000f2680000,0x00000000feb18458,0x0000000100000000)
  to   space 232960K, 0% used [0x00000000e3900000,0x00000000e3900000,0x00000000f1c80000)
 ParOldGen       total 892928K, used 724876K [0x0000000080000000, 0x00000000b6800000, 0x00000000d5580000)
  object space 892928K, 81% used [0x0000000080000000,0x00000000ac3e31a0,0x00000000b6800000)
 Metaspace       used 6708K, capacity 7384K, committed 7680K, reserved 1056768K
  class space    used 623K, capacity 656K, committed 768K, reserved 1048576K
Event: 44,845 GC heap after
Heap after GC invocations=32 (full 5):
 PSYoungGen      total 465920K, used 192623K [0x00000000d5580000, 0x0000000100000000, 0x0000000100000000)
  eden space 232960K, 0% used [0x00000000d5580000,0x00000000d5580000,0x00000000e3900000)
  from space 232960K, 82% used [0x00000000e3900000,0x00000000ef51be58,0x00000000f1c80000)
  to   space 232960K, 0% used [0x00000000f1c80000,0x00000000f1c80000,0x0000000100000000)
 ParOldGen       total 892928K, used 772099K [0x0000000080000000, 0x00000000b6800000, 0x00000000d5580000)
  object space 892928K, 86% used [0x0000000080000000,0x00000000af200fa0,0x00000000b6800000)
 Metaspace       used 6708K, capacity 7384K, committed 7680K, reserved 1056768K
  class space    used 623K, capacity 656K, committed 768K, reserved 1048576K
}
Event: 45,572 GC heap before
{Heap before GC invocations=33 (full 5):
 PSYoungGen      total 465920K, used 425583K [0x00000000d5580000, 0x0000000100000000, 0x0000000100000000)
  eden space 232960K, 100% used [0x00000000d5580000,0x00000000e3900000,0x00000000e3900000)
  from space 232960K, 82% used [0x00000000e3900000,0x00000000ef51be58,0x00000000f1c80000)
  to   space 232960K, 0% used [0x00000000f1c80000,0x00000000f1c80000,0x0000000100000000)
 ParOldGen       total 892928K, used 772099K [0x0000000080000000, 0x00000000b6800000, 0x00000000d5580000)
  object space 892928K, 86% used [0x0000000080000000,0x00000000af200fa0,0x00000000b6800000)
 Metaspace       used 6708K, capacity 7384K, committed 7680K, reserved 1056768K
  class space    used 623K, capacity 656K, committed 768K, reserved 1048576K
Event: 45,916 GC heap after
Heap after GC invocations=33 (full 5):
 PSYoungGen      total 465920K, used 154980K [0x00000000d5580000, 0x0000000100000000, 0x0000000100000000)
  eden space 232960K, 0% used [0x00000000d5580000,0x00000000d5580000,0x00000000e3900000)
  from space 232960K, 66% used [0x00000000f1c80000,0x00000000fb3d9288,0x0000000100000000)
  to   space 232960K, 0% used [0x00000000e3900000,0x00000000e3900000,0x00000000f1c80000)
 ParOldGen       total 892928K, used 845006K [0x0000000080000000, 0x00000000b6800000, 0x00000000d5580000)
  object space 892928K, 94% used [0x0000000080000000,0x00000000b3933950,0x00000000b6800000)
 Metaspace       used 6708K, capacity 7384K, committed 7680K, reserved 1056768K
  class space    used 623K, capacity 656K, committed 768K, reserved 1048576K
}
Event: 45,916 GC heap before
{Heap before GC invocations=34 (full 6):
 PSYoungGen      total 465920K, used 154980K [0x00000000d5580000, 0x0000000100000000, 0x0000000100000000)
  eden space 232960K, 0% used [0x00000000d5580000,0x00000000d5580000,0x00000000e3900000)
  from space 232960K, 66% used [0x00000000f1c80000,0x00000000fb3d9288,0x0000000100000000)
  to   space 232960K, 0% used [0x00000000e3900000,0x00000000e3900000,0x00000000f1c80000)
 ParOldGen       total 892928K, used 845006K [0x0000000080000000, 0x00000000b6800000, 0x00000000d5580000)
  object space 892928K, 94% used [0x0000000080000000,0x00000000b3933950,0x00000000b6800000)
 Metaspace       used 6708K, capacity 7384K, committed 7680K, reserved 1056768K
  class space    used 623K, capacity 656K, committed 768K, reserved 1048576K

