# JRE version: Java(TM) SE Runtime Environment (8.0_66-b17) (build 1.8.0_66-b17)
# Java VM: Java HotSpot(TM) 64-Bit Server VM (25.66-b17 mixed mode linux-amd64 compressed oops)
Heap:
 PSYoungGen      total 350208K, used 1583K [0x00000000d5580000, 0x00000000ff700000, 0x0000000100000000)
  eden space 232960K, 0% used [0x00000000d5580000,0x00000000d5580000,0x00000000e3900000)
  from space 117248K, 1% used [0x00000000e3900000,0x00000000e3a8bfa0,0x00000000eab80000)
  to   space 228352K, 0% used [0x00000000f1800000,0x00000000f1800000,0x00000000ff700000)
 ParOldGen       total 801792K, used 801623K [0x0000000080000000, 0x00000000b0f00000, 0x00000000d5580000)
  object space 801792K, 99% used [0x0000000080000000,0x00000000b0ed5c10,0x00000000b0f00000)
 Metaspace       used 6955K, capacity 7672K, committed 7936K, reserved 1056768K
  class space    used 636K, capacity 688K, committed 768K, reserved 1048576K
GC Heap History (10 events):
Event: 28,513 GC heap after
Heap after GC invocations=26 (full 5):
 PSYoungGen      total 333312K, used 100005K [0x00000000d5580000, 0x00000000fed00000, 0x0000000100000000)
  eden space 232960K, 0% used [0x00000000d5580000,0x00000000d5580000,0x00000000e3900000)
  from space 100352K, 99% used [0x00000000e3900000,0x00000000e9aa96e0,0x00000000e9b00000)
  to   space 220160K, 0% used [0x00000000f1600000,0x00000000f1600000,0x00000000fed00000)
 ParOldGen       total 801792K, used 625968K [0x0000000080000000, 0x00000000b0f00000, 0x00000000d5580000)
  object space 801792K, 78% used [0x0000000080000000,0x00000000a634c0d8,0x00000000b0f00000)
 Metaspace       used 6704K, capacity 7384K, committed 7680K, reserved 1056768K
  class space    used 623K, capacity 656K, committed 768K, reserved 1048576K
}
Event: 29,226 GC heap before
{Heap before GC invocations=27 (full 5):
 PSYoungGen      total 333312K, used 332965K [0x00000000d5580000, 0x00000000fed00000, 0x0000000100000000)
  eden space 232960K, 100% used [0x00000000d5580000,0x00000000e3900000,0x00000000e3900000)
  from space 100352K, 99% used [0x00000000e3900000,0x00000000e9aa96e0,0x00000000e9b00000)
  to   space 220160K, 0% used [0x00000000f1600000,0x00000000f1600000,0x00000000fed00000)
 ParOldGen       total 801792K, used 625968K [0x0000000080000000, 0x00000000b0f00000, 0x00000000d5580000)
  object space 801792K, 78% used [0x0000000080000000,0x00000000a634c0d8,0x00000000b0f00000)
 Metaspace       used 6708K, capacity 7384K, committed 7680K, reserved 1056768K
  class space    used 623K, capacity 656K, committed 768K, reserved 1048576K
Event: 29,422 GC heap after
Heap after GC invocations=27 (full 5):
 PSYoungGen      total 457216K, used 133373K [0x00000000d5580000, 0x0000000100000000, 0x0000000100000000)
  eden space 237056K, 0% used [0x00000000d5580000,0x00000000d5580000,0x00000000e3d00000)
  from space 220160K, 60% used [0x00000000f1600000,0x00000000f983f620,0x00000000fed00000)
  to   space 222208K, 0% used [0x00000000e3d00000,0x00000000e3d00000,0x00000000f1600000)
 ParOldGen       total 801792K, used 625968K [0x0000000080000000, 0x00000000b0f00000, 0x00000000d5580000)
  object space 801792K, 78% used [0x0000000080000000,0x00000000a634c0d8,0x00000000b0f00000)
 Metaspace       used 6708K, capacity 7384K, committed 7680K, reserved 1056768K
  class space    used 623K, capacity 656K, committed 768K, reserved 1048576K
}
Event: 30,187 GC heap before
{Heap before GC invocations=28 (full 5):
 PSYoungGen      total 457216K, used 370429K [0x00000000d5580000, 0x0000000100000000, 0x0000000100000000)
  eden space 237056K, 100% used [0x00000000d5580000,0x00000000e3d00000,0x00000000e3d00000)
  from space 220160K, 60% used [0x00000000f1600000,0x00000000f983f620,0x00000000fed00000)
  to   space 222208K, 0% used [0x00000000e3d00000,0x00000000e3d00000,0x00000000f1600000)
 ParOldGen       total 801792K, used 625968K [0x0000000080000000, 0x00000000b0f00000, 0x00000000d5580000)
  object space 801792K, 78% used [0x0000000080000000,0x00000000a634c0d8,0x00000000b0f00000)
 Metaspace       used 6712K, capacity 7384K, committed 7680K, reserved 1056768K
  class space    used 623K, capacity 656K, committed 768K, reserved 1048576K
Event: 30,418 GC heap after
Heap after GC invocations=28 (full 5):
 PSYoungGen      total 459264K, used 170336K [0x00000000d5580000, 0x0000000100000000, 0x0000000100000000)
  eden space 237056K, 0% used [0x00000000d5580000,0x00000000d5580000,0x00000000e3d00000)
  from space 222208K, 76% used [0x00000000e3d00000,0x00000000ee3581a0,0x00000000f1600000)
  to   space 232960K, 0% used [0x00000000f1c80000,0x00000000f1c80000,0x0000000100000000)
 ParOldGen       total 801792K, used 625968K [0x0000000080000000, 0x00000000b0f00000, 0x00000000d5580000)
  object space 801792K, 78% used [0x0000000080000000,0x00000000a634c0d8,0x00000000b0f00000)
 Metaspace       used 6712K, capacity 7384K, committed 7680K, reserved 1056768K
  class space    used 623K, capacity 656K, committed 768K, reserved 1048576K
}
Event: 31,075 GC heap before
{Heap before GC invocations=29 (full 5):
 PSYoungGen      total 459264K, used 407392K [0x00000000d5580000, 0x0000000100000000, 0x0000000100000000)
  eden space 237056K, 100% used [0x00000000d5580000,0x00000000e3d00000,0x00000000e3d00000)
  from space 222208K, 76% used [0x00000000e3d00000,0x00000000ee3581a0,0x00000000f1600000)
  to   space 232960K, 0% used [0x00000000f1c80000,0x00000000f1c80000,0x0000000100000000)
 ParOldGen       total 801792K, used 625968K [0x0000000080000000, 0x00000000b0f00000, 0x00000000d5580000)
  object space 801792K, 78% used [0x0000000080000000,0x00000000a634c0d8,0x00000000b0f00000)
 Metaspace       used 6749K, capacity 7448K, committed 7680K, reserved 1056768K
  class space    used 625K, capacity 656K, committed 768K, reserved 1048576K
Event: 31,400 GC heap after
Heap after GC invocations=29 (full 5):
 PSYoungGen      total 465920K, used 141885K [0x00000000d5580000, 0x0000000100000000, 0x0000000100000000)
  eden space 232960K, 0% used [0x00000000d5580000,0x00000000d5580000,0x00000000e3900000)
  from space 232960K, 60% used [0x00000000f1c80000,0x00000000fa70f478,0x0000000100000000)
  to   space 232960K, 0% used [0x00000000e3900000,0x00000000e3900000,0x00000000f1c80000)
 ParOldGen       total 801792K, used 691804K [0x0000000080000000, 0x00000000b0f00000, 0x00000000d5580000)
  object space 801792K, 86% used [0x0000000080000000,0x00000000aa3972a8,0x00000000b0f00000)
 Metaspace       used 6749K, capacity 7448K, committed 7680K, reserved 1056768K
  class space    used 625K, capacity 656K, committed 768K, reserved 1048576K
}
Event: 32,324 GC heap before
{Heap before GC invocations=30 (full 5):
 PSYoungGen      total 465920K, used 374845K [0x00000000d5580000, 0x0000000100000000, 0x0000000100000000)
  eden space 232960K, 100% used [0x00000000d5580000,0x00000000e3900000,0x00000000e3900000)
  from space 232960K, 60% used [0x00000000f1c80000,0x00000000fa70f478,0x0000000100000000)
  to   space 232960K, 0% used [0x00000000e3900000,0x00000000e3900000,0x00000000f1c80000)
 ParOldGen       total 801792K, used 691804K [0x0000000080000000, 0x00000000b0f00000, 0x00000000d5580000)
  object space 801792K, 86% used [0x0000000080000000,0x00000000aa3972a8,0x00000000b0f00000)
 Metaspace       used 6955K, capacity 7672K, committed 7936K, reserved 1056768K
  class space    used 636K, capacity 688K, committed 768K, reserved 1048576K
Event: 32,653 GC heap after
Heap after GC invocations=30 (full 5):
 PSYoungGen      total 350208K, used 116889K [0x00000000d5580000, 0x00000000ff700000, 0x0000000100000000)
  eden space 232960K, 0% used [0x00000000d5580000,0x00000000d5580000,0x00000000e3900000)
  from space 117248K, 99% used [0x00000000e3900000,0x00000000eab26750,0x00000000eab80000)
  to   space 228352K, 0% used [0x00000000f1800000,0x00000000f1800000,0x00000000ff700000)
 ParOldGen       total 801792K, used 758588K [0x0000000080000000, 0x00000000b0f00000, 0x00000000d5580000)
  object space 801792K, 94% used [0x0000000080000000,0x00000000ae4cf078,0x00000000b0f00000)
 Metaspace       used 6955K, capacity 7672K, committed 7936K, reserved 1056768K
  class space    used 636K, capacity 688K, committed 768K, reserved 1048576K
}
Event: 32,653 GC heap before
{Heap before GC invocations=31 (full 6):
 PSYoungGen      total 350208K, used 116889K [0x00000000d5580000, 0x00000000ff700000, 0x0000000100000000)
  eden space 232960K, 0% used [0x00000000d5580000,0x00000000d5580000,0x00000000e3900000)
  from space 117248K, 99% used [0x00000000e3900000,0x00000000eab26750,0x00000000eab80000)
  to   space 228352K, 0% used [0x00000000f1800000,0x00000000f1800000,0x00000000ff700000)
 ParOldGen       total 801792K, used 758588K [0x0000000080000000, 0x00000000b0f00000, 0x00000000d5580000)
  object space 801792K, 94% used [0x0000000080000000,0x00000000ae4cf078,0x00000000b0f00000)
 Metaspace       used 6955K, capacity 7672K, committed 7936K, reserved 1056768K
  class space    used 636K, capacity 688K, committed 768K, reserved 1048576K

