# JRE version: Java(TM) SE Runtime Environment (8.0_66-b17) (build 1.8.0_66-b17)
# Java VM: Java HotSpot(TM) 64-Bit Server VM (25.66-b17 mixed mode linux-amd64 compressed oops)
Heap:
 PSYoungGen      total 465920K, used 106346K [0x00000000d5580000, 0x0000000100000000, 0x0000000100000000)
  eden space 232960K, 0% used [0x00000000d5580000,0x00000000d5580000,0x00000000e3900000)
  from space 232960K, 45% used [0x00000000e3900000,0x00000000ea0da890,0x00000000f1c80000)
  to   space 232960K, 0% used [0x00000000f1c80000,0x00000000f1c80000,0x0000000100000000)
 ParOldGen       total 548352K, used 548081K [0x0000000080000000, 0x00000000a1780000, 0x00000000d5580000)
  object space 548352K, 99% used [0x0000000080000000,0x00000000a173c6a8,0x00000000a1780000)
 Metaspace       used 6594K, capacity 7320K, committed 7680K, reserved 1056768K
  class space    used 616K, capacity 656K, committed 768K, reserved 1048576K
GC Heap History (10 events):
Event: 19,107 GC heap after
Heap after GC invocations=19 (full 4):
 PSYoungGen      total 490496K, used 119259K [0x00000000d5580000, 0x0000000100000000, 0x0000000100000000)
  eden space 371200K, 0% used [0x00000000d5580000,0x00000000d5580000,0x00000000ec000000)
  from space 119296K, 99% used [0x00000000ec000000,0x00000000f3476e80,0x00000000f3480000)
  to   space 175616K, 0% used [0x00000000f5480000,0x00000000f5480000,0x0000000100000000)
 ParOldGen       total 548352K, used 357056K [0x0000000080000000, 0x00000000a1780000, 0x00000000d5580000)
  object space 548352K, 65% used [0x0000000080000000,0x0000000095cb00c8,0x00000000a1780000)
 Metaspace       used 6590K, capacity 7320K, committed 7680K, reserved 1056768K
  class space    used 616K, capacity 656K, committed 768K, reserved 1048576K
}
Event: 20,429 GC heap before
{Heap before GC invocations=20 (full 4):
 PSYoungGen      total 490496K, used 490459K [0x00000000d5580000, 0x0000000100000000, 0x0000000100000000)
  eden space 371200K, 100% used [0x00000000d5580000,0x00000000ec000000,0x00000000ec000000)
  from space 119296K, 99% used [0x00000000ec000000,0x00000000f3476e80,0x00000000f3480000)
  to   space 175616K, 0% used [0x00000000f5480000,0x00000000f5480000,0x0000000100000000)
 ParOldGen       total 548352K, used 357056K [0x0000000080000000, 0x00000000a1780000, 0x00000000d5580000)
  object space 548352K, 65% used [0x0000000080000000,0x0000000095cb00c8,0x00000000a1780000)
 Metaspace       used 6592K, capacity 7320K, committed 7680K, reserved 1056768K
  class space    used 616K, capacity 656K, committed 768K, reserved 1048576K
Event: 20,666 GC heap after
Heap after GC invocations=20 (full 4):
 PSYoungGen      total 464896K, used 174725K [0x00000000d5580000, 0x0000000100000000, 0x0000000100000000)
  eden space 289280K, 0% used [0x00000000d5580000,0x00000000d5580000,0x00000000e7000000)
  from space 175616K, 99% used [0x00000000f5480000,0x00000000fff21648,0x0000000100000000)
  to   space 204800K, 0% used [0x00000000e7000000,0x00000000e7000000,0x00000000f3800000)
 ParOldGen       total 548352K, used 357056K [0x0000000080000000, 0x00000000a1780000, 0x00000000d5580000)
  object space 548352K, 65% used [0x0000000080000000,0x0000000095cb00c8,0x00000000a1780000)
 Metaspace       used 6592K, capacity 7320K, committed 7680K, reserved 1056768K
  class space    used 616K, capacity 656K, committed 768K, reserved 1048576K
}
Event: 21,832 GC heap before
{Heap before GC invocations=21 (full 4):
 PSYoungGen      total 464896K, used 464005K [0x00000000d5580000, 0x0000000100000000, 0x0000000100000000)
  eden space 289280K, 100% used [0x00000000d5580000,0x00000000e7000000,0x00000000e7000000)
  from space 175616K, 99% used [0x00000000f5480000,0x00000000fff21648,0x0000000100000000)
  to   space 204800K, 0% used [0x00000000e7000000,0x00000000e7000000,0x00000000f3800000)
 ParOldGen       total 548352K, used 357056K [0x0000000080000000, 0x00000000a1780000, 0x00000000d5580000)
  object space 548352K, 65% used [0x0000000080000000,0x0000000095cb00c8,0x00000000a1780000)
 Metaspace       used 6594K, capacity 7320K, committed 7680K, reserved 1056768K
  class space    used 616K, capacity 656K, committed 768K, reserved 1048576K
Event: 22,128 GC heap after
Heap after GC invocations=21 (full 4):
 PSYoungGen      total 494080K, used 204789K [0x00000000d5580000, 0x0000000100000000, 0x0000000100000000)
  eden space 289280K, 0% used [0x00000000d5580000,0x00000000d5580000,0x00000000e7000000)
  from space 204800K, 99% used [0x00000000e7000000,0x00000000f37fd780,0x00000000f3800000)
  to   space 204800K, 0% used [0x00000000f3800000,0x00000000f3800000,0x0000000100000000)
 ParOldGen       total 548352K, used 372133K [0x0000000080000000, 0x00000000a1780000, 0x00000000d5580000)
  object space 548352K, 67% used [0x0000000080000000,0x0000000096b694b8,0x00000000a1780000)
 Metaspace       used 6594K, capacity 7320K, committed 7680K, reserved 1056768K
  class space    used 616K, capacity 656K, committed 768K, reserved 1048576K
}
Event: 23,192 GC heap before
{Heap before GC invocations=22 (full 4):
 PSYoungGen      total 494080K, used 494069K [0x00000000d5580000, 0x0000000100000000, 0x0000000100000000)
  eden space 289280K, 100% used [0x00000000d5580000,0x00000000e7000000,0x00000000e7000000)
  from space 204800K, 99% used [0x00000000e7000000,0x00000000f37fd780,0x00000000f3800000)
  to   space 204800K, 0% used [0x00000000f3800000,0x00000000f3800000,0x0000000100000000)
 ParOldGen       total 548352K, used 372133K [0x0000000080000000, 0x00000000a1780000, 0x00000000d5580000)
  object space 548352K, 67% used [0x0000000080000000,0x0000000096b694b8,0x00000000a1780000)
 Metaspace       used 6594K, capacity 7320K, committed 7680K, reserved 1056768K
  class space    used 616K, capacity 656K, committed 768K, reserved 1048576K
Event: 23,510 GC heap after
Heap after GC invocations=22 (full 4):
 PSYoungGen      total 437760K, used 191574K [0x00000000d5580000, 0x0000000100000000, 0x0000000100000000)
  eden space 232960K, 0% used [0x00000000d5580000,0x00000000d5580000,0x00000000e3900000)
  from space 204800K, 93% used [0x00000000f3800000,0x00000000ff315b98,0x0000000100000000)
  to   space 232960K, 0% used [0x00000000e3900000,0x00000000e3900000,0x00000000f1c80000)
 ParOldGen       total 548352K, used 432323K [0x0000000080000000, 0x00000000a1780000, 0x00000000d5580000)
  object space 548352K, 78% used [0x0000000080000000,0x000000009a630ff8,0x00000000a1780000)
 Metaspace       used 6594K, capacity 7320K, committed 7680K, reserved 1056768K
  class space    used 616K, capacity 656K, committed 768K, reserved 1048576K
}
Event: 24,308 GC heap before
{Heap before GC invocations=23 (full 4):
 PSYoungGen      total 437760K, used 424534K [0x00000000d5580000, 0x0000000100000000, 0x0000000100000000)
  eden space 232960K, 100% used [0x00000000d5580000,0x00000000e3900000,0x00000000e3900000)
  from space 204800K, 93% used [0x00000000f3800000,0x00000000ff315b98,0x0000000100000000)
  to   space 232960K, 0% used [0x00000000e3900000,0x00000000e3900000,0x00000000f1c80000)
 ParOldGen       total 548352K, used 432323K [0x0000000080000000, 0x00000000a1780000, 0x00000000d5580000)
  object space 548352K, 78% used [0x0000000080000000,0x000000009a630ff8,0x00000000a1780000)
 Metaspace       used 6594K, capacity 7320K, committed 7680K, reserved 1056768K
  class space    used 616K, capacity 656K, committed 768K, reserved 1048576K
Event: 24,661 GC heap after
Heap after GC invocations=23 (full 4):
 PSYoungGen      total 465920K, used 126206K [0x00000000d5580000, 0x0000000100000000, 0x0000000100000000)
  eden space 232960K, 0% used [0x00000000d5580000,0x00000000d5580000,0x00000000e3900000)
  from space 232960K, 54% used [0x00000000e3900000,0x00000000eb43fb10,0x00000000f1c80000)
  to   space 232960K, 0% used [0x00000000f1c80000,0x00000000f1c80000,0x0000000100000000)
 ParOldGen       total 548352K, used 533747K [0x0000000080000000, 0x00000000a1780000, 0x00000000d5580000)
  object space 548352K, 97% used [0x0000000080000000,0x00000000a093ce00,0x00000000a1780000)
 Metaspace       used 6594K, capacity 7320K, committed 7680K, reserved 1056768K
  class space    used 616K, capacity 656K, committed 768K, reserved 1048576K
}
Event: 24,661 GC heap before
{Heap before GC invocations=24 (full 5):
 PSYoungGen      total 465920K, used 126206K [0x00000000d5580000, 0x0000000100000000, 0x0000000100000000)
  eden space 232960K, 0% used [0x00000000d5580000,0x00000000d5580000,0x00000000e3900000)
  from space 232960K, 54% used [0x00000000e3900000,0x00000000eb43fb10,0x00000000f1c80000)
  to   space 232960K, 0% used [0x00000000f1c80000,0x00000000f1c80000,0x0000000100000000)
 ParOldGen       total 548352K, used 533747K [0x0000000080000000, 0x00000000a1780000, 0x00000000d5580000)
  object space 548352K, 97% used [0x0000000080000000,0x00000000a093ce00,0x00000000a1780000)
 Metaspace       used 6594K, capacity 7320K, committed 7680K, reserved 1056768K
  class space    used 616K, capacity 656K, committed 768K, reserved 1048576K

