# JRE version: Java(TM) SE Runtime Environment (8.0_66-b17) (build 1.8.0_66-b17)
# Java VM: Java HotSpot(TM) 64-Bit Server VM (25.66-b17 mixed mode linux-amd64 compressed oops)
Heap:
 PSYoungGen      total 338944K, used 1191K [0x00000000d5580000, 0x00000000fec00000, 0x0000000100000000)
  eden space 232960K, 0% used [0x00000000d5580000,0x00000000d5580000,0x00000000e3900000)
  from space 105984K, 1% used [0x00000000e3900000,0x00000000e3a29c00,0x00000000ea080000)
  to   space 222720K, 0% used [0x00000000f1280000,0x00000000f1280000,0x00000000fec00000)
 ParOldGen       total 850944K, used 850594K [0x0000000080000000, 0x00000000b3f00000, 0x00000000d5580000)
  object space 850944K, 99% used [0x0000000080000000,0x00000000b3ea8898,0x00000000b3f00000)
 Metaspace       used 6700K, capacity 7384K, committed 7680K, reserved 1056768K
  class space    used 622K, capacity 656K, committed 768K, reserved 1048576K
GC Heap History (10 events):
Event: 39,115 GC heap after
Heap after GC invocations=26 (full 5):
 PSYoungGen      total 327680K, used 94219K [0x00000000d5580000, 0x00000000fea00000, 0x0000000100000000)
  eden space 232960K, 0% used [0x00000000d5580000,0x00000000d5580000,0x00000000e3900000)
  from space 94720K, 99% used [0x00000000e3900000,0x00000000e9502c10,0x00000000e9580000)
  to   space 218624K, 0% used [0x00000000f1480000,0x00000000f1480000,0x00000000fea00000)
 ParOldGen       total 850944K, used 636132K [0x0000000080000000, 0x00000000b3f00000, 0x00000000d5580000)
  object space 850944K, 74% used [0x0000000080000000,0x00000000a6d39250,0x00000000b3f00000)
 Metaspace       used 6585K, capacity 7320K, committed 7680K, reserved 1056768K
  class space    used 616K, capacity 656K, committed 768K, reserved 1048576K
}
Event: 40,040 GC heap before
{Heap before GC invocations=27 (full 5):
 PSYoungGen      total 327680K, used 327179K [0x00000000d5580000, 0x00000000fea00000, 0x0000000100000000)
  eden space 232960K, 100% used [0x00000000d5580000,0x00000000e3900000,0x00000000e3900000)
  from space 94720K, 99% used [0x00000000e3900000,0x00000000e9502c10,0x00000000e9580000)
  to   space 218624K, 0% used [0x00000000f1480000,0x00000000f1480000,0x00000000fea00000)
 ParOldGen       total 850944K, used 636132K [0x0000000080000000, 0x00000000b3f00000, 0x00000000d5580000)
  object space 850944K, 74% used [0x0000000080000000,0x00000000a6d39250,0x00000000b3f00000)
 Metaspace       used 6669K, capacity 7384K, committed 7680K, reserved 1056768K
  class space    used 620K, capacity 656K, committed 768K, reserved 1048576K
Event: 40,264 GC heap after
Heap after GC invocations=27 (full 5):
 PSYoungGen      total 456192K, used 129232K [0x00000000d5580000, 0x0000000100000000, 0x0000000100000000)
  eden space 237568K, 0% used [0x00000000d5580000,0x00000000d5580000,0x00000000e3d80000)
  from space 218624K, 59% used [0x00000000f1480000,0x00000000f92b4030,0x00000000fea00000)
  to   space 220160K, 0% used [0x00000000e3d80000,0x00000000e3d80000,0x00000000f1480000)
 ParOldGen       total 850944K, used 636132K [0x0000000080000000, 0x00000000b3f00000, 0x00000000d5580000)
  object space 850944K, 74% used [0x0000000080000000,0x00000000a6d39250,0x00000000b3f00000)
 Metaspace       used 6669K, capacity 7384K, committed 7680K, reserved 1056768K
  class space    used 620K, capacity 656K, committed 768K, reserved 1048576K
}
Event: 41,123 GC heap before
{Heap before GC invocations=28 (full 5):
 PSYoungGen      total 456192K, used 366800K [0x00000000d5580000, 0x0000000100000000, 0x0000000100000000)
  eden space 237568K, 100% used [0x00000000d5580000,0x00000000e3d80000,0x00000000e3d80000)
  from space 218624K, 59% used [0x00000000f1480000,0x00000000f92b4030,0x00000000fea00000)
  to   space 220160K, 0% used [0x00000000e3d80000,0x00000000e3d80000,0x00000000f1480000)
 ParOldGen       total 850944K, used 636132K [0x0000000080000000, 0x00000000b3f00000, 0x00000000d5580000)
  object space 850944K, 74% used [0x0000000080000000,0x00000000a6d39250,0x00000000b3f00000)
 Metaspace       used 6696K, capacity 7384K, committed 7680K, reserved 1056768K
  class space    used 622K, capacity 656K, committed 768K, reserved 1048576K
Event: 41,386 GC heap after
Heap after GC invocations=28 (full 5):
 PSYoungGen      total 457728K, used 167129K [0x00000000d5580000, 0x0000000100000000, 0x0000000100000000)
  eden space 237568K, 0% used [0x00000000d5580000,0x00000000d5580000,0x00000000e3d80000)
  from space 220160K, 75% used [0x00000000e3d80000,0x00000000ee0b6530,0x00000000f1480000)
  to   space 232960K, 0% used [0x00000000f1c80000,0x00000000f1c80000,0x0000000100000000)
 ParOldGen       total 850944K, used 636140K [0x0000000080000000, 0x00000000b3f00000, 0x00000000d5580000)
  object space 850944K, 74% used [0x0000000080000000,0x00000000a6d3b250,0x00000000b3f00000)
 Metaspace       used 6696K, capacity 7384K, committed 7680K, reserved 1056768K
  class space    used 622K, capacity 656K, committed 768K, reserved 1048576K
}
Event: 42,220 GC heap before
{Heap before GC invocations=29 (full 5):
 PSYoungGen      total 457728K, used 404697K [0x00000000d5580000, 0x0000000100000000, 0x0000000100000000)
  eden space 237568K, 100% used [0x00000000d5580000,0x00000000e3d80000,0x00000000e3d80000)
  from space 220160K, 75% used [0x00000000e3d80000,0x00000000ee0b6530,0x00000000f1480000)
  to   space 232960K, 0% used [0x00000000f1c80000,0x00000000f1c80000,0x0000000100000000)
 ParOldGen       total 850944K, used 636140K [0x0000000080000000, 0x00000000b3f00000, 0x00000000d5580000)
  object space 850944K, 74% used [0x0000000080000000,0x00000000a6d3b250,0x00000000b3f00000)
 Metaspace       used 6696K, capacity 7384K, committed 7680K, reserved 1056768K
  class space    used 622K, capacity 656K, committed 768K, reserved 1048576K
Event: 42,591 GC heap after
Heap after GC invocations=29 (full 5):
 PSYoungGen      total 465920K, used 140966K [0x00000000d5580000, 0x0000000100000000, 0x0000000100000000)
  eden space 232960K, 0% used [0x00000000d5580000,0x00000000d5580000,0x00000000e3900000)
  from space 232960K, 60% used [0x00000000f1c80000,0x00000000fa6299a0,0x0000000100000000)
  to   space 232960K, 0% used [0x00000000e3900000,0x00000000e3900000,0x00000000f1c80000)
 ParOldGen       total 850944K, used 693855K [0x0000000080000000, 0x00000000b3f00000, 0x00000000d5580000)
  object space 850944K, 81% used [0x0000000080000000,0x00000000aa597f60,0x00000000b3f00000)
 Metaspace       used 6696K, capacity 7384K, committed 7680K, reserved 1056768K
  class space    used 622K, capacity 656K, committed 768K, reserved 1048576K
}
Event: 43,647 GC heap before
{Heap before GC invocations=30 (full 5):
 PSYoungGen      total 465920K, used 373926K [0x00000000d5580000, 0x0000000100000000, 0x0000000100000000)
  eden space 232960K, 100% used [0x00000000d5580000,0x00000000e3900000,0x00000000e3900000)
  from space 232960K, 60% used [0x00000000f1c80000,0x00000000fa6299a0,0x0000000100000000)
  to   space 232960K, 0% used [0x00000000e3900000,0x00000000e3900000,0x00000000f1c80000)
 ParOldGen       total 850944K, used 693855K [0x0000000080000000, 0x00000000b3f00000, 0x00000000d5580000)
  object space 850944K, 81% used [0x0000000080000000,0x00000000aa597f60,0x00000000b3f00000)
 Metaspace       used 6700K, capacity 7384K, committed 7680K, reserved 1056768K
  class space    used 622K, capacity 656K, committed 768K, reserved 1048576K
Event: 43,944 GC heap after
Heap after GC invocations=30 (full 5):
 PSYoungGen      total 338944K, used 105697K [0x00000000d5580000, 0x00000000fec00000, 0x0000000100000000)
  eden space 232960K, 0% used [0x00000000d5580000,0x00000000d5580000,0x00000000e3900000)
  from space 105984K, 99% used [0x00000000e3900000,0x00000000ea0387c0,0x00000000ea080000)
  to   space 222720K, 0% used [0x00000000f1280000,0x00000000f1280000,0x00000000fec00000)
 ParOldGen       total 850944K, used 763705K [0x0000000080000000, 0x00000000b3f00000, 0x00000000d5580000)
  object space 850944K, 89% used [0x0000000080000000,0x00000000ae9ce520,0x00000000b3f00000)
 Metaspace       used 6700K, capacity 7384K, committed 7680K, reserved 1056768K
  class space    used 622K, capacity 656K, committed 768K, reserved 1048576K
}
Event: 43,944 GC heap before
{Heap before GC invocations=31 (full 6):
 PSYoungGen      total 338944K, used 105697K [0x00000000d5580000, 0x00000000fec00000, 0x0000000100000000)
  eden space 232960K, 0% used [0x00000000d5580000,0x00000000d5580000,0x00000000e3900000)
  from space 105984K, 99% used [0x00000000e3900000,0x00000000ea0387c0,0x00000000ea080000)
  to   space 222720K, 0% used [0x00000000f1280000,0x00000000f1280000,0x00000000fec00000)
 ParOldGen       total 850944K, used 763705K [0x0000000080000000, 0x00000000b3f00000, 0x00000000d5580000)
  object space 850944K, 89% used [0x0000000080000000,0x00000000ae9ce520,0x00000000b3f00000)
 Metaspace       used 6700K, capacity 7384K, committed 7680K, reserved 1056768K
  class space    used 622K, capacity 656K, committed 768K, reserved 1048576K

