# JRE version: Java(TM) SE Runtime Environment (8.0_60-b27) (build 1.8.0_60-b27)
# Java VM: Java HotSpot(TM) 64-Bit Server VM (25.60-b23 mixed mode linux-amd64 compressed oops)
Heap:
 PSYoungGen      total 232960K, used 0K [0x00000000eab00000, 0x0000000100000000, 0x0000000100000000)
  eden space 116736K, 0% used [0x00000000eab00000,0x00000000eab00000,0x00000000f1d00000)
  from space 116224K, 0% used [0x00000000f1d00000,0x00000000f1d00000,0x00000000f8e80000)
  to   space 116224K, 0% used [0x00000000f8e80000,0x00000000f8e80000,0x0000000100000000)
 ParOldGen       total 517632K, used 429530K [0x00000000c0000000, 0x00000000df980000, 0x00000000eab00000)
  object space 517632K, 82% used [0x00000000c0000000,0x00000000da376aa0,0x00000000df980000)
 Metaspace       used 6830K, capacity 7672K, committed 7936K, reserved 1056768K
  class space    used 628K, capacity 688K, committed 768K, reserved 1048576K
GC Heap History (10 events):
Event: 19,687 GC heap after
Heap after GC invocations=27 (full 4):
 PSYoungGen      total 223232K, used 98291K [0x00000000eab00000, 0x0000000100000000, 0x0000000100000000)
  eden space 124928K, 0% used [0x00000000eab00000,0x00000000eab00000,0x00000000f2500000)
  from space 98304K, 99% used [0x00000000f2500000,0x00000000f84fcd30,0x00000000f8500000)
  to   space 116224K, 0% used [0x00000000f8e80000,0x00000000f8e80000,0x0000000100000000)
 ParOldGen       total 517632K, used 357674K [0x00000000c0000000, 0x00000000df980000, 0x00000000eab00000)
  object space 517632K, 69% used [0x00000000c0000000,0x00000000d5d4abc0,0x00000000df980000)
 Metaspace       used 6461K, capacity 7282K, committed 7552K, reserved 1056768K
  class space    used 607K, capacity 618K, committed 640K, reserved 1048576K
}
Event: 20,078 GC heap before
{Heap before GC invocations=28 (full 4):
 PSYoungGen      total 223232K, used 223219K [0x00000000eab00000, 0x0000000100000000, 0x0000000100000000)
  eden space 124928K, 100% used [0x00000000eab00000,0x00000000f2500000,0x00000000f2500000)
  from space 98304K, 99% used [0x00000000f2500000,0x00000000f84fcd30,0x00000000f8500000)
  to   space 116224K, 0% used [0x00000000f8e80000,0x00000000f8e80000,0x0000000100000000)
 ParOldGen       total 517632K, used 357674K [0x00000000c0000000, 0x00000000df980000, 0x00000000eab00000)
  object space 517632K, 69% used [0x00000000c0000000,0x00000000d5d4abc0,0x00000000df980000)
 Metaspace       used 6461K, capacity 7282K, committed 7552K, reserved 1056768K
  class space    used 607K, capacity 618K, committed 640K, reserved 1048576K
Event: 20,250 GC heap after
Heap after GC invocations=28 (full 4):
 PSYoungGen      total 232960K, used 90633K [0x00000000eab00000, 0x0000000100000000, 0x0000000100000000)
  eden space 116736K, 0% used [0x00000000eab00000,0x00000000eab00000,0x00000000f1d00000)
  from space 116224K, 77% used [0x00000000f8e80000,0x00000000fe7026f8,0x0000000100000000)
  to   space 116224K, 0% used [0x00000000f1d00000,0x00000000f1d00000,0x00000000f8e80000)
 ParOldGen       total 517632K, used 384640K [0x00000000c0000000, 0x00000000df980000, 0x00000000eab00000)
  object space 517632K, 74% used [0x00000000c0000000,0x00000000d77a0260,0x00000000df980000)
 Metaspace       used 6461K, capacity 7282K, committed 7552K, reserved 1056768K
  class space    used 607K, capacity 618K, committed 640K, reserved 1048576K
}
Event: 20,632 GC heap before
{Heap before GC invocations=29 (full 4):
 PSYoungGen      total 232960K, used 207369K [0x00000000eab00000, 0x0000000100000000, 0x0000000100000000)
  eden space 116736K, 100% used [0x00000000eab00000,0x00000000f1d00000,0x00000000f1d00000)
  from space 116224K, 77% used [0x00000000f8e80000,0x00000000fe7026f8,0x0000000100000000)
  to   space 116224K, 0% used [0x00000000f1d00000,0x00000000f1d00000,0x00000000f8e80000)
 ParOldGen       total 517632K, used 384640K [0x00000000c0000000, 0x00000000df980000, 0x00000000eab00000)
  object space 517632K, 74% used [0x00000000c0000000,0x00000000d77a0260,0x00000000df980000)
 Metaspace       used 6461K, capacity 7282K, committed 7552K, reserved 1056768K
  class space    used 607K, capacity 618K, committed 640K, reserved 1048576K
Event: 20,838 GC heap after
Heap after GC invocations=29 (full 4):
 PSYoungGen      total 232960K, used 74981K [0x00000000eab00000, 0x0000000100000000, 0x0000000100000000)
  eden space 116736K, 0% used [0x00000000eab00000,0x00000000eab00000,0x00000000f1d00000)
  from space 116224K, 64% used [0x00000000f1d00000,0x00000000f6639590,0x00000000f8e80000)
  to   space 116224K, 0% used [0x00000000f8e80000,0x00000000f8e80000,0x0000000100000000)
 ParOldGen       total 517632K, used 418284K [0x00000000c0000000, 0x00000000df980000, 0x00000000eab00000)
  object space 517632K, 80% used [0x00000000c0000000,0x00000000d987b240,0x00000000df980000)
 Metaspace       used 6461K, capacity 7282K, committed 7552K, reserved 1056768K
  class space    used 607K, capacity 618K, committed 640K, reserved 1048576K
}
Event: 21,210 GC heap before
{Heap before GC invocations=30 (full 4):
 PSYoungGen      total 232960K, used 191717K [0x00000000eab00000, 0x0000000100000000, 0x0000000100000000)
  eden space 116736K, 100% used [0x00000000eab00000,0x00000000f1d00000,0x00000000f1d00000)
  from space 116224K, 64% used [0x00000000f1d00000,0x00000000f6639590,0x00000000f8e80000)
  to   space 116224K, 0% used [0x00000000f8e80000,0x00000000f8e80000,0x0000000100000000)
 ParOldGen       total 517632K, used 418284K [0x00000000c0000000, 0x00000000df980000, 0x00000000eab00000)
  object space 517632K, 80% used [0x00000000c0000000,0x00000000d987b240,0x00000000df980000)
 Metaspace       used 6461K, capacity 7282K, committed 7552K, reserved 1056768K
  class space    used 607K, capacity 618K, committed 640K, reserved 1048576K
Event: 21,391 GC heap after
Heap after GC invocations=30 (full 4):
 PSYoungGen      total 232960K, used 57062K [0x00000000eab00000, 0x0000000100000000, 0x0000000100000000)
  eden space 116736K, 0% used [0x00000000eab00000,0x00000000eab00000,0x00000000f1d00000)
  from space 116224K, 49% used [0x00000000f8e80000,0x00000000fc639960,0x0000000100000000)
  to   space 116224K, 0% used [0x00000000f1d00000,0x00000000f1d00000,0x00000000f8e80000)
 ParOldGen       total 517632K, used 455414K [0x00000000c0000000, 0x00000000df980000, 0x00000000eab00000)
  object space 517632K, 87% used [0x00000000c0000000,0x00000000dbcbd910,0x00000000df980000)
 Metaspace       used 6461K, capacity 7282K, committed 7552K, reserved 1056768K
  class space    used 607K, capacity 618K, committed 640K, reserved 1048576K
}
Event: 24,029 GC heap before
{Heap before GC invocations=31 (full 4):
 PSYoungGen      total 232960K, used 173798K [0x00000000eab00000, 0x0000000100000000, 0x0000000100000000)
  eden space 116736K, 100% used [0x00000000eab00000,0x00000000f1d00000,0x00000000f1d00000)
  from space 116224K, 49% used [0x00000000f8e80000,0x00000000fc639960,0x0000000100000000)
  to   space 116224K, 0% used [0x00000000f1d00000,0x00000000f1d00000,0x00000000f8e80000)
 ParOldGen       total 517632K, used 455414K [0x00000000c0000000, 0x00000000df980000, 0x00000000eab00000)
  object space 517632K, 87% used [0x00000000c0000000,0x00000000dbcbd910,0x00000000df980000)
 Metaspace       used 6830K, capacity 7672K, committed 7936K, reserved 1056768K
  class space    used 628K, capacity 688K, committed 768K, reserved 1048576K
Event: 24,171 GC heap after
Heap after GC invocations=31 (full 4):
 PSYoungGen      total 232960K, used 49740K [0x00000000eab00000, 0x0000000100000000, 0x0000000100000000)
  eden space 116736K, 0% used [0x00000000eab00000,0x00000000eab00000,0x00000000f1d00000)
  from space 116224K, 42% used [0x00000000f1d00000,0x00000000f4d930b8,0x00000000f8e80000)
  to   space 116224K, 0% used [0x00000000f8e80000,0x00000000f8e80000,0x0000000100000000)
 ParOldGen       total 517632K, used 484754K [0x00000000c0000000, 0x00000000df980000, 0x00000000eab00000)
  object space 517632K, 93% used [0x00000000c0000000,0x00000000dd964ad8,0x00000000df980000)
 Metaspace       used 6830K, capacity 7672K, committed 7936K, reserved 1056768K
  class space    used 628K, capacity 688K, committed 768K, reserved 1048576K
}
Event: 24,171 GC heap before
{Heap before GC invocations=32 (full 5):
 PSYoungGen      total 232960K, used 49740K [0x00000000eab00000, 0x0000000100000000, 0x0000000100000000)
  eden space 116736K, 0% used [0x00000000eab00000,0x00000000eab00000,0x00000000f1d00000)
  from space 116224K, 42% used [0x00000000f1d00000,0x00000000f4d930b8,0x00000000f8e80000)
  to   space 116224K, 0% used [0x00000000f8e80000,0x00000000f8e80000,0x0000000100000000)
 ParOldGen       total 517632K, used 484754K [0x00000000c0000000, 0x00000000df980000, 0x00000000eab00000)
  object space 517632K, 93% used [0x00000000c0000000,0x00000000dd964ad8,0x00000000df980000)
 Metaspace       used 6830K, capacity 7672K, committed 7936K, reserved 1056768K
  class space    used 628K, capacity 688K, committed 768K, reserved 1048576K

