# JRE version: Java(TM) SE Runtime Environment (8.0_66-b17) (build 1.8.0_66-b17)
# Java VM: Java HotSpot(TM) 64-Bit Server VM (25.66-b17 mixed mode linux-amd64 compressed oops)
Heap:
 PSYoungGen      total 465920K, used 8186K [0x00000000d5580000, 0x0000000100000000, 0x0000000100000000)
  eden space 232960K, 0% used [0x00000000d5580000,0x00000000d5580000,0x00000000e3900000)
  from space 232960K, 3% used [0x00000000e3900000,0x00000000e40fea80,0x00000000f1c80000)
  to   space 232960K, 0% used [0x00000000f1c80000,0x00000000f1c80000,0x0000000100000000)
 ParOldGen       total 830976K, used 830834K [0x0000000080000000, 0x00000000b2b80000, 0x00000000d5580000)
  object space 830976K, 99% used [0x0000000080000000,0x00000000b2b5ca20,0x00000000b2b80000)
 Metaspace       used 6710K, capacity 7384K, committed 7680K, reserved 1056768K
  class space    used 622K, capacity 656K, committed 768K, reserved 1048576K
GC Heap History (10 events):
Event: 60,719 GC heap after
Heap after GC invocations=28 (full 5):
 PSYoungGen      total 308736K, used 75637K [0x00000000d5580000, 0x00000000fe800000, 0x0000000100000000)
  eden space 232960K, 0% used [0x00000000d5580000,0x00000000d5580000,0x00000000e3900000)
  from space 75776K, 99% used [0x00000000e3900000,0x00000000e82dd6f0,0x00000000e8300000)
  to   space 214528K, 0% used [0x00000000f1680000,0x00000000f1680000,0x00000000fe800000)
 ParOldGen       total 830976K, used 678138K [0x0000000080000000, 0x00000000b2b80000, 0x00000000d5580000)
  object space 830976K, 81% used [0x0000000080000000,0x00000000a963ebf0,0x00000000b2b80000)
 Metaspace       used 6602K, capacity 7320K, committed 7680K, reserved 1056768K
  class space    used 616K, capacity 656K, committed 768K, reserved 1048576K
}
Event: 61,815 GC heap before
{Heap before GC invocations=29 (full 5):
 PSYoungGen      total 308736K, used 308597K [0x00000000d5580000, 0x00000000fe800000, 0x0000000100000000)
  eden space 232960K, 100% used [0x00000000d5580000,0x00000000e3900000,0x00000000e3900000)
  from space 75776K, 99% used [0x00000000e3900000,0x00000000e82dd6f0,0x00000000e8300000)
  to   space 214528K, 0% used [0x00000000f1680000,0x00000000f1680000,0x00000000fe800000)
 ParOldGen       total 830976K, used 678138K [0x0000000080000000, 0x00000000b2b80000, 0x00000000d5580000)
  object space 830976K, 81% used [0x0000000080000000,0x00000000a963ebf0,0x00000000b2b80000)
 Metaspace       used 6602K, capacity 7320K, committed 7680K, reserved 1056768K
  class space    used 616K, capacity 656K, committed 768K, reserved 1048576K
Event: 62,105 GC heap after
Heap after GC invocations=29 (full 5):
 PSYoungGen      total 460800K, used 113441K [0x00000000d5580000, 0x00000000ffb00000, 0x0000000100000000)
  eden space 246272K, 0% used [0x00000000d5580000,0x00000000d5580000,0x00000000e4600000)
  from space 214528K, 52% used [0x00000000f1680000,0x00000000f85487c8,0x00000000fe800000)
  to   space 213504K, 0% used [0x00000000e4600000,0x00000000e4600000,0x00000000f1680000)
 ParOldGen       total 830976K, used 678138K [0x0000000080000000, 0x00000000b2b80000, 0x00000000d5580000)
  object space 830976K, 81% used [0x0000000080000000,0x00000000a963ebf0,0x00000000b2b80000)
 Metaspace       used 6602K, capacity 7320K, committed 7680K, reserved 1056768K
  class space    used 616K, capacity 656K, committed 768K, reserved 1048576K
}
Event: 63,566 GC heap before
{Heap before GC invocations=30 (full 5):
 PSYoungGen      total 460800K, used 359713K [0x00000000d5580000, 0x00000000ffb00000, 0x0000000100000000)
  eden space 246272K, 100% used [0x00000000d5580000,0x00000000e4600000,0x00000000e4600000)
  from space 214528K, 52% used [0x00000000f1680000,0x00000000f85487c8,0x00000000fe800000)
  to   space 213504K, 0% used [0x00000000e4600000,0x00000000e4600000,0x00000000f1680000)
 ParOldGen       total 830976K, used 678138K [0x0000000080000000, 0x00000000b2b80000, 0x00000000d5580000)
  object space 830976K, 81% used [0x0000000080000000,0x00000000a963ebf0,0x00000000b2b80000)
 Metaspace       used 6681K, capacity 7384K, committed 7680K, reserved 1056768K
  class space    used 620K, capacity 656K, committed 768K, reserved 1048576K
Event: 63,928 GC heap after
Heap after GC invocations=30 (full 5):
 PSYoungGen      total 459776K, used 149656K [0x00000000d5580000, 0x0000000100000000, 0x0000000100000000)
  eden space 246272K, 0% used [0x00000000d5580000,0x00000000d5580000,0x00000000e4600000)
  from space 213504K, 70% used [0x00000000e4600000,0x00000000ed8261f8,0x00000000f1680000)
  to   space 225280K, 0% used [0x00000000f2400000,0x00000000f2400000,0x0000000100000000)
 ParOldGen       total 830976K, used 678138K [0x0000000080000000, 0x00000000b2b80000, 0x00000000d5580000)
  object space 830976K, 81% used [0x0000000080000000,0x00000000a963ebf0,0x00000000b2b80000)
 Metaspace       used 6681K, capacity 7384K, committed 7680K, reserved 1056768K
  class space    used 620K, capacity 656K, committed 768K, reserved 1048576K
}
Event: 65,290 GC heap before
{Heap before GC invocations=31 (full 5):
 PSYoungGen      total 459776K, used 395928K [0x00000000d5580000, 0x0000000100000000, 0x0000000100000000)
  eden space 246272K, 100% used [0x00000000d5580000,0x00000000e4600000,0x00000000e4600000)
  from space 213504K, 70% used [0x00000000e4600000,0x00000000ed8261f8,0x00000000f1680000)
  to   space 225280K, 0% used [0x00000000f2400000,0x00000000f2400000,0x0000000100000000)
 ParOldGen       total 830976K, used 678138K [0x0000000080000000, 0x00000000b2b80000, 0x00000000d5580000)
  object space 830976K, 81% used [0x0000000080000000,0x00000000a963ebf0,0x00000000b2b80000)
 Metaspace       used 6710K, capacity 7384K, committed 7680K, reserved 1056768K
  class space    used 622K, capacity 656K, committed 768K, reserved 1048576K
Event: 65,719 GC heap after
Heap after GC invocations=31 (full 5):
 PSYoungGen      total 458240K, used 191488K [0x00000000d5580000, 0x0000000100000000, 0x0000000100000000)
  eden space 232960K, 0% used [0x00000000d5580000,0x00000000d5580000,0x00000000e3900000)
  from space 225280K, 85% used [0x00000000f2400000,0x00000000fdf003e0,0x0000000100000000)
  to   space 232960K, 0% used [0x00000000e3900000,0x00000000e3900000,0x00000000f1c80000)
 ParOldGen       total 830976K, used 678138K [0x0000000080000000, 0x00000000b2b80000, 0x00000000d5580000)
  object space 830976K, 81% used [0x0000000080000000,0x00000000a963ebf0,0x00000000b2b80000)
 Metaspace       used 6710K, capacity 7384K, committed 7680K, reserved 1056768K
  class space    used 622K, capacity 656K, committed 768K, reserved 1048576K
}
Event: 66,747 GC heap before
{Heap before GC invocations=32 (full 5):
 PSYoungGen      total 458240K, used 424448K [0x00000000d5580000, 0x0000000100000000, 0x0000000100000000)
  eden space 232960K, 100% used [0x00000000d5580000,0x00000000e3900000,0x00000000e3900000)
  from space 225280K, 85% used [0x00000000f2400000,0x00000000fdf003e0,0x0000000100000000)
  to   space 232960K, 0% used [0x00000000e3900000,0x00000000e3900000,0x00000000f1c80000)
 ParOldGen       total 830976K, used 678138K [0x0000000080000000, 0x00000000b2b80000, 0x00000000d5580000)
  object space 830976K, 81% used [0x0000000080000000,0x00000000a963ebf0,0x00000000b2b80000)
 Metaspace       used 6710K, capacity 7384K, committed 7680K, reserved 1056768K
  class space    used 622K, capacity 656K, committed 768K, reserved 1048576K
Event: 67,240 GC heap after
Heap after GC invocations=32 (full 5):
 PSYoungGen      total 465920K, used 154303K [0x00000000d5580000, 0x0000000100000000, 0x0000000100000000)
  eden space 232960K, 0% used [0x00000000d5580000,0x00000000d5580000,0x00000000e3900000)
  from space 232960K, 66% used [0x00000000e3900000,0x00000000ecfaff48,0x00000000f1c80000)
  to   space 232960K, 0% used [0x00000000f1c80000,0x00000000f1c80000,0x0000000100000000)
 ParOldGen       total 830976K, used 750189K [0x0000000080000000, 0x00000000b2b80000, 0x00000000d5580000)
  object space 830976K, 90% used [0x0000000080000000,0x00000000adc9b5d8,0x00000000b2b80000)
 Metaspace       used 6710K, capacity 7384K, committed 7680K, reserved 1056768K
  class space    used 622K, capacity 656K, committed 768K, reserved 1048576K
}
Event: 67,240 GC heap before
{Heap before GC invocations=33 (full 6):
 PSYoungGen      total 465920K, used 154303K [0x00000000d5580000, 0x0000000100000000, 0x0000000100000000)
  eden space 232960K, 0% used [0x00000000d5580000,0x00000000d5580000,0x00000000e3900000)
  from space 232960K, 66% used [0x00000000e3900000,0x00000000ecfaff48,0x00000000f1c80000)
  to   space 232960K, 0% used [0x00000000f1c80000,0x00000000f1c80000,0x0000000100000000)
 ParOldGen       total 830976K, used 750189K [0x0000000080000000, 0x00000000b2b80000, 0x00000000d5580000)
  object space 830976K, 90% used [0x0000000080000000,0x00000000adc9b5d8,0x00000000b2b80000)
 Metaspace       used 6710K, capacity 7384K, committed 7680K, reserved 1056768K
  class space    used 622K, capacity 656K, committed 768K, reserved 1048576K

