# JRE version: Java(TM) SE Runtime Environment (8.0_66-b17) (build 1.8.0_66-b17)
# Java VM: Java HotSpot(TM) 64-Bit Server VM (25.66-b17 mixed mode linux-amd64 compressed oops)
Heap:
 PSYoungGen      total 465920K, used 87754K [0x00000000d5580000, 0x0000000100000000, 0x0000000100000000)
  eden space 232960K, 0% used [0x00000000d5580000,0x00000000d5580000,0x00000000e3900000)
  from space 232960K, 37% used [0x00000000e3900000,0x00000000e8eb2a70,0x00000000f1c80000)
  to   space 232960K, 0% used [0x00000000f1c80000,0x00000000f1c80000,0x0000000100000000)
 ParOldGen       total 589312K, used 588970K [0x0000000080000000, 0x00000000a3f80000, 0x00000000d5580000)
  object space 589312K, 99% used [0x0000000080000000,0x00000000a3f2ab20,0x00000000a3f80000)
 Metaspace       used 6585K, capacity 7320K, committed 7680K, reserved 1056768K
  class space    used 617K, capacity 656K, committed 768K, reserved 1048576K
GC Heap History (10 events):
Event: 25,012 GC heap after
Heap after GC invocations=19 (full 4):
 PSYoungGen      total 494080K, used 112202K [0x00000000d5580000, 0x0000000100000000, 0x0000000100000000)
  eden space 381440K, 0% used [0x00000000d5580000,0x00000000d5580000,0x00000000eca00000)
  from space 112640K, 99% used [0x00000000eca00000,0x00000000f3792a08,0x00000000f3800000)
  to   space 168960K, 0% used [0x00000000f5b00000,0x00000000f5b00000,0x0000000100000000)
 ParOldGen       total 589312K, used 378158K [0x0000000080000000, 0x00000000a3f80000, 0x00000000d5580000)
  object space 589312K, 64% used [0x0000000080000000,0x000000009714b958,0x00000000a3f80000)
 Metaspace       used 6582K, capacity 7320K, committed 7680K, reserved 1056768K
  class space    used 617K, capacity 656K, committed 768K, reserved 1048576K
}
Event: 26,694 GC heap before
{Heap before GC invocations=20 (full 4):
 PSYoungGen      total 494080K, used 493642K [0x00000000d5580000, 0x0000000100000000, 0x0000000100000000)
  eden space 381440K, 100% used [0x00000000d5580000,0x00000000eca00000,0x00000000eca00000)
  from space 112640K, 99% used [0x00000000eca00000,0x00000000f3792a08,0x00000000f3800000)
  to   space 168960K, 0% used [0x00000000f5b00000,0x00000000f5b00000,0x0000000100000000)
 ParOldGen       total 589312K, used 378158K [0x0000000080000000, 0x00000000a3f80000, 0x00000000d5580000)
  object space 589312K, 64% used [0x0000000080000000,0x000000009714b958,0x00000000a3f80000)
 Metaspace       used 6585K, capacity 7320K, committed 7680K, reserved 1056768K
  class space    used 617K, capacity 656K, committed 768K, reserved 1048576K
Event: 27,220 GC heap after
Heap after GC invocations=20 (full 4):
 PSYoungGen      total 473600K, used 168484K [0x00000000d5580000, 0x0000000100000000, 0x0000000100000000)
  eden space 304640K, 0% used [0x00000000d5580000,0x00000000d5580000,0x00000000e7f00000)
  from space 168960K, 99% used [0x00000000f5b00000,0x00000000fff89328,0x0000000100000000)
  to   space 197120K, 0% used [0x00000000e7f00000,0x00000000e7f00000,0x00000000f3f80000)
 ParOldGen       total 589312K, used 378158K [0x0000000080000000, 0x00000000a3f80000, 0x00000000d5580000)
  object space 589312K, 64% used [0x0000000080000000,0x000000009714b958,0x00000000a3f80000)
 Metaspace       used 6585K, capacity 7320K, committed 7680K, reserved 1056768K
  class space    used 617K, capacity 656K, committed 768K, reserved 1048576K
}
Event: 29,037 GC heap before
{Heap before GC invocations=21 (full 4):
 PSYoungGen      total 473600K, used 473124K [0x00000000d5580000, 0x0000000100000000, 0x0000000100000000)
  eden space 304640K, 100% used [0x00000000d5580000,0x00000000e7f00000,0x00000000e7f00000)
  from space 168960K, 99% used [0x00000000f5b00000,0x00000000fff89328,0x0000000100000000)
  to   space 197120K, 0% used [0x00000000e7f00000,0x00000000e7f00000,0x00000000f3f80000)
 ParOldGen       total 589312K, used 378158K [0x0000000080000000, 0x00000000a3f80000, 0x00000000d5580000)
  object space 589312K, 64% used [0x0000000080000000,0x000000009714b958,0x00000000a3f80000)
 Metaspace       used 6585K, capacity 7320K, committed 7680K, reserved 1056768K
  class space    used 617K, capacity 656K, committed 768K, reserved 1048576K
Event: 29,621 GC heap after
Heap after GC invocations=21 (full 4):
 PSYoungGen      total 501760K, used 197098K [0x00000000d5580000, 0x0000000100000000, 0x0000000100000000)
  eden space 304640K, 0% used [0x00000000d5580000,0x00000000d5580000,0x00000000e7f00000)
  from space 197120K, 99% used [0x00000000e7f00000,0x00000000f3f7aa48,0x00000000f3f80000)
  to   space 197120K, 0% used [0x00000000f3f80000,0x00000000f3f80000,0x0000000100000000)
 ParOldGen       total 589312K, used 398766K [0x0000000080000000, 0x00000000a3f80000, 0x00000000d5580000)
  object space 589312K, 67% used [0x0000000080000000,0x000000009856b9c0,0x00000000a3f80000)
 Metaspace       used 6585K, capacity 7320K, committed 7680K, reserved 1056768K
  class space    used 617K, capacity 656K, committed 768K, reserved 1048576K
}
Event: 31,211 GC heap before
{Heap before GC invocations=22 (full 4):
 PSYoungGen      total 501760K, used 501738K [0x00000000d5580000, 0x0000000100000000, 0x0000000100000000)
  eden space 304640K, 100% used [0x00000000d5580000,0x00000000e7f00000,0x00000000e7f00000)
  from space 197120K, 99% used [0x00000000e7f00000,0x00000000f3f7aa48,0x00000000f3f80000)
  to   space 197120K, 0% used [0x00000000f3f80000,0x00000000f3f80000,0x0000000100000000)
 ParOldGen       total 589312K, used 398766K [0x0000000080000000, 0x00000000a3f80000, 0x00000000d5580000)
  object space 589312K, 67% used [0x0000000080000000,0x000000009856b9c0,0x00000000a3f80000)
 Metaspace       used 6585K, capacity 7320K, committed 7680K, reserved 1056768K
  class space    used 617K, capacity 656K, committed 768K, reserved 1048576K
Event: 31,698 GC heap after
Heap after GC invocations=22 (full 4):
 PSYoungGen      total 430080K, used 197095K [0x00000000d5580000, 0x0000000100000000, 0x0000000100000000)
  eden space 232960K, 0% used [0x00000000d5580000,0x00000000d5580000,0x00000000e3900000)
  from space 197120K, 99% used [0x00000000f3f80000,0x00000000ffff9d70,0x0000000100000000)
  to   space 232960K, 0% used [0x00000000e3900000,0x00000000e3900000,0x00000000f1c80000)
 ParOldGen       total 589312K, used 450024K [0x0000000080000000, 0x00000000a3f80000, 0x00000000d5580000)
  object space 589312K, 76% used [0x0000000080000000,0x000000009b77a2b8,0x00000000a3f80000)
 Metaspace       used 6585K, capacity 7320K, committed 7680K, reserved 1056768K
  class space    used 617K, capacity 656K, committed 768K, reserved 1048576K
}
Event: 32,895 GC heap before
{Heap before GC invocations=23 (full 4):
 PSYoungGen      total 430080K, used 430055K [0x00000000d5580000, 0x0000000100000000, 0x0000000100000000)
  eden space 232960K, 100% used [0x00000000d5580000,0x00000000e3900000,0x00000000e3900000)
  from space 197120K, 99% used [0x00000000f3f80000,0x00000000ffff9d70,0x0000000100000000)
  to   space 232960K, 0% used [0x00000000e3900000,0x00000000e3900000,0x00000000f1c80000)
 ParOldGen       total 589312K, used 450024K [0x0000000080000000, 0x00000000a3f80000, 0x00000000d5580000)
  object space 589312K, 76% used [0x0000000080000000,0x000000009b77a2b8,0x00000000a3f80000)
 Metaspace       used 6585K, capacity 7320K, committed 7680K, reserved 1056768K
  class space    used 617K, capacity 656K, committed 768K, reserved 1048576K
Event: 33,786 GC heap after
Heap after GC invocations=23 (full 4):
 PSYoungGen      total 465920K, used 130318K [0x00000000d5580000, 0x0000000100000000, 0x0000000100000000)
  eden space 232960K, 0% used [0x00000000d5580000,0x00000000d5580000,0x00000000e3900000)
  from space 232960K, 55% used [0x00000000e3900000,0x00000000eb8438a0,0x00000000f1c80000)
  to   space 232960K, 0% used [0x00000000f1c80000,0x00000000f1c80000,0x0000000100000000)
 ParOldGen       total 589312K, used 555209K [0x0000000080000000, 0x00000000a3f80000, 0x00000000d5580000)
  object space 589312K, 94% used [0x0000000080000000,0x00000000a1e32440,0x00000000a3f80000)
 Metaspace       used 6585K, capacity 7320K, committed 7680K, reserved 1056768K
  class space    used 617K, capacity 656K, committed 768K, reserved 1048576K
}
Event: 33,788 GC heap before
{Heap before GC invocations=24 (full 5):
 PSYoungGen      total 465920K, used 130318K [0x00000000d5580000, 0x0000000100000000, 0x0000000100000000)
  eden space 232960K, 0% used [0x00000000d5580000,0x00000000d5580000,0x00000000e3900000)
  from space 232960K, 55% used [0x00000000e3900000,0x00000000eb8438a0,0x00000000f1c80000)
  to   space 232960K, 0% used [0x00000000f1c80000,0x00000000f1c80000,0x0000000100000000)
 ParOldGen       total 589312K, used 555209K [0x0000000080000000, 0x00000000a3f80000, 0x00000000d5580000)
  object space 589312K, 94% used [0x0000000080000000,0x00000000a1e32440,0x00000000a3f80000)
 Metaspace       used 6585K, capacity 7320K, committed 7680K, reserved 1056768K
  class space    used 617K, capacity 656K, committed 768K, reserved 1048576K

