# JRE version: Java(TM) SE Runtime Environment (8.0_66-b17) (build 1.8.0_66-b17)
# Java VM: Java HotSpot(TM) 64-Bit Server VM (25.66-b17 mixed mode linux-amd64 compressed oops)
Heap:
 PSYoungGen      total 465920K, used 66069K [0x00000000d5580000, 0x0000000100000000, 0x0000000100000000)
  eden space 232960K, 0% used [0x00000000d5580000,0x00000000d5580000,0x00000000e3900000)
  from space 232960K, 28% used [0x00000000e3900000,0x00000000e7985548,0x00000000f1c80000)
  to   space 232960K, 0% used [0x00000000f1c80000,0x00000000f1c80000,0x0000000100000000)
 ParOldGen       total 601088K, used 600642K [0x0000000080000000, 0x00000000a4b00000, 0x00000000d5580000)
  object space 601088K, 99% used [0x0000000080000000,0x00000000a4a908b8,0x00000000a4b00000)
 Metaspace       used 6604K, capacity 7320K, committed 7680K, reserved 1056768K
  class space    used 616K, capacity 656K, committed 768K, reserved 1048576K
GC Heap History (10 events):
Event: 32,152 GC heap after
Heap after GC invocations=19 (full 4):
 PSYoungGen      total 523264K, used 51937K [0x00000000d5580000, 0x0000000100000000, 0x0000000100000000)
  eden space 347648K, 0% used [0x00000000d5580000,0x00000000d5580000,0x00000000ea900000)
  from space 175616K, 29% used [0x00000000ea900000,0x00000000edbb8550,0x00000000f5480000)
  to   space 165888K, 0% used [0x00000000f5e00000,0x00000000f5e00000,0x0000000100000000)
 ParOldGen       total 601088K, used 424572K [0x0000000080000000, 0x00000000a4b00000, 0x00000000d5580000)
  object space 601088K, 70% used [0x0000000080000000,0x0000000099e9f090,0x00000000a4b00000)
 Metaspace       used 6601K, capacity 7320K, committed 7680K, reserved 1056768K
  class space    used 616K, capacity 656K, committed 768K, reserved 1048576K
}
Event: 34,546 GC heap before
{Heap before GC invocations=20 (full 4):
 PSYoungGen      total 523264K, used 399585K [0x00000000d5580000, 0x0000000100000000, 0x0000000100000000)
  eden space 347648K, 100% used [0x00000000d5580000,0x00000000ea900000,0x00000000ea900000)
  from space 175616K, 29% used [0x00000000ea900000,0x00000000edbb8550,0x00000000f5480000)
  to   space 165888K, 0% used [0x00000000f5e00000,0x00000000f5e00000,0x0000000100000000)
 ParOldGen       total 601088K, used 424572K [0x0000000080000000, 0x00000000a4b00000, 0x00000000d5580000)
  object space 601088K, 70% used [0x0000000080000000,0x0000000099e9f090,0x00000000a4b00000)
 Metaspace       used 6603K, capacity 7320K, committed 7680K, reserved 1056768K
  class space    used 616K, capacity 656K, committed 768K, reserved 1048576K
Event: 34,683 GC heap after
Heap after GC invocations=20 (full 4):
 PSYoungGen      total 521728K, used 103746K [0x00000000d5580000, 0x0000000100000000, 0x0000000100000000)
  eden space 355840K, 0% used [0x00000000d5580000,0x00000000d5580000,0x00000000eb100000)
  from space 165888K, 62% used [0x00000000f5e00000,0x00000000fc350808,0x0000000100000000)
  to   space 171520K, 0% used [0x00000000eb100000,0x00000000eb100000,0x00000000f5880000)
 ParOldGen       total 601088K, used 424572K [0x0000000080000000, 0x00000000a4b00000, 0x00000000d5580000)
  object space 601088K, 70% used [0x0000000080000000,0x0000000099e9f090,0x00000000a4b00000)
 Metaspace       used 6603K, capacity 7320K, committed 7680K, reserved 1056768K
  class space    used 616K, capacity 656K, committed 768K, reserved 1048576K
}
Event: 36,214 GC heap before
{Heap before GC invocations=21 (full 4):
 PSYoungGen      total 521728K, used 459586K [0x00000000d5580000, 0x0000000100000000, 0x0000000100000000)
  eden space 355840K, 100% used [0x00000000d5580000,0x00000000eb100000,0x00000000eb100000)
  from space 165888K, 62% used [0x00000000f5e00000,0x00000000fc350808,0x0000000100000000)
  to   space 171520K, 0% used [0x00000000eb100000,0x00000000eb100000,0x00000000f5880000)
 ParOldGen       total 601088K, used 424572K [0x0000000080000000, 0x00000000a4b00000, 0x00000000d5580000)
  object space 601088K, 70% used [0x0000000080000000,0x0000000099e9f090,0x00000000a4b00000)
 Metaspace       used 6604K, capacity 7320K, committed 7680K, reserved 1056768K
  class space    used 616K, capacity 656K, committed 768K, reserved 1048576K
Event: 36,485 GC heap after
Heap after GC invocations=21 (full 4):
 PSYoungGen      total 515072K, used 158950K [0x00000000d5580000, 0x0000000100000000, 0x0000000100000000)
  eden space 355840K, 0% used [0x00000000d5580000,0x00000000d5580000,0x00000000eb100000)
  from space 159232K, 99% used [0x00000000eb100000,0x00000000f4c399d8,0x00000000f4c80000)
  to   space 183808K, 0% used [0x00000000f4c80000,0x00000000f4c80000,0x0000000100000000)
 ParOldGen       total 601088K, used 424572K [0x0000000080000000, 0x00000000a4b00000, 0x00000000d5580000)
  object space 601088K, 70% used [0x0000000080000000,0x0000000099e9f090,0x00000000a4b00000)
 Metaspace       used 6604K, capacity 7320K, committed 7680K, reserved 1056768K
  class space    used 616K, capacity 656K, committed 768K, reserved 1048576K
}
Event: 38,800 GC heap before
{Heap before GC invocations=22 (full 4):
 PSYoungGen      total 515072K, used 514790K [0x00000000d5580000, 0x0000000100000000, 0x0000000100000000)
  eden space 355840K, 100% used [0x00000000d5580000,0x00000000eb100000,0x00000000eb100000)
  from space 159232K, 99% used [0x00000000eb100000,0x00000000f4c399d8,0x00000000f4c80000)
  to   space 183808K, 0% used [0x00000000f4c80000,0x00000000f4c80000,0x0000000100000000)
 ParOldGen       total 601088K, used 424572K [0x0000000080000000, 0x00000000a4b00000, 0x00000000d5580000)
  object space 601088K, 70% used [0x0000000080000000,0x0000000099e9f090,0x00000000a4b00000)
 Metaspace       used 6604K, capacity 7320K, committed 7680K, reserved 1056768K
  class space    used 616K, capacity 656K, committed 768K, reserved 1048576K
Event: 39,161 GC heap after
Heap after GC invocations=22 (full 4):
 PSYoungGen      total 416768K, used 183796K [0x00000000d5580000, 0x0000000100000000, 0x0000000100000000)
  eden space 232960K, 0% used [0x00000000d5580000,0x00000000d5580000,0x00000000e3900000)
  from space 183808K, 99% used [0x00000000f4c80000,0x00000000ffffd030,0x0000000100000000)
  to   space 232960K, 0% used [0x00000000e3900000,0x00000000e3900000,0x00000000f1c80000)
 ParOldGen       total 601088K, used 454942K [0x0000000080000000, 0x00000000a4b00000, 0x00000000d5580000)
  object space 601088K, 75% used [0x0000000080000000,0x000000009bc47970,0x00000000a4b00000)
 Metaspace       used 6604K, capacity 7320K, committed 7680K, reserved 1056768K
  class space    used 616K, capacity 656K, committed 768K, reserved 1048576K
}
Event: 40,126 GC heap before
{Heap before GC invocations=23 (full 4):
 PSYoungGen      total 416768K, used 416756K [0x00000000d5580000, 0x0000000100000000, 0x0000000100000000)
  eden space 232960K, 100% used [0x00000000d5580000,0x00000000e3900000,0x00000000e3900000)
  from space 183808K, 99% used [0x00000000f4c80000,0x00000000ffffd030,0x0000000100000000)
  to   space 232960K, 0% used [0x00000000e3900000,0x00000000e3900000,0x00000000f1c80000)
 ParOldGen       total 601088K, used 454942K [0x0000000080000000, 0x00000000a4b00000, 0x00000000d5580000)
  object space 601088K, 75% used [0x0000000080000000,0x000000009bc47970,0x00000000a4b00000)
 Metaspace       used 6604K, capacity 7320K, committed 7680K, reserved 1056768K
  class space    used 616K, capacity 656K, committed 768K, reserved 1048576K
Event: 40,545 GC heap after
Heap after GC invocations=23 (full 4):
 PSYoungGen      total 465920K, used 134559K [0x00000000d5580000, 0x0000000100000000, 0x0000000100000000)
  eden space 232960K, 0% used [0x00000000d5580000,0x00000000d5580000,0x00000000e3900000)
  from space 232960K, 57% used [0x00000000e3900000,0x00000000ebc67d10,0x00000000f1c80000)
  to   space 232960K, 0% used [0x00000000f1c80000,0x00000000f1c80000,0x0000000100000000)
 ParOldGen       total 601088K, used 540376K [0x0000000080000000, 0x00000000a4b00000, 0x00000000d5580000)
  object space 601088K, 89% used [0x0000000080000000,0x00000000a0fb62a0,0x00000000a4b00000)
 Metaspace       used 6604K, capacity 7320K, committed 7680K, reserved 1056768K
  class space    used 616K, capacity 656K, committed 768K, reserved 1048576K
}
Event: 40,547 GC heap before
{Heap before GC invocations=24 (full 5):
 PSYoungGen      total 465920K, used 134559K [0x00000000d5580000, 0x0000000100000000, 0x0000000100000000)
  eden space 232960K, 0% used [0x00000000d5580000,0x00000000d5580000,0x00000000e3900000)
  from space 232960K, 57% used [0x00000000e3900000,0x00000000ebc67d10,0x00000000f1c80000)
  to   space 232960K, 0% used [0x00000000f1c80000,0x00000000f1c80000,0x0000000100000000)
 ParOldGen       total 601088K, used 540376K [0x0000000080000000, 0x00000000a4b00000, 0x00000000d5580000)
  object space 601088K, 89% used [0x0000000080000000,0x00000000a0fb62a0,0x00000000a4b00000)
 Metaspace       used 6604K, capacity 7320K, committed 7680K, reserved 1056768K
  class space    used 616K, capacity 656K, committed 768K, reserved 1048576K

