# JRE version: Java(TM) SE Runtime Environment (8.0_60-b27) (build 1.8.0_60-b27)
# Java VM: Java HotSpot(TM) 64-Bit Server VM (25.60-b23 mixed mode linux-amd64 compressed oops)
Heap:
 PSYoungGen      total 232960K, used 0K [0x00000000eab00000, 0x0000000100000000, 0x0000000100000000)
  eden space 116736K, 0% used [0x00000000eab00000,0x00000000eab00000,0x00000000f1d00000)
  from space 116224K, 0% used [0x00000000f1d00000,0x00000000f1d00000,0x00000000f8e80000)
  to   space 116224K, 0% used [0x00000000f8e80000,0x00000000f8e80000,0x0000000100000000)
 ParOldGen       total 378880K, used 377828K [0x00000000c0000000, 0x00000000d7200000, 0x00000000eab00000)
  object space 378880K, 99% used [0x00000000c0000000,0x00000000d70f91a8,0x00000000d7200000)
 Metaspace       used 6454K, capacity 7282K, committed 7552K, reserved 1056768K
  class space    used 607K, capacity 618K, committed 640K, reserved 1048576K
GC Heap History (10 events):
Event: 15,787 GC heap after
Heap after GC invocations=18 (full 3):
 PSYoungGen      total 221184K, used 64196K [0x00000000eab00000, 0x0000000100000000, 0x0000000100000000)
  eden space 156672K, 0% used [0x00000000eab00000,0x00000000eab00000,0x00000000f4400000)
  from space 64512K, 99% used [0x00000000f4400000,0x00000000f82b1278,0x00000000f8300000)
  to   space 99840K, 0% used [0x00000000f9e80000,0x00000000f9e80000,0x0000000100000000)
 ParOldGen       total 378880K, used 238595K [0x00000000c0000000, 0x00000000d7200000, 0x00000000eab00000)
  object space 378880K, 62% used [0x00000000c0000000,0x00000000ce900db8,0x00000000d7200000)
 Metaspace       used 6448K, capacity 7282K, committed 7552K, reserved 1056768K
  class space    used 607K, capacity 618K, committed 640K, reserved 1048576K
}
Event: 16,488 GC heap before
{Heap before GC invocations=19 (full 3):
 PSYoungGen      total 221184K, used 220868K [0x00000000eab00000, 0x0000000100000000, 0x0000000100000000)
  eden space 156672K, 100% used [0x00000000eab00000,0x00000000f4400000,0x00000000f4400000)
  from space 64512K, 99% used [0x00000000f4400000,0x00000000f82b1278,0x00000000f8300000)
  to   space 99840K, 0% used [0x00000000f9e80000,0x00000000f9e80000,0x0000000100000000)
 ParOldGen       total 378880K, used 238595K [0x00000000c0000000, 0x00000000d7200000, 0x00000000eab00000)
  object space 378880K, 62% used [0x00000000c0000000,0x00000000ce900db8,0x00000000d7200000)
 Metaspace       used 6451K, capacity 7282K, committed 7552K, reserved 1056768K
  class space    used 607K, capacity 618K, committed 640K, reserved 1048576K
Event: 16,732 GC heap after
Heap after GC invocations=19 (full 3):
 PSYoungGen      total 227840K, used 88286K [0x00000000eab00000, 0x0000000100000000, 0x0000000100000000)
  eden space 128000K, 0% used [0x00000000eab00000,0x00000000eab00000,0x00000000f2800000)
  from space 99840K, 88% used [0x00000000f9e80000,0x00000000ff4b7ac0,0x0000000100000000)
  to   space 110592K, 0% used [0x00000000f2800000,0x00000000f2800000,0x00000000f9400000)
 ParOldGen       total 378880K, used 238595K [0x00000000c0000000, 0x00000000d7200000, 0x00000000eab00000)
  object space 378880K, 62% used [0x00000000c0000000,0x00000000ce900db8,0x00000000d7200000)
 Metaspace       used 6451K, capacity 7282K, committed 7552K, reserved 1056768K
  class space    used 607K, capacity 618K, committed 640K, reserved 1048576K
}
Event: 17,295 GC heap before
{Heap before GC invocations=20 (full 3):
 PSYoungGen      total 227840K, used 216286K [0x00000000eab00000, 0x0000000100000000, 0x0000000100000000)
  eden space 128000K, 100% used [0x00000000eab00000,0x00000000f2800000,0x00000000f2800000)
  from space 99840K, 88% used [0x00000000f9e80000,0x00000000ff4b7ac0,0x0000000100000000)
  to   space 110592K, 0% used [0x00000000f2800000,0x00000000f2800000,0x00000000f9400000)
 ParOldGen       total 378880K, used 238595K [0x00000000c0000000, 0x00000000d7200000, 0x00000000eab00000)
  object space 378880K, 62% used [0x00000000c0000000,0x00000000ce900db8,0x00000000d7200000)
 Metaspace       used 6452K, capacity 7282K, committed 7552K, reserved 1056768K
  class space    used 607K, capacity 618K, committed 640K, reserved 1048576K
Event: 17,517 GC heap after
Heap after GC invocations=20 (full 3):
 PSYoungGen      total 234496K, used 106164K [0x00000000eab00000, 0x0000000100000000, 0x0000000100000000)
  eden space 128000K, 0% used [0x00000000eab00000,0x00000000eab00000,0x00000000f2800000)
  from space 106496K, 99% used [0x00000000f2800000,0x00000000f8fad198,0x00000000f9000000)
  to   space 114688K, 0% used [0x00000000f9000000,0x00000000f9000000,0x0000000100000000)
 ParOldGen       total 378880K, used 238595K [0x00000000c0000000, 0x00000000d7200000, 0x00000000eab00000)
  object space 378880K, 62% used [0x00000000c0000000,0x00000000ce900db8,0x00000000d7200000)
 Metaspace       used 6452K, capacity 7282K, committed 7552K, reserved 1056768K
  class space    used 607K, capacity 618K, committed 640K, reserved 1048576K
}
Event: 18,140 GC heap before
{Heap before GC invocations=21 (full 3):
 PSYoungGen      total 234496K, used 234164K [0x00000000eab00000, 0x0000000100000000, 0x0000000100000000)
  eden space 128000K, 100% used [0x00000000eab00000,0x00000000f2800000,0x00000000f2800000)
  from space 106496K, 99% used [0x00000000f2800000,0x00000000f8fad198,0x00000000f9000000)
  to   space 114688K, 0% used [0x00000000f9000000,0x00000000f9000000,0x0000000100000000)
 ParOldGen       total 378880K, used 238595K [0x00000000c0000000, 0x00000000d7200000, 0x00000000eab00000)
  object space 378880K, 62% used [0x00000000c0000000,0x00000000ce900db8,0x00000000d7200000)
 Metaspace       used 6453K, capacity 7282K, committed 7552K, reserved 1056768K
  class space    used 607K, capacity 618K, committed 640K, reserved 1048576K
Event: 18,438 GC heap after
Heap after GC invocations=21 (full 3):
 PSYoungGen      total 231424K, used 84264K [0x00000000eab00000, 0x0000000100000000, 0x0000000100000000)
  eden space 116736K, 0% used [0x00000000eab00000,0x00000000eab00000,0x00000000f1d00000)
  from space 114688K, 73% used [0x00000000f9000000,0x00000000fe24a198,0x0000000100000000)
  to   space 116224K, 0% used [0x00000000f1d00000,0x00000000f1d00000,0x00000000f8e80000)
 ParOldGen       total 378880K, used 279460K [0x00000000c0000000, 0x00000000d7200000, 0x00000000eab00000)
  object space 378880K, 73% used [0x00000000c0000000,0x00000000d10e92f0,0x00000000d7200000)
 Metaspace       used 6453K, capacity 7282K, committed 7552K, reserved 1056768K
  class space    used 607K, capacity 618K, committed 640K, reserved 1048576K
}
Event: 18,982 GC heap before
{Heap before GC invocations=22 (full 3):
 PSYoungGen      total 231424K, used 201000K [0x00000000eab00000, 0x0000000100000000, 0x0000000100000000)
  eden space 116736K, 100% used [0x00000000eab00000,0x00000000f1d00000,0x00000000f1d00000)
  from space 114688K, 73% used [0x00000000f9000000,0x00000000fe24a198,0x0000000100000000)
  to   space 116224K, 0% used [0x00000000f1d00000,0x00000000f1d00000,0x00000000f8e80000)
 ParOldGen       total 378880K, used 279460K [0x00000000c0000000, 0x00000000d7200000, 0x00000000eab00000)
  object space 378880K, 73% used [0x00000000c0000000,0x00000000d10e92f0,0x00000000d7200000)
 Metaspace       used 6454K, capacity 7282K, committed 7552K, reserved 1056768K
  class space    used 607K, capacity 618K, committed 640K, reserved 1048576K
Event: 19,327 GC heap after
Heap after GC invocations=22 (full 3):
 PSYoungGen      total 232960K, used 54225K [0x00000000eab00000, 0x0000000100000000, 0x0000000100000000)
  eden space 116736K, 0% used [0x00000000eab00000,0x00000000eab00000,0x00000000f1d00000)
  from space 116224K, 46% used [0x00000000f1d00000,0x00000000f51f45a0,0x00000000f8e80000)
  to   space 116224K, 0% used [0x00000000f8e80000,0x00000000f8e80000,0x0000000100000000)
 ParOldGen       total 378880K, used 326023K [0x00000000c0000000, 0x00000000d7200000, 0x00000000eab00000)
  object space 378880K, 86% used [0x00000000c0000000,0x00000000d3e61fb8,0x00000000d7200000)
 Metaspace       used 6454K, capacity 7282K, committed 7552K, reserved 1056768K
  class space    used 607K, capacity 618K, committed 640K, reserved 1048576K
}
Event: 19,341 GC heap before
{Heap before GC invocations=23 (full 4):
 PSYoungGen      total 232960K, used 54225K [0x00000000eab00000, 0x0000000100000000, 0x0000000100000000)
  eden space 116736K, 0% used [0x00000000eab00000,0x00000000eab00000,0x00000000f1d00000)
  from space 116224K, 46% used [0x00000000f1d00000,0x00000000f51f45a0,0x00000000f8e80000)
  to   space 116224K, 0% used [0x00000000f8e80000,0x00000000f8e80000,0x0000000100000000)
 ParOldGen       total 378880K, used 326023K [0x00000000c0000000, 0x00000000d7200000, 0x00000000eab00000)
  object space 378880K, 86% used [0x00000000c0000000,0x00000000d3e61fb8,0x00000000d7200000)
 Metaspace       used 6454K, capacity 7282K, committed 7552K, reserved 1056768K
  class space    used 607K, capacity 618K, committed 640K, reserved 1048576K

