# JRE version: Java(TM) SE Runtime Environment (8.0_66-b17) (build 1.8.0_66-b17)
# Java VM: Java HotSpot(TM) 64-Bit Server VM (25.66-b17 mixed mode linux-amd64 compressed oops)
Heap:
 PSYoungGen      total 208384K, used 20473K [0x00000000d5580000, 0x00000000e3980000, 0x0000000100000000)
  eden space 187904K, 0% used [0x00000000d5580000,0x00000000d5580000,0x00000000e0d00000)
  from space 20480K, 99% used [0x00000000e0d00000,0x00000000e20fe570,0x00000000e2100000)
  to   space 15872K, 0% used [0x00000000e2100000,0x00000000e2100000,0x00000000e3080000)
 ParOldGen       total 62976K, used 41168K [0x0000000080000000, 0x0000000083d80000, 0x00000000d5580000)
  object space 62976K, 65% used [0x0000000080000000,0x00000000828343e8,0x0000000083d80000)
 Metaspace       used 6292K, capacity 7192K, committed 7424K, reserved 1056768K
  class space    used 613K, capacity 656K, committed 768K, reserved 1048576K
GC Heap History (10 events):
Event: 0,415 GC heap after
Heap after GC invocations=2 (full 0):
 PSYoungGen      total 51712K, used 2692K [0x00000000d5580000, 0x00000000d8b80000, 0x0000000100000000)
  eden space 48128K, 0% used [0x00000000d5580000,0x00000000d5580000,0x00000000d8480000)
  from space 3584K, 75% used [0x00000000d8800000,0x00000000d8aa1278,0x00000000d8b80000)
  to   space 3584K, 0% used [0x00000000d8480000,0x00000000d8480000,0x00000000d8800000)
 ParOldGen       total 62976K, used 16K [0x0000000080000000, 0x0000000083d80000, 0x00000000d5580000)
  object space 62976K, 0% used [0x0000000080000000,0x0000000080004000,0x0000000083d80000)
 Metaspace       used 3351K, capacity 4720K, committed 4864K, reserved 1056768K
  class space    used 357K, capacity 424K, committed 512K, reserved 1048576K
}
Event: 0,460 GC heap before
{Heap before GC invocations=3 (full 0):
 PSYoungGen      total 51712K, used 50820K [0x00000000d5580000, 0x00000000d8b80000, 0x0000000100000000)
  eden space 48128K, 100% used [0x00000000d5580000,0x00000000d8480000,0x00000000d8480000)
  from space 3584K, 75% used [0x00000000d8800000,0x00000000d8aa1278,0x00000000d8b80000)
  to   space 3584K, 0% used [0x00000000d8480000,0x00000000d8480000,0x00000000d8800000)
 ParOldGen       total 62976K, used 16K [0x0000000080000000, 0x0000000083d80000, 0x00000000d5580000)
  object space 62976K, 0% used [0x0000000080000000,0x0000000080004000,0x0000000083d80000)
 Metaspace       used 3360K, capacity 4720K, committed 4864K, reserved 1056768K
  class space    used 357K, capacity 424K, committed 512K, reserved 1048576K
Event: 0,464 GC heap after
Heap after GC invocations=3 (full 0):
 PSYoungGen      total 51712K, used 2676K [0x00000000d5580000, 0x00000000dba80000, 0x0000000100000000)
  eden space 48128K, 0% used [0x00000000d5580000,0x00000000d5580000,0x00000000d8480000)
  from space 3584K, 74% used [0x00000000d8480000,0x00000000d871d288,0x00000000d8800000)
  to   space 3584K, 0% used [0x00000000db700000,0x00000000db700000,0x00000000dba80000)
 ParOldGen       total 62976K, used 16K [0x0000000080000000, 0x0000000083d80000, 0x00000000d5580000)
  object space 62976K, 0% used [0x0000000080000000,0x0000000080004000,0x0000000083d80000)
 Metaspace       used 3360K, capacity 4720K, committed 4864K, reserved 1056768K
  class space    used 357K, capacity 424K, committed 512K, reserved 1048576K
}
Event: 1,019 GC heap before
{Heap before GC invocations=4 (full 0):
 PSYoungGen      total 51712K, used 50804K [0x00000000d5580000, 0x00000000dba80000, 0x0000000100000000)
  eden space 48128K, 100% used [0x00000000d5580000,0x00000000d8480000,0x00000000d8480000)
  from space 3584K, 74% used [0x00000000d8480000,0x00000000d871d288,0x00000000d8800000)
  to   space 3584K, 0% used [0x00000000db700000,0x00000000db700000,0x00000000dba80000)
 ParOldGen       total 62976K, used 16K [0x0000000080000000, 0x0000000083d80000, 0x00000000d5580000)
  object space 62976K, 0% used [0x0000000080000000,0x0000000080004000,0x0000000083d80000)
 Metaspace       used 5782K, capacity 6768K, committed 7040K, reserved 1056768K
  class space    used 589K, capacity 616K, committed 640K, reserved 1048576K
Event: 1,035 GC heap after
Heap after GC invocations=4 (full 0):
 PSYoungGen      total 99840K, used 3573K [0x00000000d5580000, 0x00000000dba80000, 0x0000000100000000)
  eden space 96256K, 0% used [0x00000000d5580000,0x00000000d5580000,0x00000000db380000)
  from space 3584K, 99% used [0x00000000db700000,0x00000000dba7d758,0x00000000dba80000)
  to   space 3584K, 0% used [0x00000000db380000,0x00000000db380000,0x00000000db700000)
 ParOldGen       total 62976K, used 4352K [0x0000000080000000, 0x0000000083d80000, 0x00000000d5580000)
  object space 62976K, 6% used [0x0000000080000000,0x0000000080440390,0x0000000083d80000)
 Metaspace       used 5782K, capacity 6768K, committed 7040K, reserved 1056768K
  class space    used 589K, capacity 616K, committed 640K, reserved 1048576K
}
Event: 2,036 GC heap before
{Heap before GC invocations=5 (full 0):
 PSYoungGen      total 99840K, used 99829K [0x00000000d5580000, 0x00000000dba80000, 0x0000000100000000)
  eden space 96256K, 100% used [0x00000000d5580000,0x00000000db380000,0x00000000db380000)
  from space 3584K, 99% used [0x00000000db700000,0x00000000dba7d758,0x00000000dba80000)
  to   space 3584K, 0% used [0x00000000db380000,0x00000000db380000,0x00000000db700000)
 ParOldGen       total 62976K, used 4352K [0x0000000080000000, 0x0000000083d80000, 0x00000000d5580000)
  object space 62976K, 6% used [0x0000000080000000,0x0000000080440390,0x0000000083d80000)
 Metaspace       used 6050K, capacity 6936K, committed 7168K, reserved 1056768K
  class space    used 612K, capacity 656K, committed 768K, reserved 1048576K
Event: 2,076 GC heap after
Heap after GC invocations=5 (full 0):
 PSYoungGen      total 99840K, used 3561K [0x00000000d5580000, 0x00000000e3080000, 0x0000000100000000)
  eden space 96256K, 0% used [0x00000000d5580000,0x00000000d5580000,0x00000000db380000)
  from space 3584K, 99% used [0x00000000db380000,0x00000000db6fa568,0x00000000db700000)
  to   space 15872K, 0% used [0x00000000e2100000,0x00000000e2100000,0x00000000e3080000)
 ParOldGen       total 62976K, used 18543K [0x0000000080000000, 0x0000000083d80000, 0x00000000d5580000)
  object space 62976K, 29% used [0x0000000080000000,0x000000008121be90,0x0000000083d80000)
 Metaspace       used 6050K, capacity 6936K, committed 7168K, reserved 1056768K
  class space    used 612K, capacity 656K, committed 768K, reserved 1048576K
}
Event: 2,633 GC heap before
{Heap before GC invocations=6 (full 0):
 PSYoungGen      total 99840K, used 99817K [0x00000000d5580000, 0x00000000e3080000, 0x0000000100000000)
  eden space 96256K, 100% used [0x00000000d5580000,0x00000000db380000,0x00000000db380000)
  from space 3584K, 99% used [0x00000000db380000,0x00000000db6fa568,0x00000000db700000)
  to   space 15872K, 0% used [0x00000000e2100000,0x00000000e2100000,0x00000000e3080000)
 ParOldGen       total 62976K, used 18543K [0x0000000080000000, 0x0000000083d80000, 0x00000000d5580000)
  object space 62976K, 29% used [0x0000000080000000,0x000000008121be90,0x0000000083d80000)
 Metaspace       used 6108K, capacity 7000K, committed 7168K, reserved 1056768K
  class space    used 613K, capacity 656K, committed 768K, reserved 1048576K
Event: 2,681 GC heap after
Heap after GC invocations=6 (full 0):
 PSYoungGen      total 203776K, used 15869K [0x00000000d5580000, 0x00000000e3980000, 0x0000000100000000)
  eden space 187904K, 0% used [0x00000000d5580000,0x00000000d5580000,0x00000000e0d00000)
  from space 15872K, 99% used [0x00000000e2100000,0x00000000e307f710,0x00000000e3080000)
  to   space 20480K, 0% used [0x00000000e0d00000,0x00000000e0d00000,0x00000000e2100000)
 ParOldGen       total 62976K, used 20290K [0x0000000080000000, 0x0000000083d80000, 0x00000000d5580000)
  object space 62976K, 32% used [0x0000000080000000,0x00000000813d08e0,0x0000000083d80000)
 Metaspace       used 6108K, capacity 7000K, committed 7168K, reserved 1056768K
  class space    used 613K, capacity 656K, committed 768K, reserved 1048576K
}
Event: 3,757 GC heap before
{Heap before GC invocations=7 (full 0):
 PSYoungGen      total 203776K, used 203773K [0x00000000d5580000, 0x00000000e3980000, 0x0000000100000000)
  eden space 187904K, 100% used [0x00000000d5580000,0x00000000e0d00000,0x00000000e0d00000)
  from space 15872K, 99% used [0x00000000e2100000,0x00000000e307f710,0x00000000e3080000)
  to   space 20480K, 0% used [0x00000000e0d00000,0x00000000e0d00000,0x00000000e2100000)
 ParOldGen       total 62976K, used 20290K [0x0000000080000000, 0x0000000083d80000, 0x00000000d5580000)
  object space 62976K, 32% used [0x0000000080000000,0x00000000813d08e0,0x0000000083d80000)
 Metaspace       used 6292K, capacity 7192K, committed 7424K, reserved 1056768K
  class space    used 613K, capacity 656K, committed 768K, reserved 1048576K

