# JRE version: Java(TM) SE Runtime Environment (8.0_66-b17) (build 1.8.0_66-b17)
# Java VM: Java HotSpot(TM) 64-Bit Server VM (25.66-b17 mixed mode linux-amd64 compressed oops)
Heap:
 PSYoungGen      total 465920K, used 0K [0x00000000d5580000, 0x0000000100000000, 0x0000000100000000)
  eden space 232960K, 0% used [0x00000000d5580000,0x00000000d5580000,0x00000000e3900000)
  from space 232960K, 0% used [0x00000000f1c80000,0x00000000f1c80000,0x0000000100000000)
  to   space 232960K, 0% used [0x00000000e3900000,0x00000000e3900000,0x00000000f1c80000)
 ParOldGen       total 820736K, used 744254K [0x0000000080000000, 0x00000000b2180000, 0x00000000d5580000)
  object space 820736K, 90% used [0x0000000080000000,0x00000000ad6cf8a8,0x00000000b2180000)
 Metaspace       used 6707K, capacity 7384K, committed 7680K, reserved 1056768K
  class space    used 622K, capacity 656K, committed 768K, reserved 1048576K
GC Heap History (10 events):
Event: 23,291 GC heap after
Heap after GC invocations=23 (full 4):
 PSYoungGen      total 465920K, used 131289K [0x00000000d5580000, 0x0000000100000000, 0x0000000100000000)
  eden space 232960K, 0% used [0x00000000d5580000,0x00000000d5580000,0x00000000e3900000)
  from space 232960K, 56% used [0x00000000e3900000,0x00000000eb9367a8,0x00000000f1c80000)
  to   space 232960K, 0% used [0x00000000f1c80000,0x00000000f1c80000,0x0000000100000000)
 ParOldGen       total 561664K, used 534164K [0x0000000080000000, 0x00000000a2480000, 0x00000000d5580000)
  object space 561664K, 95% used [0x0000000080000000,0x00000000a09a5330,0x00000000a2480000)
 Metaspace       used 6595K, capacity 7320K, committed 7680K, reserved 1056768K
  class space    used 616K, capacity 656K, committed 768K, reserved 1048576K
}
Event: 23,291 GC heap before
{Heap before GC invocations=24 (full 5):
 PSYoungGen      total 465920K, used 131289K [0x00000000d5580000, 0x0000000100000000, 0x0000000100000000)
  eden space 232960K, 0% used [0x00000000d5580000,0x00000000d5580000,0x00000000e3900000)
  from space 232960K, 56% used [0x00000000e3900000,0x00000000eb9367a8,0x00000000f1c80000)
  to   space 232960K, 0% used [0x00000000f1c80000,0x00000000f1c80000,0x0000000100000000)
 ParOldGen       total 561664K, used 534164K [0x0000000080000000, 0x00000000a2480000, 0x00000000d5580000)
  object space 561664K, 95% used [0x0000000080000000,0x00000000a09a5330,0x00000000a2480000)
 Metaspace       used 6595K, capacity 7320K, committed 7680K, reserved 1056768K
  class space    used 616K, capacity 656K, committed 768K, reserved 1048576K
Event: 26,268 GC heap after
Heap after GC invocations=24 (full 5):
 PSYoungGen      total 465920K, used 96061K [0x00000000d5580000, 0x0000000100000000, 0x0000000100000000)
  eden space 232960K, 0% used [0x00000000d5580000,0x00000000d5580000,0x00000000e3900000)
  from space 232960K, 41% used [0x00000000e3900000,0x00000000e96cf668,0x00000000f1c80000)
  to   space 232960K, 0% used [0x00000000f1c80000,0x00000000f1c80000,0x0000000100000000)
 ParOldGen       total 820736K, used 561660K [0x0000000080000000, 0x00000000b2180000, 0x00000000d5580000)
  object space 820736K, 68% used [0x0000000080000000,0x00000000a247f3c8,0x00000000b2180000)
 Metaspace       used 6595K, capacity 7320K, committed 7680K, reserved 1056768K
  class space    used 616K, capacity 656K, committed 768K, reserved 1048576K
}
Event: 27,020 GC heap before
{Heap before GC invocations=25 (full 5):
 PSYoungGen      total 465920K, used 329021K [0x00000000d5580000, 0x0000000100000000, 0x0000000100000000)
  eden space 232960K, 100% used [0x00000000d5580000,0x00000000e3900000,0x00000000e3900000)
  from space 232960K, 41% used [0x00000000e3900000,0x00000000e96cf668,0x00000000f1c80000)
  to   space 232960K, 0% used [0x00000000f1c80000,0x00000000f1c80000,0x0000000100000000)
 ParOldGen       total 820736K, used 561660K [0x0000000080000000, 0x00000000b2180000, 0x00000000d5580000)
  object space 820736K, 68% used [0x0000000080000000,0x00000000a247f3c8,0x00000000b2180000)
 Metaspace       used 6661K, capacity 7384K, committed 7680K, reserved 1056768K
  class space    used 620K, capacity 656K, committed 768K, reserved 1048576K
Event: 27,371 GC heap after
Heap after GC invocations=25 (full 5):
 PSYoungGen      total 465920K, used 72384K [0x00000000d5580000, 0x0000000100000000, 0x0000000100000000)
  eden space 232960K, 0% used [0x00000000d5580000,0x00000000d5580000,0x00000000e3900000)
  from space 232960K, 31% used [0x00000000f1c80000,0x00000000f6330078,0x0000000100000000)
  to   space 232960K, 0% used [0x00000000e3900000,0x00000000e3900000,0x00000000f1c80000)
 ParOldGen       total 820736K, used 622853K [0x0000000080000000, 0x00000000b2180000, 0x00000000d5580000)
  object space 820736K, 75% used [0x0000000080000000,0x00000000a6041558,0x00000000b2180000)
 Metaspace       used 6661K, capacity 7384K, committed 7680K, reserved 1056768K
  class space    used 620K, capacity 656K, committed 768K, reserved 1048576K
}
Event: 28,014 GC heap before
{Heap before GC invocations=26 (full 5):
 PSYoungGen      total 465920K, used 305344K [0x00000000d5580000, 0x0000000100000000, 0x0000000100000000)
  eden space 232960K, 100% used [0x00000000d5580000,0x00000000e3900000,0x00000000e3900000)
  from space 232960K, 31% used [0x00000000f1c80000,0x00000000f6330078,0x0000000100000000)
  to   space 232960K, 0% used [0x00000000e3900000,0x00000000e3900000,0x00000000f1c80000)
 ParOldGen       total 820736K, used 622853K [0x0000000080000000, 0x00000000b2180000, 0x00000000d5580000)
  object space 820736K, 75% used [0x0000000080000000,0x00000000a6041558,0x00000000b2180000)
 Metaspace       used 6703K, capacity 7384K, committed 7680K, reserved 1056768K
  class space    used 622K, capacity 656K, committed 768K, reserved 1048576K
Event: 28,226 GC heap after
Heap after GC invocations=26 (full 5):
 PSYoungGen      total 465920K, used 33863K [0x00000000d5580000, 0x0000000100000000, 0x0000000100000000)
  eden space 232960K, 0% used [0x00000000d5580000,0x00000000d5580000,0x00000000e3900000)
  from space 232960K, 14% used [0x00000000e3900000,0x00000000e5a11d68,0x00000000f1c80000)
  to   space 232960K, 0% used [0x00000000f1c80000,0x00000000f1c80000,0x0000000100000000)
 ParOldGen       total 820736K, used 690345K [0x0000000080000000, 0x00000000b2180000, 0x00000000d5580000)
  object space 820736K, 84% used [0x0000000080000000,0x00000000aa22a4e0,0x00000000b2180000)
 Metaspace       used 6703K, capacity 7384K, committed 7680K, reserved 1056768K
  class space    used 622K, capacity 656K, committed 768K, reserved 1048576K
}
Event: 28,900 GC heap before
{Heap before GC invocations=27 (full 5):
 PSYoungGen      total 465920K, used 266823K [0x00000000d5580000, 0x0000000100000000, 0x0000000100000000)
  eden space 232960K, 100% used [0x00000000d5580000,0x00000000e3900000,0x00000000e3900000)
  from space 232960K, 14% used [0x00000000e3900000,0x00000000e5a11d68,0x00000000f1c80000)
  to   space 232960K, 0% used [0x00000000f1c80000,0x00000000f1c80000,0x0000000100000000)
 ParOldGen       total 820736K, used 690345K [0x0000000080000000, 0x00000000b2180000, 0x00000000d5580000)
  object space 820736K, 84% used [0x0000000080000000,0x00000000aa22a4e0,0x00000000b2180000)
 Metaspace       used 6707K, capacity 7384K, committed 7680K, reserved 1056768K
  class space    used 622K, capacity 656K, committed 768K, reserved 1048576K
Event: 29,050 GC heap after
Heap after GC invocations=27 (full 5):
 PSYoungGen      total 465920K, used 36085K [0x00000000d5580000, 0x0000000100000000, 0x0000000100000000)
  eden space 232960K, 0% used [0x00000000d5580000,0x00000000d5580000,0x00000000e3900000)
  from space 232960K, 15% used [0x00000000f1c80000,0x00000000f3fbd778,0x0000000100000000)
  to   space 232960K, 0% used [0x00000000e3900000,0x00000000e3900000,0x00000000f1c80000)
 ParOldGen       total 820736K, used 723371K [0x0000000080000000, 0x00000000b2180000, 0x00000000d5580000)
  object space 820736K, 88% used [0x0000000080000000,0x00000000ac26afe8,0x00000000b2180000)
 Metaspace       used 6707K, capacity 7384K, committed 7680K, reserved 1056768K
  class space    used 622K, capacity 656K, committed 768K, reserved 1048576K
}
Event: 29,050 GC heap before
{Heap before GC invocations=28 (full 6):
 PSYoungGen      total 465920K, used 36085K [0x00000000d5580000, 0x0000000100000000, 0x0000000100000000)
  eden space 232960K, 0% used [0x00000000d5580000,0x00000000d5580000,0x00000000e3900000)
  from space 232960K, 15% used [0x00000000f1c80000,0x00000000f3fbd778,0x0000000100000000)
  to   space 232960K, 0% used [0x00000000e3900000,0x00000000e3900000,0x00000000f1c80000)
 ParOldGen       total 820736K, used 723371K [0x0000000080000000, 0x00000000b2180000, 0x00000000d5580000)
  object space 820736K, 88% used [0x0000000080000000,0x00000000ac26afe8,0x00000000b2180000)
 Metaspace       used 6707K, capacity 7384K, committed 7680K, reserved 1056768K
  class space    used 622K, capacity 656K, committed 768K, reserved 1048576K

