# JRE version: Java(TM) SE Runtime Environment (8.0_66-b17) (build 1.8.0_66-b17)
# Java VM: Java HotSpot(TM) 64-Bit Server VM (25.66-b17 mixed mode linux-amd64 compressed oops)
Heap:
 PSYoungGen      total 465920K, used 0K [0x00000000d5580000, 0x0000000100000000, 0x0000000100000000)
  eden space 232960K, 0% used [0x00000000d5580000,0x00000000d5580000,0x00000000e3900000)
  from space 232960K, 0% used [0x00000000f1c80000,0x00000000f1c80000,0x0000000100000000)
  to   space 232960K, 0% used [0x00000000e3900000,0x00000000e3900000,0x00000000f1c80000)
 ParOldGen       total 945664K, used 939659K [0x0000000080000000, 0x00000000b9b80000, 0x00000000d5580000)
  object space 945664K, 99% used [0x0000000080000000,0x00000000b95a2f18,0x00000000b9b80000)
 Metaspace       used 6865K, capacity 7544K, committed 7680K, reserved 1056768K
  class space    used 634K, capacity 688K, committed 768K, reserved 1048576K
GC Heap History (10 events):
Event: 33,965 GC heap after
Heap after GC invocations=32 (full 6):
 PSYoungGen      total 459264K, used 116336K [0x00000000d5580000, 0x00000000ff700000, 0x0000000100000000)
  eden space 245760K, 0% used [0x00000000d5580000,0x00000000d5580000,0x00000000e4580000)
  from space 213504K, 54% used [0x00000000f1700000,0x00000000f889c128,0x00000000fe780000)
  to   space 214528K, 0% used [0x00000000e4580000,0x00000000e4580000,0x00000000f1700000)
 ParOldGen       total 945664K, used 700740K [0x0000000080000000, 0x00000000b9b80000, 0x00000000d5580000)
  object space 945664K, 74% used [0x0000000080000000,0x00000000aac51208,0x00000000b9b80000)
 Metaspace       used 6693K, capacity 7384K, committed 7680K, reserved 1056768K
  class space    used 623K, capacity 656K, committed 768K, reserved 1048576K
}
Event: 34,582 GC heap before
{Heap before GC invocations=33 (full 6):
 PSYoungGen      total 459264K, used 362096K [0x00000000d5580000, 0x00000000ff700000, 0x0000000100000000)
  eden space 245760K, 100% used [0x00000000d5580000,0x00000000e4580000,0x00000000e4580000)
  from space 213504K, 54% used [0x00000000f1700000,0x00000000f889c128,0x00000000fe780000)
  to   space 214528K, 0% used [0x00000000e4580000,0x00000000e4580000,0x00000000f1700000)
 ParOldGen       total 945664K, used 700740K [0x0000000080000000, 0x00000000b9b80000, 0x00000000d5580000)
  object space 945664K, 74% used [0x0000000080000000,0x00000000aac51208,0x00000000b9b80000)
 Metaspace       used 6694K, capacity 7384K, committed 7680K, reserved 1056768K
  class space    used 623K, capacity 656K, committed 768K, reserved 1048576K
Event: 34,764 GC heap after
Heap after GC invocations=33 (full 6):
 PSYoungGen      total 460288K, used 154845K [0x00000000d5580000, 0x0000000100000000, 0x0000000100000000)
  eden space 245760K, 0% used [0x00000000d5580000,0x00000000d5580000,0x00000000e4580000)
  from space 214528K, 72% used [0x00000000e4580000,0x00000000edcb7590,0x00000000f1700000)
  to   space 228352K, 0% used [0x00000000f2100000,0x00000000f2100000,0x0000000100000000)
 ParOldGen       total 945664K, used 700740K [0x0000000080000000, 0x00000000b9b80000, 0x00000000d5580000)
  object space 945664K, 74% used [0x0000000080000000,0x00000000aac51208,0x00000000b9b80000)
 Metaspace       used 6694K, capacity 7384K, committed 7680K, reserved 1056768K
  class space    used 623K, capacity 656K, committed 768K, reserved 1048576K
}
Event: 35,306 GC heap before
{Heap before GC invocations=34 (full 6):
 PSYoungGen      total 460288K, used 400605K [0x00000000d5580000, 0x0000000100000000, 0x0000000100000000)
  eden space 245760K, 100% used [0x00000000d5580000,0x00000000e4580000,0x00000000e4580000)
  from space 214528K, 72% used [0x00000000e4580000,0x00000000edcb7590,0x00000000f1700000)
  to   space 228352K, 0% used [0x00000000f2100000,0x00000000f2100000,0x0000000100000000)
 ParOldGen       total 945664K, used 700740K [0x0000000080000000, 0x00000000b9b80000, 0x00000000d5580000)
  object space 945664K, 74% used [0x0000000080000000,0x00000000aac51208,0x00000000b9b80000)
 Metaspace       used 6697K, capacity 7384K, committed 7680K, reserved 1056768K
  class space    used 623K, capacity 656K, committed 768K, reserved 1048576K
Event: 35,559 GC heap after
Heap after GC invocations=34 (full 6):
 PSYoungGen      total 461312K, used 184638K [0x00000000d5580000, 0x0000000100000000, 0x0000000100000000)
  eden space 232960K, 0% used [0x00000000d5580000,0x00000000d5580000,0x00000000e3900000)
  from space 228352K, 80% used [0x00000000f2100000,0x00000000fd54f868,0x0000000100000000)
  to   space 232960K, 0% used [0x00000000e3900000,0x00000000e3900000,0x00000000f1c80000)
 ParOldGen       total 945664K, used 700740K [0x0000000080000000, 0x00000000b9b80000, 0x00000000d5580000)
  object space 945664K, 74% used [0x0000000080000000,0x00000000aac51208,0x00000000b9b80000)
 Metaspace       used 6697K, capacity 7384K, committed 7680K, reserved 1056768K
  class space    used 623K, capacity 656K, committed 768K, reserved 1048576K
}
Event: 36,169 GC heap before
{Heap before GC invocations=35 (full 6):
 PSYoungGen      total 461312K, used 417598K [0x00000000d5580000, 0x0000000100000000, 0x0000000100000000)
  eden space 232960K, 100% used [0x00000000d5580000,0x00000000e3900000,0x00000000e3900000)
  from space 228352K, 80% used [0x00000000f2100000,0x00000000fd54f868,0x0000000100000000)
  to   space 232960K, 0% used [0x00000000e3900000,0x00000000e3900000,0x00000000f1c80000)
 ParOldGen       total 945664K, used 700740K [0x0000000080000000, 0x00000000b9b80000, 0x00000000d5580000)
  object space 945664K, 74% used [0x0000000080000000,0x00000000aac51208,0x00000000b9b80000)
 Metaspace       used 6716K, capacity 7384K, committed 7680K, reserved 1056768K
  class space    used 624K, capacity 656K, committed 768K, reserved 1048576K
Event: 36,522 GC heap after
Heap after GC invocations=35 (full 6):
 PSYoungGen      total 465920K, used 142319K [0x00000000d5580000, 0x0000000100000000, 0x0000000100000000)
  eden space 232960K, 0% used [0x00000000d5580000,0x00000000d5580000,0x00000000e3900000)
  from space 232960K, 61% used [0x00000000e3900000,0x00000000ec3fbfe8,0x00000000f1c80000)
  to   space 232960K, 0% used [0x00000000f1c80000,0x00000000f1c80000,0x0000000100000000)
 ParOldGen       total 945664K, used 775570K [0x0000000080000000, 0x00000000b9b80000, 0x00000000d5580000)
  object space 945664K, 82% used [0x0000000080000000,0x00000000af564a80,0x00000000b9b80000)
 Metaspace       used 6716K, capacity 7384K, committed 7680K, reserved 1056768K
  class space    used 624K, capacity 656K, committed 768K, reserved 1048576K
}
Event: 37,121 GC heap before
{Heap before GC invocations=36 (full 6):
 PSYoungGen      total 465920K, used 375279K [0x00000000d5580000, 0x0000000100000000, 0x0000000100000000)
  eden space 232960K, 100% used [0x00000000d5580000,0x00000000e3900000,0x00000000e3900000)
  from space 232960K, 61% used [0x00000000e3900000,0x00000000ec3fbfe8,0x00000000f1c80000)
  to   space 232960K, 0% used [0x00000000f1c80000,0x00000000f1c80000,0x0000000100000000)
 ParOldGen       total 945664K, used 775570K [0x0000000080000000, 0x00000000b9b80000, 0x00000000d5580000)
  object space 945664K, 82% used [0x0000000080000000,0x00000000af564a80,0x00000000b9b80000)
 Metaspace       used 6865K, capacity 7544K, committed 7680K, reserved 1056768K
  class space    used 634K, capacity 688K, committed 768K, reserved 1048576K
Event: 37,395 GC heap after
Heap after GC invocations=36 (full 6):
 PSYoungGen      total 465920K, used 110049K [0x00000000d5580000, 0x0000000100000000, 0x0000000100000000)
  eden space 232960K, 0% used [0x00000000d5580000,0x00000000d5580000,0x00000000e3900000)
  from space 232960K, 47% used [0x00000000f1c80000,0x00000000f87f8680,0x0000000100000000)
  to   space 232960K, 0% used [0x00000000e3900000,0x00000000e3900000,0x00000000f1c80000)
 ParOldGen       total 945664K, used 849303K [0x0000000080000000, 0x00000000b9b80000, 0x00000000d5580000)
  object space 945664K, 89% used [0x0000000080000000,0x00000000b3d65e78,0x00000000b9b80000)
 Metaspace       used 6865K, capacity 7544K, committed 7680K, reserved 1056768K
  class space    used 634K, capacity 688K, committed 768K, reserved 1048576K
}
Event: 37,395 GC heap before
{Heap before GC invocations=37 (full 7):
 PSYoungGen      total 465920K, used 110049K [0x00000000d5580000, 0x0000000100000000, 0x0000000100000000)
  eden space 232960K, 0% used [0x00000000d5580000,0x00000000d5580000,0x00000000e3900000)
  from space 232960K, 47% used [0x00000000f1c80000,0x00000000f87f8680,0x0000000100000000)
  to   space 232960K, 0% used [0x00000000e3900000,0x00000000e3900000,0x00000000f1c80000)
 ParOldGen       total 945664K, used 849303K [0x0000000080000000, 0x00000000b9b80000, 0x00000000d5580000)
  object space 945664K, 89% used [0x0000000080000000,0x00000000b3d65e78,0x00000000b9b80000)
 Metaspace       used 6865K, capacity 7544K, committed 7680K, reserved 1056768K
  class space    used 634K, capacity 688K, committed 768K, reserved 1048576K

