# JRE version: Java(TM) SE Runtime Environment (8.0_66-b17) (build 1.8.0_66-b17)
# Java VM: Java HotSpot(TM) 64-Bit Server VM (25.66-b17 mixed mode linux-amd64 compressed oops)
Heap:
 PSYoungGen      total 465920K, used 30030K [0x00000000d5580000, 0x0000000100000000, 0x0000000100000000)
  eden space 232960K, 0% used [0x00000000d5580000,0x00000000d5580000,0x00000000e3900000)
  from space 232960K, 12% used [0x00000000e3900000,0x00000000e5653980,0x00000000f1c80000)
  to   space 232960K, 0% used [0x00000000f1c80000,0x00000000f1c80000,0x0000000100000000)
 ParOldGen       total 818176K, used 818170K [0x0000000080000000, 0x00000000b1f00000, 0x00000000d5580000)
  object space 818176K, 99% used [0x0000000080000000,0x00000000b1efe978,0x00000000b1f00000)
 Metaspace       used 6965K, capacity 7608K, committed 7936K, reserved 1056768K
  class space    used 635K, capacity 688K, committed 768K, reserved 1048576K
GC Heap History (10 events):
Event: 41,826 GC heap after
Heap after GC invocations=28 (full 5):
 PSYoungGen      total 453120K, used 155223K [0x00000000d5580000, 0x0000000100000000, 0x0000000100000000)
  eden space 237056K, 0% used [0x00000000d5580000,0x00000000d5580000,0x00000000e3d00000)
  from space 216064K, 71% used [0x00000000e3d00000,0x00000000ed495fb0,0x00000000f1000000)
  to   space 226304K, 0% used [0x00000000f2300000,0x00000000f2300000,0x0000000100000000)
 ParOldGen       total 818176K, used 597985K [0x0000000080000000, 0x00000000b1f00000, 0x00000000d5580000)
  object space 818176K, 73% used [0x0000000080000000,0x00000000a47f84c0,0x00000000b1f00000)
 Metaspace       used 6675K, capacity 7384K, committed 7680K, reserved 1056768K
  class space    used 620K, capacity 656K, committed 768K, reserved 1048576K
}
Event: 42,788 GC heap before
{Heap before GC invocations=29 (full 5):
 PSYoungGen      total 453120K, used 392279K [0x00000000d5580000, 0x0000000100000000, 0x0000000100000000)
  eden space 237056K, 100% used [0x00000000d5580000,0x00000000e3d00000,0x00000000e3d00000)
  from space 216064K, 71% used [0x00000000e3d00000,0x00000000ed495fb0,0x00000000f1000000)
  to   space 226304K, 0% used [0x00000000f2300000,0x00000000f2300000,0x0000000100000000)
 ParOldGen       total 818176K, used 597985K [0x0000000080000000, 0x00000000b1f00000, 0x00000000d5580000)
  object space 818176K, 73% used [0x0000000080000000,0x00000000a47f84c0,0x00000000b1f00000)
 Metaspace       used 6709K, capacity 7384K, committed 7680K, reserved 1056768K
  class space    used 622K, capacity 656K, committed 768K, reserved 1048576K
Event: 43,184 GC heap after
Heap after GC invocations=29 (full 5):
 PSYoungGen      total 459264K, used 185742K [0x00000000d5580000, 0x0000000100000000, 0x0000000100000000)
  eden space 232960K, 0% used [0x00000000d5580000,0x00000000d5580000,0x00000000e3900000)
  from space 226304K, 82% used [0x00000000f2300000,0x00000000fd863b58,0x0000000100000000)
  to   space 232960K, 0% used [0x00000000e3900000,0x00000000e3900000,0x00000000f1c80000)
 ParOldGen       total 818176K, used 597993K [0x0000000080000000, 0x00000000b1f00000, 0x00000000d5580000)
  object space 818176K, 73% used [0x0000000080000000,0x00000000a47fa4c0,0x00000000b1f00000)
 Metaspace       used 6709K, capacity 7384K, committed 7680K, reserved 1056768K
  class space    used 622K, capacity 656K, committed 768K, reserved 1048576K
}
Event: 44,160 GC heap before
{Heap before GC invocations=30 (full 5):
 PSYoungGen      total 459264K, used 418702K [0x00000000d5580000, 0x0000000100000000, 0x0000000100000000)
  eden space 232960K, 100% used [0x00000000d5580000,0x00000000e3900000,0x00000000e3900000)
  from space 226304K, 82% used [0x00000000f2300000,0x00000000fd863b58,0x0000000100000000)
  to   space 232960K, 0% used [0x00000000e3900000,0x00000000e3900000,0x00000000f1c80000)
 ParOldGen       total 818176K, used 597993K [0x0000000080000000, 0x00000000b1f00000, 0x00000000d5580000)
  object space 818176K, 73% used [0x0000000080000000,0x00000000a47fa4c0,0x00000000b1f00000)
 Metaspace       used 6709K, capacity 7384K, committed 7680K, reserved 1056768K
  class space    used 622K, capacity 656K, committed 768K, reserved 1048576K
Event: 44,620 GC heap after
Heap after GC invocations=30 (full 5):
 PSYoungGen      total 465920K, used 171282K [0x00000000d5580000, 0x0000000100000000, 0x0000000100000000)
  eden space 232960K, 0% used [0x00000000d5580000,0x00000000d5580000,0x00000000e3900000)
  from space 232960K, 73% used [0x00000000e3900000,0x00000000ee044bc8,0x00000000f1c80000)
  to   space 232960K, 0% used [0x00000000f1c80000,0x00000000f1c80000,0x0000000100000000)
 ParOldGen       total 818176K, used 645998K [0x0000000080000000, 0x00000000b1f00000, 0x00000000d5580000)
  object space 818176K, 78% used [0x0000000080000000,0x00000000a76dbac8,0x00000000b1f00000)
 Metaspace       used 6709K, capacity 7384K, committed 7680K, reserved 1056768K
  class space    used 622K, capacity 656K, committed 768K, reserved 1048576K
}
Event: 45,685 GC heap before
{Heap before GC invocations=31 (full 5):
 PSYoungGen      total 465920K, used 404242K [0x00000000d5580000, 0x0000000100000000, 0x0000000100000000)
  eden space 232960K, 100% used [0x00000000d5580000,0x00000000e3900000,0x00000000e3900000)
  from space 232960K, 73% used [0x00000000e3900000,0x00000000ee044bc8,0x00000000f1c80000)
  to   space 232960K, 0% used [0x00000000f1c80000,0x00000000f1c80000,0x0000000100000000)
 ParOldGen       total 818176K, used 645998K [0x0000000080000000, 0x00000000b1f00000, 0x00000000d5580000)
  object space 818176K, 78% used [0x0000000080000000,0x00000000a76dbac8,0x00000000b1f00000)
 Metaspace       used 6709K, capacity 7384K, committed 7680K, reserved 1056768K
  class space    used 622K, capacity 656K, committed 768K, reserved 1048576K
Event: 46,091 GC heap after
Heap after GC invocations=31 (full 5):
 PSYoungGen      total 465920K, used 138983K [0x00000000d5580000, 0x0000000100000000, 0x0000000100000000)
  eden space 232960K, 0% used [0x00000000d5580000,0x00000000d5580000,0x00000000e3900000)
  from space 232960K, 59% used [0x00000000f1c80000,0x00000000fa439c78,0x0000000100000000)
  to   space 232960K, 0% used [0x00000000e3900000,0x00000000e3900000,0x00000000f1c80000)
 ParOldGen       total 818176K, used 711857K [0x0000000080000000, 0x00000000b1f00000, 0x00000000d5580000)
  object space 818176K, 87% used [0x0000000080000000,0x00000000ab72c7f0,0x00000000b1f00000)
 Metaspace       used 6709K, capacity 7384K, committed 7680K, reserved 1056768K
  class space    used 622K, capacity 656K, committed 768K, reserved 1048576K
}
Event: 48,035 GC heap before
{Heap before GC invocations=32 (full 5):
 PSYoungGen      total 465920K, used 371943K [0x00000000d5580000, 0x0000000100000000, 0x0000000100000000)
  eden space 232960K, 100% used [0x00000000d5580000,0x00000000e3900000,0x00000000e3900000)
  from space 232960K, 59% used [0x00000000f1c80000,0x00000000fa439c78,0x0000000100000000)
  to   space 232960K, 0% used [0x00000000e3900000,0x00000000e3900000,0x00000000f1c80000)
 ParOldGen       total 818176K, used 711857K [0x0000000080000000, 0x00000000b1f00000, 0x00000000d5580000)
  object space 818176K, 87% used [0x0000000080000000,0x00000000ab72c7f0,0x00000000b1f00000)
 Metaspace       used 6965K, capacity 7608K, committed 7936K, reserved 1056768K
  class space    used 635K, capacity 688K, committed 768K, reserved 1048576K
Event: 48,555 GC heap after
Heap after GC invocations=32 (full 5):
 PSYoungGen      total 465920K, used 110634K [0x00000000d5580000, 0x0000000100000000, 0x0000000100000000)
  eden space 232960K, 0% used [0x00000000d5580000,0x00000000d5580000,0x00000000e3900000)
  from space 232960K, 47% used [0x00000000e3900000,0x00000000ea50a940,0x00000000f1c80000)
  to   space 232960K, 0% used [0x00000000f1c80000,0x00000000f1c80000,0x0000000100000000)
 ParOldGen       total 818176K, used 770288K [0x0000000080000000, 0x00000000b1f00000, 0x00000000d5580000)
  object space 818176K, 94% used [0x0000000080000000,0x00000000af03c160,0x00000000b1f00000)
 Metaspace       used 6965K, capacity 7608K, committed 7936K, reserved 1056768K
  class space    used 635K, capacity 688K, committed 768K, reserved 1048576K
}
Event: 48,555 GC heap before
{Heap before GC invocations=33 (full 6):
 PSYoungGen      total 465920K, used 110634K [0x00000000d5580000, 0x0000000100000000, 0x0000000100000000)
  eden space 232960K, 0% used [0x00000000d5580000,0x00000000d5580000,0x00000000e3900000)
  from space 232960K, 47% used [0x00000000e3900000,0x00000000ea50a940,0x00000000f1c80000)
  to   space 232960K, 0% used [0x00000000f1c80000,0x00000000f1c80000,0x0000000100000000)
 ParOldGen       total 818176K, used 770288K [0x0000000080000000, 0x00000000b1f00000, 0x00000000d5580000)
  object space 818176K, 94% used [0x0000000080000000,0x00000000af03c160,0x00000000b1f00000)
 Metaspace       used 6965K, capacity 7608K, committed 7936K, reserved 1056768K
  class space    used 635K, capacity 688K, committed 768K, reserved 1048576K

