# JRE version: Java(TM) SE Runtime Environment (8.0_66-b17) (build 1.8.0_66-b17)
# Java VM: Java HotSpot(TM) 64-Bit Server VM (25.66-b17 mixed mode linux-amd64 compressed oops)
Heap:
 PSYoungGen      total 465920K, used 0K [0x00000000d5580000, 0x0000000100000000, 0x0000000100000000)
  eden space 232960K, 0% used [0x00000000d5580000,0x00000000d5580000,0x00000000e3900000)
  from space 232960K, 0% used [0x00000000f1c80000,0x00000000f1c80000,0x0000000100000000)
  to   space 232960K, 0% used [0x00000000e3900000,0x00000000e3900000,0x00000000f1c80000)
 ParOldGen       total 823296K, used 752384K [0x0000000080000000, 0x00000000b2400000, 0x00000000d5580000)
  object space 823296K, 91% used [0x0000000080000000,0x00000000adec0170,0x00000000b2400000)
 Metaspace       used 6707K, capacity 7384K, committed 7680K, reserved 1056768K
  class space    used 622K, capacity 656K, committed 768K, reserved 1048576K
GC Heap History (10 events):
Event: 36,187 GC heap after
Heap after GC invocations=23 (full 4):
 PSYoungGen      total 465920K, used 130451K [0x00000000d5580000, 0x0000000100000000, 0x0000000100000000)
  eden space 232960K, 0% used [0x00000000d5580000,0x00000000d5580000,0x00000000e3900000)
  from space 232960K, 55% used [0x00000000e3900000,0x00000000eb864c98,0x00000000f1c80000)
  to   space 232960K, 0% used [0x00000000f1c80000,0x00000000f1c80000,0x0000000100000000)
 ParOldGen       total 567296K, used 545070K [0x0000000080000000, 0x00000000a2a00000, 0x00000000d5580000)
  object space 567296K, 96% used [0x0000000080000000,0x00000000a144b878,0x00000000a2a00000)
 Metaspace       used 6595K, capacity 7320K, committed 7680K, reserved 1056768K
  class space    used 616K, capacity 656K, committed 768K, reserved 1048576K
}
Event: 36,187 GC heap before
{Heap before GC invocations=24 (full 5):
 PSYoungGen      total 465920K, used 130451K [0x00000000d5580000, 0x0000000100000000, 0x0000000100000000)
  eden space 232960K, 0% used [0x00000000d5580000,0x00000000d5580000,0x00000000e3900000)
  from space 232960K, 55% used [0x00000000e3900000,0x00000000eb864c98,0x00000000f1c80000)
  to   space 232960K, 0% used [0x00000000f1c80000,0x00000000f1c80000,0x0000000100000000)
 ParOldGen       total 567296K, used 545070K [0x0000000080000000, 0x00000000a2a00000, 0x00000000d5580000)
  object space 567296K, 96% used [0x0000000080000000,0x00000000a144b878,0x00000000a2a00000)
 Metaspace       used 6595K, capacity 7320K, committed 7680K, reserved 1056768K
  class space    used 616K, capacity 656K, committed 768K, reserved 1048576K
Event: 39,728 GC heap after
Heap after GC invocations=24 (full 5):
 PSYoungGen      total 465920K, used 100243K [0x00000000d5580000, 0x0000000100000000, 0x0000000100000000)
  eden space 232960K, 0% used [0x00000000d5580000,0x00000000d5580000,0x00000000e3900000)
  from space 232960K, 43% used [0x00000000e3900000,0x00000000e9ae4e50,0x00000000f1c80000)
  to   space 232960K, 0% used [0x00000000f1c80000,0x00000000f1c80000,0x0000000100000000)
 ParOldGen       total 823296K, used 566972K [0x0000000080000000, 0x00000000b2400000, 0x00000000d5580000)
  object space 823296K, 68% used [0x0000000080000000,0x00000000a29af068,0x00000000b2400000)
 Metaspace       used 6595K, capacity 7320K, committed 7680K, reserved 1056768K
  class space    used 616K, capacity 656K, committed 768K, reserved 1048576K
}
Event: 40,882 GC heap before
{Heap before GC invocations=25 (full 5):
 PSYoungGen      total 465920K, used 333203K [0x00000000d5580000, 0x0000000100000000, 0x0000000100000000)
  eden space 232960K, 100% used [0x00000000d5580000,0x00000000e3900000,0x00000000e3900000)
  from space 232960K, 43% used [0x00000000e3900000,0x00000000e9ae4e50,0x00000000f1c80000)
  to   space 232960K, 0% used [0x00000000f1c80000,0x00000000f1c80000,0x0000000100000000)
 ParOldGen       total 823296K, used 566972K [0x0000000080000000, 0x00000000b2400000, 0x00000000d5580000)
  object space 823296K, 68% used [0x0000000080000000,0x00000000a29af068,0x00000000b2400000)
 Metaspace       used 6670K, capacity 7384K, committed 7680K, reserved 1056768K
  class space    used 620K, capacity 656K, committed 768K, reserved 1048576K
Event: 41,649 GC heap after
Heap after GC invocations=25 (full 5):
 PSYoungGen      total 465920K, used 71425K [0x00000000d5580000, 0x0000000100000000, 0x0000000100000000)
  eden space 232960K, 0% used [0x00000000d5580000,0x00000000d5580000,0x00000000e3900000)
  from space 232960K, 30% used [0x00000000f1c80000,0x00000000f6240658,0x0000000100000000)
  to   space 232960K, 0% used [0x00000000e3900000,0x00000000e3900000,0x00000000f1c80000)
 ParOldGen       total 823296K, used 632069K [0x0000000080000000, 0x00000000b2400000, 0x00000000d5580000)
  object space 823296K, 76% used [0x0000000080000000,0x00000000a6941560,0x00000000b2400000)
 Metaspace       used 6670K, capacity 7384K, committed 7680K, reserved 1056768K
  class space    used 620K, capacity 656K, committed 768K, reserved 1048576K
}
Event: 43,140 GC heap before
{Heap before GC invocations=26 (full 5):
 PSYoungGen      total 465920K, used 304385K [0x00000000d5580000, 0x0000000100000000, 0x0000000100000000)
  eden space 232960K, 100% used [0x00000000d5580000,0x00000000e3900000,0x00000000e3900000)
  from space 232960K, 30% used [0x00000000f1c80000,0x00000000f6240658,0x0000000100000000)
  to   space 232960K, 0% used [0x00000000e3900000,0x00000000e3900000,0x00000000f1c80000)
 ParOldGen       total 823296K, used 632069K [0x0000000080000000, 0x00000000b2400000, 0x00000000d5580000)
  object space 823296K, 76% used [0x0000000080000000,0x00000000a6941560,0x00000000b2400000)
 Metaspace       used 6705K, capacity 7384K, committed 7680K, reserved 1056768K
  class space    used 622K, capacity 656K, committed 768K, reserved 1048576K
Event: 43,545 GC heap after
Heap after GC invocations=26 (full 5):
 PSYoungGen      total 465920K, used 34419K [0x00000000d5580000, 0x0000000100000000, 0x0000000100000000)
  eden space 232960K, 0% used [0x00000000d5580000,0x00000000d5580000,0x00000000e3900000)
  from space 232960K, 14% used [0x00000000e3900000,0x00000000e5a9ccd0,0x00000000f1c80000)
  to   space 232960K, 0% used [0x00000000f1c80000,0x00000000f1c80000,0x0000000100000000)
 ParOldGen       total 823296K, used 699723K [0x0000000080000000, 0x00000000b2400000, 0x00000000d5580000)
  object space 823296K, 84% used [0x0000000080000000,0x00000000aab52df0,0x00000000b2400000)
 Metaspace       used 6705K, capacity 7384K, committed 7680K, reserved 1056768K
  class space    used 622K, capacity 656K, committed 768K, reserved 1048576K
}
Event: 45,698 GC heap before
{Heap before GC invocations=27 (full 5):
 PSYoungGen      total 465920K, used 267379K [0x00000000d5580000, 0x0000000100000000, 0x0000000100000000)
  eden space 232960K, 100% used [0x00000000d5580000,0x00000000e3900000,0x00000000e3900000)
  from space 232960K, 14% used [0x00000000e3900000,0x00000000e5a9ccd0,0x00000000f1c80000)
  to   space 232960K, 0% used [0x00000000f1c80000,0x00000000f1c80000,0x0000000100000000)
 ParOldGen       total 823296K, used 699723K [0x0000000080000000, 0x00000000b2400000, 0x00000000d5580000)
  object space 823296K, 84% used [0x0000000080000000,0x00000000aab52df0,0x00000000b2400000)
 Metaspace       used 6707K, capacity 7384K, committed 7680K, reserved 1056768K
  class space    used 622K, capacity 656K, committed 768K, reserved 1048576K
Event: 46,278 GC heap after
Heap after GC invocations=27 (full 5):
 PSYoungGen      total 465920K, used 35064K [0x00000000d5580000, 0x0000000100000000, 0x0000000100000000)
  eden space 232960K, 0% used [0x00000000d5580000,0x00000000d5580000,0x00000000e3900000)
  from space 232960K, 15% used [0x00000000f1c80000,0x00000000f3ebe140,0x0000000100000000)
  to   space 232960K, 0% used [0x00000000e3900000,0x00000000e3900000,0x00000000f1c80000)
 ParOldGen       total 823296K, used 733000K [0x0000000080000000, 0x00000000b2400000, 0x00000000d5580000)
  object space 823296K, 89% used [0x0000000080000000,0x00000000acbd2398,0x00000000b2400000)
 Metaspace       used 6707K, capacity 7384K, committed 7680K, reserved 1056768K
  class space    used 622K, capacity 656K, committed 768K, reserved 1048576K
}
Event: 46,278 GC heap before
{Heap before GC invocations=28 (full 6):
 PSYoungGen      total 465920K, used 35064K [0x00000000d5580000, 0x0000000100000000, 0x0000000100000000)
  eden space 232960K, 0% used [0x00000000d5580000,0x00000000d5580000,0x00000000e3900000)
  from space 232960K, 15% used [0x00000000f1c80000,0x00000000f3ebe140,0x0000000100000000)
  to   space 232960K, 0% used [0x00000000e3900000,0x00000000e3900000,0x00000000f1c80000)
 ParOldGen       total 823296K, used 733000K [0x0000000080000000, 0x00000000b2400000, 0x00000000d5580000)
  object space 823296K, 89% used [0x0000000080000000,0x00000000acbd2398,0x00000000b2400000)
 Metaspace       used 6707K, capacity 7384K, committed 7680K, reserved 1056768K
  class space    used 622K, capacity 656K, committed 768K, reserved 1048576K

