# JRE version: Java(TM) SE Runtime Environment (8.0_66-b17) (build 1.8.0_66-b17)
# Java VM: Java HotSpot(TM) 64-Bit Server VM (25.66-b17 mixed mode linux-amd64 compressed oops)
Heap:
 PSYoungGen      total 99840K, used 3557K [0x00000000d5580000, 0x00000000dba80000, 0x0000000100000000)
  eden space 96256K, 0% used [0x00000000d5580000,0x00000000d5580000,0x00000000db380000)
  from space 3584K, 99% used [0x00000000db380000,0x00000000db6f9718,0x00000000db700000)
  to   space 3584K, 0% used [0x00000000db700000,0x00000000db700000,0x00000000dba80000)
 ParOldGen       total 62976K, used 37878K [0x0000000080000000, 0x0000000083d80000, 0x00000000d5580000)
  object space 62976K, 60% used [0x0000000080000000,0x00000000824fdbb8,0x0000000083d80000)
 Metaspace       used 6052K, capacity 7000K, committed 7168K, reserved 1056768K
  class space    used 606K, capacity 656K, committed 768K, reserved 1048576K
GC Heap History (9 events):
Event: 2,859 GC heap before
{Heap before GC invocations=1 (full 0):
 PSYoungGen      total 27648K, used 24064K [0x00000000d5580000, 0x00000000d7400000, 0x0000000100000000)
  eden space 24064K, 100% used [0x00000000d5580000,0x00000000d6d00000,0x00000000d6d00000)
  from space 3584K, 0% used [0x00000000d7080000,0x00000000d7080000,0x00000000d7400000)
  to   space 3584K, 0% used [0x00000000d6d00000,0x00000000d6d00000,0x00000000d7080000)
 ParOldGen       total 62976K, used 0K [0x0000000080000000, 0x0000000083d80000, 0x00000000d5580000)
  object space 62976K, 0% used [0x0000000080000000,0x0000000080000000,0x0000000083d80000)
 Metaspace       used 5641K, capacity 6640K, committed 6784K, reserved 1056768K
  class space    used 583K, capacity 616K, committed 640K, reserved 1048576K
Event: 2,896 GC heap after
Heap after GC invocations=1 (full 0):
 PSYoungGen      total 27648K, used 3552K [0x00000000d5580000, 0x00000000d8b80000, 0x0000000100000000)
  eden space 24064K, 0% used [0x00000000d5580000,0x00000000d5580000,0x00000000d6d00000)
  from space 3584K, 99% used [0x00000000d6d00000,0x00000000d70783c0,0x00000000d7080000)
  to   space 3584K, 0% used [0x00000000d8800000,0x00000000d8800000,0x00000000d8b80000)
 ParOldGen       total 62976K, used 853K [0x0000000080000000, 0x0000000083d80000, 0x00000000d5580000)
  object space 62976K, 1% used [0x0000000080000000,0x00000000800d57a0,0x0000000083d80000)
 Metaspace       used 5641K, capacity 6640K, committed 6784K, reserved 1056768K
  class space    used 583K, capacity 616K, committed 640K, reserved 1048576K
}
Event: 4,900 GC heap before
{Heap before GC invocations=2 (full 0):
 PSYoungGen      total 27648K, used 27616K [0x00000000d5580000, 0x00000000d8b80000, 0x0000000100000000)
  eden space 24064K, 100% used [0x00000000d5580000,0x00000000d6d00000,0x00000000d6d00000)
  from space 3584K, 99% used [0x00000000d6d00000,0x00000000d70783c0,0x00000000d7080000)
  to   space 3584K, 0% used [0x00000000d8800000,0x00000000d8800000,0x00000000d8b80000)
 ParOldGen       total 62976K, used 853K [0x0000000080000000, 0x0000000083d80000, 0x00000000d5580000)
  object space 62976K, 1% used [0x0000000080000000,0x00000000800d57a0,0x0000000083d80000)
 Metaspace       used 5765K, capacity 6768K, committed 7040K, reserved 1056768K
  class space    used 586K, capacity 616K, committed 640K, reserved 1048576K
Event: 5,006 GC heap after
Heap after GC invocations=2 (full 0):
 PSYoungGen      total 51712K, used 3559K [0x00000000d5580000, 0x00000000d8b80000, 0x0000000100000000)
  eden space 48128K, 0% used [0x00000000d5580000,0x00000000d5580000,0x00000000d8480000)
  from space 3584K, 99% used [0x00000000d8800000,0x00000000d8b79c78,0x00000000d8b80000)
  to   space 3584K, 0% used [0x00000000d8480000,0x00000000d8480000,0x00000000d8800000)
 ParOldGen       total 62976K, used 3830K [0x0000000080000000, 0x0000000083d80000, 0x00000000d5580000)
  object space 62976K, 6% used [0x0000000080000000,0x00000000803bdaa8,0x0000000083d80000)
 Metaspace       used 5765K, capacity 6768K, committed 7040K, reserved 1056768K
  class space    used 586K, capacity 616K, committed 640K, reserved 1048576K
}
Event: 7,132 GC heap before
{Heap before GC invocations=3 (full 0):
 PSYoungGen      total 51712K, used 51687K [0x00000000d5580000, 0x00000000d8b80000, 0x0000000100000000)
  eden space 48128K, 100% used [0x00000000d5580000,0x00000000d8480000,0x00000000d8480000)
  from space 3584K, 99% used [0x00000000d8800000,0x00000000d8b79c78,0x00000000d8b80000)
  to   space 3584K, 0% used [0x00000000d8480000,0x00000000d8480000,0x00000000d8800000)
 ParOldGen       total 62976K, used 3830K [0x0000000080000000, 0x0000000083d80000, 0x00000000d5580000)
  object space 62976K, 6% used [0x0000000080000000,0x00000000803bdaa8,0x0000000083d80000)
 Metaspace       used 5846K, capacity 6832K, committed 7040K, reserved 1056768K
  class space    used 586K, capacity 616K, committed 640K, reserved 1048576K
Event: 7,270 GC heap after
Heap after GC invocations=3 (full 0):
 PSYoungGen      total 51712K, used 3554K [0x00000000d5580000, 0x00000000dba80000, 0x0000000100000000)
  eden space 48128K, 0% used [0x00000000d5580000,0x00000000d5580000,0x00000000d8480000)
  from space 3584K, 99% used [0x00000000d8480000,0x00000000d87f8bd8,0x00000000d8800000)
  to   space 3584K, 0% used [0x00000000db700000,0x00000000db700000,0x00000000dba80000)
 ParOldGen       total 62976K, used 10518K [0x0000000080000000, 0x0000000083d80000, 0x00000000d5580000)
  object space 62976K, 16% used [0x0000000080000000,0x0000000080a45b38,0x0000000083d80000)
 Metaspace       used 5846K, capacity 6832K, committed 7040K, reserved 1056768K
  class space    used 586K, capacity 616K, committed 640K, reserved 1048576K
}
Event: 8,347 GC heap before
{Heap before GC invocations=4 (full 0):
 PSYoungGen      total 51712K, used 51682K [0x00000000d5580000, 0x00000000dba80000, 0x0000000100000000)
  eden space 48128K, 100% used [0x00000000d5580000,0x00000000d8480000,0x00000000d8480000)
  from space 3584K, 99% used [0x00000000d8480000,0x00000000d87f8bd8,0x00000000d8800000)
  to   space 3584K, 0% used [0x00000000db700000,0x00000000db700000,0x00000000dba80000)
 ParOldGen       total 62976K, used 10518K [0x0000000080000000, 0x0000000083d80000, 0x00000000d5580000)
  object space 62976K, 16% used [0x0000000080000000,0x0000000080a45b38,0x0000000083d80000)
 Metaspace       used 5868K, capacity 6896K, committed 7040K, reserved 1056768K
  class space    used 586K, capacity 616K, committed 640K, reserved 1048576K
Event: 8,679 GC heap after
Heap after GC invocations=4 (full 0):
 PSYoungGen      total 99840K, used 3568K [0x00000000d5580000, 0x00000000dba80000, 0x0000000100000000)
  eden space 96256K, 0% used [0x00000000d5580000,0x00000000d5580000,0x00000000db380000)
  from space 3584K, 99% used [0x00000000db700000,0x00000000dba7c038,0x00000000dba80000)
  to   space 3584K, 0% used [0x00000000db380000,0x00000000db380000,0x00000000db700000)
 ParOldGen       total 62976K, used 21427K [0x0000000080000000, 0x0000000083d80000, 0x00000000d5580000)
  object space 62976K, 34% used [0x0000000080000000,0x00000000814ecc98,0x0000000083d80000)
 Metaspace       used 5868K, capacity 6896K, committed 7040K, reserved 1056768K
  class space    used 586K, capacity 616K, committed 640K, reserved 1048576K
}
Event: 11,764 GC heap before
{Heap before GC invocations=5 (full 0):
 PSYoungGen      total 99840K, used 99824K [0x00000000d5580000, 0x00000000dba80000, 0x0000000100000000)
  eden space 96256K, 100% used [0x00000000d5580000,0x00000000db380000,0x00000000db380000)
  from space 3584K, 99% used [0x00000000db700000,0x00000000dba7c038,0x00000000dba80000)
  to   space 3584K, 0% used [0x00000000db380000,0x00000000db380000,0x00000000db700000)
 ParOldGen       total 62976K, used 21427K [0x0000000080000000, 0x0000000083d80000, 0x00000000d5580000)
  object space 62976K, 34% used [0x0000000080000000,0x00000000814ecc98,0x0000000083d80000)
 Metaspace       used 6052K, capacity 7000K, committed 7168K, reserved 1056768K
  class space    used 606K, capacity 656K, committed 768K, reserved 1048576K

