# JRE version: Java(TM) SE Runtime Environment (8.0_66-b17) (build 1.8.0_66-b17)
# Java VM: Java HotSpot(TM) 64-Bit Server VM (25.66-b17 mixed mode linux-amd64 compressed oops)
Heap:
 PSYoungGen      total 465920K, used 0K [0x00000000d5580000, 0x0000000100000000, 0x0000000100000000)
  eden space 232960K, 0% used [0x00000000d5580000,0x00000000d5580000,0x00000000e3900000)
  from space 232960K, 0% used [0x00000000e3900000,0x00000000e3900000,0x00000000f1c80000)
  to   space 232960K, 0% used [0x00000000f1c80000,0x00000000f1c80000,0x0000000100000000)
 ParOldGen       total 790528K, used 707692K [0x0000000080000000, 0x00000000b0400000, 0x00000000d5580000)
  object space 790528K, 89% used [0x0000000080000000,0x00000000ab31b2a8,0x00000000b0400000)
 Metaspace       used 6709K, capacity 7384K, committed 7680K, reserved 1056768K
  class space    used 623K, capacity 656K, committed 768K, reserved 1048576K
GC Heap History (10 events):
Event: 26,914 GC heap after
Heap after GC invocations=22 (full 4):
 PSYoungGen      total 460288K, used 195431K [0x00000000d5580000, 0x0000000100000000, 0x0000000100000000)
  eden space 232960K, 0% used [0x00000000d5580000,0x00000000d5580000,0x00000000e3900000)
  from space 227328K, 85% used [0x00000000f2200000,0x00000000fe0d9c50,0x0000000100000000)
  to   space 232960K, 0% used [0x00000000e3900000,0x00000000e3900000,0x00000000f1c80000)
 ParOldGen       total 535040K, used 428309K [0x0000000080000000, 0x00000000a0a80000, 0x00000000d5580000)
  object space 535040K, 80% used [0x0000000080000000,0x000000009a245478,0x00000000a0a80000)
 Metaspace       used 6602K, capacity 7320K, committed 7680K, reserved 1056768K
  class space    used 617K, capacity 656K, committed 768K, reserved 1048576K
}
Event: 27,636 GC heap before
{Heap before GC invocations=23 (full 4):
 PSYoungGen      total 460288K, used 428391K [0x00000000d5580000, 0x0000000100000000, 0x0000000100000000)
  eden space 232960K, 100% used [0x00000000d5580000,0x00000000e3900000,0x00000000e3900000)
  from space 227328K, 85% used [0x00000000f2200000,0x00000000fe0d9c50,0x0000000100000000)
  to   space 232960K, 0% used [0x00000000e3900000,0x00000000e3900000,0x00000000f1c80000)
 ParOldGen       total 535040K, used 428309K [0x0000000080000000, 0x00000000a0a80000, 0x00000000d5580000)
  object space 535040K, 80% used [0x0000000080000000,0x000000009a245478,0x00000000a0a80000)
 Metaspace       used 6602K, capacity 7320K, committed 7680K, reserved 1056768K
  class space    used 617K, capacity 656K, committed 768K, reserved 1048576K
Event: 27,956 GC heap after
Heap after GC invocations=23 (full 4):
 PSYoungGen      total 465920K, used 123801K [0x00000000d5580000, 0x0000000100000000, 0x0000000100000000)
  eden space 232960K, 0% used [0x00000000d5580000,0x00000000d5580000,0x00000000e3900000)
  from space 232960K, 53% used [0x00000000e3900000,0x00000000eb1e6478,0x00000000f1c80000)
  to   space 232960K, 0% used [0x00000000f1c80000,0x00000000f1c80000,0x0000000100000000)
 ParOldGen       total 536576K, used 536281K [0x0000000080000000, 0x00000000a0c00000, 0x00000000d5580000)
  object space 536576K, 99% used [0x0000000080000000,0x00000000a0bb64e8,0x00000000a0c00000)
 Metaspace       used 6602K, capacity 7320K, committed 7680K, reserved 1056768K
  class space    used 617K, capacity 656K, committed 768K, reserved 1048576K
}
Event: 27,956 GC heap before
{Heap before GC invocations=24 (full 5):
 PSYoungGen      total 465920K, used 123801K [0x00000000d5580000, 0x0000000100000000, 0x0000000100000000)
  eden space 232960K, 0% used [0x00000000d5580000,0x00000000d5580000,0x00000000e3900000)
  from space 232960K, 53% used [0x00000000e3900000,0x00000000eb1e6478,0x00000000f1c80000)
  to   space 232960K, 0% used [0x00000000f1c80000,0x00000000f1c80000,0x0000000100000000)
 ParOldGen       total 536576K, used 536281K [0x0000000080000000, 0x00000000a0c00000, 0x00000000d5580000)
  object space 536576K, 99% used [0x0000000080000000,0x00000000a0bb64e8,0x00000000a0c00000)
 Metaspace       used 6602K, capacity 7320K, committed 7680K, reserved 1056768K
  class space    used 617K, capacity 656K, committed 768K, reserved 1048576K
Event: 31,171 GC heap after
Heap after GC invocations=24 (full 5):
 PSYoungGen      total 465920K, used 118140K [0x00000000d5580000, 0x0000000100000000, 0x0000000100000000)
  eden space 232960K, 0% used [0x00000000d5580000,0x00000000d5580000,0x00000000e3900000)
  from space 232960K, 50% used [0x00000000e3900000,0x00000000eac5f158,0x00000000f1c80000)
  to   space 232960K, 0% used [0x00000000f1c80000,0x00000000f1c80000,0x0000000100000000)
 ParOldGen       total 790528K, used 536552K [0x0000000080000000, 0x00000000b0400000, 0x00000000d5580000)
  object space 790528K, 67% used [0x0000000080000000,0x00000000a0bfa048,0x00000000b0400000)
 Metaspace       used 6602K, capacity 7320K, committed 7680K, reserved 1056768K
  class space    used 617K, capacity 656K, committed 768K, reserved 1048576K
}
Event: 31,893 GC heap before
{Heap before GC invocations=25 (full 5):
 PSYoungGen      total 465920K, used 351100K [0x00000000d5580000, 0x0000000100000000, 0x0000000100000000)
  eden space 232960K, 100% used [0x00000000d5580000,0x00000000e3900000,0x00000000e3900000)
  from space 232960K, 50% used [0x00000000e3900000,0x00000000eac5f158,0x00000000f1c80000)
  to   space 232960K, 0% used [0x00000000f1c80000,0x00000000f1c80000,0x0000000100000000)
 ParOldGen       total 790528K, used 536552K [0x0000000080000000, 0x00000000b0400000, 0x00000000d5580000)
  object space 790528K, 67% used [0x0000000080000000,0x00000000a0bfa048,0x00000000b0400000)
 Metaspace       used 6655K, capacity 7384K, committed 7680K, reserved 1056768K
  class space    used 621K, capacity 656K, committed 768K, reserved 1048576K
Event: 32,263 GC heap after
Heap after GC invocations=25 (full 5):
 PSYoungGen      total 465920K, used 73470K [0x00000000d5580000, 0x0000000100000000, 0x0000000100000000)
  eden space 232960K, 0% used [0x00000000d5580000,0x00000000d5580000,0x00000000e3900000)
  from space 232960K, 31% used [0x00000000f1c80000,0x00000000f643fbc0,0x0000000100000000)
  to   space 232960K, 0% used [0x00000000e3900000,0x00000000e3900000,0x00000000f1c80000)
 ParOldGen       total 790528K, used 618915K [0x0000000080000000, 0x00000000b0400000, 0x00000000d5580000)
  object space 790528K, 78% used [0x0000000080000000,0x00000000a5c68d80,0x00000000b0400000)
 Metaspace       used 6655K, capacity 7384K, committed 7680K, reserved 1056768K
  class space    used 621K, capacity 656K, committed 768K, reserved 1048576K
}
Event: 33,106 GC heap before
{Heap before GC invocations=26 (full 5):
 PSYoungGen      total 465920K, used 306430K [0x00000000d5580000, 0x0000000100000000, 0x0000000100000000)
  eden space 232960K, 100% used [0x00000000d5580000,0x00000000e3900000,0x00000000e3900000)
  from space 232960K, 31% used [0x00000000f1c80000,0x00000000f643fbc0,0x0000000100000000)
  to   space 232960K, 0% used [0x00000000e3900000,0x00000000e3900000,0x00000000f1c80000)
 ParOldGen       total 790528K, used 618915K [0x0000000080000000, 0x00000000b0400000, 0x00000000d5580000)
  object space 790528K, 78% used [0x0000000080000000,0x00000000a5c68d80,0x00000000b0400000)
 Metaspace       used 6709K, capacity 7384K, committed 7680K, reserved 1056768K
  class space    used 623K, capacity 656K, committed 768K, reserved 1048576K
Event: 33,393 GC heap after
Heap after GC invocations=26 (full 5):
 PSYoungGen      total 465920K, used 32893K [0x00000000d5580000, 0x0000000100000000, 0x0000000100000000)
  eden space 232960K, 0% used [0x00000000d5580000,0x00000000d5580000,0x00000000e3900000)
  from space 232960K, 14% used [0x00000000e3900000,0x00000000e591f718,0x00000000f1c80000)
  to   space 232960K, 0% used [0x00000000f1c80000,0x00000000f1c80000,0x0000000100000000)
 ParOldGen       total 790528K, used 688288K [0x0000000080000000, 0x00000000b0400000, 0x00000000d5580000)
  object space 790528K, 87% used [0x0000000080000000,0x00000000aa028228,0x00000000b0400000)
 Metaspace       used 6709K, capacity 7384K, committed 7680K, reserved 1056768K
  class space    used 623K, capacity 656K, committed 768K, reserved 1048576K
}
Event: 33,393 GC heap before
{Heap before GC invocations=27 (full 6):
 PSYoungGen      total 465920K, used 32893K [0x00000000d5580000, 0x0000000100000000, 0x0000000100000000)
  eden space 232960K, 0% used [0x00000000d5580000,0x00000000d5580000,0x00000000e3900000)
  from space 232960K, 14% used [0x00000000e3900000,0x00000000e591f718,0x00000000f1c80000)
  to   space 232960K, 0% used [0x00000000f1c80000,0x00000000f1c80000,0x0000000100000000)
 ParOldGen       total 790528K, used 688288K [0x0000000080000000, 0x00000000b0400000, 0x00000000d5580000)
  object space 790528K, 87% used [0x0000000080000000,0x00000000aa028228,0x00000000b0400000)
 Metaspace       used 6709K, capacity 7384K, committed 7680K, reserved 1056768K
  class space    used 623K, capacity 656K, committed 768K, reserved 1048576K

